[ 2015-11-23T19:37:46+08:00 ] ::1 /onethink/index.php
INFO: [ app_init ] --START--
INFO: Run Behavior\BuildLiteBehavior [ RunTime:0.000020s ]
INFO: Run Common\Behavior\InitHookBehavior [ RunTime:0.004680s ]
INFO: [ app_init ] --END-- [ RunTime:0.006821s ]
INFO: [ app_begin ] --START--
INFO: Run Behavior\ReadHtmlCacheBehavior [ RunTime:0.000847s ]
INFO: [ app_begin ] --END-- [ RunTime:0.000928s ]
SQL: SHOW COLUMNS FROM `onethink_config` [ RunTime:0.0313s ]
SQL: SELECT `type`,`name`,`value` FROM `onethink_config` WHERE `status` = 1  [ RunTime:0.0083s ]
SQL: SHOW COLUMNS FROM `onethink_ucenter_member` [ RunTime:0.0024s ]
SQL: SELECT * FROM `onethink_ucenter_member` WHERE ( id=2 ) LIMIT 1   [ RunTime:0.0015s ]
SQL: SHOW COLUMNS FROM `onethink_message` [ RunTime:0.0016s ]
SQL: SELECT * FROM `onethink_message` WHERE `school` = '兰州交通大学' ORDER BY id desc LIMIT 15   [ RunTime:0.0008s ]
SQL: SELECT * FROM `onethink_ucenter_member` WHERE ( mobile=18693096095 ) LIMIT 1   [ RunTime:0.0016s ]
SQL: SELECT * FROM `onethink_ucenter_member` WHERE ( mobile=18693096095 ) LIMIT 1   [ RunTime:0.0004s ]
SQL: SELECT * FROM `onethink_ucenter_member` WHERE ( mobile=18693096095 ) LIMIT 1   [ RunTime:0.0003s ]
SQL: SELECT * FROM `onethink_ucenter_member` WHERE ( mobile=18693096095 ) LIMIT 1   [ RunTime:0.0003s ]
SQL: SELECT * FROM `onethink_ucenter_member` WHERE ( mobile=18693096095 ) LIMIT 1   [ RunTime:0.0002s ]
SQL: SELECT * FROM `onethink_ucenter_member` WHERE ( mobile=18693096095 ) LIMIT 1   [ RunTime:0.0003s ]
SQL: SELECT * FROM `onethink_ucenter_member` WHERE ( mobile=18693096095 ) LIMIT 1   [ RunTime:0.0002s ]
SQL: SELECT * FROM `onethink_ucenter_member` WHERE ( mobile=18693096095 ) LIMIT 1   [ RunTime:0.0004s ]
SQL: SELECT * FROM `onethink_ucenter_member` WHERE ( mobile=18693096095 ) LIMIT 1   [ RunTime:0.0003s ]
SQL: SELECT * FROM `onethink_ucenter_member` WHERE ( mobile=18693096095 ) LIMIT 1   [ RunTime:0.0002s ]
SQL: SELECT * FROM `onethink_ucenter_member` WHERE ( mobile=18693096095 ) LIMIT 1   [ RunTime:0.0002s ]
SQL: SELECT * FROM `onethink_ucenter_member` WHERE ( mobile=18693096095 ) LIMIT 1   [ RunTime:0.0002s ]
INFO: [ view_parse ] --START--
INFO: [ template_filter ] --START--
INFO: Run Behavior\ContentReplaceBehavior [ RunTime:0.000103s ]
INFO: [ template_filter ] --END-- [ RunTime:0.000143s ]
INFO: Run Behavior\ParseTemplateBehavior [ RunTime:0.022309s ]
INFO: [ view_parse ] --END-- [ RunTime:0.022364s ]
INFO: [ view_filter ] --START--
INFO: Run Behavior\WriteHtmlCacheBehavior [ RunTime:0.000523s ]
INFO: [ view_filter ] --END-- [ RunTime:0.000566s ]
INFO: [ app_end ] --START--
INFO: Run Behavior\ShowPageTraceBehavior [ RunTime:0.000755s ]
INFO: [ app_end ] --END-- [ RunTime:0.000831s ]

