[ 2015-11-24T13:01:16+08:00 ] ::1 /onethink/index.php
INFO: [ app_init ] --START--
INFO: Run Behavior\BuildLiteBehavior [ RunTime:0.000021s ]
INFO: Run Common\Behavior\InitHookBehavior [ RunTime:0.006074s ]
INFO: [ app_init ] --END-- [ RunTime:0.008176s ]
INFO: [ app_begin ] --START--
INFO: Run Behavior\ReadHtmlCacheBehavior [ RunTime:0.000958s ]
INFO: [ app_begin ] --END-- [ RunTime:0.001041s ]
SQL: SHOW COLUMNS FROM `onethink_config` [ RunTime:0.0338s ]
SQL: SELECT `type`,`name`,`value` FROM `onethink_config` WHERE `status` = 1  [ RunTime:0.0066s ]
SQL: SHOW COLUMNS FROM `onethink_ucenter_member` [ RunTime:0.0015s ]
SQL: SELECT * FROM `onethink_ucenter_member` WHERE ( id=2 ) LIMIT 1   [ RunTime:0.0016s ]
SQL: SHOW COLUMNS FROM `onethink_message` [ RunTime:0.0011s ]
SQL: SELECT * FROM `onethink_message` WHERE `school` = '兰州交通大学' ORDER BY id desc LIMIT 15   [ RunTime:0.0009s ]
SQL: SELECT * FROM `onethink_ucenter_member` WHERE ( mobile=18693096095 ) LIMIT 1   [ RunTime:0.0019s ]
SQL: SELECT * FROM `onethink_ucenter_member` WHERE ( mobile=18693096095 ) LIMIT 1   [ RunTime:0.0005s ]
SQL: SELECT * FROM `onethink_ucenter_member` WHERE ( mobile=18693096095 ) LIMIT 1   [ RunTime:0.0003s ]
SQL: SELECT * FROM `onethink_ucenter_member` WHERE ( mobile=18693096095 ) LIMIT 1   [ RunTime:0.0003s ]
SQL: SELECT * FROM `onethink_ucenter_member` WHERE ( mobile=18693096095 ) LIMIT 1   [ RunTime:0.0004s ]
SQL: SELECT * FROM `onethink_ucenter_member` WHERE ( mobile=18693096095 ) LIMIT 1   [ RunTime:0.0003s ]
SQL: SELECT * FROM `onethink_ucenter_member` WHERE ( mobile=18693096095 ) LIMIT 1   [ RunTime:0.0003s ]
SQL: SELECT * FROM `onethink_ucenter_member` WHERE ( mobile=18693096095 ) LIMIT 1   [ RunTime:0.0002s ]
SQL: SELECT * FROM `onethink_ucenter_member` WHERE ( mobile=18693096095 ) LIMIT 1   [ RunTime:0.0002s ]
SQL: SELECT * FROM `onethink_ucenter_member` WHERE ( mobile=18693096095 ) LIMIT 1   [ RunTime:0.0002s ]
SQL: SELECT * FROM `onethink_ucenter_member` WHERE ( mobile=18693096095 ) LIMIT 1   [ RunTime:0.0002s ]
SQL: SELECT * FROM `onethink_ucenter_member` WHERE ( mobile=18693096095 ) LIMIT 1   [ RunTime:0.0002s ]
INFO: [ view_parse ] --START--
INFO: [ template_filter ] --START--
INFO: Run Behavior\ContentReplaceBehavior [ RunTime:0.000093s ]
INFO: [ template_filter ] --END-- [ RunTime:0.000129s ]
INFO: Run Behavior\ParseTemplateBehavior [ RunTime:0.023022s ]
INFO: [ view_parse ] --END-- [ RunTime:0.023082s ]
INFO: [ view_filter ] --START--
INFO: Run Behavior\WriteHtmlCacheBehavior [ RunTime:0.000416s ]
INFO: [ view_filter ] --END-- [ RunTime:0.000460s ]
INFO: [ app_end ] --START--
INFO: Run Behavior\ShowPageTraceBehavior [ RunTime:0.000707s ]
INFO: [ app_end ] --END-- [ RunTime:0.000754s ]

[ 2015-11-24T13:01:18+08:00 ] ::1 /onethink/index.php?s=/Home/Index/bill.html
INFO: [ app_init ] --START--
INFO: Run Behavior\BuildLiteBehavior [ RunTime:0.000016s ]
INFO: Run Common\Behavior\InitHookBehavior [ RunTime:0.000879s ]
INFO: [ app_init ] --END-- [ RunTime:0.001536s ]
INFO: [ app_begin ] --START--
INFO: Run Behavior\ReadHtmlCacheBehavior [ RunTime:0.000272s ]
INFO: [ app_begin ] --END-- [ RunTime:0.000329s ]
SQL: SHOW COLUMNS FROM `onethink_config` [ RunTime:0.0013s ]
SQL: SELECT `type`,`name`,`value` FROM `onethink_config` WHERE `status` = 1  [ RunTime:0.0003s ]
SQL: SHOW COLUMNS FROM `onethink_ucenter_member` [ RunTime:0.0012s ]
SQL: SELECT * FROM `onethink_ucenter_member` ORDER BY id desc LIMIT 10   [ RunTime:0.0003s ]
INFO: [ view_parse ] --START--
INFO: [ template_filter ] --START--
INFO: Run Behavior\ContentReplaceBehavior [ RunTime:0.000037s ]
INFO: [ template_filter ] --END-- [ RunTime:0.000078s ]
INFO: Run Behavior\ParseTemplateBehavior [ RunTime:0.005779s ]
INFO: [ view_parse ] --END-- [ RunTime:0.005825s ]
INFO: [ view_filter ] --START--
INFO: Run Behavior\WriteHtmlCacheBehavior [ RunTime:0.000094s ]
INFO: [ view_filter ] --END-- [ RunTime:0.000114s ]
INFO: [ app_end ] --START--
INFO: Run Behavior\ShowPageTraceBehavior [ RunTime:0.000274s ]
INFO: [ app_end ] --END-- [ RunTime:0.000296s ]

[ 2015-11-24T13:01:19+08:00 ] ::1 /onethink/index.php
INFO: [ app_init ] --START--
INFO: Run Behavior\BuildLiteBehavior [ RunTime:0.000031s ]
INFO: Run Common\Behavior\InitHookBehavior [ RunTime:0.001079s ]
INFO: [ app_init ] --END-- [ RunTime:0.001598s ]
INFO: [ app_begin ] --START--
INFO: Run Behavior\ReadHtmlCacheBehavior [ RunTime:0.000284s ]
INFO: [ app_begin ] --END-- [ RunTime:0.000337s ]
SQL: SHOW COLUMNS FROM `onethink_config` [ RunTime:0.0023s ]
SQL: SELECT `type`,`name`,`value` FROM `onethink_config` WHERE `status` = 1  [ RunTime:0.0003s ]
SQL: SHOW COLUMNS FROM `onethink_ucenter_member` [ RunTime:0.0012s ]
SQL: SELECT * FROM `onethink_ucenter_member` WHERE ( id=2 ) LIMIT 1   [ RunTime:0.0003s ]
SQL: SHOW COLUMNS FROM `onethink_message` [ RunTime:0.0012s ]
SQL: SELECT * FROM `onethink_message` WHERE `school` = '兰州交通大学' ORDER BY id desc LIMIT 15   [ RunTime:0.0004s ]
SQL: SELECT * FROM `onethink_ucenter_member` WHERE ( mobile=18693096095 ) LIMIT 1   [ RunTime:0.0004s ]
SQL: SELECT * FROM `onethink_ucenter_member` WHERE ( mobile=18693096095 ) LIMIT 1   [ RunTime:0.0023s ]
SQL: SELECT * FROM `onethink_ucenter_member` WHERE ( mobile=18693096095 ) LIMIT 1   [ RunTime:0.0004s ]
SQL: SELECT * FROM `onethink_ucenter_member` WHERE ( mobile=18693096095 ) LIMIT 1   [ RunTime:0.0003s ]
SQL: SELECT * FROM `onethink_ucenter_member` WHERE ( mobile=18693096095 ) LIMIT 1   [ RunTime:0.0005s ]
SQL: SELECT * FROM `onethink_ucenter_member` WHERE ( mobile=18693096095 ) LIMIT 1   [ RunTime:0.0003s ]
SQL: SELECT * FROM `onethink_ucenter_member` WHERE ( mobile=18693096095 ) LIMIT 1   [ RunTime:0.0003s ]
SQL: SELECT * FROM `onethink_ucenter_member` WHERE ( mobile=18693096095 ) LIMIT 1   [ RunTime:0.0003s ]
SQL: SELECT * FROM `onethink_ucenter_member` WHERE ( mobile=18693096095 ) LIMIT 1   [ RunTime:0.0002s ]
SQL: SELECT * FROM `onethink_ucenter_member` WHERE ( mobile=18693096095 ) LIMIT 1   [ RunTime:0.0016s ]
SQL: SELECT * FROM `onethink_ucenter_member` WHERE ( mobile=18693096095 ) LIMIT 1   [ RunTime:0.0003s ]
SQL: SELECT * FROM `onethink_ucenter_member` WHERE ( mobile=18693096095 ) LIMIT 1   [ RunTime:0.0003s ]
INFO: [ view_parse ] --START--
INFO: [ template_filter ] --START--
INFO: Run Behavior\ContentReplaceBehavior [ RunTime:0.000062s ]
INFO: [ template_filter ] --END-- [ RunTime:0.000109s ]
INFO: Run Behavior\ParseTemplateBehavior [ RunTime:0.010905s ]
INFO: [ view_parse ] --END-- [ RunTime:0.010938s ]
INFO: [ view_filter ] --START--
INFO: Run Behavior\WriteHtmlCacheBehavior [ RunTime:0.000095s ]
INFO: [ view_filter ] --END-- [ RunTime:0.000117s ]
INFO: [ app_end ] --START--
INFO: Run Behavior\ShowPageTraceBehavior [ RunTime:0.000398s ]
INFO: [ app_end ] --END-- [ RunTime:0.000443s ]

[ 2015-11-24T17:38:52+08:00 ] ::1 /onethink/index.php?s=/Home/User/login.html
INFO: [ app_init ] --START--
INFO: Run Behavior\BuildLiteBehavior [ RunTime:0.000030s ]
INFO: Run Common\Behavior\InitHookBehavior [ RunTime:0.004235s ]
INFO: [ app_init ] --END-- [ RunTime:0.004993s ]
INFO: [ app_begin ] --START--
INFO: Run Behavior\ReadHtmlCacheBehavior [ RunTime:0.001120s ]
INFO: [ app_begin ] --END-- [ RunTime:0.001248s ]
SQL: SHOW COLUMNS FROM `onethink_config` [ RunTime:0.0109s ]
SQL: SELECT `type`,`name`,`value` FROM `onethink_config` WHERE `status` = 1  [ RunTime:0.0028s ]
INFO: [ view_parse ] --START--
INFO: [ template_filter ] --START--
INFO: Run Behavior\ContentReplaceBehavior [ RunTime:0.000045s ]
INFO: [ template_filter ] --END-- [ RunTime:0.000093s ]
INFO: Run Behavior\ParseTemplateBehavior [ RunTime:0.011032s ]
INFO: [ view_parse ] --END-- [ RunTime:0.011099s ]
INFO: [ view_filter ] --START--
INFO: Run Behavior\WriteHtmlCacheBehavior [ RunTime:0.000390s ]
INFO: [ view_filter ] --END-- [ RunTime:0.000427s ]
INFO: [ app_end ] --START--
INFO: Run Behavior\ShowPageTraceBehavior [ RunTime:0.000718s ]
INFO: [ app_end ] --END-- [ RunTime:0.000764s ]

[ 2015-11-24T17:39:43+08:00 ] ::1 /onethink/index.php?s=/Home/User/login.html
INFO: [ app_init ] --START--
INFO: Run Behavior\BuildLiteBehavior [ RunTime:0.000013s ]
INFO: Run Common\Behavior\InitHookBehavior [ RunTime:0.000793s ]
INFO: [ app_init ] --END-- [ RunTime:0.001075s ]
INFO: [ app_begin ] --START--
INFO: Run Behavior\ReadHtmlCacheBehavior [ RunTime:0.000271s ]
INFO: [ app_begin ] --END-- [ RunTime:0.000304s ]
SQL: SHOW COLUMNS FROM `onethink_config` [ RunTime:0.0017s ]
SQL: SELECT `type`,`name`,`value` FROM `onethink_config` WHERE `status` = 1  [ RunTime:0.0003s ]
NOTIC: [8] Undefined index: lite /Applications/XAMPP/xamppfiles/htdocs/onethink/ThinkPHP/Library/Think/Db.class.php 第 37 行.

[ 2015-11-24T17:40:04+08:00 ] ::1 /onethink/index.php?s=/Home/User/login.html
INFO: [ app_init ] --START--
INFO: Run Behavior\BuildLiteBehavior [ RunTime:0.000013s ]
INFO: Run Common\Behavior\InitHookBehavior [ RunTime:0.000781s ]
INFO: [ app_init ] --END-- [ RunTime:0.001061s ]
INFO: [ app_begin ] --START--
INFO: Run Behavior\ReadHtmlCacheBehavior [ RunTime:0.000373s ]
INFO: [ app_begin ] --END-- [ RunTime:0.000422s ]
SQL: SHOW COLUMNS FROM `onethink_config` [ RunTime:0.0011s ]
SQL: SELECT `type`,`name`,`value` FROM `onethink_config` WHERE `status` = 1  [ RunTime:0.0003s ]
NOTIC: [8] Undefined index: lite /Applications/XAMPP/xamppfiles/htdocs/onethink/ThinkPHP/Library/Think/Db.class.php 第 37 行.
SQL: SHOW COLUMNS FROM `onethink_member` [ RunTime:0.0032s ]
SQL: SELECT `uid`,`nickname`,`score`,`login`,`reg_ip`,`reg_time`,`last_login_ip`,`last_login_time`,`status` FROM `onethink_member` WHERE `uid` = 2 LIMIT 1   [ RunTime:0.0006s ]
SQL: UPDATE `onethink_member` SET `login`=`login`+1,`last_login_time`='1448358004',`last_login_ip`='0' WHERE `uid` = 2 [ RunTime:0.0010s ]
SQL: SHOW COLUMNS FROM `onethink_action` [ RunTime:0.0025s ]
SQL: SELECT * FROM `onethink_action` WHERE `name` = 'user_login' LIMIT 1   [ RunTime:0.0005s ]
SQL: SHOW COLUMNS FROM `onethink_action_log` [ RunTime:0.0027s ]
SQL: INSERT INTO `onethink_action_log` (`action_id`,`user_id`,`action_ip`,`model`,`record_id`,`create_time`,`remark`) VALUES ('1','2','0','member','2','1448358004','chenyinyuan在2015-11-24 17:40登录了后台') [ RunTime:0.0013s ]
SQL: SELECT * FROM `onethink_action` WHERE `name` = 'user_login' LIMIT 1   [ RunTime:0.0003s ]
NOTIC: [8] Undefined offset: 1 /Applications/XAMPP/xamppfiles/htdocs/onethink/Application/Common/Common/function.php 第 680 行.
NOTIC: [2] array_key_exists() expects parameter 2 to be array, null given /Applications/XAMPP/xamppfiles/htdocs/onethink/Application/Common/Common/function.php 第 680 行.
SQL: SELECT COUNT(*) AS tp_count FROM `onethink_action_log` WHERE `action_id` = 1 AND `user_id` = 2 AND `create_time` > 1448271604 LIMIT 1   [ RunTime:0.0033s ]
SQL: SHOW COLUMNS FROM `onethink_member` [ RunTime:0.0010s ]
SQL: UPDATE `onethink_member` SET `score`=score+10 WHERE ( uid=2 AND status>-1 ) [ RunTime:0.0003s ]

[ 2015-11-24T17:40:04+08:00 ] ::1 /onethink/index.php?s=/Home/Index/index.html
INFO: [ app_init ] --START--
INFO: Run Behavior\BuildLiteBehavior [ RunTime:0.000009s ]
INFO: Run Common\Behavior\InitHookBehavior [ RunTime:0.000651s ]
INFO: [ app_init ] --END-- [ RunTime:0.000859s ]
INFO: [ app_begin ] --START--
INFO: Run Behavior\ReadHtmlCacheBehavior [ RunTime:0.000223s ]
INFO: [ app_begin ] --END-- [ RunTime:0.000251s ]
SQL: SHOW COLUMNS FROM `onethink_config` [ RunTime:0.0012s ]
SQL: SELECT `type`,`name`,`value` FROM `onethink_config` WHERE `status` = 1  [ RunTime:0.0003s ]
SQL: SHOW COLUMNS FROM `onethink_ucenter_member` [ RunTime:0.0008s ]
SQL: SELECT * FROM `onethink_ucenter_member` WHERE ( id=2 ) LIMIT 1   [ RunTime:0.0003s ]
SQL: SHOW COLUMNS FROM `onethink_message` [ RunTime:0.0023s ]
SQL: SELECT * FROM `onethink_message` WHERE `school` = '兰州交通大学' ORDER BY id desc LIMIT 15   [ RunTime:0.0008s ]
SQL: SELECT * FROM `onethink_ucenter_member` WHERE ( mobile=18693096095 ) LIMIT 1   [ RunTime:0.0004s ]
SQL: SELECT * FROM `onethink_ucenter_member` WHERE ( mobile=18693096095 ) LIMIT 1   [ RunTime:0.0004s ]
SQL: SELECT * FROM `onethink_ucenter_member` WHERE ( mobile=18693096095 ) LIMIT 1   [ RunTime:0.0002s ]
SQL: SELECT * FROM `onethink_ucenter_member` WHERE ( mobile=18693096095 ) LIMIT 1   [ RunTime:0.0002s ]
SQL: SELECT * FROM `onethink_ucenter_member` WHERE ( mobile=18693096095 ) LIMIT 1   [ RunTime:0.0002s ]
SQL: SELECT * FROM `onethink_ucenter_member` WHERE ( mobile=18693096095 ) LIMIT 1   [ RunTime:0.0002s ]
SQL: SELECT * FROM `onethink_ucenter_member` WHERE ( mobile=18693096095 ) LIMIT 1   [ RunTime:0.0003s ]
SQL: SELECT * FROM `onethink_ucenter_member` WHERE ( mobile=18693096095 ) LIMIT 1   [ RunTime:0.0003s ]
SQL: SELECT * FROM `onethink_ucenter_member` WHERE ( mobile=18693096095 ) LIMIT 1   [ RunTime:0.0002s ]
SQL: SELECT * FROM `onethink_ucenter_member` WHERE ( mobile=18693096095 ) LIMIT 1   [ RunTime:0.0003s ]
SQL: SELECT * FROM `onethink_ucenter_member` WHERE ( mobile=18693096095 ) LIMIT 1   [ RunTime:0.0005s ]
SQL: SELECT * FROM `onethink_ucenter_member` WHERE ( mobile=18693096095 ) LIMIT 1   [ RunTime:0.0005s ]
INFO: [ view_parse ] --START--
INFO: [ template_filter ] --START--
INFO: Run Behavior\ContentReplaceBehavior [ RunTime:0.000066s ]
INFO: [ template_filter ] --END-- [ RunTime:0.000105s ]
INFO: Run Behavior\ParseTemplateBehavior [ RunTime:0.017084s ]
INFO: [ view_parse ] --END-- [ RunTime:0.017117s ]
INFO: [ view_filter ] --START--
INFO: Run Behavior\WriteHtmlCacheBehavior [ RunTime:0.000103s ]
INFO: [ view_filter ] --END-- [ RunTime:0.000126s ]
INFO: [ app_end ] --START--
INFO: Run Behavior\ShowPageTraceBehavior [ RunTime:0.000381s ]
INFO: [ app_end ] --END-- [ RunTime:0.000413s ]

[ 2015-11-24T17:40:38+08:00 ] ::1 /onethink/index.php?s=/Home/Index/message/id/27/sex/%E5%A5%B3/time/11%E6%9C%8818%E6%97%A5+17%3A44/school/%E5%85%B0%E5%B7%9E%E4%BA%A4%E9%80%9A%E5%A4%A7%E5%AD%A6/username/%E9%99%88%E8%83%A4%E5%85%83/content/mamdapdfk+ladkojflrk/mobile/18693096095.html
INFO: [ app_init ] --START--
INFO: Run Behavior\BuildLiteBehavior [ RunTime:0.000015s ]
INFO: Run Common\Behavior\InitHookBehavior [ RunTime:0.000876s ]
INFO: [ app_init ] --END-- [ RunTime:0.001188s ]
INFO: [ app_begin ] --START--
INFO: Run Behavior\ReadHtmlCacheBehavior [ RunTime:0.000274s ]
INFO: [ app_begin ] --END-- [ RunTime:0.000309s ]
SQL: SHOW COLUMNS FROM `onethink_config` [ RunTime:0.0025s ]
SQL: SELECT `type`,`name`,`value` FROM `onethink_config` WHERE `status` = 1  [ RunTime:0.0003s ]
SQL: SHOW COLUMNS FROM `onethink_ucenter_member` [ RunTime:0.0009s ]
SQL: SELECT * FROM `onethink_ucenter_member` WHERE ( mobile=18693096095 ) LIMIT 1   [ RunTime:0.0003s ]
SQL: SHOW COLUMNS FROM `onethink_messagecomment` [ RunTime:0.0024s ]
SQL: SELECT * FROM `onethink_messagecomment` WHERE ( mid=27 ) ORDER BY id asc  [ RunTime:0.0006s ]
NOTIC: [2] Invalid argument supplied for foreach() /Applications/XAMPP/xamppfiles/htdocs/onethink/Application/Home/Controller/IndexController.class.php 第 192 行.
INFO: [ view_parse ] --START--
INFO: [ template_filter ] --START--
INFO: Run Behavior\ContentReplaceBehavior [ RunTime:0.000068s ]
INFO: [ template_filter ] --END-- [ RunTime:0.000119s ]
NOTIC: [8] Undefined variable: me /Applications/XAMPP/xamppfiles/htdocs/onethink/Runtime/Cache/Home/4e4e0fba536e7445bdb65345ece0b91d.php 第 201 行.
NOTIC: [8] Undefined variable: me /Applications/XAMPP/xamppfiles/htdocs/onethink/Runtime/Cache/Home/4e4e0fba536e7445bdb65345ece0b91d.php 第 201 行.
INFO: Run Behavior\ParseTemplateBehavior [ RunTime:0.009149s ]
INFO: [ view_parse ] --END-- [ RunTime:0.009182s ]
INFO: [ view_filter ] --START--
INFO: Run Behavior\WriteHtmlCacheBehavior [ RunTime:0.000096s ]
INFO: [ view_filter ] --END-- [ RunTime:0.000117s ]
INFO: [ app_end ] --START--
INFO: Run Behavior\ShowPageTraceBehavior [ RunTime:0.000275s ]
INFO: [ app_end ] --END-- [ RunTime:0.000301s ]

[ 2015-11-24T17:40:40+08:00 ] ::1 /onethink/index.php?s=/Home/Index/message/id/27/sex/%E5%A5%B3/time/11%E6%9C%8818%E6%97%A5+17%3A44/school/%E5%85%B0%E5%B7%9E%E4%BA%A4%E9%80%9A%E5%A4%A7%E5%AD%A6/username/%E9%99%88%E8%83%A4%E5%85%83/content/mamdapdfk+ladkojflrk/mobile/18693096095.html
INFO: [ app_init ] --START--
INFO: Run Behavior\BuildLiteBehavior [ RunTime:0.000010s ]
INFO: Run Common\Behavior\InitHookBehavior [ RunTime:0.000730s ]
INFO: [ app_init ] --END-- [ RunTime:0.000956s ]
INFO: [ app_begin ] --START--
INFO: Run Behavior\ReadHtmlCacheBehavior [ RunTime:0.000255s ]
INFO: [ app_begin ] --END-- [ RunTime:0.000284s ]
SQL: SHOW COLUMNS FROM `onethink_config` [ RunTime:0.0010s ]
SQL: SELECT `type`,`name`,`value` FROM `onethink_config` WHERE `status` = 1  [ RunTime:0.0003s ]
SQL: SHOW COLUMNS FROM `onethink_ucenter_member` [ RunTime:0.0019s ]
SQL: SELECT * FROM `onethink_ucenter_member` WHERE ( mobile=18693096095 ) LIMIT 1   [ RunTime:0.0004s ]
SQL: SHOW COLUMNS FROM `onethink_messagecomment` [ RunTime:0.0010s ]
SQL: SELECT * FROM `onethink_messagecomment` WHERE ( mid=27 ) ORDER BY id asc  [ RunTime:0.0003s ]
NOTIC: [2] Invalid argument supplied for foreach() /Applications/XAMPP/xamppfiles/htdocs/onethink/Application/Home/Controller/IndexController.class.php 第 192 行.
SQL: SELECT * FROM `onethink_ucenter_member` WHERE ( id=2 ) LIMIT 1   [ RunTime:0.0002s ]
SQL: INSERT INTO `onethink_messagecomment` (`time`,`mid`,`mobile`,`mphone`,`content`) VALUES ('1448358040','27','18693096095','18693096095','sergr') [ RunTime:0.0002s ]

[ 2015-11-24T17:40:42+08:00 ] ::1 /onethink/index.php
INFO: [ app_init ] --START--
INFO: Run Behavior\BuildLiteBehavior [ RunTime:0.000008s ]
INFO: Run Common\Behavior\InitHookBehavior [ RunTime:0.000635s ]
INFO: [ app_init ] --END-- [ RunTime:0.000835s ]
INFO: [ app_begin ] --START--
INFO: Run Behavior\ReadHtmlCacheBehavior [ RunTime:0.000222s ]
INFO: [ app_begin ] --END-- [ RunTime:0.000249s ]
SQL: SHOW COLUMNS FROM `onethink_config` [ RunTime:0.0012s ]
SQL: SELECT `type`,`name`,`value` FROM `onethink_config` WHERE `status` = 1  [ RunTime:0.0003s ]
SQL: SHOW COLUMNS FROM `onethink_ucenter_member` [ RunTime:0.0010s ]
SQL: SELECT * FROM `onethink_ucenter_member` WHERE ( id=2 ) LIMIT 1   [ RunTime:0.0002s ]
SQL: SHOW COLUMNS FROM `onethink_message` [ RunTime:0.0008s ]
SQL: SELECT * FROM `onethink_message` WHERE `school` = '兰州交通大学' ORDER BY id desc LIMIT 15   [ RunTime:0.0003s ]
SQL: SELECT * FROM `onethink_ucenter_member` WHERE ( mobile=18693096095 ) LIMIT 1   [ RunTime:0.0003s ]
SQL: SELECT * FROM `onethink_ucenter_member` WHERE ( mobile=18693096095 ) LIMIT 1   [ RunTime:0.0003s ]
SQL: SELECT * FROM `onethink_ucenter_member` WHERE ( mobile=18693096095 ) LIMIT 1   [ RunTime:0.0002s ]
SQL: SELECT * FROM `onethink_ucenter_member` WHERE ( mobile=18693096095 ) LIMIT 1   [ RunTime:0.0002s ]
SQL: SELECT * FROM `onethink_ucenter_member` WHERE ( mobile=18693096095 ) LIMIT 1   [ RunTime:0.0003s ]
SQL: SELECT * FROM `onethink_ucenter_member` WHERE ( mobile=18693096095 ) LIMIT 1   [ RunTime:0.0005s ]
SQL: SELECT * FROM `onethink_ucenter_member` WHERE ( mobile=18693096095 ) LIMIT 1   [ RunTime:0.0005s ]
SQL: SELECT * FROM `onethink_ucenter_member` WHERE ( mobile=18693096095 ) LIMIT 1   [ RunTime:0.0002s ]
SQL: SELECT * FROM `onethink_ucenter_member` WHERE ( mobile=18693096095 ) LIMIT 1   [ RunTime:0.0002s ]
SQL: SELECT * FROM `onethink_ucenter_member` WHERE ( mobile=18693096095 ) LIMIT 1   [ RunTime:0.0002s ]
SQL: SELECT * FROM `onethink_ucenter_member` WHERE ( mobile=18693096095 ) LIMIT 1   [ RunTime:0.0002s ]
SQL: SELECT * FROM `onethink_ucenter_member` WHERE ( mobile=18693096095 ) LIMIT 1   [ RunTime:0.0003s ]
INFO: [ view_parse ] --START--
INFO: [ template_filter ] --START--
INFO: Run Behavior\ContentReplaceBehavior [ RunTime:0.000055s ]
INFO: [ template_filter ] --END-- [ RunTime:0.000091s ]
INFO: Run Behavior\ParseTemplateBehavior [ RunTime:0.010376s ]
INFO: [ view_parse ] --END-- [ RunTime:0.010411s ]
INFO: [ view_filter ] --START--
INFO: Run Behavior\WriteHtmlCacheBehavior [ RunTime:0.000091s ]
INFO: [ view_filter ] --END-- [ RunTime:0.000113s ]
INFO: [ app_end ] --START--
INFO: Run Behavior\ShowPageTraceBehavior [ RunTime:0.000396s ]
INFO: [ app_end ] --END-- [ RunTime:0.000439s ]

[ 2015-11-24T17:46:18+08:00 ] ::1 /onethink/index.php?s=/Home/User/logout.html
INFO: [ app_init ] --START--
INFO: Run Behavior\BuildLiteBehavior [ RunTime:0.000028s ]
INFO: Run Common\Behavior\InitHookBehavior [ RunTime:0.001609s ]
INFO: [ app_init ] --END-- [ RunTime:0.002113s ]
INFO: [ app_begin ] --START--
INFO: Run Behavior\ReadHtmlCacheBehavior [ RunTime:0.000264s ]
INFO: [ app_begin ] --END-- [ RunTime:0.000297s ]
SQL: SHOW COLUMNS FROM `onethink_config` [ RunTime:0.0018s ]
SQL: SELECT `type`,`name`,`value` FROM `onethink_config` WHERE `status` = 1  [ RunTime:0.0003s ]
SQL: SHOW COLUMNS FROM `onethink_member` [ RunTime:0.0009s ]
INFO: [ view_parse ] --START--
INFO: [ template_filter ] --START--
INFO: Run Behavior\ContentReplaceBehavior [ RunTime:0.000033s ]
INFO: [ template_filter ] --END-- [ RunTime:0.000078s ]
INFO: Run Behavior\ParseTemplateBehavior [ RunTime:0.006555s ]
INFO: [ view_parse ] --END-- [ RunTime:0.006588s ]
INFO: [ view_filter ] --START--
INFO: Run Behavior\WriteHtmlCacheBehavior [ RunTime:0.000099s ]
INFO: [ view_filter ] --END-- [ RunTime:0.000121s ]
INFO: [ app_end ] --START--
INFO: Run Behavior\ShowPageTraceBehavior [ RunTime:0.000288s ]
INFO: [ app_end ] --END-- [ RunTime:0.000314s ]

[ 2015-11-24T17:46:19+08:00 ] ::1 /onethink/index.php?s=/Home/User/login.html
INFO: [ app_init ] --START--
INFO: Run Behavior\BuildLiteBehavior [ RunTime:0.000009s ]
INFO: Run Common\Behavior\InitHookBehavior [ RunTime:0.000701s ]
INFO: [ app_init ] --END-- [ RunTime:0.000918s ]
INFO: [ app_begin ] --START--
INFO: Run Behavior\ReadHtmlCacheBehavior [ RunTime:0.000245s ]
INFO: [ app_begin ] --END-- [ RunTime:0.000276s ]
SQL: SHOW COLUMNS FROM `onethink_config` [ RunTime:0.0017s ]
SQL: SELECT `type`,`name`,`value` FROM `onethink_config` WHERE `status` = 1  [ RunTime:0.0003s ]
INFO: [ view_parse ] --START--
INFO: [ template_filter ] --START--
INFO: Run Behavior\ContentReplaceBehavior [ RunTime:0.000033s ]
INFO: [ template_filter ] --END-- [ RunTime:0.000070s ]
INFO: Run Behavior\ParseTemplateBehavior [ RunTime:0.003926s ]
INFO: [ view_parse ] --END-- [ RunTime:0.003961s ]
INFO: [ view_filter ] --START--
INFO: Run Behavior\WriteHtmlCacheBehavior [ RunTime:0.000077s ]
INFO: [ view_filter ] --END-- [ RunTime:0.000097s ]
INFO: [ app_end ] --START--
INFO: Run Behavior\ShowPageTraceBehavior [ RunTime:0.000253s ]
INFO: [ app_end ] --END-- [ RunTime:0.000275s ]

[ 2015-11-24T17:46:20+08:00 ] ::1 /onethink/index.php?s=/Home/User/register.html
INFO: [ app_init ] --START--
INFO: Run Behavior\BuildLiteBehavior [ RunTime:0.000009s ]
INFO: Run Common\Behavior\InitHookBehavior [ RunTime:0.000706s ]
INFO: [ app_init ] --END-- [ RunTime:0.000930s ]
INFO: [ app_begin ] --START--
INFO: Run Behavior\ReadHtmlCacheBehavior [ RunTime:0.000240s ]
INFO: [ app_begin ] --END-- [ RunTime:0.000268s ]
SQL: SHOW COLUMNS FROM `onethink_config` [ RunTime:0.0010s ]
SQL: SELECT `type`,`name`,`value` FROM `onethink_config` WHERE `status` = 1  [ RunTime:0.0003s ]
SQL: SHOW COLUMNS FROM `onethink_university` [ RunTime:0.0029s ]
SQL: SELECT DISTINCT  `province` FROM `onethink_university`  [ RunTime:0.0017s ]
INFO: [ view_parse ] --START--
INFO: [ template_filter ] --START--
INFO: Run Behavior\ContentReplaceBehavior [ RunTime:0.000077s ]
INFO: [ template_filter ] --END-- [ RunTime:0.000155s ]
INFO: Run Behavior\ParseTemplateBehavior [ RunTime:0.006956s ]
INFO: [ view_parse ] --END-- [ RunTime:0.006991s ]
INFO: [ view_filter ] --START--
INFO: Run Behavior\WriteHtmlCacheBehavior [ RunTime:0.000096s ]
INFO: [ view_filter ] --END-- [ RunTime:0.000118s ]
INFO: [ app_end ] --START--
INFO: Run Behavior\ShowPageTraceBehavior [ RunTime:0.000321s ]
INFO: [ app_end ] --END-- [ RunTime:0.000347s ]

[ 2015-11-24T17:50:57+08:00 ] ::1 /onethink/index.php?s=/Home/User/register.html
INFO: [ app_init ] --START--
INFO: Run Behavior\BuildLiteBehavior [ RunTime:0.000014s ]
INFO: Run Common\Behavior\InitHookBehavior [ RunTime:0.000850s ]
INFO: [ app_init ] --END-- [ RunTime:0.001091s ]
INFO: [ app_begin ] --START--
INFO: Run Behavior\ReadHtmlCacheBehavior [ RunTime:0.000270s ]
INFO: [ app_begin ] --END-- [ RunTime:0.000308s ]
SQL: SHOW COLUMNS FROM `onethink_config` [ RunTime:0.0020s ]
SQL: SELECT `type`,`name`,`value` FROM `onethink_config` WHERE `status` = 1  [ RunTime:0.0003s ]
SQL: SHOW COLUMNS FROM `onethink_university` [ RunTime:0.0009s ]
SQL: SELECT DISTINCT  `province` FROM `onethink_university`  [ RunTime:0.0003s ]
INFO: [ view_parse ] --START--
INFO: [ template_filter ] --START--
INFO: Run Behavior\ContentReplaceBehavior [ RunTime:0.000070s ]
INFO: [ template_filter ] --END-- [ RunTime:0.000119s ]
INFO: Run Behavior\ParseTemplateBehavior [ RunTime:0.007883s ]
INFO: [ view_parse ] --END-- [ RunTime:0.007932s ]
INFO: [ view_filter ] --START--
INFO: Run Behavior\WriteHtmlCacheBehavior [ RunTime:0.000092s ]
INFO: [ view_filter ] --END-- [ RunTime:0.000113s ]
INFO: [ app_end ] --START--
INFO: Run Behavior\ShowPageTraceBehavior [ RunTime:0.000283s ]
INFO: [ app_end ] --END-- [ RunTime:0.000308s ]

[ 2015-11-24T17:51:12+08:00 ] ::1 /onethink/index.php?s=/Home/User/register.html
INFO: [ app_init ] --START--
INFO: Run Behavior\BuildLiteBehavior [ RunTime:0.000009s ]
INFO: Run Common\Behavior\InitHookBehavior [ RunTime:0.000695s ]
INFO: [ app_init ] --END-- [ RunTime:0.000904s ]
INFO: [ app_begin ] --START--
INFO: Run Behavior\ReadHtmlCacheBehavior [ RunTime:0.000240s ]
INFO: [ app_begin ] --END-- [ RunTime:0.000267s ]
SQL: SHOW COLUMNS FROM `onethink_config` [ RunTime:0.0018s ]
SQL: SELECT `type`,`name`,`value` FROM `onethink_config` WHERE `status` = 1  [ RunTime:0.0003s ]

[ 2015-11-24T17:51:54+08:00 ] ::1 /onethink/index.php?s=/Home/User/register.html
INFO: [ app_init ] --START--
INFO: Run Behavior\BuildLiteBehavior [ RunTime:0.000015s ]
INFO: Run Common\Behavior\InitHookBehavior [ RunTime:0.000957s ]
INFO: [ app_init ] --END-- [ RunTime:0.001246s ]
INFO: [ app_begin ] --START--
INFO: Run Behavior\ReadHtmlCacheBehavior [ RunTime:0.000268s ]
INFO: [ app_begin ] --END-- [ RunTime:0.000302s ]
SQL: SHOW COLUMNS FROM `onethink_config` [ RunTime:0.0013s ]
SQL: SELECT `type`,`name`,`value` FROM `onethink_config` WHERE `status` = 1  [ RunTime:0.0003s ]
SQL: SHOW COLUMNS FROM `onethink_university` [ RunTime:0.0009s ]
SQL: SELECT DISTINCT  `province` FROM `onethink_university`  [ RunTime:0.0002s ]
INFO: [ view_parse ] --START--
INFO: [ template_filter ] --START--
INFO: Run Behavior\ContentReplaceBehavior [ RunTime:0.000042s ]
INFO: [ template_filter ] --END-- [ RunTime:0.000081s ]
INFO: Run Behavior\ParseTemplateBehavior [ RunTime:0.007808s ]
INFO: [ view_parse ] --END-- [ RunTime:0.007842s ]
INFO: [ view_filter ] --START--
INFO: Run Behavior\WriteHtmlCacheBehavior [ RunTime:0.000126s ]
INFO: [ view_filter ] --END-- [ RunTime:0.000153s ]
INFO: [ app_end ] --START--
INFO: Run Behavior\ShowPageTraceBehavior [ RunTime:0.000368s ]
INFO: [ app_end ] --END-- [ RunTime:0.000398s ]

[ 2015-11-24T17:53:02+08:00 ] ::1 /onethink/index.php?s=/Home/Index/message/id/27/sex/%E5%A5%B3/time/11%E6%9C%8818%E6%97%A5+17%3A44/school/%E5%85%B0%E5%B7%9E%E4%BA%A4%E9%80%9A%E5%A4%A7%E5%AD%A6/username/%E9%99%88%E8%83%A4%E5%85%83/content/mamdapdfk+ladkojflrk/mobile/18693096095.html
INFO: [ app_init ] --START--
INFO: Run Behavior\BuildLiteBehavior [ RunTime:0.000015s ]
INFO: Run Common\Behavior\InitHookBehavior [ RunTime:0.000983s ]
INFO: [ app_init ] --END-- [ RunTime:0.001291s ]
INFO: [ app_begin ] --START--
INFO: Run Behavior\ReadHtmlCacheBehavior [ RunTime:0.000328s ]
INFO: [ app_begin ] --END-- [ RunTime:0.000366s ]
SQL: SHOW COLUMNS FROM `onethink_config` [ RunTime:0.0023s ]
SQL: SELECT `type`,`name`,`value` FROM `onethink_config` WHERE `status` = 1  [ RunTime:0.0004s ]

[ 2015-11-24T17:53:02+08:00 ] ::1 /onethink/index.php?s=/Home/User/login.html
INFO: [ app_init ] --START--
INFO: Run Behavior\BuildLiteBehavior [ RunTime:0.000009s ]
INFO: Run Common\Behavior\InitHookBehavior [ RunTime:0.000644s ]
INFO: [ app_init ] --END-- [ RunTime:0.000849s ]
INFO: [ app_begin ] --START--
INFO: Run Behavior\ReadHtmlCacheBehavior [ RunTime:0.000230s ]
INFO: [ app_begin ] --END-- [ RunTime:0.000258s ]
SQL: SHOW COLUMNS FROM `onethink_config` [ RunTime:0.0009s ]
SQL: SELECT `type`,`name`,`value` FROM `onethink_config` WHERE `status` = 1  [ RunTime:0.0003s ]
INFO: [ view_parse ] --START--
INFO: [ template_filter ] --START--
INFO: Run Behavior\ContentReplaceBehavior [ RunTime:0.000044s ]
INFO: [ template_filter ] --END-- [ RunTime:0.000091s ]
INFO: Run Behavior\ParseTemplateBehavior [ RunTime:0.006295s ]
INFO: [ view_parse ] --END-- [ RunTime:0.006335s ]
INFO: [ view_filter ] --START--
INFO: Run Behavior\WriteHtmlCacheBehavior [ RunTime:0.000099s ]
INFO: [ view_filter ] --END-- [ RunTime:0.000122s ]
INFO: [ app_end ] --START--
INFO: Run Behavior\ShowPageTraceBehavior [ RunTime:0.000309s ]
INFO: [ app_end ] --END-- [ RunTime:0.000338s ]

[ 2015-11-24T17:53:28+08:00 ] ::1 /onethink/index.php?s=/Home/Index/message/id/22/sex/%E5%A5%B3/time/11%E6%9C%8817%E6%97%A5+09%3A01/school/%E5%85%B0%E5%B7%9E%E4%BA%A4%E9%80%9A%E5%A4%A7%E5%AD%A6/username/%E9%99%88%E8%83%A4%E5%85%83/content/d/mobile/18693096095.html
INFO: [ app_init ] --START--
INFO: Run Behavior\BuildLiteBehavior [ RunTime:0.000010s ]
INFO: Run Common\Behavior\InitHookBehavior [ RunTime:0.000768s ]
INFO: [ app_init ] --END-- [ RunTime:0.001009s ]
INFO: [ app_begin ] --START--
INFO: Run Behavior\ReadHtmlCacheBehavior [ RunTime:0.000287s ]
INFO: [ app_begin ] --END-- [ RunTime:0.000333s ]
SQL: SHOW COLUMNS FROM `onethink_config` [ RunTime:0.0010s ]
SQL: SELECT `type`,`name`,`value` FROM `onethink_config` WHERE `status` = 1  [ RunTime:0.0003s ]

[ 2015-11-24T17:53:28+08:00 ] ::1 /onethink/index.php?s=/Home/User/login.html
INFO: [ app_init ] --START--
INFO: Run Behavior\BuildLiteBehavior [ RunTime:0.000009s ]
INFO: Run Common\Behavior\InitHookBehavior [ RunTime:0.000672s ]
INFO: [ app_init ] --END-- [ RunTime:0.000880s ]
INFO: [ app_begin ] --START--
INFO: Run Behavior\ReadHtmlCacheBehavior [ RunTime:0.000663s ]
INFO: [ app_begin ] --END-- [ RunTime:0.000739s ]
SQL: SHOW COLUMNS FROM `onethink_config` [ RunTime:0.0010s ]
SQL: SELECT `type`,`name`,`value` FROM `onethink_config` WHERE `status` = 1  [ RunTime:0.0003s ]
INFO: [ view_parse ] --START--
INFO: [ template_filter ] --START--
INFO: Run Behavior\ContentReplaceBehavior [ RunTime:0.000036s ]
INFO: [ template_filter ] --END-- [ RunTime:0.000083s ]
INFO: Run Behavior\ParseTemplateBehavior [ RunTime:0.004930s ]
INFO: [ view_parse ] --END-- [ RunTime:0.004976s ]
INFO: [ view_filter ] --START--
INFO: Run Behavior\WriteHtmlCacheBehavior [ RunTime:0.000087s ]
INFO: [ view_filter ] --END-- [ RunTime:0.000107s ]
INFO: [ app_end ] --START--
INFO: Run Behavior\ShowPageTraceBehavior [ RunTime:0.000266s ]
INFO: [ app_end ] --END-- [ RunTime:0.000289s ]

