[ 2015-11-22T19:37:40+08:00 ] ::1 /onethink/index.php?s=/Home/User/register.html
INFO: [ app_init ] --START--
INFO: Run Behavior\BuildLiteBehavior [ RunTime:0.000022s ]
INFO: Run Common\Behavior\InitHookBehavior [ RunTime:0.004451s ]
INFO: [ app_init ] --END-- [ RunTime:0.006345s ]
INFO: [ app_begin ] --START--
INFO: Run Behavior\ReadHtmlCacheBehavior [ RunTime:0.000819s ]
INFO: [ app_begin ] --END-- [ RunTime:0.000902s ]
SQL: SHOW COLUMNS FROM `onethink_config` [ RunTime:0.0308s ]
SQL: SELECT `type`,`name`,`value` FROM `onethink_config` WHERE `status` = 1  [ RunTime:0.0063s ]
SQL: SHOW COLUMNS FROM `onethink_university` [ RunTime:0.0017s ]
SQL: SELECT DISTINCT  `province` FROM `onethink_university`  [ RunTime:0.0020s ]
INFO: [ view_parse ] --START--
INFO: [ template_filter ] --START--
INFO: Run Behavior\ContentReplaceBehavior [ RunTime:0.000131s ]
INFO: [ template_filter ] --END-- [ RunTime:0.000226s ]
INFO: Run Behavior\ParseTemplateBehavior [ RunTime:0.015365s ]
INFO: [ view_parse ] --END-- [ RunTime:0.015443s ]
INFO: [ view_filter ] --START--
INFO: Run Behavior\WriteHtmlCacheBehavior [ RunTime:0.000752s ]
INFO: [ view_filter ] --END-- [ RunTime:0.000810s ]
INFO: [ app_end ] --START--
INFO: Run Behavior\ShowPageTraceBehavior [ RunTime:0.000862s ]
INFO: [ app_end ] --END-- [ RunTime:0.000904s ]

[ 2015-11-22T20:50:55+08:00 ] ::1 /onethink/index.php?s=/Home/User/login.html
INFO: [ app_init ] --START--
INFO: Run Behavior\BuildLiteBehavior [ RunTime:0.000014s ]
INFO: Run Common\Behavior\InitHookBehavior [ RunTime:0.001933s ]
INFO: [ app_init ] --END-- [ RunTime:0.002241s ]
INFO: [ app_begin ] --START--
INFO: Run Behavior\ReadHtmlCacheBehavior [ RunTime:0.000311s ]
INFO: [ app_begin ] --END-- [ RunTime:0.000348s ]
SQL: SHOW COLUMNS FROM `onethink_config` [ RunTime:0.0013s ]
SQL: SELECT `type`,`name`,`value` FROM `onethink_config` WHERE `status` = 1  [ RunTime:0.0003s ]
NOTIC: [8] Undefined index: lite /Applications/XAMPP/xamppfiles/htdocs/onethink/ThinkPHP/Library/Think/Db.class.php 第 37 行.
SQL: SHOW COLUMNS FROM `onethink_member` [ RunTime:0.0012s ]
SQL: SELECT `uid`,`nickname`,`score`,`login`,`reg_ip`,`reg_time`,`last_login_ip`,`last_login_time`,`status` FROM `onethink_member` WHERE `uid` = 2 LIMIT 1   [ RunTime:0.0006s ]
SQL: UPDATE `onethink_member` SET `login`=`login`+1,`last_login_time`='1448196655',`last_login_ip`='0' WHERE `uid` = 2 [ RunTime:0.0013s ]
SQL: SHOW COLUMNS FROM `onethink_action` [ RunTime:0.0040s ]
SQL: SELECT * FROM `onethink_action` WHERE `name` = 'user_login' LIMIT 1   [ RunTime:0.0011s ]
SQL: SHOW COLUMNS FROM `onethink_action_log` [ RunTime:0.0014s ]
SQL: INSERT INTO `onethink_action_log` (`action_id`,`user_id`,`action_ip`,`model`,`record_id`,`create_time`,`remark`) VALUES ('1','2','0','member','2','1448196655','chenyinyuan在2015-11-22 20:50登录了后台') [ RunTime:0.0014s ]
SQL: SELECT * FROM `onethink_action` WHERE `name` = 'user_login' LIMIT 1   [ RunTime:0.0003s ]
NOTIC: [8] Undefined offset: 1 /Applications/XAMPP/xamppfiles/htdocs/onethink/Application/Common/Common/function.php 第 680 行.
NOTIC: [2] array_key_exists() expects parameter 2 to be array, null given /Applications/XAMPP/xamppfiles/htdocs/onethink/Application/Common/Common/function.php 第 680 行.
SQL: SELECT COUNT(*) AS tp_count FROM `onethink_action_log` WHERE `action_id` = 1 AND `user_id` = 2 AND `create_time` > 1448110255 LIMIT 1   [ RunTime:0.0027s ]
SQL: SHOW COLUMNS FROM `onethink_member` [ RunTime:0.0012s ]
SQL: UPDATE `onethink_member` SET `score`=score+10 WHERE ( uid=2 AND status>-1 ) [ RunTime:0.0016s ]

[ 2015-11-22T20:50:55+08:00 ] ::1 /onethink/index.php?s=/Home/Index/index.html
INFO: [ app_init ] --START--
INFO: Run Behavior\BuildLiteBehavior [ RunTime:0.000010s ]
INFO: Run Common\Behavior\InitHookBehavior [ RunTime:0.000907s ]
INFO: [ app_init ] --END-- [ RunTime:0.001175s ]
INFO: [ app_begin ] --START--
INFO: Run Behavior\ReadHtmlCacheBehavior [ RunTime:0.000242s ]
INFO: [ app_begin ] --END-- [ RunTime:0.000271s ]
SQL: SHOW COLUMNS FROM `onethink_config` [ RunTime:0.0013s ]
SQL: SELECT `type`,`name`,`value` FROM `onethink_config` WHERE `status` = 1  [ RunTime:0.0003s ]
SQL: SHOW COLUMNS FROM `onethink_ucenter_member` [ RunTime:0.0013s ]
SQL: SELECT * FROM `onethink_ucenter_member` WHERE ( id=2 ) LIMIT 1   [ RunTime:0.0003s ]
SQL: SHOW COLUMNS FROM `onethink_message` [ RunTime:0.0013s ]
SQL: SELECT * FROM `onethink_message` WHERE `school` = '兰州交通大学' ORDER BY id desc LIMIT 15   [ RunTime:0.0015s ]
SQL: SELECT * FROM `onethink_ucenter_member` WHERE ( mobile=18693096095 ) LIMIT 1   [ RunTime:0.0004s ]
SQL: SELECT * FROM `onethink_ucenter_member` WHERE ( mobile=18693096095 ) LIMIT 1   [ RunTime:0.0005s ]
SQL: SELECT * FROM `onethink_ucenter_member` WHERE ( mobile=18693096095 ) LIMIT 1   [ RunTime:0.0003s ]
SQL: SELECT * FROM `onethink_ucenter_member` WHERE ( mobile=18693096095 ) LIMIT 1   [ RunTime:0.0002s ]
SQL: SELECT * FROM `onethink_ucenter_member` WHERE ( mobile=18693096095 ) LIMIT 1   [ RunTime:0.0002s ]
SQL: SELECT * FROM `onethink_ucenter_member` WHERE ( mobile=18693096095 ) LIMIT 1   [ RunTime:0.0003s ]
SQL: SELECT * FROM `onethink_ucenter_member` WHERE ( mobile=18693096095 ) LIMIT 1   [ RunTime:0.0003s ]
SQL: SELECT * FROM `onethink_ucenter_member` WHERE ( mobile=18693096095 ) LIMIT 1   [ RunTime:0.0003s ]
SQL: SELECT * FROM `onethink_ucenter_member` WHERE ( mobile=18693096095 ) LIMIT 1   [ RunTime:0.0002s ]
SQL: SELECT * FROM `onethink_ucenter_member` WHERE ( mobile=18693096095 ) LIMIT 1   [ RunTime:0.0002s ]
SQL: SELECT * FROM `onethink_ucenter_member` WHERE ( mobile=18693096095 ) LIMIT 1   [ RunTime:0.0003s ]
SQL: SELECT * FROM `onethink_ucenter_member` WHERE ( mobile=18693096095 ) LIMIT 1   [ RunTime:0.0003s ]
INFO: [ view_parse ] --START--
INFO: [ template_filter ] --START--
INFO: Run Behavior\ContentReplaceBehavior [ RunTime:0.000067s ]
INFO: [ template_filter ] --END-- [ RunTime:0.000104s ]
INFO: Run Behavior\ParseTemplateBehavior [ RunTime:0.016226s ]
INFO: [ view_parse ] --END-- [ RunTime:0.016258s ]
INFO: [ view_filter ] --START--
INFO: Run Behavior\WriteHtmlCacheBehavior [ RunTime:0.000102s ]
INFO: [ view_filter ] --END-- [ RunTime:0.000125s ]
INFO: [ app_end ] --START--
INFO: Run Behavior\ShowPageTraceBehavior [ RunTime:0.000431s ]
INFO: [ app_end ] --END-- [ RunTime:0.000475s ]

[ 2015-11-22T20:51:04+08:00 ] ::1 /onethink/index.php?s=/Home/Index/sendmessage.html
INFO: [ app_init ] --START--
INFO: Run Behavior\BuildLiteBehavior [ RunTime:0.000023s ]
INFO: Run Common\Behavior\InitHookBehavior [ RunTime:0.000851s ]
INFO: [ app_init ] --END-- [ RunTime:0.001186s ]
INFO: [ app_begin ] --START--
INFO: Run Behavior\ReadHtmlCacheBehavior [ RunTime:0.000309s ]
INFO: [ app_begin ] --END-- [ RunTime:0.000344s ]
SQL: SHOW COLUMNS FROM `onethink_config` [ RunTime:0.0013s ]
SQL: SELECT `type`,`name`,`value` FROM `onethink_config` WHERE `status` = 1  [ RunTime:0.0003s ]
SQL: SHOW COLUMNS FROM `onethink_ucenter_member` [ RunTime:0.0019s ]
SQL: SELECT * FROM `onethink_ucenter_member` WHERE ( id=2 ) LIMIT 1   [ RunTime:0.0004s ]
SQL: SHOW COLUMNS FROM `onethink_message` [ RunTime:0.0017s ]
SQL: SELECT * FROM `onethink_message` WHERE `school` = '兰州交通大学' AND `mobile` = '18693096095' ORDER BY id desc  [ RunTime:0.0005s ]
INFO: [ view_parse ] --START--
INFO: [ template_filter ] --START--
INFO: Run Behavior\ContentReplaceBehavior [ RunTime:0.000048s ]
INFO: [ template_filter ] --END-- [ RunTime:0.000111s ]
INFO: Run Behavior\ParseTemplateBehavior [ RunTime:0.009080s ]
INFO: [ view_parse ] --END-- [ RunTime:0.009117s ]
INFO: [ view_filter ] --START--
INFO: Run Behavior\WriteHtmlCacheBehavior [ RunTime:0.000109s ]
INFO: [ view_filter ] --END-- [ RunTime:0.000131s ]
INFO: [ app_end ] --START--
INFO: Run Behavior\ShowPageTraceBehavior [ RunTime:0.000440s ]
INFO: [ app_end ] --END-- [ RunTime:0.000507s ]

[ 2015-11-22T20:51:08+08:00 ] ::1 /onethink/index.php?s=/Home/Index/message/id/20/sex/%E5%A5%B3/time/11%E6%9C%8813%E6%97%A5+15%3A21/school/%E5%85%B0%E5%B7%9E%E4%BA%A4%E9%80%9A%E5%A4%A7%E5%AD%A6/username/%E9%99%88%E8%83%A4%E5%85%83/mobile/18693096095/content/%E5%A4%A7%E5%AE%B6%E5%A5%BD%EF%BC%81.html
INFO: [ app_init ] --START--
INFO: Run Behavior\BuildLiteBehavior [ RunTime:0.000010s ]
INFO: Run Common\Behavior\InitHookBehavior [ RunTime:0.000711s ]
INFO: [ app_init ] --END-- [ RunTime:0.000942s ]
INFO: [ app_begin ] --START--
INFO: Run Behavior\ReadHtmlCacheBehavior [ RunTime:0.000258s ]
INFO: [ app_begin ] --END-- [ RunTime:0.000288s ]
SQL: SHOW COLUMNS FROM `onethink_config` [ RunTime:0.0011s ]
SQL: SELECT `type`,`name`,`value` FROM `onethink_config` WHERE `status` = 1  [ RunTime:0.0003s ]
SQL: SHOW COLUMNS FROM `onethink_ucenter_member` [ RunTime:0.0020s ]
SQL: SELECT * FROM `onethink_ucenter_member` WHERE ( mobile=18693096095 ) LIMIT 1   [ RunTime:0.0003s ]
SQL: SHOW COLUMNS FROM `onethink_messagecomment` [ RunTime:0.0011s ]
SQL: SELECT * FROM `onethink_messagecomment` WHERE ( mid=20 ) ORDER BY id asc  [ RunTime:0.0005s ]
NOTIC: [2] Invalid argument supplied for foreach() /Applications/XAMPP/xamppfiles/htdocs/onethink/Application/Home/Controller/IndexController.class.php 第 192 行.
INFO: [ view_parse ] --START--
INFO: [ template_filter ] --START--
INFO: Run Behavior\ContentReplaceBehavior [ RunTime:0.000106s ]
INFO: [ template_filter ] --END-- [ RunTime:0.000211s ]
NOTIC: [8] Undefined variable: me /Applications/XAMPP/xamppfiles/htdocs/onethink/Runtime/Cache/Home/4e4e0fba536e7445bdb65345ece0b91d.php 第 201 行.
NOTIC: [8] Undefined variable: me /Applications/XAMPP/xamppfiles/htdocs/onethink/Runtime/Cache/Home/4e4e0fba536e7445bdb65345ece0b91d.php 第 201 行.
INFO: Run Behavior\ParseTemplateBehavior [ RunTime:0.007459s ]
INFO: [ view_parse ] --END-- [ RunTime:0.007488s ]
INFO: [ view_filter ] --START--
INFO: Run Behavior\WriteHtmlCacheBehavior [ RunTime:0.000096s ]
INFO: [ view_filter ] --END-- [ RunTime:0.000119s ]
INFO: [ app_end ] --START--
INFO: Run Behavior\ShowPageTraceBehavior [ RunTime:0.000292s ]
INFO: [ app_end ] --END-- [ RunTime:0.000317s ]

[ 2015-11-22T20:51:11+08:00 ] ::1 /onethink/index.php?s=/Home/Index/message/id/20/sex/%E5%A5%B3/time/11%E6%9C%8813%E6%97%A5+15%3A21/school/%E5%85%B0%E5%B7%9E%E4%BA%A4%E9%80%9A%E5%A4%A7%E5%AD%A6/username/%E9%99%88%E8%83%A4%E5%85%83/mobile/18693096095/content/%E5%A4%A7%E5%AE%B6%E5%A5%BD%EF%BC%81.html
INFO: [ app_init ] --START--
INFO: Run Behavior\BuildLiteBehavior [ RunTime:0.000009s ]
INFO: Run Common\Behavior\InitHookBehavior [ RunTime:0.000648s ]
INFO: [ app_init ] --END-- [ RunTime:0.000853s ]
INFO: [ app_begin ] --START--
INFO: Run Behavior\ReadHtmlCacheBehavior [ RunTime:0.000233s ]
INFO: [ app_begin ] --END-- [ RunTime:0.000262s ]
SQL: SHOW COLUMNS FROM `onethink_config` [ RunTime:0.0011s ]
SQL: SELECT `type`,`name`,`value` FROM `onethink_config` WHERE `status` = 1  [ RunTime:0.0003s ]
SQL: SHOW COLUMNS FROM `onethink_ucenter_member` [ RunTime:0.0010s ]
SQL: SELECT * FROM `onethink_ucenter_member` WHERE ( mobile=18693096095 ) LIMIT 1   [ RunTime:0.0003s ]
SQL: SHOW COLUMNS FROM `onethink_messagecomment` [ RunTime:0.0018s ]
SQL: SELECT * FROM `onethink_messagecomment` WHERE ( mid=20 ) ORDER BY id asc  [ RunTime:0.0003s ]
NOTIC: [2] Invalid argument supplied for foreach() /Applications/XAMPP/xamppfiles/htdocs/onethink/Application/Home/Controller/IndexController.class.php 第 192 行.
SQL: SELECT * FROM `onethink_ucenter_member` WHERE ( id=2 ) LIMIT 1   [ RunTime:0.0002s ]
SQL: INSERT INTO `onethink_messagecomment` (`time`,`mid`,`mobile`,`mphone`,`content`) VALUES ('1448196671','20','18693096095','18693096095','sdcwv') [ RunTime:0.0005s ]

[ 2015-11-22T20:51:14+08:00 ] ::1 /onethink/index.php
INFO: [ app_init ] --START--
INFO: Run Behavior\BuildLiteBehavior [ RunTime:0.000010s ]
INFO: Run Common\Behavior\InitHookBehavior [ RunTime:0.001278s ]
INFO: [ app_init ] --END-- [ RunTime:0.001527s ]
INFO: [ app_begin ] --START--
INFO: Run Behavior\ReadHtmlCacheBehavior [ RunTime:0.000399s ]
INFO: [ app_begin ] --END-- [ RunTime:0.000442s ]
SQL: SHOW COLUMNS FROM `onethink_config` [ RunTime:0.0025s ]
SQL: SELECT `type`,`name`,`value` FROM `onethink_config` WHERE `status` = 1  [ RunTime:0.0003s ]
SQL: SHOW COLUMNS FROM `onethink_ucenter_member` [ RunTime:0.0015s ]
SQL: SELECT * FROM `onethink_ucenter_member` WHERE ( id=2 ) LIMIT 1   [ RunTime:0.0003s ]
SQL: SHOW COLUMNS FROM `onethink_message` [ RunTime:0.0011s ]
SQL: SELECT * FROM `onethink_message` WHERE `school` = '兰州交通大学' ORDER BY id desc LIMIT 15   [ RunTime:0.0003s ]
SQL: SELECT * FROM `onethink_ucenter_member` WHERE ( mobile=18693096095 ) LIMIT 1   [ RunTime:0.0002s ]
SQL: SELECT * FROM `onethink_ucenter_member` WHERE ( mobile=18693096095 ) LIMIT 1   [ RunTime:0.0002s ]
SQL: SELECT * FROM `onethink_ucenter_member` WHERE ( mobile=18693096095 ) LIMIT 1   [ RunTime:0.0002s ]
SQL: SELECT * FROM `onethink_ucenter_member` WHERE ( mobile=18693096095 ) LIMIT 1   [ RunTime:0.0002s ]
SQL: SELECT * FROM `onethink_ucenter_member` WHERE ( mobile=18693096095 ) LIMIT 1   [ RunTime:0.0002s ]
SQL: SELECT * FROM `onethink_ucenter_member` WHERE ( mobile=18693096095 ) LIMIT 1   [ RunTime:0.0002s ]
SQL: SELECT * FROM `onethink_ucenter_member` WHERE ( mobile=18693096095 ) LIMIT 1   [ RunTime:0.0002s ]
SQL: SELECT * FROM `onethink_ucenter_member` WHERE ( mobile=18693096095 ) LIMIT 1   [ RunTime:0.0004s ]
SQL: SELECT * FROM `onethink_ucenter_member` WHERE ( mobile=18693096095 ) LIMIT 1   [ RunTime:0.0007s ]
SQL: SELECT * FROM `onethink_ucenter_member` WHERE ( mobile=18693096095 ) LIMIT 1   [ RunTime:0.0003s ]
SQL: SELECT * FROM `onethink_ucenter_member` WHERE ( mobile=18693096095 ) LIMIT 1   [ RunTime:0.0002s ]
SQL: SELECT * FROM `onethink_ucenter_member` WHERE ( mobile=18693096095 ) LIMIT 1   [ RunTime:0.0002s ]
INFO: [ view_parse ] --START--
INFO: [ template_filter ] --START--
INFO: Run Behavior\ContentReplaceBehavior [ RunTime:0.000056s ]
INFO: [ template_filter ] --END-- [ RunTime:0.000095s ]
INFO: Run Behavior\ParseTemplateBehavior [ RunTime:0.010669s ]
INFO: [ view_parse ] --END-- [ RunTime:0.010697s ]
INFO: [ view_filter ] --START--
INFO: Run Behavior\WriteHtmlCacheBehavior [ RunTime:0.000089s ]
INFO: [ view_filter ] --END-- [ RunTime:0.000112s ]
INFO: [ app_end ] --START--
INFO: Run Behavior\ShowPageTraceBehavior [ RunTime:0.000417s ]
INFO: [ app_end ] --END-- [ RunTime:0.000457s ]

[ 2015-11-22T20:51:19+08:00 ] ::1 /onethink/index.php?s=/Home/File/upload.html
INFO: [ app_init ] --START--
INFO: Run Behavior\BuildLiteBehavior [ RunTime:0.000024s ]
INFO: Run Common\Behavior\InitHookBehavior [ RunTime:0.001291s ]
INFO: [ app_init ] --END-- [ RunTime:0.001829s ]
INFO: [ app_begin ] --START--
INFO: Run Behavior\ReadHtmlCacheBehavior [ RunTime:0.000271s ]
INFO: [ app_begin ] --END-- [ RunTime:0.000311s ]
SQL: SHOW COLUMNS FROM `onethink_config` [ RunTime:0.0028s ]
SQL: SELECT `type`,`name`,`value` FROM `onethink_config` WHERE `status` = 1  [ RunTime:0.0004s ]
SQL: SHOW COLUMNS FROM `onethink_file` [ RunTime:0.0033s ]
INFO: [ view_parse ] --START--
INFO: [ template_filter ] --START--
INFO: Run Behavior\ContentReplaceBehavior [ RunTime:0.000033s ]
INFO: [ template_filter ] --END-- [ RunTime:0.000112s ]
INFO: Run Behavior\ParseTemplateBehavior [ RunTime:0.004470s ]
INFO: [ view_parse ] --END-- [ RunTime:0.004521s ]
INFO: [ view_filter ] --START--
INFO: Run Behavior\WriteHtmlCacheBehavior [ RunTime:0.000092s ]
INFO: [ view_filter ] --END-- [ RunTime:0.000115s ]
INFO: [ app_end ] --START--
INFO: Run Behavior\ShowPageTraceBehavior [ RunTime:0.000291s ]
INFO: [ app_end ] --END-- [ RunTime:0.000315s ]

[ 2015-11-22T20:51:20+08:00 ] ::1 /onethink/index.php?s=/Home/File/upload.html
INFO: [ app_init ] --START--
INFO: Run Behavior\BuildLiteBehavior [ RunTime:0.000009s ]
INFO: Run Common\Behavior\InitHookBehavior [ RunTime:0.000661s ]
INFO: [ app_init ] --END-- [ RunTime:0.000885s ]
INFO: [ app_begin ] --START--
INFO: Run Behavior\ReadHtmlCacheBehavior [ RunTime:0.000232s ]
INFO: [ app_begin ] --END-- [ RunTime:0.000261s ]
SQL: SHOW COLUMNS FROM `onethink_config` [ RunTime:0.0014s ]
SQL: SELECT `type`,`name`,`value` FROM `onethink_config` WHERE `status` = 1  [ RunTime:0.0003s ]
SQL: SHOW COLUMNS FROM `onethink_file` [ RunTime:0.0014s ]
NOTIC: [2] finfo_file(): Empty filename or path /Applications/XAMPP/xamppfiles/htdocs/onethink/ThinkPHP/Library/Think/Upload.class.php 第 152 行.
INFO: [ view_parse ] --START--
INFO: [ template_filter ] --START--
INFO: Run Behavior\ContentReplaceBehavior [ RunTime:0.000029s ]
INFO: [ template_filter ] --END-- [ RunTime:0.000081s ]
INFO: Run Behavior\ParseTemplateBehavior [ RunTime:0.004586s ]
INFO: [ view_parse ] --END-- [ RunTime:0.004635s ]
INFO: [ view_filter ] --START--
INFO: Run Behavior\WriteHtmlCacheBehavior [ RunTime:0.000087s ]
INFO: [ view_filter ] --END-- [ RunTime:0.000108s ]

[ 2015-11-22T20:51:27+08:00 ] ::1 /onethink/index.php?s=/Home/File/upload.html
INFO: [ app_init ] --START--
INFO: Run Behavior\BuildLiteBehavior [ RunTime:0.000010s ]
INFO: Run Common\Behavior\InitHookBehavior [ RunTime:0.000786s ]
INFO: [ app_init ] --END-- [ RunTime:0.001140s ]
INFO: [ app_begin ] --START--
INFO: Run Behavior\ReadHtmlCacheBehavior [ RunTime:0.000265s ]
INFO: [ app_begin ] --END-- [ RunTime:0.000302s ]
SQL: SHOW COLUMNS FROM `onethink_config` [ RunTime:0.0010s ]
SQL: SELECT `type`,`name`,`value` FROM `onethink_config` WHERE `status` = 1  [ RunTime:0.0003s ]
SQL: SHOW COLUMNS FROM `onethink_file` [ RunTime:0.0011s ]
SQL: SELECT `id`,`name`,`savename`,`savepath`,`ext`,`mime`,`size`,`md5`,`sha1`,`location`,`url`,`create_time` FROM `onethink_file` WHERE `md5` = '771f339ffa67d39f6566f3d562c43bd5' LIMIT 1   [ RunTime:0.0006s ]
NOTIC: [8] Undefined index: path /Applications/XAMPP/xamppfiles/htdocs/onethink/ThinkPHP/Library/Think/Upload.class.php 第 172 行.
SQL: SHOW COLUMNS FROM `onethink_ucenter_member` [ RunTime:0.0013s ]
SQL: UPDATE `onethink_ucenter_member` SET `picture`='/Uploads/Download/2015-11-17/564a8016d736d.jpg' WHERE ( id=2 ) [ RunTime:0.0003s ]

[ 2015-11-22T20:51:27+08:00 ] ::1 /onethink/index.php?s=/Home/Index/index.html
INFO: [ app_init ] --START--
INFO: Run Behavior\BuildLiteBehavior [ RunTime:0.000009s ]
INFO: Run Common\Behavior\InitHookBehavior [ RunTime:0.001063s ]
INFO: [ app_init ] --END-- [ RunTime:0.001283s ]
INFO: [ app_begin ] --START--
INFO: Run Behavior\ReadHtmlCacheBehavior [ RunTime:0.000268s ]
INFO: [ app_begin ] --END-- [ RunTime:0.000313s ]
SQL: SHOW COLUMNS FROM `onethink_config` [ RunTime:0.0011s ]
SQL: SELECT `type`,`name`,`value` FROM `onethink_config` WHERE `status` = 1  [ RunTime:0.0003s ]
SQL: SHOW COLUMNS FROM `onethink_ucenter_member` [ RunTime:0.0013s ]
SQL: SELECT * FROM `onethink_ucenter_member` WHERE ( id=2 ) LIMIT 1   [ RunTime:0.0003s ]
SQL: SHOW COLUMNS FROM `onethink_message` [ RunTime:0.0012s ]
SQL: SELECT * FROM `onethink_message` WHERE `school` = '兰州交通大学' ORDER BY id desc LIMIT 15   [ RunTime:0.0004s ]
SQL: SELECT * FROM `onethink_ucenter_member` WHERE ( mobile=18693096095 ) LIMIT 1   [ RunTime:0.0003s ]
SQL: SELECT * FROM `onethink_ucenter_member` WHERE ( mobile=18693096095 ) LIMIT 1   [ RunTime:0.0003s ]
SQL: SELECT * FROM `onethink_ucenter_member` WHERE ( mobile=18693096095 ) LIMIT 1   [ RunTime:0.0003s ]
SQL: SELECT * FROM `onethink_ucenter_member` WHERE ( mobile=18693096095 ) LIMIT 1   [ RunTime:0.0003s ]
SQL: SELECT * FROM `onethink_ucenter_member` WHERE ( mobile=18693096095 ) LIMIT 1   [ RunTime:0.0002s ]
SQL: SELECT * FROM `onethink_ucenter_member` WHERE ( mobile=18693096095 ) LIMIT 1   [ RunTime:0.0003s ]
SQL: SELECT * FROM `onethink_ucenter_member` WHERE ( mobile=18693096095 ) LIMIT 1   [ RunTime:0.0002s ]
SQL: SELECT * FROM `onethink_ucenter_member` WHERE ( mobile=18693096095 ) LIMIT 1   [ RunTime:0.0003s ]
SQL: SELECT * FROM `onethink_ucenter_member` WHERE ( mobile=18693096095 ) LIMIT 1   [ RunTime:0.0003s ]
SQL: SELECT * FROM `onethink_ucenter_member` WHERE ( mobile=18693096095 ) LIMIT 1   [ RunTime:0.0003s ]
SQL: SELECT * FROM `onethink_ucenter_member` WHERE ( mobile=18693096095 ) LIMIT 1   [ RunTime:0.0003s ]
SQL: SELECT * FROM `onethink_ucenter_member` WHERE ( mobile=18693096095 ) LIMIT 1   [ RunTime:0.0003s ]
INFO: [ view_parse ] --START--
INFO: [ template_filter ] --START--
INFO: Run Behavior\ContentReplaceBehavior [ RunTime:0.000057s ]
INFO: [ template_filter ] --END-- [ RunTime:0.000097s ]
INFO: Run Behavior\ParseTemplateBehavior [ RunTime:0.010253s ]
INFO: [ view_parse ] --END-- [ RunTime:0.010282s ]
INFO: [ view_filter ] --START--
INFO: Run Behavior\WriteHtmlCacheBehavior [ RunTime:0.000093s ]
INFO: [ view_filter ] --END-- [ RunTime:0.000114s ]
INFO: [ app_end ] --START--
INFO: Run Behavior\ShowPageTraceBehavior [ RunTime:0.000363s ]
INFO: [ app_end ] --END-- [ RunTime:0.000395s ]

[ 2015-11-22T20:51:36+08:00 ] ::1 /onethink/index.php?s=/Home/Index/index.html
INFO: [ app_init ] --START--
INFO: Run Behavior\BuildLiteBehavior [ RunTime:0.000050s ]
INFO: Run Common\Behavior\InitHookBehavior [ RunTime:0.001057s ]
INFO: [ app_init ] --END-- [ RunTime:0.001589s ]
INFO: [ app_begin ] --START--
INFO: Run Behavior\ReadHtmlCacheBehavior [ RunTime:0.000365s ]
INFO: [ app_begin ] --END-- [ RunTime:0.000413s ]
SQL: SHOW COLUMNS FROM `onethink_config` [ RunTime:0.0011s ]
SQL: SELECT `type`,`name`,`value` FROM `onethink_config` WHERE `status` = 1  [ RunTime:0.0010s ]
SQL: SHOW COLUMNS FROM `onethink_ucenter_member` [ RunTime:0.0013s ]
SQL: SELECT * FROM `onethink_ucenter_member` WHERE ( id=2 ) LIMIT 1   [ RunTime:0.0004s ]

[ 2015-11-22T20:52:22+08:00 ] ::1 /onethink/index.php?s=/Home/Index/index.html
INFO: [ app_init ] --START--
INFO: Run Behavior\BuildLiteBehavior [ RunTime:0.000009s ]
INFO: Run Common\Behavior\InitHookBehavior [ RunTime:0.000835s ]
INFO: [ app_init ] --END-- [ RunTime:0.001076s ]
INFO: [ app_begin ] --START--
INFO: Run Behavior\ReadHtmlCacheBehavior [ RunTime:0.000350s ]
INFO: [ app_begin ] --END-- [ RunTime:0.000392s ]
SQL: SHOW COLUMNS FROM `onethink_config` [ RunTime:0.0018s ]
SQL: SELECT `type`,`name`,`value` FROM `onethink_config` WHERE `status` = 1  [ RunTime:0.0003s ]
SQL: SHOW COLUMNS FROM `onethink_ucenter_member` [ RunTime:0.0013s ]
SQL: SELECT * FROM `onethink_ucenter_member` WHERE ( id=2 ) LIMIT 1   [ RunTime:0.0002s ]

[ 2015-11-22T20:53:51+08:00 ] ::1 /onethink/index.php?s=/Home/Index/bill.html
INFO: [ app_init ] --START--
INFO: Run Behavior\BuildLiteBehavior [ RunTime:0.000011s ]
INFO: Run Common\Behavior\InitHookBehavior [ RunTime:0.000740s ]
INFO: [ app_init ] --END-- [ RunTime:0.001002s ]
INFO: [ app_begin ] --START--
INFO: Run Behavior\ReadHtmlCacheBehavior [ RunTime:0.000357s ]
INFO: [ app_begin ] --END-- [ RunTime:0.000406s ]
SQL: SHOW COLUMNS FROM `onethink_config` [ RunTime:0.0019s ]
SQL: SELECT `type`,`name`,`value` FROM `onethink_config` WHERE `status` = 1  [ RunTime:0.0003s ]
SQL: SHOW COLUMNS FROM `onethink_ucenter_member` [ RunTime:0.0011s ]
SQL: SELECT * FROM `onethink_ucenter_member` ORDER BY id desc LIMIT 10   [ RunTime:0.0007s ]
INFO: [ view_parse ] --START--
INFO: [ template_filter ] --START--
INFO: Run Behavior\ContentReplaceBehavior [ RunTime:0.000050s ]
INFO: [ template_filter ] --END-- [ RunTime:0.000098s ]
INFO: Run Behavior\ParseTemplateBehavior [ RunTime:0.007416s ]
INFO: [ view_parse ] --END-- [ RunTime:0.007494s ]
INFO: [ view_filter ] --START--
INFO: Run Behavior\WriteHtmlCacheBehavior [ RunTime:0.000115s ]
INFO: [ view_filter ] --END-- [ RunTime:0.000139s ]
INFO: [ app_end ] --START--
INFO: Run Behavior\ShowPageTraceBehavior [ RunTime:0.000564s ]
INFO: [ app_end ] --END-- [ RunTime:0.000616s ]

[ 2015-11-22T20:53:54+08:00 ] ::1 /onethink/index.php?s=/Home/Index/bill.html
INFO: [ app_init ] --START--
INFO: Run Behavior\BuildLiteBehavior [ RunTime:0.000008s ]
INFO: Run Common\Behavior\InitHookBehavior [ RunTime:0.000652s ]
INFO: [ app_init ] --END-- [ RunTime:0.000858s ]
INFO: [ app_begin ] --START--
INFO: Run Behavior\ReadHtmlCacheBehavior [ RunTime:0.000228s ]
INFO: [ app_begin ] --END-- [ RunTime:0.000256s ]
SQL: SHOW COLUMNS FROM `onethink_config` [ RunTime:0.0021s ]
SQL: SELECT `type`,`name`,`value` FROM `onethink_config` WHERE `status` = 1  [ RunTime:0.0004s ]
SQL: SHOW COLUMNS FROM `onethink_ucenter_member` [ RunTime:0.0012s ]
SQL: SELECT * FROM `onethink_ucenter_member` ORDER BY id desc LIMIT 10   [ RunTime:0.0004s ]
INFO: [ view_parse ] --START--
INFO: [ template_filter ] --START--
INFO: Run Behavior\ContentReplaceBehavior [ RunTime:0.000033s ]
INFO: [ template_filter ] --END-- [ RunTime:0.000066s ]
INFO: Run Behavior\ParseTemplateBehavior [ RunTime:0.004390s ]
INFO: [ view_parse ] --END-- [ RunTime:0.004424s ]
INFO: [ view_filter ] --START--
INFO: Run Behavior\WriteHtmlCacheBehavior [ RunTime:0.000099s ]
INFO: [ view_filter ] --END-- [ RunTime:0.000120s ]
INFO: [ app_end ] --START--
INFO: Run Behavior\ShowPageTraceBehavior [ RunTime:0.000273s ]
INFO: [ app_end ] --END-- [ RunTime:0.000298s ]

[ 2015-11-22T20:54:26+08:00 ] ::1 /onethink/index.php
INFO: [ app_init ] --START--
INFO: Run Behavior\BuildLiteBehavior [ RunTime:0.000017s ]
INFO: Run Common\Behavior\InitHookBehavior [ RunTime:0.000899s ]
INFO: [ app_init ] --END-- [ RunTime:0.001227s ]
INFO: [ app_begin ] --START--
INFO: Run Behavior\ReadHtmlCacheBehavior [ RunTime:0.000365s ]
INFO: [ app_begin ] --END-- [ RunTime:0.000415s ]
SQL: SHOW COLUMNS FROM `onethink_config` [ RunTime:0.0024s ]
SQL: SELECT `type`,`name`,`value` FROM `onethink_config` WHERE `status` = 1  [ RunTime:0.0003s ]
SQL: SHOW COLUMNS FROM `onethink_ucenter_member` [ RunTime:0.0022s ]
SQL: SELECT * FROM `onethink_ucenter_member` WHERE ( id=2 ) LIMIT 1   [ RunTime:0.0003s ]
SQL: SHOW COLUMNS FROM `onethink_message` [ RunTime:0.0012s ]
SQL: SELECT * FROM `onethink_message` WHERE `school` = '兰州交通大学' ORDER BY id desc LIMIT 15   [ RunTime:0.0003s ]
SQL: SELECT * FROM `onethink_ucenter_member` WHERE ( mobile=18693096095 ) LIMIT 1   [ RunTime:0.0002s ]
SQL: SELECT * FROM `onethink_ucenter_member` WHERE ( mobile=18693096095 ) LIMIT 1   [ RunTime:0.0003s ]
SQL: SELECT * FROM `onethink_ucenter_member` WHERE ( mobile=18693096095 ) LIMIT 1   [ RunTime:0.0002s ]
SQL: SELECT * FROM `onethink_ucenter_member` WHERE ( mobile=18693096095 ) LIMIT 1   [ RunTime:0.0002s ]
SQL: SELECT * FROM `onethink_ucenter_member` WHERE ( mobile=18693096095 ) LIMIT 1   [ RunTime:0.0003s ]
SQL: SELECT * FROM `onethink_ucenter_member` WHERE ( mobile=18693096095 ) LIMIT 1   [ RunTime:0.0003s ]
SQL: SELECT * FROM `onethink_ucenter_member` WHERE ( mobile=18693096095 ) LIMIT 1   [ RunTime:0.0002s ]
SQL: SELECT * FROM `onethink_ucenter_member` WHERE ( mobile=18693096095 ) LIMIT 1   [ RunTime:0.0002s ]
SQL: SELECT * FROM `onethink_ucenter_member` WHERE ( mobile=18693096095 ) LIMIT 1   [ RunTime:0.0003s ]
SQL: SELECT * FROM `onethink_ucenter_member` WHERE ( mobile=18693096095 ) LIMIT 1   [ RunTime:0.0003s ]
SQL: SELECT * FROM `onethink_ucenter_member` WHERE ( mobile=18693096095 ) LIMIT 1   [ RunTime:0.0003s ]
SQL: SELECT * FROM `onethink_ucenter_member` WHERE ( mobile=18693096095 ) LIMIT 1   [ RunTime:0.0003s ]
INFO: [ view_parse ] --START--
INFO: [ template_filter ] --START--
INFO: Run Behavior\ContentReplaceBehavior [ RunTime:0.000079s ]
INFO: [ template_filter ] --END-- [ RunTime:0.000123s ]
INFO: Run Behavior\ParseTemplateBehavior [ RunTime:0.013924s ]
INFO: [ view_parse ] --END-- [ RunTime:0.013997s ]
INFO: [ view_filter ] --START--
INFO: Run Behavior\WriteHtmlCacheBehavior [ RunTime:0.000104s ]
INFO: [ view_filter ] --END-- [ RunTime:0.000127s ]
INFO: [ app_end ] --START--
INFO: Run Behavior\ShowPageTraceBehavior [ RunTime:0.000436s ]
INFO: [ app_end ] --END-- [ RunTime:0.000480s ]

