[ 2016-08-24T01:38:10+08:00 ] 145.236.216.80 /index.php?s=/Home/Index/bill/id/89/address/f/times/12%E6%9C%8807%E6%97%A5%2021:25/time/1449494740/school/%E5%85%B0%E5%B7%9E%E4%BA%A4%E9%80%9A%E5%A4%A7%E5%AD%A6/content/f4/sum/3/mobile/15167872356.html
INFO: [ app_init ] --START--
INFO: Run Behavior\BuildLiteBehavior [ RunTime:0.000017s ]
INFO: Run Common\Behavior\InitHookBehavior [ RunTime:0.001182s ]
INFO: [ app_init ] --END-- [ RunTime:0.001532s ]
INFO: [ app_begin ] --START--
INFO: Run Behavior\ReadHtmlCacheBehavior [ RunTime:0.000416s ]
INFO: [ app_begin ] --END-- [ RunTime:0.000467s ]
SQL: SHOW COLUMNS FROM `onethink_config` [ RunTime:0.0010s ]
SQL: SELECT `type`,`name`,`value` FROM `onethink_config` WHERE `status` = 1  [ RunTime:0.0003s ]

[ 2016-08-24T01:38:14+08:00 ] 145.236.216.80 /index.php?s=/Home/Pay/got.html
INFO: [ app_init ] --START--
INFO: Run Behavior\BuildLiteBehavior [ RunTime:0.000017s ]
INFO: Run Common\Behavior\InitHookBehavior [ RunTime:0.001095s ]
INFO: [ app_init ] --END-- [ RunTime:0.001438s ]
INFO: [ app_begin ] --START--
INFO: Run Behavior\ReadHtmlCacheBehavior [ RunTime:0.000388s ]
INFO: [ app_begin ] --END-- [ RunTime:0.000440s ]
NOTIC: [8] A session had already been started - ignoring session_start() /alidata/www/onethink/Application/Home/Controller/PayController.class.php 第 11 行.
SQL: SHOW COLUMNS FROM `onethink_config` [ RunTime:0.0009s ]
SQL: SELECT `type`,`name`,`value` FROM `onethink_config` WHERE `status` = 1  [ RunTime:0.0003s ]
INFO: [ app_end ] --START--
INFO: Run Behavior\ShowPageTraceBehavior [ RunTime:0.000419s ]
INFO: [ app_end ] --END-- [ RunTime:0.000469s ]

[ 2016-08-24T01:38:20+08:00 ] 145.236.216.80 /index.php?s=/Home/Index/message/id/69/sex/%E7%94%B7%E7%94%9F/time/12%E6%9C%8804%E6%97%A5%2019:29/school/%E6%B9%96%E5%8D%97%E7%A7%91%E6%8A%80%E5%A4%A7%E5%AD%A6/username/%E8%A2%8B%E9%BC%A0/content/hello/mobile/18693096095.html
INFO: [ app_init ] --START--
INFO: Run Behavior\BuildLiteBehavior [ RunTime:0.000017s ]
INFO: Run Common\Behavior\InitHookBehavior [ RunTime:0.001078s ]
INFO: [ app_init ] --END-- [ RunTime:0.001419s ]
INFO: [ app_begin ] --START--
INFO: Run Behavior\ReadHtmlCacheBehavior [ RunTime:0.000385s ]
INFO: [ app_begin ] --END-- [ RunTime:0.000433s ]
SQL: SHOW COLUMNS FROM `onethink_config` [ RunTime:0.0009s ]
SQL: SELECT `type`,`name`,`value` FROM `onethink_config` WHERE `status` = 1  [ RunTime:0.0003s ]

[ 2016-08-24T01:38:23+08:00 ] 145.236.216.80 /index.php?s=/Home/Pay/got.html
INFO: [ app_init ] --START--
INFO: Run Behavior\BuildLiteBehavior [ RunTime:0.000022s ]
INFO: Run Common\Behavior\InitHookBehavior [ RunTime:0.001130s ]
INFO: [ app_init ] --END-- [ RunTime:0.001506s ]
INFO: [ app_begin ] --START--
INFO: Run Behavior\ReadHtmlCacheBehavior [ RunTime:0.000394s ]
INFO: [ app_begin ] --END-- [ RunTime:0.000444s ]
NOTIC: [8] A session had already been started - ignoring session_start() /alidata/www/onethink/Application/Home/Controller/PayController.class.php 第 11 行.
SQL: SHOW COLUMNS FROM `onethink_config` [ RunTime:0.0009s ]
SQL: SELECT `type`,`name`,`value` FROM `onethink_config` WHERE `status` = 1  [ RunTime:0.0003s ]
INFO: [ app_end ] --START--
INFO: Run Behavior\ShowPageTraceBehavior [ RunTime:0.000429s ]
INFO: [ app_end ] --END-- [ RunTime:0.000479s ]

[ 2016-08-24T01:38:28+08:00 ] 145.236.216.80 /index.php?s=/Home/Index/message/id/70/sex/%E7%94%B7%E7%94%9F/time/12%E6%9C%8804%E6%97%A5%2023:25/school/%E6%B9%96%E5%8D%97%E7%A7%91%E6%8A%80%E5%A4%A7%E5%AD%A6/username/%E8%A2%8B%E9%BC%A0/content/ce/mobile/18693096095.html
INFO: [ app_init ] --START--
INFO: Run Behavior\BuildLiteBehavior [ RunTime:0.000023s ]
INFO: Run Common\Behavior\InitHookBehavior [ RunTime:0.001162s ]
INFO: [ app_init ] --END-- [ RunTime:0.001532s ]
INFO: [ app_begin ] --START--
INFO: Run Behavior\ReadHtmlCacheBehavior [ RunTime:0.000458s ]
INFO: [ app_begin ] --END-- [ RunTime:0.000508s ]
SQL: SHOW COLUMNS FROM `onethink_config` [ RunTime:0.0009s ]
SQL: SELECT `type`,`name`,`value` FROM `onethink_config` WHERE `status` = 1  [ RunTime:0.0003s ]

[ 2016-08-24T01:38:31+08:00 ] 145.236.216.80 /index.php?s=/Home/Pay/got.html
INFO: [ app_init ] --START--
INFO: Run Behavior\BuildLiteBehavior [ RunTime:0.000017s ]
INFO: Run Common\Behavior\InitHookBehavior [ RunTime:0.001177s ]
INFO: [ app_init ] --END-- [ RunTime:0.001585s ]
INFO: [ app_begin ] --START--
INFO: Run Behavior\ReadHtmlCacheBehavior [ RunTime:0.000398s ]
INFO: [ app_begin ] --END-- [ RunTime:0.000448s ]
NOTIC: [8] A session had already been started - ignoring session_start() /alidata/www/onethink/Application/Home/Controller/PayController.class.php 第 11 行.
SQL: SHOW COLUMNS FROM `onethink_config` [ RunTime:0.0010s ]
SQL: SELECT `type`,`name`,`value` FROM `onethink_config` WHERE `status` = 1  [ RunTime:0.0008s ]
INFO: [ app_end ] --START--
INFO: Run Behavior\ShowPageTraceBehavior [ RunTime:0.000425s ]
INFO: [ app_end ] --END-- [ RunTime:0.000475s ]

[ 2016-08-24T01:38:40+08:00 ] 145.236.216.80 /index.php?s=/Home/Index/message/id/71/sex/%E7%94%B7%E7%94%9F/time/12%E6%9C%8804%E6%97%A5%2023:25/school/%E6%B9%96%E5%8D%97%E7%A7%91%E6%8A%80%E5%A4%A7%E5%AD%A6/username/%E8%A2%8B%E9%BC%A0/content/d/mobile/18693096095.html
INFO: [ app_init ] --START--
INFO: Run Behavior\BuildLiteBehavior [ RunTime:0.000024s ]
INFO: Run Common\Behavior\InitHookBehavior [ RunTime:0.001267s ]
INFO: [ app_init ] --END-- [ RunTime:0.001728s ]
INFO: [ app_begin ] --START--
INFO: Run Behavior\ReadHtmlCacheBehavior [ RunTime:0.000418s ]
INFO: [ app_begin ] --END-- [ RunTime:0.000476s ]
SQL: SHOW COLUMNS FROM `onethink_config` [ RunTime:0.0011s ]
SQL: SELECT `type`,`name`,`value` FROM `onethink_config` WHERE `status` = 1  [ RunTime:0.0005s ]

[ 2016-08-24T01:38:46+08:00 ] 145.236.216.80 /index.php?s=/Home/Pay/got.html
INFO: [ app_init ] --START--
INFO: Run Behavior\BuildLiteBehavior [ RunTime:0.000017s ]
INFO: Run Common\Behavior\InitHookBehavior [ RunTime:0.001088s ]
INFO: [ app_init ] --END-- [ RunTime:0.001431s ]
INFO: [ app_begin ] --START--
INFO: Run Behavior\ReadHtmlCacheBehavior [ RunTime:0.000383s ]
INFO: [ app_begin ] --END-- [ RunTime:0.000432s ]
NOTIC: [8] A session had already been started - ignoring session_start() /alidata/www/onethink/Application/Home/Controller/PayController.class.php 第 11 行.
SQL: SHOW COLUMNS FROM `onethink_config` [ RunTime:0.0009s ]
SQL: SELECT `type`,`name`,`value` FROM `onethink_config` WHERE `status` = 1  [ RunTime:0.0003s ]
INFO: [ app_end ] --START--
INFO: Run Behavior\ShowPageTraceBehavior [ RunTime:0.000428s ]
INFO: [ app_end ] --END-- [ RunTime:0.000478s ]

[ 2016-08-24T01:38:50+08:00 ] 145.236.216.80 /index.php?s=/Home/Index/message/id/75/sex/%E7%94%B7%E7%94%9F/time/12%E6%9C%8808%E6%97%A5%2013:17/school/%E5%85%B0%E5%B7%9E%E4%BA%A4%E9%80%9A%E5%A4%A7%E5%AD%A6/username/%E9%99%88%E8%83%A4%E5%85%83/content/Hah/mobile/18693096094.html
INFO: [ app_init ] --START--
INFO: Run Behavior\BuildLiteBehavior [ RunTime:0.000016s ]
INFO: Run Common\Behavior\InitHookBehavior [ RunTime:0.001088s ]
INFO: [ app_init ] --END-- [ RunTime:0.001433s ]
INFO: [ app_begin ] --START--
INFO: Run Behavior\ReadHtmlCacheBehavior [ RunTime:0.000380s ]
INFO: [ app_begin ] --END-- [ RunTime:0.000430s ]
SQL: SHOW COLUMNS FROM `onethink_config` [ RunTime:0.0010s ]
SQL: SELECT `type`,`name`,`value` FROM `onethink_config` WHERE `status` = 1  [ RunTime:0.0004s ]

[ 2016-08-24T01:38:53+08:00 ] 145.236.216.80 /index.php?s=/Home/Pay/got.html
INFO: [ app_init ] --START--
INFO: Run Behavior\BuildLiteBehavior [ RunTime:0.000017s ]
INFO: Run Common\Behavior\InitHookBehavior [ RunTime:0.001103s ]
INFO: [ app_init ] --END-- [ RunTime:0.001455s ]
INFO: [ app_begin ] --START--
INFO: Run Behavior\ReadHtmlCacheBehavior [ RunTime:0.000396s ]
INFO: [ app_begin ] --END-- [ RunTime:0.000445s ]
NOTIC: [8] A session had already been started - ignoring session_start() /alidata/www/onethink/Application/Home/Controller/PayController.class.php 第 11 行.
SQL: SHOW COLUMNS FROM `onethink_config` [ RunTime:0.0010s ]
SQL: SELECT `type`,`name`,`value` FROM `onethink_config` WHERE `status` = 1  [ RunTime:0.0004s ]
INFO: [ app_end ] --START--
INFO: Run Behavior\ShowPageTraceBehavior [ RunTime:0.000428s ]
INFO: [ app_end ] --END-- [ RunTime:0.000478s ]

[ 2016-08-24T01:38:56+08:00 ] 145.236.216.80 /index.php?s=/Home/Index/message/id/76/sex/%E7%94%B7%E7%94%9F/time/12%E6%9C%8808%E6%97%A5%2013:29/school/%E5%85%B0%E5%B7%9E%E4%BA%A4%E9%80%9A%E5%A4%A7%E5%AD%A6/username/%E9%99%88%E8%83%A4%E5%85%83/content/Hh/mobile/18693096094.html
INFO: [ app_init ] --START--
INFO: Run Behavior\BuildLiteBehavior [ RunTime:0.000016s ]
INFO: Run Common\Behavior\InitHookBehavior [ RunTime:0.001085s ]
INFO: [ app_init ] --END-- [ RunTime:0.001436s ]
INFO: [ app_begin ] --START--
INFO: Run Behavior\ReadHtmlCacheBehavior [ RunTime:0.000387s ]
INFO: [ app_begin ] --END-- [ RunTime:0.000436s ]
SQL: SHOW COLUMNS FROM `onethink_config` [ RunTime:0.0010s ]
SQL: SELECT `type`,`name`,`value` FROM `onethink_config` WHERE `status` = 1  [ RunTime:0.0004s ]

[ 2016-08-24T01:38:59+08:00 ] 145.236.216.80 /index.php?s=/Home/Pay/got.html
INFO: [ app_init ] --START--
INFO: Run Behavior\BuildLiteBehavior [ RunTime:0.000017s ]
INFO: Run Common\Behavior\InitHookBehavior [ RunTime:0.001154s ]
INFO: [ app_init ] --END-- [ RunTime:0.001515s ]
INFO: [ app_begin ] --START--
INFO: Run Behavior\ReadHtmlCacheBehavior [ RunTime:0.000381s ]
INFO: [ app_begin ] --END-- [ RunTime:0.000430s ]
NOTIC: [8] A session had already been started - ignoring session_start() /alidata/www/onethink/Application/Home/Controller/PayController.class.php 第 11 行.
SQL: SHOW COLUMNS FROM `onethink_config` [ RunTime:0.0010s ]
SQL: SELECT `type`,`name`,`value` FROM `onethink_config` WHERE `status` = 1  [ RunTime:0.0003s ]
INFO: [ app_end ] --START--
INFO: Run Behavior\ShowPageTraceBehavior [ RunTime:0.000439s ]
INFO: [ app_end ] --END-- [ RunTime:0.000489s ]

[ 2016-08-24T02:17:21+08:00 ] 66.249.73.172 /index.php?s=/Home/User/logout.html
INFO: [ app_init ] --START--
INFO: Run Behavior\BuildLiteBehavior [ RunTime:0.000019s ]
INFO: Run Common\Behavior\InitHookBehavior [ RunTime:0.001119s ]
INFO: [ app_init ] --END-- [ RunTime:0.001534s ]
INFO: [ app_begin ] --START--
INFO: Run Behavior\ReadHtmlCacheBehavior [ RunTime:0.000390s ]
INFO: [ app_begin ] --END-- [ RunTime:0.000448s ]

[ 2016-08-24T06:27:21+08:00 ] 42.156.251.185 /
INFO: [ app_init ] --START--
INFO: Run Behavior\BuildLiteBehavior [ RunTime:0.000019s ]
INFO: Run Common\Behavior\InitHookBehavior [ RunTime:0.001138s ]
INFO: [ app_init ] --END-- [ RunTime:0.001496s ]
INFO: [ app_begin ] --START--
INFO: Run Behavior\ReadHtmlCacheBehavior [ RunTime:0.000393s ]
INFO: [ app_begin ] --END-- [ RunTime:0.000444s ]
SQL: SHOW COLUMNS FROM `onethink_config` [ RunTime:0.0009s ]
SQL: SELECT `type`,`name`,`value` FROM `onethink_config` WHERE `status` = 1  [ RunTime:0.0005s ]
SQL: SHOW COLUMNS FROM `onethink_bill` [ RunTime:0.0008s ]
SQL: SHOW COLUMNS FROM `onethink_ucenter_member` [ RunTime:0.0008s ]
SQL: SELECT * FROM `onethink_bill` WHERE `status` > 0 ORDER BY time desc LIMIT 50   [ RunTime:0.0004s ]
SQL: SELECT * FROM `onethink_ucenter_member` WHERE ( mobile=13875296136 ) LIMIT 1   [ RunTime:0.0003s ]
SQL: SELECT * FROM `onethink_ucenter_member` WHERE ( mobile=13875296136 ) LIMIT 1   [ RunTime:0.0003s ]
SQL: SELECT * FROM `onethink_ucenter_member` WHERE ( mobile=13875296136 ) LIMIT 1   [ RunTime:0.0003s ]
SQL: SELECT * FROM `onethink_ucenter_member` WHERE ( mobile=15273286058 ) LIMIT 1   [ RunTime:0.0002s ]
SQL: SELECT * FROM `onethink_ucenter_member` WHERE ( mobile=15273286058 ) LIMIT 1   [ RunTime:0.0002s ]
SQL: SELECT * FROM `onethink_ucenter_member` WHERE ( mobile=15273286058 ) LIMIT 1   [ RunTime:0.0002s ]
SQL: SELECT * FROM `onethink_ucenter_member` WHERE ( mobile=15197263322 ) LIMIT 1   [ RunTime:0.0002s ]
SQL: SELECT * FROM `onethink_ucenter_member` WHERE ( mobile=15200341770 ) LIMIT 1   [ RunTime:0.0002s ]
SQL: SELECT * FROM `onethink_ucenter_member` WHERE ( mobile=15200341770 ) LIMIT 1   [ RunTime:0.0002s ]
SQL: SELECT * FROM `onethink_ucenter_member` WHERE ( mobile=15273286058 ) LIMIT 1   [ RunTime:0.0002s ]
SQL: SELECT * FROM `onethink_ucenter_member` WHERE ( mobile=15273286058 ) LIMIT 1   [ RunTime:0.0002s ]
SQL: SELECT * FROM `onethink_ucenter_member` WHERE ( mobile=15273286058 ) LIMIT 1   [ RunTime:0.0002s ]
SQL: SELECT * FROM `onethink_ucenter_member` WHERE ( mobile=15273286058 ) LIMIT 1   [ RunTime:0.0002s ]
INFO: [ view_parse ] --START--
INFO: [ template_filter ] --START--
INFO: Run Behavior\ContentReplaceBehavior [ RunTime:0.000082s ]
INFO: [ template_filter ] --END-- [ RunTime:0.000139s ]
NOTIC: [8] Undefined index: status  /alidata/www/onethink/Runtime/Cache/Home/769e70f2e46f34ceb60619bbda5e4691.php 第 344 行.
NOTIC: [8] Undefined index: status  /alidata/www/onethink/Runtime/Cache/Home/769e70f2e46f34ceb60619bbda5e4691.php 第 344 行.
NOTIC: [8] Undefined index: status  /alidata/www/onethink/Runtime/Cache/Home/769e70f2e46f34ceb60619bbda5e4691.php 第 344 行.
NOTIC: [8] Undefined index: status  /alidata/www/onethink/Runtime/Cache/Home/769e70f2e46f34ceb60619bbda5e4691.php 第 344 行.
INFO: Run Behavior\ParseTemplateBehavior [ RunTime:0.014556s ]
INFO: [ view_parse ] --END-- [ RunTime:0.014606s ]
INFO: [ view_filter ] --START--
INFO: Run Behavior\WriteHtmlCacheBehavior [ RunTime:0.000146s ]
INFO: [ view_filter ] --END-- [ RunTime:0.000187s ]
INFO: [ app_end ] --START--
INFO: Run Behavior\ShowPageTraceBehavior [ RunTime:0.000827s ]
INFO: [ app_end ] --END-- [ RunTime:0.000879s ]

[ 2016-08-24T06:30:42+08:00 ] 42.156.251.185 /
INFO: [ app_init ] --START--
INFO: Run Behavior\BuildLiteBehavior [ RunTime:0.000021s ]
INFO: Run Common\Behavior\InitHookBehavior [ RunTime:0.001148s ]
INFO: [ app_init ] --END-- [ RunTime:0.001556s ]
INFO: [ app_begin ] --START--
INFO: Run Behavior\ReadHtmlCacheBehavior [ RunTime:0.000404s ]
INFO: [ app_begin ] --END-- [ RunTime:0.000453s ]
SQL: SHOW COLUMNS FROM `onethink_config` [ RunTime:0.0009s ]
SQL: SELECT `type`,`name`,`value` FROM `onethink_config` WHERE `status` = 1  [ RunTime:0.0003s ]
SQL: SHOW COLUMNS FROM `onethink_bill` [ RunTime:0.0007s ]
SQL: SHOW COLUMNS FROM `onethink_ucenter_member` [ RunTime:0.0008s ]
SQL: SELECT * FROM `onethink_bill` WHERE `status` > 0 ORDER BY time desc LIMIT 50   [ RunTime:0.0004s ]
SQL: SELECT * FROM `onethink_ucenter_member` WHERE ( mobile=13875296136 ) LIMIT 1   [ RunTime:0.0003s ]
SQL: SELECT * FROM `onethink_ucenter_member` WHERE ( mobile=13875296136 ) LIMIT 1   [ RunTime:0.0003s ]
SQL: SELECT * FROM `onethink_ucenter_member` WHERE ( mobile=13875296136 ) LIMIT 1   [ RunTime:0.0003s ]
SQL: SELECT * FROM `onethink_ucenter_member` WHERE ( mobile=15273286058 ) LIMIT 1   [ RunTime:0.0002s ]
SQL: SELECT * FROM `onethink_ucenter_member` WHERE ( mobile=15273286058 ) LIMIT 1   [ RunTime:0.0003s ]
SQL: SELECT * FROM `onethink_ucenter_member` WHERE ( mobile=15273286058 ) LIMIT 1   [ RunTime:0.0002s ]
SQL: SELECT * FROM `onethink_ucenter_member` WHERE ( mobile=15197263322 ) LIMIT 1   [ RunTime:0.0002s ]
SQL: SELECT * FROM `onethink_ucenter_member` WHERE ( mobile=15200341770 ) LIMIT 1   [ RunTime:0.0002s ]
SQL: SELECT * FROM `onethink_ucenter_member` WHERE ( mobile=15200341770 ) LIMIT 1   [ RunTime:0.0002s ]
SQL: SELECT * FROM `onethink_ucenter_member` WHERE ( mobile=15273286058 ) LIMIT 1   [ RunTime:0.0002s ]
SQL: SELECT * FROM `onethink_ucenter_member` WHERE ( mobile=15273286058 ) LIMIT 1   [ RunTime:0.0003s ]
SQL: SELECT * FROM `onethink_ucenter_member` WHERE ( mobile=15273286058 ) LIMIT 1   [ RunTime:0.0002s ]
SQL: SELECT * FROM `onethink_ucenter_member` WHERE ( mobile=15273286058 ) LIMIT 1   [ RunTime:0.0002s ]
INFO: [ view_parse ] --START--
INFO: [ template_filter ] --START--
INFO: Run Behavior\ContentReplaceBehavior [ RunTime:0.000086s ]
INFO: [ template_filter ] --END-- [ RunTime:0.000150s ]
NOTIC: [8] Undefined index: status  /alidata/www/onethink/Runtime/Cache/Home/769e70f2e46f34ceb60619bbda5e4691.php 第 344 行.
NOTIC: [8] Undefined index: status  /alidata/www/onethink/Runtime/Cache/Home/769e70f2e46f34ceb60619bbda5e4691.php 第 344 行.
NOTIC: [8] Undefined index: status  /alidata/www/onethink/Runtime/Cache/Home/769e70f2e46f34ceb60619bbda5e4691.php 第 344 行.
NOTIC: [8] Undefined index: status  /alidata/www/onethink/Runtime/Cache/Home/769e70f2e46f34ceb60619bbda5e4691.php 第 344 行.
INFO: Run Behavior\ParseTemplateBehavior [ RunTime:0.014855s ]
INFO: [ view_parse ] --END-- [ RunTime:0.014902s ]
INFO: [ view_filter ] --START--
INFO: Run Behavior\WriteHtmlCacheBehavior [ RunTime:0.000148s ]
INFO: [ view_filter ] --END-- [ RunTime:0.000189s ]
INFO: [ app_end ] --START--
INFO: Run Behavior\ShowPageTraceBehavior [ RunTime:0.000430s ]
INFO: [ app_end ] --END-- [ RunTime:0.000479s ]

[ 2016-08-24T06:30:43+08:00 ] 42.156.251.185 /
INFO: [ app_init ] --START--
INFO: Run Behavior\BuildLiteBehavior [ RunTime:0.000018s ]
INFO: Run Common\Behavior\InitHookBehavior [ RunTime:0.001149s ]
INFO: [ app_init ] --END-- [ RunTime:0.001507s ]
INFO: [ app_begin ] --START--
INFO: Run Behavior\ReadHtmlCacheBehavior [ RunTime:0.000662s ]
INFO: [ app_begin ] --END-- [ RunTime:0.000744s ]
SQL: SHOW COLUMNS FROM `onethink_config` [ RunTime:0.0010s ]
SQL: SELECT `type`,`name`,`value` FROM `onethink_config` WHERE `status` = 1  [ RunTime:0.0003s ]
SQL: SHOW COLUMNS FROM `onethink_bill` [ RunTime:0.0008s ]
SQL: SHOW COLUMNS FROM `onethink_ucenter_member` [ RunTime:0.0012s ]
SQL: SELECT * FROM `onethink_bill` WHERE `status` > 0 ORDER BY time desc LIMIT 50   [ RunTime:0.0005s ]
SQL: SELECT * FROM `onethink_ucenter_member` WHERE ( mobile=13875296136 ) LIMIT 1   [ RunTime:0.0003s ]
SQL: SELECT * FROM `onethink_ucenter_member` WHERE ( mobile=13875296136 ) LIMIT 1   [ RunTime:0.0003s ]
SQL: SELECT * FROM `onethink_ucenter_member` WHERE ( mobile=13875296136 ) LIMIT 1   [ RunTime:0.0003s ]
SQL: SELECT * FROM `onethink_ucenter_member` WHERE ( mobile=15273286058 ) LIMIT 1   [ RunTime:0.0002s ]
SQL: SELECT * FROM `onethink_ucenter_member` WHERE ( mobile=15273286058 ) LIMIT 1   [ RunTime:0.0002s ]
SQL: SELECT * FROM `onethink_ucenter_member` WHERE ( mobile=15273286058 ) LIMIT 1   [ RunTime:0.0002s ]
SQL: SELECT * FROM `onethink_ucenter_member` WHERE ( mobile=15197263322 ) LIMIT 1   [ RunTime:0.0003s ]
SQL: SELECT * FROM `onethink_ucenter_member` WHERE ( mobile=15200341770 ) LIMIT 1   [ RunTime:0.0002s ]
SQL: SELECT * FROM `onethink_ucenter_member` WHERE ( mobile=15200341770 ) LIMIT 1   [ RunTime:0.0003s ]
SQL: SELECT * FROM `onethink_ucenter_member` WHERE ( mobile=15273286058 ) LIMIT 1   [ RunTime:0.0002s ]
SQL: SELECT * FROM `onethink_ucenter_member` WHERE ( mobile=15273286058 ) LIMIT 1   [ RunTime:0.0004s ]
SQL: SELECT * FROM `onethink_ucenter_member` WHERE ( mobile=15273286058 ) LIMIT 1   [ RunTime:0.0002s ]
SQL: SELECT * FROM `onethink_ucenter_member` WHERE ( mobile=15273286058 ) LIMIT 1   [ RunTime:0.0003s ]
INFO: [ view_parse ] --START--
INFO: [ template_filter ] --START--
INFO: Run Behavior\ContentReplaceBehavior [ RunTime:0.000108s ]
INFO: [ template_filter ] --END-- [ RunTime:0.000170s ]
NOTIC: [8] Undefined index: status  /alidata/www/onethink/Runtime/Cache/Home/769e70f2e46f34ceb60619bbda5e4691.php 第 344 行.
NOTIC: [8] Undefined index: status  /alidata/www/onethink/Runtime/Cache/Home/769e70f2e46f34ceb60619bbda5e4691.php 第 344 行.
NOTIC: [8] Undefined index: status  /alidata/www/onethink/Runtime/Cache/Home/769e70f2e46f34ceb60619bbda5e4691.php 第 344 行.
NOTIC: [8] Undefined index: status  /alidata/www/onethink/Runtime/Cache/Home/769e70f2e46f34ceb60619bbda5e4691.php 第 344 行.
INFO: Run Behavior\ParseTemplateBehavior [ RunTime:0.015269s ]
INFO: [ view_parse ] --END-- [ RunTime:0.015316s ]
INFO: [ view_filter ] --START--
INFO: Run Behavior\WriteHtmlCacheBehavior [ RunTime:0.000194s ]
INFO: [ view_filter ] --END-- [ RunTime:0.000246s ]
INFO: [ app_end ] --START--
INFO: Run Behavior\ShowPageTraceBehavior [ RunTime:0.000428s ]
INFO: [ app_end ] --END-- [ RunTime:0.000490s ]

[ 2016-08-24T12:59:58+08:00 ] 211.99.132.172 /
INFO: [ app_init ] --START--
INFO: Run Behavior\BuildLiteBehavior [ RunTime:0.000016s ]
INFO: Run Common\Behavior\InitHookBehavior [ RunTime:0.001181s ]
INFO: [ app_init ] --END-- [ RunTime:0.001574s ]
INFO: [ app_begin ] --START--
INFO: Run Behavior\ReadHtmlCacheBehavior [ RunTime:0.000391s ]
INFO: [ app_begin ] --END-- [ RunTime:0.000441s ]
SQL: SHOW COLUMNS FROM `onethink_config` [ RunTime:0.0010s ]
SQL: SELECT `type`,`name`,`value` FROM `onethink_config` WHERE `status` = 1  [ RunTime:0.0003s ]
SQL: SHOW COLUMNS FROM `onethink_bill` [ RunTime:0.0007s ]
SQL: SHOW COLUMNS FROM `onethink_ucenter_member` [ RunTime:0.0008s ]
SQL: SELECT * FROM `onethink_bill` WHERE `status` > 0 ORDER BY time desc LIMIT 50   [ RunTime:0.0005s ]
SQL: SELECT * FROM `onethink_ucenter_member` WHERE ( mobile=13875296136 ) LIMIT 1   [ RunTime:0.0003s ]
SQL: SELECT * FROM `onethink_ucenter_member` WHERE ( mobile=13875296136 ) LIMIT 1   [ RunTime:0.0003s ]
SQL: SELECT * FROM `onethink_ucenter_member` WHERE ( mobile=13875296136 ) LIMIT 1   [ RunTime:0.0003s ]
SQL: SELECT * FROM `onethink_ucenter_member` WHERE ( mobile=15273286058 ) LIMIT 1   [ RunTime:0.0002s ]
SQL: SELECT * FROM `onethink_ucenter_member` WHERE ( mobile=15273286058 ) LIMIT 1   [ RunTime:0.0003s ]
SQL: SELECT * FROM `onethink_ucenter_member` WHERE ( mobile=15273286058 ) LIMIT 1   [ RunTime:0.0002s ]
SQL: SELECT * FROM `onethink_ucenter_member` WHERE ( mobile=15197263322 ) LIMIT 1   [ RunTime:0.0003s ]
SQL: SELECT * FROM `onethink_ucenter_member` WHERE ( mobile=15200341770 ) LIMIT 1   [ RunTime:0.0004s ]
SQL: SELECT * FROM `onethink_ucenter_member` WHERE ( mobile=15200341770 ) LIMIT 1   [ RunTime:0.0003s ]
SQL: SELECT * FROM `onethink_ucenter_member` WHERE ( mobile=15273286058 ) LIMIT 1   [ RunTime:0.0003s ]
SQL: SELECT * FROM `onethink_ucenter_member` WHERE ( mobile=15273286058 ) LIMIT 1   [ RunTime:0.0003s ]
SQL: SELECT * FROM `onethink_ucenter_member` WHERE ( mobile=15273286058 ) LIMIT 1   [ RunTime:0.0003s ]
SQL: SELECT * FROM `onethink_ucenter_member` WHERE ( mobile=15273286058 ) LIMIT 1   [ RunTime:0.0002s ]
INFO: [ view_parse ] --START--
INFO: [ template_filter ] --START--
INFO: Run Behavior\ContentReplaceBehavior [ RunTime:0.000103s ]
INFO: [ template_filter ] --END-- [ RunTime:0.000198s ]
NOTIC: [8] Undefined index: status  /alidata/www/onethink/Runtime/Cache/Home/769e70f2e46f34ceb60619bbda5e4691.php 第 344 行.
NOTIC: [8] Undefined index: status  /alidata/www/onethink/Runtime/Cache/Home/769e70f2e46f34ceb60619bbda5e4691.php 第 344 行.
NOTIC: [8] Undefined index: status  /alidata/www/onethink/Runtime/Cache/Home/769e70f2e46f34ceb60619bbda5e4691.php 第 344 行.
NOTIC: [8] Undefined index: status  /alidata/www/onethink/Runtime/Cache/Home/769e70f2e46f34ceb60619bbda5e4691.php 第 344 行.
INFO: Run Behavior\ParseTemplateBehavior [ RunTime:0.016091s ]
INFO: [ view_parse ] --END-- [ RunTime:0.016145s ]
INFO: [ view_filter ] --START--
INFO: Run Behavior\WriteHtmlCacheBehavior [ RunTime:0.000598s ]
INFO: [ view_filter ] --END-- [ RunTime:0.000660s ]
INFO: [ app_end ] --START--
INFO: Run Behavior\ShowPageTraceBehavior [ RunTime:0.000562s ]
INFO: [ app_end ] --END-- [ RunTime:0.000621s ]

[ 2016-08-24T13:09:02+08:00 ] 203.208.60.169 /
INFO: [ app_init ] --START--
INFO: Run Behavior\BuildLiteBehavior [ RunTime:0.000016s ]
INFO: Run Common\Behavior\InitHookBehavior [ RunTime:0.001122s ]
INFO: [ app_init ] --END-- [ RunTime:0.001466s ]
INFO: [ app_begin ] --START--
INFO: Run Behavior\ReadHtmlCacheBehavior [ RunTime:0.000387s ]
INFO: [ app_begin ] --END-- [ RunTime:0.000436s ]
SQL: SHOW COLUMNS FROM `onethink_config` [ RunTime:0.0009s ]
SQL: SELECT `type`,`name`,`value` FROM `onethink_config` WHERE `status` = 1  [ RunTime:0.0003s ]
SQL: SHOW COLUMNS FROM `onethink_bill` [ RunTime:0.0007s ]
SQL: SHOW COLUMNS FROM `onethink_ucenter_member` [ RunTime:0.0008s ]
SQL: SELECT * FROM `onethink_bill` WHERE `status` > 0 ORDER BY time desc LIMIT 50   [ RunTime:0.0004s ]
SQL: SELECT * FROM `onethink_ucenter_member` WHERE ( mobile=13875296136 ) LIMIT 1   [ RunTime:0.0003s ]
SQL: SELECT * FROM `onethink_ucenter_member` WHERE ( mobile=13875296136 ) LIMIT 1   [ RunTime:0.0003s ]
SQL: SELECT * FROM `onethink_ucenter_member` WHERE ( mobile=13875296136 ) LIMIT 1   [ RunTime:0.0003s ]
SQL: SELECT * FROM `onethink_ucenter_member` WHERE ( mobile=15273286058 ) LIMIT 1   [ RunTime:0.0002s ]
SQL: SELECT * FROM `onethink_ucenter_member` WHERE ( mobile=15273286058 ) LIMIT 1   [ RunTime:0.0002s ]
SQL: SELECT * FROM `onethink_ucenter_member` WHERE ( mobile=15273286058 ) LIMIT 1   [ RunTime:0.0003s ]
SQL: SELECT * FROM `onethink_ucenter_member` WHERE ( mobile=15197263322 ) LIMIT 1   [ RunTime:0.0002s ]
SQL: SELECT * FROM `onethink_ucenter_member` WHERE ( mobile=15200341770 ) LIMIT 1   [ RunTime:0.0003s ]
SQL: SELECT * FROM `onethink_ucenter_member` WHERE ( mobile=15200341770 ) LIMIT 1   [ RunTime:0.0002s ]
SQL: SELECT * FROM `onethink_ucenter_member` WHERE ( mobile=15273286058 ) LIMIT 1   [ RunTime:0.0002s ]
SQL: SELECT * FROM `onethink_ucenter_member` WHERE ( mobile=15273286058 ) LIMIT 1   [ RunTime:0.0002s ]
SQL: SELECT * FROM `onethink_ucenter_member` WHERE ( mobile=15273286058 ) LIMIT 1   [ RunTime:0.0002s ]
SQL: SELECT * FROM `onethink_ucenter_member` WHERE ( mobile=15273286058 ) LIMIT 1   [ RunTime:0.0002s ]
INFO: [ view_parse ] --START--
INFO: [ template_filter ] --START--
INFO: Run Behavior\ContentReplaceBehavior [ RunTime:0.000076s ]
INFO: [ template_filter ] --END-- [ RunTime:0.000127s ]
NOTIC: [8] Undefined index: status  /alidata/www/onethink/Runtime/Cache/Home/769e70f2e46f34ceb60619bbda5e4691.php 第 344 行.
NOTIC: [8] Undefined index: status  /alidata/www/onethink/Runtime/Cache/Home/769e70f2e46f34ceb60619bbda5e4691.php 第 344 行.
NOTIC: [8] Undefined index: status  /alidata/www/onethink/Runtime/Cache/Home/769e70f2e46f34ceb60619bbda5e4691.php 第 344 行.
NOTIC: [8] Undefined index: status  /alidata/www/onethink/Runtime/Cache/Home/769e70f2e46f34ceb60619bbda5e4691.php 第 344 行.
INFO: Run Behavior\ParseTemplateBehavior [ RunTime:0.014659s ]
INFO: [ view_parse ] --END-- [ RunTime:0.014704s ]
INFO: [ view_filter ] --START--
INFO: Run Behavior\WriteHtmlCacheBehavior [ RunTime:0.000135s ]
INFO: [ view_filter ] --END-- [ RunTime:0.000176s ]
INFO: [ app_end ] --START--
INFO: Run Behavior\ShowPageTraceBehavior [ RunTime:0.000420s ]
INFO: [ app_end ] --END-- [ RunTime:0.000468s ]

[ 2016-08-24T13:25:05+08:00 ] 203.208.60.171 /
INFO: [ app_init ] --START--
INFO: Run Behavior\BuildLiteBehavior [ RunTime:0.000016s ]
INFO: Run Common\Behavior\InitHookBehavior [ RunTime:0.001173s ]
INFO: [ app_init ] --END-- [ RunTime:0.001528s ]
INFO: [ app_begin ] --START--
INFO: Run Behavior\ReadHtmlCacheBehavior [ RunTime:0.000379s ]
INFO: [ app_begin ] --END-- [ RunTime:0.000428s ]
SQL: SHOW COLUMNS FROM `onethink_config` [ RunTime:0.0010s ]
SQL: SELECT `type`,`name`,`value` FROM `onethink_config` WHERE `status` = 1  [ RunTime:0.0003s ]
SQL: SHOW COLUMNS FROM `onethink_bill` [ RunTime:0.0007s ]
SQL: SHOW COLUMNS FROM `onethink_ucenter_member` [ RunTime:0.0008s ]
SQL: SELECT * FROM `onethink_bill` WHERE `status` > 0 ORDER BY time desc LIMIT 50   [ RunTime:0.0005s ]
SQL: SELECT * FROM `onethink_ucenter_member` WHERE ( mobile=13875296136 ) LIMIT 1   [ RunTime:0.0003s ]
SQL: SELECT * FROM `onethink_ucenter_member` WHERE ( mobile=13875296136 ) LIMIT 1   [ RunTime:0.0003s ]
SQL: SELECT * FROM `onethink_ucenter_member` WHERE ( mobile=13875296136 ) LIMIT 1   [ RunTime:0.0003s ]
SQL: SELECT * FROM `onethink_ucenter_member` WHERE ( mobile=15273286058 ) LIMIT 1   [ RunTime:0.0002s ]
SQL: SELECT * FROM `onethink_ucenter_member` WHERE ( mobile=15273286058 ) LIMIT 1   [ RunTime:0.0003s ]
SQL: SELECT * FROM `onethink_ucenter_member` WHERE ( mobile=15273286058 ) LIMIT 1   [ RunTime:0.0002s ]
SQL: SELECT * FROM `onethink_ucenter_member` WHERE ( mobile=15197263322 ) LIMIT 1   [ RunTime:0.0003s ]
SQL: SELECT * FROM `onethink_ucenter_member` WHERE ( mobile=15200341770 ) LIMIT 1   [ RunTime:0.0003s ]
SQL: SELECT * FROM `onethink_ucenter_member` WHERE ( mobile=15200341770 ) LIMIT 1   [ RunTime:0.0002s ]
SQL: SELECT * FROM `onethink_ucenter_member` WHERE ( mobile=15273286058 ) LIMIT 1   [ RunTime:0.0002s ]
SQL: SELECT * FROM `onethink_ucenter_member` WHERE ( mobile=15273286058 ) LIMIT 1   [ RunTime:0.0002s ]
SQL: SELECT * FROM `onethink_ucenter_member` WHERE ( mobile=15273286058 ) LIMIT 1   [ RunTime:0.0002s ]
SQL: SELECT * FROM `onethink_ucenter_member` WHERE ( mobile=15273286058 ) LIMIT 1   [ RunTime:0.0002s ]
INFO: [ view_parse ] --START--
INFO: [ template_filter ] --START--
INFO: Run Behavior\ContentReplaceBehavior [ RunTime:0.000089s ]
INFO: [ template_filter ] --END-- [ RunTime:0.000162s ]
NOTIC: [8] Undefined index: status  /alidata/www/onethink/Runtime/Cache/Home/769e70f2e46f34ceb60619bbda5e4691.php 第 344 行.
NOTIC: [8] Undefined index: status  /alidata/www/onethink/Runtime/Cache/Home/769e70f2e46f34ceb60619bbda5e4691.php 第 344 行.
NOTIC: [8] Undefined index: status  /alidata/www/onethink/Runtime/Cache/Home/769e70f2e46f34ceb60619bbda5e4691.php 第 344 行.
NOTIC: [8] Undefined index: status  /alidata/www/onethink/Runtime/Cache/Home/769e70f2e46f34ceb60619bbda5e4691.php 第 344 行.
INFO: Run Behavior\ParseTemplateBehavior [ RunTime:0.015337s ]
INFO: [ view_parse ] --END-- [ RunTime:0.015383s ]
INFO: [ view_filter ] --START--
INFO: Run Behavior\WriteHtmlCacheBehavior [ RunTime:0.000158s ]
INFO: [ view_filter ] --END-- [ RunTime:0.000199s ]
INFO: [ app_end ] --START--
INFO: Run Behavior\ShowPageTraceBehavior [ RunTime:0.000505s ]
INFO: [ app_end ] --END-- [ RunTime:0.000556s ]

[ 2016-08-24T16:52:18+08:00 ] 157.55.39.127 /
INFO: [ app_init ] --START--
INFO: Run Behavior\BuildLiteBehavior [ RunTime:0.000020s ]
INFO: Run Common\Behavior\InitHookBehavior [ RunTime:0.001226s ]
INFO: [ app_init ] --END-- [ RunTime:0.001740s ]
INFO: [ app_begin ] --START--
INFO: Run Behavior\ReadHtmlCacheBehavior [ RunTime:0.000460s ]
INFO: [ app_begin ] --END-- [ RunTime:0.000510s ]
SQL: SHOW COLUMNS FROM `onethink_config` [ RunTime:0.0010s ]
SQL: SELECT `type`,`name`,`value` FROM `onethink_config` WHERE `status` = 1  [ RunTime:0.0003s ]
SQL: SHOW COLUMNS FROM `onethink_bill` [ RunTime:0.0008s ]
SQL: SHOW COLUMNS FROM `onethink_ucenter_member` [ RunTime:0.0008s ]
SQL: SELECT * FROM `onethink_bill` WHERE `status` > 0 ORDER BY time desc LIMIT 50   [ RunTime:0.0004s ]
SQL: SELECT * FROM `onethink_ucenter_member` WHERE ( mobile=13875296136 ) LIMIT 1   [ RunTime:0.0003s ]
SQL: SELECT * FROM `onethink_ucenter_member` WHERE ( mobile=13875296136 ) LIMIT 1   [ RunTime:0.0007s ]
SQL: SELECT * FROM `onethink_ucenter_member` WHERE ( mobile=13875296136 ) LIMIT 1   [ RunTime:0.0005s ]
SQL: SELECT * FROM `onethink_ucenter_member` WHERE ( mobile=15273286058 ) LIMIT 1   [ RunTime:0.0003s ]
SQL: SELECT * FROM `onethink_ucenter_member` WHERE ( mobile=15273286058 ) LIMIT 1   [ RunTime:0.0003s ]
SQL: SELECT * FROM `onethink_ucenter_member` WHERE ( mobile=15273286058 ) LIMIT 1   [ RunTime:0.0003s ]
SQL: SELECT * FROM `onethink_ucenter_member` WHERE ( mobile=15197263322 ) LIMIT 1   [ RunTime:0.0003s ]
SQL: SELECT * FROM `onethink_ucenter_member` WHERE ( mobile=15200341770 ) LIMIT 1   [ RunTime:0.0003s ]
SQL: SELECT * FROM `onethink_ucenter_member` WHERE ( mobile=15200341770 ) LIMIT 1   [ RunTime:0.0004s ]
SQL: SELECT * FROM `onethink_ucenter_member` WHERE ( mobile=15273286058 ) LIMIT 1   [ RunTime:0.0003s ]
SQL: SELECT * FROM `onethink_ucenter_member` WHERE ( mobile=15273286058 ) LIMIT 1   [ RunTime:0.0003s ]
SQL: SELECT * FROM `onethink_ucenter_member` WHERE ( mobile=15273286058 ) LIMIT 1   [ RunTime:0.0002s ]
SQL: SELECT * FROM `onethink_ucenter_member` WHERE ( mobile=15273286058 ) LIMIT 1   [ RunTime:0.0002s ]
INFO: [ view_parse ] --START--
INFO: [ template_filter ] --START--
INFO: Run Behavior\ContentReplaceBehavior [ RunTime:0.000083s ]
INFO: [ template_filter ] --END-- [ RunTime:0.000148s ]
NOTIC: [8] Undefined index: status  /alidata/www/onethink/Runtime/Cache/Home/769e70f2e46f34ceb60619bbda5e4691.php 第 344 行.
NOTIC: [8] Undefined index: status  /alidata/www/onethink/Runtime/Cache/Home/769e70f2e46f34ceb60619bbda5e4691.php 第 344 行.
NOTIC: [8] Undefined index: status  /alidata/www/onethink/Runtime/Cache/Home/769e70f2e46f34ceb60619bbda5e4691.php 第 344 行.
NOTIC: [8] Undefined index: status  /alidata/www/onethink/Runtime/Cache/Home/769e70f2e46f34ceb60619bbda5e4691.php 第 344 行.
INFO: Run Behavior\ParseTemplateBehavior [ RunTime:0.015489s ]
INFO: [ view_parse ] --END-- [ RunTime:0.015536s ]
INFO: [ view_filter ] --START--
INFO: Run Behavior\WriteHtmlCacheBehavior [ RunTime:0.000150s ]
INFO: [ view_filter ] --END-- [ RunTime:0.000202s ]
INFO: [ app_end ] --START--
INFO: Run Behavior\ShowPageTraceBehavior [ RunTime:0.000454s ]
INFO: [ app_end ] --END-- [ RunTime:0.000504s ]

[ 2016-08-24T16:54:46+08:00 ] 157.55.39.127 /
INFO: [ app_init ] --START--
INFO: Run Behavior\BuildLiteBehavior [ RunTime:0.000017s ]
INFO: Run Common\Behavior\InitHookBehavior [ RunTime:0.001432s ]
INFO: [ app_init ] --END-- [ RunTime:0.001790s ]
INFO: [ app_begin ] --START--
INFO: Run Behavior\ReadHtmlCacheBehavior [ RunTime:0.000401s ]
INFO: [ app_begin ] --END-- [ RunTime:0.000454s ]
SQL: SHOW COLUMNS FROM `onethink_config` [ RunTime:0.0010s ]
SQL: SELECT `type`,`name`,`value` FROM `onethink_config` WHERE `status` = 1  [ RunTime:0.0004s ]
SQL: SHOW COLUMNS FROM `onethink_bill` [ RunTime:0.0007s ]
SQL: SHOW COLUMNS FROM `onethink_ucenter_member` [ RunTime:0.0009s ]
SQL: SELECT * FROM `onethink_bill` WHERE `status` > 0 ORDER BY time desc LIMIT 50   [ RunTime:0.0004s ]
SQL: SELECT * FROM `onethink_ucenter_member` WHERE ( mobile=13875296136 ) LIMIT 1   [ RunTime:0.0003s ]
SQL: SELECT * FROM `onethink_ucenter_member` WHERE ( mobile=13875296136 ) LIMIT 1   [ RunTime:0.0003s ]
SQL: SELECT * FROM `onethink_ucenter_member` WHERE ( mobile=13875296136 ) LIMIT 1   [ RunTime:0.0004s ]
SQL: SELECT * FROM `onethink_ucenter_member` WHERE ( mobile=15273286058 ) LIMIT 1   [ RunTime:0.0003s ]
SQL: SELECT * FROM `onethink_ucenter_member` WHERE ( mobile=15273286058 ) LIMIT 1   [ RunTime:0.0003s ]
SQL: SELECT * FROM `onethink_ucenter_member` WHERE ( mobile=15273286058 ) LIMIT 1   [ RunTime:0.0004s ]
SQL: SELECT * FROM `onethink_ucenter_member` WHERE ( mobile=15197263322 ) LIMIT 1   [ RunTime:0.0002s ]
SQL: SELECT * FROM `onethink_ucenter_member` WHERE ( mobile=15200341770 ) LIMIT 1   [ RunTime:0.0002s ]
SQL: SELECT * FROM `onethink_ucenter_member` WHERE ( mobile=15200341770 ) LIMIT 1   [ RunTime:0.0003s ]
SQL: SELECT * FROM `onethink_ucenter_member` WHERE ( mobile=15273286058 ) LIMIT 1   [ RunTime:0.0002s ]
SQL: SELECT * FROM `onethink_ucenter_member` WHERE ( mobile=15273286058 ) LIMIT 1   [ RunTime:0.0002s ]
SQL: SELECT * FROM `onethink_ucenter_member` WHERE ( mobile=15273286058 ) LIMIT 1   [ RunTime:0.0003s ]
SQL: SELECT * FROM `onethink_ucenter_member` WHERE ( mobile=15273286058 ) LIMIT 1   [ RunTime:0.0003s ]
INFO: [ view_parse ] --START--
INFO: [ template_filter ] --START--
INFO: Run Behavior\ContentReplaceBehavior [ RunTime:0.000138s ]
INFO: [ template_filter ] --END-- [ RunTime:0.000278s ]
NOTIC: [8] Undefined index: status  /alidata/www/onethink/Runtime/Cache/Home/769e70f2e46f34ceb60619bbda5e4691.php 第 344 行.
NOTIC: [8] Undefined index: status  /alidata/www/onethink/Runtime/Cache/Home/769e70f2e46f34ceb60619bbda5e4691.php 第 344 行.
NOTIC: [8] Undefined index: status  /alidata/www/onethink/Runtime/Cache/Home/769e70f2e46f34ceb60619bbda5e4691.php 第 344 行.
NOTIC: [8] Undefined index: status  /alidata/www/onethink/Runtime/Cache/Home/769e70f2e46f34ceb60619bbda5e4691.php 第 344 行.
INFO: Run Behavior\ParseTemplateBehavior [ RunTime:0.019250s ]
INFO: [ view_parse ] --END-- [ RunTime:0.019297s ]
INFO: [ view_filter ] --START--
INFO: Run Behavior\WriteHtmlCacheBehavior [ RunTime:0.000160s ]
INFO: [ view_filter ] --END-- [ RunTime:0.000203s ]
INFO: [ app_end ] --START--
INFO: Run Behavior\ShowPageTraceBehavior [ RunTime:0.000572s ]
INFO: [ app_end ] --END-- [ RunTime:0.000622s ]

[ 2016-08-24T17:47:22+08:00 ] 52.91.127.239 /
INFO: [ app_init ] --START--
INFO: Run Behavior\BuildLiteBehavior [ RunTime:0.000017s ]
INFO: Run Common\Behavior\InitHookBehavior [ RunTime:0.001073s ]
INFO: [ app_init ] --END-- [ RunTime:0.001414s ]
INFO: [ app_begin ] --START--
INFO: Run Behavior\ReadHtmlCacheBehavior [ RunTime:0.000378s ]
INFO: [ app_begin ] --END-- [ RunTime:0.000428s ]
SQL: SHOW COLUMNS FROM `onethink_config` [ RunTime:0.0009s ]
SQL: SELECT `type`,`name`,`value` FROM `onethink_config` WHERE `status` = 1  [ RunTime:0.0003s ]
SQL: SHOW COLUMNS FROM `onethink_bill` [ RunTime:0.0008s ]
SQL: SHOW COLUMNS FROM `onethink_ucenter_member` [ RunTime:0.0008s ]
SQL: SELECT * FROM `onethink_bill` WHERE `status` > 0 ORDER BY time desc LIMIT 50   [ RunTime:0.0004s ]
SQL: SELECT * FROM `onethink_ucenter_member` WHERE ( mobile=13875296136 ) LIMIT 1   [ RunTime:0.0003s ]
SQL: SELECT * FROM `onethink_ucenter_member` WHERE ( mobile=13875296136 ) LIMIT 1   [ RunTime:0.0004s ]
SQL: SELECT * FROM `onethink_ucenter_member` WHERE ( mobile=13875296136 ) LIMIT 1   [ RunTime:0.0005s ]
SQL: SELECT * FROM `onethink_ucenter_member` WHERE ( mobile=15273286058 ) LIMIT 1   [ RunTime:0.0003s ]
SQL: SELECT * FROM `onethink_ucenter_member` WHERE ( mobile=15273286058 ) LIMIT 1   [ RunTime:0.0003s ]
SQL: SELECT * FROM `onethink_ucenter_member` WHERE ( mobile=15273286058 ) LIMIT 1   [ RunTime:0.0004s ]
SQL: SELECT * FROM `onethink_ucenter_member` WHERE ( mobile=15197263322 ) LIMIT 1   [ RunTime:0.0003s ]
SQL: SELECT * FROM `onethink_ucenter_member` WHERE ( mobile=15200341770 ) LIMIT 1   [ RunTime:0.0004s ]
SQL: SELECT * FROM `onethink_ucenter_member` WHERE ( mobile=15200341770 ) LIMIT 1   [ RunTime:0.0006s ]
SQL: SELECT * FROM `onethink_ucenter_member` WHERE ( mobile=15273286058 ) LIMIT 1   [ RunTime:0.0003s ]
SQL: SELECT * FROM `onethink_ucenter_member` WHERE ( mobile=15273286058 ) LIMIT 1   [ RunTime:0.0003s ]
SQL: SELECT * FROM `onethink_ucenter_member` WHERE ( mobile=15273286058 ) LIMIT 1   [ RunTime:0.0002s ]
SQL: SELECT * FROM `onethink_ucenter_member` WHERE ( mobile=15273286058 ) LIMIT 1   [ RunTime:0.0002s ]
INFO: [ view_parse ] --START--
INFO: [ template_filter ] --START--
INFO: Run Behavior\ContentReplaceBehavior [ RunTime:0.000078s ]
INFO: [ template_filter ] --END-- [ RunTime:0.000132s ]
NOTIC: [8] Undefined index: status  /alidata/www/onethink/Runtime/Cache/Home/769e70f2e46f34ceb60619bbda5e4691.php 第 344 行.
NOTIC: [8] Undefined index: status  /alidata/www/onethink/Runtime/Cache/Home/769e70f2e46f34ceb60619bbda5e4691.php 第 344 行.
NOTIC: [8] Undefined index: status  /alidata/www/onethink/Runtime/Cache/Home/769e70f2e46f34ceb60619bbda5e4691.php 第 344 行.
NOTIC: [8] Undefined index: status  /alidata/www/onethink/Runtime/Cache/Home/769e70f2e46f34ceb60619bbda5e4691.php 第 344 行.
INFO: Run Behavior\ParseTemplateBehavior [ RunTime:0.014965s ]
INFO: [ view_parse ] --END-- [ RunTime:0.015011s ]
INFO: [ view_filter ] --START--
INFO: Run Behavior\WriteHtmlCacheBehavior [ RunTime:0.000137s ]
INFO: [ view_filter ] --END-- [ RunTime:0.000178s ]
INFO: [ app_end ] --START--
INFO: Run Behavior\ShowPageTraceBehavior [ RunTime:0.000453s ]
INFO: [ app_end ] --END-- [ RunTime:0.000501s ]

[ 2016-08-24T19:20:19+08:00 ] 120.24.251.13 /
INFO: [ app_init ] --START--
INFO: Run Behavior\BuildLiteBehavior [ RunTime:0.000018s ]
INFO: Run Common\Behavior\InitHookBehavior [ RunTime:0.001095s ]
INFO: [ app_init ] --END-- [ RunTime:0.001451s ]
INFO: [ app_begin ] --START--
INFO: Run Behavior\ReadHtmlCacheBehavior [ RunTime:0.000384s ]
INFO: [ app_begin ] --END-- [ RunTime:0.000435s ]
SQL: SHOW COLUMNS FROM `onethink_config` [ RunTime:0.0010s ]
SQL: SELECT `type`,`name`,`value` FROM `onethink_config` WHERE `status` = 1  [ RunTime:0.0004s ]
SQL: SHOW COLUMNS FROM `onethink_bill` [ RunTime:0.0007s ]
SQL: SHOW COLUMNS FROM `onethink_ucenter_member` [ RunTime:0.0008s ]
SQL: SELECT * FROM `onethink_bill` WHERE `status` > 0 ORDER BY time desc LIMIT 50   [ RunTime:0.0004s ]
SQL: SELECT * FROM `onethink_ucenter_member` WHERE ( mobile=13875296136 ) LIMIT 1   [ RunTime:0.0003s ]
SQL: SELECT * FROM `onethink_ucenter_member` WHERE ( mobile=13875296136 ) LIMIT 1   [ RunTime:0.0003s ]
SQL: SELECT * FROM `onethink_ucenter_member` WHERE ( mobile=13875296136 ) LIMIT 1   [ RunTime:0.0003s ]
SQL: SELECT * FROM `onethink_ucenter_member` WHERE ( mobile=15273286058 ) LIMIT 1   [ RunTime:0.0002s ]
SQL: SELECT * FROM `onethink_ucenter_member` WHERE ( mobile=15273286058 ) LIMIT 1   [ RunTime:0.0002s ]
SQL: SELECT * FROM `onethink_ucenter_member` WHERE ( mobile=15273286058 ) LIMIT 1   [ RunTime:0.0002s ]
SQL: SELECT * FROM `onethink_ucenter_member` WHERE ( mobile=15197263322 ) LIMIT 1   [ RunTime:0.0002s ]
SQL: SELECT * FROM `onethink_ucenter_member` WHERE ( mobile=15200341770 ) LIMIT 1   [ RunTime:0.0002s ]
SQL: SELECT * FROM `onethink_ucenter_member` WHERE ( mobile=15200341770 ) LIMIT 1   [ RunTime:0.0002s ]
SQL: SELECT * FROM `onethink_ucenter_member` WHERE ( mobile=15273286058 ) LIMIT 1   [ RunTime:0.0002s ]
SQL: SELECT * FROM `onethink_ucenter_member` WHERE ( mobile=15273286058 ) LIMIT 1   [ RunTime:0.0002s ]
SQL: SELECT * FROM `onethink_ucenter_member` WHERE ( mobile=15273286058 ) LIMIT 1   [ RunTime:0.0002s ]
SQL: SELECT * FROM `onethink_ucenter_member` WHERE ( mobile=15273286058 ) LIMIT 1   [ RunTime:0.0002s ]
INFO: [ view_parse ] --START--
INFO: [ template_filter ] --START--
INFO: Run Behavior\ContentReplaceBehavior [ RunTime:0.000082s ]
INFO: [ template_filter ] --END-- [ RunTime:0.000139s ]
NOTIC: [8] Undefined index: status  /alidata/www/onethink/Runtime/Cache/Home/769e70f2e46f34ceb60619bbda5e4691.php 第 344 行.
NOTIC: [8] Undefined index: status  /alidata/www/onethink/Runtime/Cache/Home/769e70f2e46f34ceb60619bbda5e4691.php 第 344 行.
NOTIC: [8] Undefined index: status  /alidata/www/onethink/Runtime/Cache/Home/769e70f2e46f34ceb60619bbda5e4691.php 第 344 行.
NOTIC: [8] Undefined index: status  /alidata/www/onethink/Runtime/Cache/Home/769e70f2e46f34ceb60619bbda5e4691.php 第 344 行.
INFO: Run Behavior\ParseTemplateBehavior [ RunTime:0.014540s ]
INFO: [ view_parse ] --END-- [ RunTime:0.014585s ]
INFO: [ view_filter ] --START--
INFO: Run Behavior\WriteHtmlCacheBehavior [ RunTime:0.000143s ]
INFO: [ view_filter ] --END-- [ RunTime:0.000193s ]
INFO: [ app_end ] --START--
INFO: Run Behavior\ShowPageTraceBehavior [ RunTime:0.000422s ]
INFO: [ app_end ] --END-- [ RunTime:0.000472s ]

[ 2016-08-24T19:42:47+08:00 ] 45.79.111.169 /
INFO: [ app_init ] --START--
INFO: Run Behavior\BuildLiteBehavior [ RunTime:0.000019s ]
INFO: Run Common\Behavior\InitHookBehavior [ RunTime:0.001315s ]
INFO: [ app_init ] --END-- [ RunTime:0.001692s ]
INFO: [ app_begin ] --START--
INFO: Run Behavior\ReadHtmlCacheBehavior [ RunTime:0.000386s ]
INFO: [ app_begin ] --END-- [ RunTime:0.000439s ]
SQL: SHOW COLUMNS FROM `onethink_config` [ RunTime:0.0010s ]
SQL: SELECT `type`,`name`,`value` FROM `onethink_config` WHERE `status` = 1  [ RunTime:0.0003s ]
SQL: SHOW COLUMNS FROM `onethink_bill` [ RunTime:0.0007s ]
SQL: SHOW COLUMNS FROM `onethink_ucenter_member` [ RunTime:0.0008s ]
SQL: SELECT * FROM `onethink_bill` WHERE `status` > 0 ORDER BY time desc LIMIT 50   [ RunTime:0.0004s ]
SQL: SELECT * FROM `onethink_ucenter_member` WHERE ( mobile=13875296136 ) LIMIT 1   [ RunTime:0.0003s ]
SQL: SELECT * FROM `onethink_ucenter_member` WHERE ( mobile=13875296136 ) LIMIT 1   [ RunTime:0.0003s ]
SQL: SELECT * FROM `onethink_ucenter_member` WHERE ( mobile=13875296136 ) LIMIT 1   [ RunTime:0.0003s ]
SQL: SELECT * FROM `onethink_ucenter_member` WHERE ( mobile=15273286058 ) LIMIT 1   [ RunTime:0.0002s ]
SQL: SELECT * FROM `onethink_ucenter_member` WHERE ( mobile=15273286058 ) LIMIT 1   [ RunTime:0.0002s ]
SQL: SELECT * FROM `onethink_ucenter_member` WHERE ( mobile=15273286058 ) LIMIT 1   [ RunTime:0.0002s ]
SQL: SELECT * FROM `onethink_ucenter_member` WHERE ( mobile=15197263322 ) LIMIT 1   [ RunTime:0.0003s ]
SQL: SELECT * FROM `onethink_ucenter_member` WHERE ( mobile=15200341770 ) LIMIT 1   [ RunTime:0.0002s ]
SQL: SELECT * FROM `onethink_ucenter_member` WHERE ( mobile=15200341770 ) LIMIT 1   [ RunTime:0.0002s ]
SQL: SELECT * FROM `onethink_ucenter_member` WHERE ( mobile=15273286058 ) LIMIT 1   [ RunTime:0.0002s ]
SQL: SELECT * FROM `onethink_ucenter_member` WHERE ( mobile=15273286058 ) LIMIT 1   [ RunTime:0.0002s ]
SQL: SELECT * FROM `onethink_ucenter_member` WHERE ( mobile=15273286058 ) LIMIT 1   [ RunTime:0.0002s ]
SQL: SELECT * FROM `onethink_ucenter_member` WHERE ( mobile=15273286058 ) LIMIT 1   [ RunTime:0.0002s ]
INFO: [ view_parse ] --START--
INFO: [ template_filter ] --START--
INFO: Run Behavior\ContentReplaceBehavior [ RunTime:0.000081s ]
INFO: [ template_filter ] --END-- [ RunTime:0.000132s ]
NOTIC: [8] Undefined index: status  /alidata/www/onethink/Runtime/Cache/Home/769e70f2e46f34ceb60619bbda5e4691.php 第 344 行.
NOTIC: [8] Undefined index: status  /alidata/www/onethink/Runtime/Cache/Home/769e70f2e46f34ceb60619bbda5e4691.php 第 344 行.
NOTIC: [8] Undefined index: status  /alidata/www/onethink/Runtime/Cache/Home/769e70f2e46f34ceb60619bbda5e4691.php 第 344 行.
NOTIC: [8] Undefined index: status  /alidata/www/onethink/Runtime/Cache/Home/769e70f2e46f34ceb60619bbda5e4691.php 第 344 行.
INFO: Run Behavior\ParseTemplateBehavior [ RunTime:0.014688s ]
INFO: [ view_parse ] --END-- [ RunTime:0.014734s ]
INFO: [ view_filter ] --START--
INFO: Run Behavior\WriteHtmlCacheBehavior [ RunTime:0.000140s ]
INFO: [ view_filter ] --END-- [ RunTime:0.000181s ]
INFO: 
INFO: 
INFO: 

[ 2016-08-24T19:46:35+08:00 ] 207.46.13.114 /index.php
INFO: [ app_init ] --START--
INFO: Run Behavior\BuildLiteBehavior [ RunTime:0.000016s ]
INFO: Run Common\Behavior\InitHookBehavior [ RunTime:0.001208s ]
INFO: [ app_init ] --END-- [ RunTime:0.001565s ]
INFO: [ app_begin ] --START--
INFO: Run Behavior\ReadHtmlCacheBehavior [ RunTime:0.000408s ]
INFO: [ app_begin ] --END-- [ RunTime:0.000459s ]
SQL: SHOW COLUMNS FROM `onethink_config` [ RunTime:0.0010s ]
SQL: SELECT `type`,`name`,`value` FROM `onethink_config` WHERE `status` = 1  [ RunTime:0.0003s ]
SQL: SHOW COLUMNS FROM `onethink_bill` [ RunTime:0.0008s ]
SQL: SHOW COLUMNS FROM `onethink_ucenter_member` [ RunTime:0.0008s ]
SQL: SELECT * FROM `onethink_bill` WHERE `status` > 0 ORDER BY time desc LIMIT 50   [ RunTime:0.0005s ]
SQL: SELECT * FROM `onethink_ucenter_member` WHERE ( mobile=13875296136 ) LIMIT 1   [ RunTime:0.0003s ]
SQL: SELECT * FROM `onethink_ucenter_member` WHERE ( mobile=13875296136 ) LIMIT 1   [ RunTime:0.0003s ]
SQL: SELECT * FROM `onethink_ucenter_member` WHERE ( mobile=13875296136 ) LIMIT 1   [ RunTime:0.0003s ]
SQL: SELECT * FROM `onethink_ucenter_member` WHERE ( mobile=15273286058 ) LIMIT 1   [ RunTime:0.0003s ]
SQL: SELECT * FROM `onethink_ucenter_member` WHERE ( mobile=15273286058 ) LIMIT 1   [ RunTime:0.0002s ]
SQL: SELECT * FROM `onethink_ucenter_member` WHERE ( mobile=15273286058 ) LIMIT 1   [ RunTime:0.0002s ]
SQL: SELECT * FROM `onethink_ucenter_member` WHERE ( mobile=15197263322 ) LIMIT 1   [ RunTime:0.0003s ]
SQL: SELECT * FROM `onethink_ucenter_member` WHERE ( mobile=15200341770 ) LIMIT 1   [ RunTime:0.0003s ]
SQL: SELECT * FROM `onethink_ucenter_member` WHERE ( mobile=15200341770 ) LIMIT 1   [ RunTime:0.0005s ]
SQL: SELECT * FROM `onethink_ucenter_member` WHERE ( mobile=15273286058 ) LIMIT 1   [ RunTime:0.0003s ]
SQL: SELECT * FROM `onethink_ucenter_member` WHERE ( mobile=15273286058 ) LIMIT 1   [ RunTime:0.0003s ]
SQL: SELECT * FROM `onethink_ucenter_member` WHERE ( mobile=15273286058 ) LIMIT 1   [ RunTime:0.0003s ]
SQL: SELECT * FROM `onethink_ucenter_member` WHERE ( mobile=15273286058 ) LIMIT 1   [ RunTime:0.0003s ]
INFO: [ view_parse ] --START--
INFO: [ template_filter ] --START--
INFO: Run Behavior\ContentReplaceBehavior [ RunTime:0.000086s ]
INFO: [ template_filter ] --END-- [ RunTime:0.000147s ]
NOTIC: [8] Undefined index: status  /alidata/www/onethink/Runtime/Cache/Home/769e70f2e46f34ceb60619bbda5e4691.php 第 344 行.
NOTIC: [8] Undefined index: status  /alidata/www/onethink/Runtime/Cache/Home/769e70f2e46f34ceb60619bbda5e4691.php 第 344 行.
NOTIC: [8] Undefined index: status  /alidata/www/onethink/Runtime/Cache/Home/769e70f2e46f34ceb60619bbda5e4691.php 第 344 行.
NOTIC: [8] Undefined index: status  /alidata/www/onethink/Runtime/Cache/Home/769e70f2e46f34ceb60619bbda5e4691.php 第 344 行.
INFO: Run Behavior\ParseTemplateBehavior [ RunTime:0.015954s ]
INFO: [ view_parse ] --END-- [ RunTime:0.016003s ]
INFO: [ view_filter ] --START--
INFO: Run Behavior\WriteHtmlCacheBehavior [ RunTime:0.000142s ]
INFO: [ view_filter ] --END-- [ RunTime:0.000184s ]
INFO: [ app_end ] --START--
INFO: Run Behavior\ShowPageTraceBehavior [ RunTime:0.000455s ]
INFO: [ app_end ] --END-- [ RunTime:0.000505s ]

[ 2016-08-24T19:52:02+08:00 ] 45.79.111.169 /
INFO: [ app_init ] --START--
INFO: Run Behavior\BuildLiteBehavior [ RunTime:0.000021s ]
INFO: Run Common\Behavior\InitHookBehavior [ RunTime:0.001194s ]
INFO: [ app_init ] --END-- [ RunTime:0.001578s ]
INFO: [ app_begin ] --START--
INFO: Run Behavior\ReadHtmlCacheBehavior [ RunTime:0.000390s ]
INFO: [ app_begin ] --END-- [ RunTime:0.000441s ]
SQL: SHOW COLUMNS FROM `onethink_config` [ RunTime:0.0009s ]
SQL: SELECT `type`,`name`,`value` FROM `onethink_config` WHERE `status` = 1  [ RunTime:0.0004s ]
SQL: SHOW COLUMNS FROM `onethink_bill` [ RunTime:0.0007s ]
SQL: SHOW COLUMNS FROM `onethink_ucenter_member` [ RunTime:0.0008s ]
SQL: SELECT * FROM `onethink_bill` WHERE `status` > 0 ORDER BY time desc LIMIT 50   [ RunTime:0.0004s ]
SQL: SELECT * FROM `onethink_ucenter_member` WHERE ( mobile=13875296136 ) LIMIT 1   [ RunTime:0.0003s ]
SQL: SELECT * FROM `onethink_ucenter_member` WHERE ( mobile=13875296136 ) LIMIT 1   [ RunTime:0.0003s ]
SQL: SELECT * FROM `onethink_ucenter_member` WHERE ( mobile=13875296136 ) LIMIT 1   [ RunTime:0.0003s ]
SQL: SELECT * FROM `onethink_ucenter_member` WHERE ( mobile=15273286058 ) LIMIT 1   [ RunTime:0.0003s ]
SQL: SELECT * FROM `onethink_ucenter_member` WHERE ( mobile=15273286058 ) LIMIT 1   [ RunTime:0.0002s ]
SQL: SELECT * FROM `onethink_ucenter_member` WHERE ( mobile=15273286058 ) LIMIT 1   [ RunTime:0.0002s ]
SQL: SELECT * FROM `onethink_ucenter_member` WHERE ( mobile=15197263322 ) LIMIT 1   [ RunTime:0.0002s ]
SQL: SELECT * FROM `onethink_ucenter_member` WHERE ( mobile=15200341770 ) LIMIT 1   [ RunTime:0.0002s ]
SQL: SELECT * FROM `onethink_ucenter_member` WHERE ( mobile=15200341770 ) LIMIT 1   [ RunTime:0.0002s ]
SQL: SELECT * FROM `onethink_ucenter_member` WHERE ( mobile=15273286058 ) LIMIT 1   [ RunTime:0.0002s ]
SQL: SELECT * FROM `onethink_ucenter_member` WHERE ( mobile=15273286058 ) LIMIT 1   [ RunTime:0.0002s ]
SQL: SELECT * FROM `onethink_ucenter_member` WHERE ( mobile=15273286058 ) LIMIT 1   [ RunTime:0.0002s ]
SQL: SELECT * FROM `onethink_ucenter_member` WHERE ( mobile=15273286058 ) LIMIT 1   [ RunTime:0.0002s ]
INFO: [ view_parse ] --START--
INFO: [ template_filter ] --START--
INFO: Run Behavior\ContentReplaceBehavior [ RunTime:0.000082s ]
INFO: [ template_filter ] --END-- [ RunTime:0.000139s ]
NOTIC: [8] Undefined index: status  /alidata/www/onethink/Runtime/Cache/Home/769e70f2e46f34ceb60619bbda5e4691.php 第 344 行.
NOTIC: [8] Undefined index: status  /alidata/www/onethink/Runtime/Cache/Home/769e70f2e46f34ceb60619bbda5e4691.php 第 344 行.
NOTIC: [8] Undefined index: status  /alidata/www/onethink/Runtime/Cache/Home/769e70f2e46f34ceb60619bbda5e4691.php 第 344 行.
NOTIC: [8] Undefined index: status  /alidata/www/onethink/Runtime/Cache/Home/769e70f2e46f34ceb60619bbda5e4691.php 第 344 行.
INFO: Run Behavior\ParseTemplateBehavior [ RunTime:0.015152s ]
INFO: [ view_parse ] --END-- [ RunTime:0.015198s ]
INFO: [ view_filter ] --START--
INFO: Run Behavior\WriteHtmlCacheBehavior [ RunTime:0.000142s ]
INFO: [ view_filter ] --END-- [ RunTime:0.000184s ]
INFO: 
INFO: 
INFO: 

[ 2016-08-24T21:15:06+08:00 ] 207.46.13.114 /index.php
INFO: [ app_init ] --START--
INFO: Run Behavior\BuildLiteBehavior [ RunTime:0.000016s ]
INFO: Run Common\Behavior\InitHookBehavior [ RunTime:0.001070s ]
INFO: [ app_init ] --END-- [ RunTime:0.001474s ]
INFO: [ app_begin ] --START--
INFO: Run Behavior\ReadHtmlCacheBehavior [ RunTime:0.000374s ]
INFO: [ app_begin ] --END-- [ RunTime:0.000423s ]
SQL: SHOW COLUMNS FROM `onethink_config` [ RunTime:0.0010s ]
SQL: SELECT `type`,`name`,`value` FROM `onethink_config` WHERE `status` = 1  [ RunTime:0.0003s ]
SQL: SHOW COLUMNS FROM `onethink_bill` [ RunTime:0.0007s ]
SQL: SHOW COLUMNS FROM `onethink_ucenter_member` [ RunTime:0.0008s ]
SQL: SELECT * FROM `onethink_bill` WHERE `status` > 0 ORDER BY time desc LIMIT 50   [ RunTime:0.0004s ]
SQL: SELECT * FROM `onethink_ucenter_member` WHERE ( mobile=13875296136 ) LIMIT 1   [ RunTime:0.0003s ]
SQL: SELECT * FROM `onethink_ucenter_member` WHERE ( mobile=13875296136 ) LIMIT 1   [ RunTime:0.0003s ]
SQL: SELECT * FROM `onethink_ucenter_member` WHERE ( mobile=13875296136 ) LIMIT 1   [ RunTime:0.0003s ]
SQL: SELECT * FROM `onethink_ucenter_member` WHERE ( mobile=15273286058 ) LIMIT 1   [ RunTime:0.0002s ]
SQL: SELECT * FROM `onethink_ucenter_member` WHERE ( mobile=15273286058 ) LIMIT 1   [ RunTime:0.0002s ]
SQL: SELECT * FROM `onethink_ucenter_member` WHERE ( mobile=15273286058 ) LIMIT 1   [ RunTime:0.0002s ]
SQL: SELECT * FROM `onethink_ucenter_member` WHERE ( mobile=15197263322 ) LIMIT 1   [ RunTime:0.0002s ]
SQL: SELECT * FROM `onethink_ucenter_member` WHERE ( mobile=15200341770 ) LIMIT 1   [ RunTime:0.0003s ]
SQL: SELECT * FROM `onethink_ucenter_member` WHERE ( mobile=15200341770 ) LIMIT 1   [ RunTime:0.0002s ]
SQL: SELECT * FROM `onethink_ucenter_member` WHERE ( mobile=15273286058 ) LIMIT 1   [ RunTime:0.0002s ]
SQL: SELECT * FROM `onethink_ucenter_member` WHERE ( mobile=15273286058 ) LIMIT 1   [ RunTime:0.0005s ]
SQL: SELECT * FROM `onethink_ucenter_member` WHERE ( mobile=15273286058 ) LIMIT 1   [ RunTime:0.0003s ]
SQL: SELECT * FROM `onethink_ucenter_member` WHERE ( mobile=15273286058 ) LIMIT 1   [ RunTime:0.0002s ]
INFO: [ view_parse ] --START--
INFO: [ template_filter ] --START--
INFO: Run Behavior\ContentReplaceBehavior [ RunTime:0.000094s ]
INFO: [ template_filter ] --END-- [ RunTime:0.000174s ]
NOTIC: [8] Undefined index: status  /alidata/www/onethink/Runtime/Cache/Home/769e70f2e46f34ceb60619bbda5e4691.php 第 344 行.
NOTIC: [8] Undefined index: status  /alidata/www/onethink/Runtime/Cache/Home/769e70f2e46f34ceb60619bbda5e4691.php 第 344 行.
NOTIC: [8] Undefined index: status  /alidata/www/onethink/Runtime/Cache/Home/769e70f2e46f34ceb60619bbda5e4691.php 第 344 行.
NOTIC: [8] Undefined index: status  /alidata/www/onethink/Runtime/Cache/Home/769e70f2e46f34ceb60619bbda5e4691.php 第 344 行.
INFO: Run Behavior\ParseTemplateBehavior [ RunTime:0.016046s ]
INFO: [ view_parse ] --END-- [ RunTime:0.016095s ]
INFO: [ view_filter ] --START--
INFO: Run Behavior\WriteHtmlCacheBehavior [ RunTime:0.000189s ]
INFO: [ view_filter ] --END-- [ RunTime:0.000237s ]
INFO: [ app_end ] --START--
INFO: Run Behavior\ShowPageTraceBehavior [ RunTime:0.000509s ]
INFO: [ app_end ] --END-- [ RunTime:0.000572s ]

[ 2016-08-24T21:46:25+08:00 ] 218.75.70.3 /
INFO: [ app_init ] --START--
INFO: Run Behavior\BuildLiteBehavior [ RunTime:0.000021s ]
INFO: Run Common\Behavior\InitHookBehavior [ RunTime:0.001150s ]
INFO: [ app_init ] --END-- [ RunTime:0.001517s ]
INFO: [ app_begin ] --START--
INFO: Run Behavior\ReadHtmlCacheBehavior [ RunTime:0.000404s ]
INFO: [ app_begin ] --END-- [ RunTime:0.000456s ]
SQL: SHOW COLUMNS FROM `onethink_config` [ RunTime:0.0010s ]
SQL: SELECT `type`,`name`,`value` FROM `onethink_config` WHERE `status` = 1  [ RunTime:0.0003s ]
SQL: SHOW COLUMNS FROM `onethink_bill` [ RunTime:0.0007s ]
SQL: SHOW COLUMNS FROM `onethink_ucenter_member` [ RunTime:0.0008s ]
SQL: SELECT * FROM `onethink_bill` WHERE `status` > 0 ORDER BY time desc LIMIT 50   [ RunTime:0.0004s ]
SQL: SELECT * FROM `onethink_ucenter_member` WHERE ( mobile=13875296136 ) LIMIT 1   [ RunTime:0.0003s ]
SQL: SELECT * FROM `onethink_ucenter_member` WHERE ( mobile=13875296136 ) LIMIT 1   [ RunTime:0.0003s ]
SQL: SELECT * FROM `onethink_ucenter_member` WHERE ( mobile=13875296136 ) LIMIT 1   [ RunTime:0.0003s ]
SQL: SELECT * FROM `onethink_ucenter_member` WHERE ( mobile=15273286058 ) LIMIT 1   [ RunTime:0.0003s ]
SQL: SELECT * FROM `onethink_ucenter_member` WHERE ( mobile=15273286058 ) LIMIT 1   [ RunTime:0.0002s ]
SQL: SELECT * FROM `onethink_ucenter_member` WHERE ( mobile=15273286058 ) LIMIT 1   [ RunTime:0.0002s ]
SQL: SELECT * FROM `onethink_ucenter_member` WHERE ( mobile=15197263322 ) LIMIT 1   [ RunTime:0.0002s ]
SQL: SELECT * FROM `onethink_ucenter_member` WHERE ( mobile=15200341770 ) LIMIT 1   [ RunTime:0.0002s ]
SQL: SELECT * FROM `onethink_ucenter_member` WHERE ( mobile=15200341770 ) LIMIT 1   [ RunTime:0.0002s ]
SQL: SELECT * FROM `onethink_ucenter_member` WHERE ( mobile=15273286058 ) LIMIT 1   [ RunTime:0.0003s ]
SQL: SELECT * FROM `onethink_ucenter_member` WHERE ( mobile=15273286058 ) LIMIT 1   [ RunTime:0.0003s ]
SQL: SELECT * FROM `onethink_ucenter_member` WHERE ( mobile=15273286058 ) LIMIT 1   [ RunTime:0.0003s ]
SQL: SELECT * FROM `onethink_ucenter_member` WHERE ( mobile=15273286058 ) LIMIT 1   [ RunTime:0.0002s ]
INFO: [ view_parse ] --START--
INFO: [ template_filter ] --START--
INFO: Run Behavior\ContentReplaceBehavior [ RunTime:0.000097s ]
INFO: [ template_filter ] --END-- [ RunTime:0.000158s ]
NOTIC: [8] Undefined index: status  /alidata/www/onethink/Runtime/Cache/Home/769e70f2e46f34ceb60619bbda5e4691.php 第 344 行.
NOTIC: [8] Undefined index: status  /alidata/www/onethink/Runtime/Cache/Home/769e70f2e46f34ceb60619bbda5e4691.php 第 344 行.
NOTIC: [8] Undefined index: status  /alidata/www/onethink/Runtime/Cache/Home/769e70f2e46f34ceb60619bbda5e4691.php 第 344 行.
NOTIC: [8] Undefined index: status  /alidata/www/onethink/Runtime/Cache/Home/769e70f2e46f34ceb60619bbda5e4691.php 第 344 行.
INFO: Run Behavior\ParseTemplateBehavior [ RunTime:0.015878s ]
INFO: [ view_parse ] --END-- [ RunTime:0.015930s ]
INFO: [ view_filter ] --START--
INFO: Run Behavior\WriteHtmlCacheBehavior [ RunTime:0.000146s ]
INFO: [ view_filter ] --END-- [ RunTime:0.000186s ]
INFO: [ app_end ] --START--
INFO: Run Behavior\ShowPageTraceBehavior [ RunTime:0.000481s ]
INFO: [ app_end ] --END-- [ RunTime:0.000533s ]

[ 2016-08-24T21:51:44+08:00 ] 121.40.20.81 /
INFO: [ app_init ] --START--
INFO: Run Behavior\BuildLiteBehavior [ RunTime:0.000015s ]
INFO: Run Common\Behavior\InitHookBehavior [ RunTime:0.001106s ]
INFO: [ app_init ] --END-- [ RunTime:0.001450s ]
INFO: [ app_begin ] --START--
INFO: Run Behavior\ReadHtmlCacheBehavior [ RunTime:0.000387s ]
INFO: [ app_begin ] --END-- [ RunTime:0.000437s ]
SQL: SHOW COLUMNS FROM `onethink_config` [ RunTime:0.0011s ]
SQL: SELECT `type`,`name`,`value` FROM `onethink_config` WHERE `status` = 1  [ RunTime:0.0003s ]
SQL: SHOW COLUMNS FROM `onethink_bill` [ RunTime:0.0007s ]
SQL: SHOW COLUMNS FROM `onethink_ucenter_member` [ RunTime:0.0008s ]
SQL: SELECT * FROM `onethink_bill` WHERE `status` > 0 ORDER BY time desc LIMIT 50   [ RunTime:0.0004s ]
SQL: SELECT * FROM `onethink_ucenter_member` WHERE ( mobile=13875296136 ) LIMIT 1   [ RunTime:0.0005s ]
SQL: SELECT * FROM `onethink_ucenter_member` WHERE ( mobile=13875296136 ) LIMIT 1   [ RunTime:0.0003s ]
SQL: SELECT * FROM `onethink_ucenter_member` WHERE ( mobile=13875296136 ) LIMIT 1   [ RunTime:0.0003s ]
SQL: SELECT * FROM `onethink_ucenter_member` WHERE ( mobile=15273286058 ) LIMIT 1   [ RunTime:0.0003s ]
SQL: SELECT * FROM `onethink_ucenter_member` WHERE ( mobile=15273286058 ) LIMIT 1   [ RunTime:0.0003s ]
SQL: SELECT * FROM `onethink_ucenter_member` WHERE ( mobile=15273286058 ) LIMIT 1   [ RunTime:0.0003s ]
SQL: SELECT * FROM `onethink_ucenter_member` WHERE ( mobile=15197263322 ) LIMIT 1   [ RunTime:0.0003s ]
SQL: SELECT * FROM `onethink_ucenter_member` WHERE ( mobile=15200341770 ) LIMIT 1   [ RunTime:0.0003s ]
SQL: SELECT * FROM `onethink_ucenter_member` WHERE ( mobile=15200341770 ) LIMIT 1   [ RunTime:0.0003s ]
SQL: SELECT * FROM `onethink_ucenter_member` WHERE ( mobile=15273286058 ) LIMIT 1   [ RunTime:0.0002s ]
SQL: SELECT * FROM `onethink_ucenter_member` WHERE ( mobile=15273286058 ) LIMIT 1   [ RunTime:0.0002s ]
SQL: SELECT * FROM `onethink_ucenter_member` WHERE ( mobile=15273286058 ) LIMIT 1   [ RunTime:0.0002s ]
SQL: SELECT * FROM `onethink_ucenter_member` WHERE ( mobile=15273286058 ) LIMIT 1   [ RunTime:0.0002s ]
INFO: [ view_parse ] --START--
INFO: [ template_filter ] --START--
INFO: Run Behavior\ContentReplaceBehavior [ RunTime:0.000082s ]
INFO: [ template_filter ] --END-- [ RunTime:0.000143s ]
NOTIC: [8] Undefined index: status  /alidata/www/onethink/Runtime/Cache/Home/769e70f2e46f34ceb60619bbda5e4691.php 第 344 行.
NOTIC: [8] Undefined index: status  /alidata/www/onethink/Runtime/Cache/Home/769e70f2e46f34ceb60619bbda5e4691.php 第 344 行.
NOTIC: [8] Undefined index: status  /alidata/www/onethink/Runtime/Cache/Home/769e70f2e46f34ceb60619bbda5e4691.php 第 344 行.
NOTIC: [8] Undefined index: status  /alidata/www/onethink/Runtime/Cache/Home/769e70f2e46f34ceb60619bbda5e4691.php 第 344 行.
INFO: Run Behavior\ParseTemplateBehavior [ RunTime:0.015219s ]
INFO: [ view_parse ] --END-- [ RunTime:0.015266s ]
INFO: [ view_filter ] --START--
INFO: Run Behavior\WriteHtmlCacheBehavior [ RunTime:0.000144s ]
INFO: [ view_filter ] --END-- [ RunTime:0.000186s ]
INFO: [ app_end ] --START--
INFO: Run Behavior\ShowPageTraceBehavior [ RunTime:0.000429s ]
INFO: [ app_end ] --END-- [ RunTime:0.000480s ]

[ 2016-08-24T22:42:53+08:00 ] 173.234.153.122 /index.php?s=/Home/Index/message/id/85/sex/%E7%94%B7/time/03%E6%9C%8808%E6%97%A5%2019:17/school/%E5%85%B0%E5%B7%9E%E4%BA%A4%E9%80%9A%E5%A4%A7%E5%AD%A6/username/%E9%99%88/content/%E5%98%BF%E5%98%BF/mobile/18693096090.html
INFO: [ app_init ] --START--
INFO: Run Behavior\BuildLiteBehavior [ RunTime:0.000018s ]
INFO: Run Common\Behavior\InitHookBehavior [ RunTime:0.001089s ]
INFO: [ app_init ] --END-- [ RunTime:0.001439s ]
INFO: [ app_begin ] --START--
INFO: Run Behavior\ReadHtmlCacheBehavior [ RunTime:0.000416s ]
INFO: [ app_begin ] --END-- [ RunTime:0.000483s ]
SQL: SHOW COLUMNS FROM `onethink_config` [ RunTime:0.0012s ]
SQL: SELECT `type`,`name`,`value` FROM `onethink_config` WHERE `status` = 1  [ RunTime:0.0003s ]

[ 2016-08-24T22:42:55+08:00 ] 173.234.153.122 /index.php?s=/Home/Pay/got.html
INFO: [ app_init ] --START--
INFO: Run Behavior\BuildLiteBehavior [ RunTime:0.000022s ]
INFO: Run Common\Behavior\InitHookBehavior [ RunTime:0.001169s ]
INFO: [ app_init ] --END-- [ RunTime:0.001550s ]
INFO: [ app_begin ] --START--
INFO: Run Behavior\ReadHtmlCacheBehavior [ RunTime:0.000402s ]
INFO: [ app_begin ] --END-- [ RunTime:0.000464s ]
NOTIC: [8] A session had already been started - ignoring session_start() /alidata/www/onethink/Application/Home/Controller/PayController.class.php 第 11 行.
SQL: SHOW COLUMNS FROM `onethink_config` [ RunTime:0.0010s ]
SQL: SELECT `type`,`name`,`value` FROM `onethink_config` WHERE `status` = 1  [ RunTime:0.0003s ]
INFO: [ app_end ] --START--
INFO: Run Behavior\ShowPageTraceBehavior [ RunTime:0.000456s ]
INFO: [ app_end ] --END-- [ RunTime:0.000508s ]

[ 2016-08-24T22:43:31+08:00 ] 173.234.153.122 /index.php?s=/Home/Index/message/id/86/sex/%E7%94%B7/time/03%E6%9C%8808%E6%97%A5%2019:20/school/%E5%85%B0%E5%B7%9E%E4%BA%A4%E9%80%9A%E5%A4%A7%E5%AD%A6/username/cea/content/hello/mobile/18189533020.html
INFO: [ app_init ] --START--
INFO: Run Behavior\BuildLiteBehavior [ RunTime:0.000017s ]
INFO: Run Common\Behavior\InitHookBehavior [ RunTime:0.001078s ]
INFO: [ app_init ] --END-- [ RunTime:0.001434s ]
INFO: [ app_begin ] --START--
INFO: Run Behavior\ReadHtmlCacheBehavior [ RunTime:0.000394s ]
INFO: [ app_begin ] --END-- [ RunTime:0.000444s ]
SQL: SHOW COLUMNS FROM `onethink_config` [ RunTime:0.0010s ]
SQL: SELECT `type`,`name`,`value` FROM `onethink_config` WHERE `status` = 1  [ RunTime:0.0003s ]

[ 2016-08-24T22:43:52+08:00 ] 173.234.153.122 /index.php?s=/Home/Pay/got.html
INFO: [ app_init ] --START--
INFO: Run Behavior\BuildLiteBehavior [ RunTime:0.000016s ]
INFO: Run Common\Behavior\InitHookBehavior [ RunTime:0.001077s ]
INFO: [ app_init ] --END-- [ RunTime:0.001417s ]
INFO: [ app_begin ] --START--
INFO: Run Behavior\ReadHtmlCacheBehavior [ RunTime:0.000385s ]
INFO: [ app_begin ] --END-- [ RunTime:0.000434s ]
NOTIC: [8] A session had already been started - ignoring session_start() /alidata/www/onethink/Application/Home/Controller/PayController.class.php 第 11 行.
SQL: SHOW COLUMNS FROM `onethink_config` [ RunTime:0.0009s ]
SQL: SELECT `type`,`name`,`value` FROM `onethink_config` WHERE `status` = 1  [ RunTime:0.0003s ]
INFO: [ app_end ] --START--
INFO: Run Behavior\ShowPageTraceBehavior [ RunTime:0.000431s ]
INFO: [ app_end ] --END-- [ RunTime:0.000483s ]

[ 2016-08-24T22:43:59+08:00 ] 173.234.153.122 /index.php?s=/Home/Index/mybill.html
INFO: [ app_init ] --START--
INFO: Run Behavior\BuildLiteBehavior [ RunTime:0.000018s ]
INFO: Run Common\Behavior\InitHookBehavior [ RunTime:0.001100s ]
INFO: [ app_init ] --END-- [ RunTime:0.001452s ]
INFO: [ app_begin ] --START--
INFO: Run Behavior\ReadHtmlCacheBehavior [ RunTime:0.000396s ]
INFO: [ app_begin ] --END-- [ RunTime:0.000447s ]
SQL: SHOW COLUMNS FROM `onethink_config` [ RunTime:0.0010s ]
SQL: SELECT `type`,`name`,`value` FROM `onethink_config` WHERE `status` = 1  [ RunTime:0.0004s ]

[ 2016-08-24T22:44:02+08:00 ] 173.234.153.122 /index.php?s=/Home/Pay/got.html
INFO: [ app_init ] --START--
INFO: Run Behavior\BuildLiteBehavior [ RunTime:0.000018s ]
INFO: Run Common\Behavior\InitHookBehavior [ RunTime:0.001134s ]
INFO: [ app_init ] --END-- [ RunTime:0.001491s ]
INFO: [ app_begin ] --START--
INFO: Run Behavior\ReadHtmlCacheBehavior [ RunTime:0.000618s ]
INFO: [ app_begin ] --END-- [ RunTime:0.000702s ]
NOTIC: [8] A session had already been started - ignoring session_start() /alidata/www/onethink/Application/Home/Controller/PayController.class.php 第 11 行.
SQL: SHOW COLUMNS FROM `onethink_config` [ RunTime:0.0010s ]
SQL: SELECT `type`,`name`,`value` FROM `onethink_config` WHERE `status` = 1  [ RunTime:0.0003s ]
INFO: [ app_end ] --START--
INFO: Run Behavior\ShowPageTraceBehavior [ RunTime:0.000484s ]
INFO: [ app_end ] --END-- [ RunTime:0.000543s ]

[ 2016-08-24T22:44:07+08:00 ] 173.234.153.122 /index.php?s=/Home/Index/myreceive.html
INFO: [ app_init ] --START--
INFO: Run Behavior\BuildLiteBehavior [ RunTime:0.000149s ]
INFO: Run Common\Behavior\InitHookBehavior [ RunTime:0.001466s ]
INFO: [ app_init ] --END-- [ RunTime:0.002215s ]
INFO: [ app_begin ] --START--
INFO: Run Behavior\ReadHtmlCacheBehavior [ RunTime:0.000529s ]
INFO: [ app_begin ] --END-- [ RunTime:0.000593s ]
SQL: SHOW COLUMNS FROM `onethink_config` [ RunTime:0.0010s ]
SQL: SELECT `type`,`name`,`value` FROM `onethink_config` WHERE `status` = 1  [ RunTime:0.0003s ]

[ 2016-08-24T22:44:10+08:00 ] 173.234.153.122 /index.php?s=/Home/Pay/got.html
INFO: [ app_init ] --START--
INFO: Run Behavior\BuildLiteBehavior [ RunTime:0.000016s ]
INFO: Run Common\Behavior\InitHookBehavior [ RunTime:0.001142s ]
INFO: [ app_init ] --END-- [ RunTime:0.001521s ]
INFO: [ app_begin ] --START--
INFO: Run Behavior\ReadHtmlCacheBehavior [ RunTime:0.000415s ]
INFO: [ app_begin ] --END-- [ RunTime:0.000485s ]
NOTIC: [8] A session had already been started - ignoring session_start() /alidata/www/onethink/Application/Home/Controller/PayController.class.php 第 11 行.
SQL: SHOW COLUMNS FROM `onethink_config` [ RunTime:0.0010s ]
SQL: SELECT `type`,`name`,`value` FROM `onethink_config` WHERE `status` = 1  [ RunTime:0.0003s ]
INFO: [ app_end ] --START--
INFO: Run Behavior\ShowPageTraceBehavior [ RunTime:0.000542s ]
INFO: [ app_end ] --END-- [ RunTime:0.000608s ]

[ 2016-08-24T23:42:23+08:00 ] 69.30.198.178 /index.php?s=/Home/Index/index.html
INFO: [ app_init ] --START--
INFO: Run Behavior\BuildLiteBehavior [ RunTime:0.000017s ]
INFO: Run Common\Behavior\InitHookBehavior [ RunTime:0.001215s ]
INFO: [ app_init ] --END-- [ RunTime:0.001558s ]
INFO: [ app_begin ] --START--
INFO: Run Behavior\ReadHtmlCacheBehavior [ RunTime:0.000383s ]
INFO: [ app_begin ] --END-- [ RunTime:0.000438s ]
SQL: SHOW COLUMNS FROM `onethink_config` [ RunTime:0.0011s ]
SQL: SELECT `type`,`name`,`value` FROM `onethink_config` WHERE `status` = 1  [ RunTime:0.0004s ]
SQL: SHOW COLUMNS FROM `onethink_bill` [ RunTime:0.0008s ]
SQL: SHOW COLUMNS FROM `onethink_ucenter_member` [ RunTime:0.0008s ]
SQL: SELECT * FROM `onethink_bill` WHERE `status` > 0 ORDER BY time desc LIMIT 50   [ RunTime:0.0004s ]
SQL: SELECT * FROM `onethink_ucenter_member` WHERE ( mobile=13875296136 ) LIMIT 1   [ RunTime:0.0006s ]
SQL: SELECT * FROM `onethink_ucenter_member` WHERE ( mobile=13875296136 ) LIMIT 1   [ RunTime:0.0003s ]
SQL: SELECT * FROM `onethink_ucenter_member` WHERE ( mobile=13875296136 ) LIMIT 1   [ RunTime:0.0003s ]
SQL: SELECT * FROM `onethink_ucenter_member` WHERE ( mobile=15273286058 ) LIMIT 1   [ RunTime:0.0003s ]
SQL: SELECT * FROM `onethink_ucenter_member` WHERE ( mobile=15273286058 ) LIMIT 1   [ RunTime:0.0002s ]
SQL: SELECT * FROM `onethink_ucenter_member` WHERE ( mobile=15273286058 ) LIMIT 1   [ RunTime:0.0002s ]
SQL: SELECT * FROM `onethink_ucenter_member` WHERE ( mobile=15197263322 ) LIMIT 1   [ RunTime:0.0002s ]
SQL: SELECT * FROM `onethink_ucenter_member` WHERE ( mobile=15200341770 ) LIMIT 1   [ RunTime:0.0002s ]
SQL: SELECT * FROM `onethink_ucenter_member` WHERE ( mobile=15200341770 ) LIMIT 1   [ RunTime:0.0002s ]
SQL: SELECT * FROM `onethink_ucenter_member` WHERE ( mobile=15273286058 ) LIMIT 1   [ RunTime:0.0002s ]
SQL: SELECT * FROM `onethink_ucenter_member` WHERE ( mobile=15273286058 ) LIMIT 1   [ RunTime:0.0002s ]
SQL: SELECT * FROM `onethink_ucenter_member` WHERE ( mobile=15273286058 ) LIMIT 1   [ RunTime:0.0002s ]
SQL: SELECT * FROM `onethink_ucenter_member` WHERE ( mobile=15273286058 ) LIMIT 1   [ RunTime:0.0002s ]
INFO: [ view_parse ] --START--
INFO: [ template_filter ] --START--
INFO: Run Behavior\ContentReplaceBehavior [ RunTime:0.000086s ]
INFO: [ template_filter ] --END-- [ RunTime:0.000159s ]
NOTIC: [8] Undefined index: status  /alidata/www/onethink/Runtime/Cache/Home/769e70f2e46f34ceb60619bbda5e4691.php 第 344 行.
NOTIC: [8] Undefined index: status  /alidata/www/onethink/Runtime/Cache/Home/769e70f2e46f34ceb60619bbda5e4691.php 第 344 行.
NOTIC: [8] Undefined index: status  /alidata/www/onethink/Runtime/Cache/Home/769e70f2e46f34ceb60619bbda5e4691.php 第 344 行.
NOTIC: [8] Undefined index: status  /alidata/www/onethink/Runtime/Cache/Home/769e70f2e46f34ceb60619bbda5e4691.php 第 344 行.
INFO: Run Behavior\ParseTemplateBehavior [ RunTime:0.015495s ]
INFO: [ view_parse ] --END-- [ RunTime:0.015541s ]
INFO: [ view_filter ] --START--
INFO: Run Behavior\WriteHtmlCacheBehavior [ RunTime:0.000143s ]
INFO: [ view_filter ] --END-- [ RunTime:0.000184s ]
INFO: [ app_end ] --START--
INFO: Run Behavior\ShowPageTraceBehavior [ RunTime:0.000426s ]
INFO: [ app_end ] --END-- [ RunTime:0.000476s ]

[ 2016-08-24T23:42:26+08:00 ] 220.181.108.103 /
INFO: [ app_init ] --START--
INFO: Run Behavior\BuildLiteBehavior [ RunTime:0.000017s ]
INFO: Run Common\Behavior\InitHookBehavior [ RunTime:0.001105s ]
INFO: [ app_init ] --END-- [ RunTime:0.001453s ]
INFO: [ app_begin ] --START--
INFO: Run Behavior\ReadHtmlCacheBehavior [ RunTime:0.000406s ]
INFO: [ app_begin ] --END-- [ RunTime:0.000461s ]
SQL: SHOW COLUMNS FROM `onethink_config` [ RunTime:0.0010s ]
SQL: SELECT `type`,`name`,`value` FROM `onethink_config` WHERE `status` = 1  [ RunTime:0.0003s ]
SQL: SHOW COLUMNS FROM `onethink_bill` [ RunTime:0.0007s ]
SQL: SHOW COLUMNS FROM `onethink_ucenter_member` [ RunTime:0.0008s ]
SQL: SELECT * FROM `onethink_bill` WHERE `status` > 0 ORDER BY time desc LIMIT 50   [ RunTime:0.0004s ]
SQL: SELECT * FROM `onethink_ucenter_member` WHERE ( mobile=13875296136 ) LIMIT 1   [ RunTime:0.0004s ]
SQL: SELECT * FROM `onethink_ucenter_member` WHERE ( mobile=13875296136 ) LIMIT 1   [ RunTime:0.0003s ]
SQL: SELECT * FROM `onethink_ucenter_member` WHERE ( mobile=13875296136 ) LIMIT 1   [ RunTime:0.0003s ]
SQL: SELECT * FROM `onethink_ucenter_member` WHERE ( mobile=15273286058 ) LIMIT 1   [ RunTime:0.0002s ]
SQL: SELECT * FROM `onethink_ucenter_member` WHERE ( mobile=15273286058 ) LIMIT 1   [ RunTime:0.0003s ]
SQL: SELECT * FROM `onethink_ucenter_member` WHERE ( mobile=15273286058 ) LIMIT 1   [ RunTime:0.0002s ]
SQL: SELECT * FROM `onethink_ucenter_member` WHERE ( mobile=15197263322 ) LIMIT 1   [ RunTime:0.0002s ]
SQL: SELECT * FROM `onethink_ucenter_member` WHERE ( mobile=15200341770 ) LIMIT 1   [ RunTime:0.0002s ]
SQL: SELECT * FROM `onethink_ucenter_member` WHERE ( mobile=15200341770 ) LIMIT 1   [ RunTime:0.0002s ]
SQL: SELECT * FROM `onethink_ucenter_member` WHERE ( mobile=15273286058 ) LIMIT 1   [ RunTime:0.0002s ]
SQL: SELECT * FROM `onethink_ucenter_member` WHERE ( mobile=15273286058 ) LIMIT 1   [ RunTime:0.0002s ]
SQL: SELECT * FROM `onethink_ucenter_member` WHERE ( mobile=15273286058 ) LIMIT 1   [ RunTime:0.0002s ]
SQL: SELECT * FROM `onethink_ucenter_member` WHERE ( mobile=15273286058 ) LIMIT 1   [ RunTime:0.0002s ]
INFO: [ view_parse ] --START--
INFO: [ template_filter ] --START--
INFO: Run Behavior\ContentReplaceBehavior [ RunTime:0.000083s ]
INFO: [ template_filter ] --END-- [ RunTime:0.000155s ]
NOTIC: [8] Undefined index: status  /alidata/www/onethink/Runtime/Cache/Home/769e70f2e46f34ceb60619bbda5e4691.php 第 344 行.
NOTIC: [8] Undefined index: status  /alidata/www/onethink/Runtime/Cache/Home/769e70f2e46f34ceb60619bbda5e4691.php 第 344 行.
NOTIC: [8] Undefined index: status  /alidata/www/onethink/Runtime/Cache/Home/769e70f2e46f34ceb60619bbda5e4691.php 第 344 行.
NOTIC: [8] Undefined index: status  /alidata/www/onethink/Runtime/Cache/Home/769e70f2e46f34ceb60619bbda5e4691.php 第 344 行.
INFO: Run Behavior\ParseTemplateBehavior [ RunTime:0.015168s ]
INFO: [ view_parse ] --END-- [ RunTime:0.015223s ]
INFO: [ view_filter ] --START--
INFO: Run Behavior\WriteHtmlCacheBehavior [ RunTime:0.000216s ]
INFO: [ view_filter ] --END-- [ RunTime:0.000259s ]
INFO: [ app_end ] --START--
INFO: Run Behavior\ShowPageTraceBehavior [ RunTime:0.000505s ]
INFO: [ app_end ] --END-- [ RunTime:0.000557s ]

[ 2016-08-24T23:42:43+08:00 ] 69.30.198.178 /index.php?s=/Home/Index/individual.html
INFO: [ app_init ] --START--
INFO: Run Behavior\BuildLiteBehavior [ RunTime:0.000022s ]
INFO: Run Common\Behavior\InitHookBehavior [ RunTime:0.001190s ]
INFO: [ app_init ] --END-- [ RunTime:0.001584s ]
INFO: [ app_begin ] --START--
INFO: Run Behavior\ReadHtmlCacheBehavior [ RunTime:0.000468s ]
INFO: [ app_begin ] --END-- [ RunTime:0.000523s ]
SQL: SHOW COLUMNS FROM `onethink_config` [ RunTime:0.0010s ]
SQL: SELECT `type`,`name`,`value` FROM `onethink_config` WHERE `status` = 1  [ RunTime:0.0003s ]
INFO: [ view_parse ] --START--
INFO: [ template_filter ] --START--
INFO: Run Behavior\ContentReplaceBehavior [ RunTime:0.000057s ]
INFO: [ template_filter ] --END-- [ RunTime:0.000108s ]
NOTIC: [8] Undefined variable: balance /alidata/www/onethink/Runtime/Cache/Home/377921d330be1124206f694247193724.php 第 109 行.
INFO: Run Behavior\ParseTemplateBehavior [ RunTime:0.009349s ]
INFO: [ view_parse ] --END-- [ RunTime:0.009394s ]
INFO: [ view_filter ] --START--
INFO: Run Behavior\WriteHtmlCacheBehavior [ RunTime:0.000135s ]
INFO: [ view_filter ] --END-- [ RunTime:0.000177s ]
INFO: [ app_end ] --START--
INFO: Run Behavior\ShowPageTraceBehavior [ RunTime:0.000433s ]
INFO: [ app_end ] --END-- [ RunTime:0.000477s ]

[ 2016-08-24T23:42:55+08:00 ] 69.30.198.178 /index.php?s=/Home/Index/say.html
INFO: [ app_init ] --START--
INFO: Run Behavior\BuildLiteBehavior [ RunTime:0.000032s ]
INFO: Run Common\Behavior\InitHookBehavior [ RunTime:0.001971s ]
INFO: [ app_init ] --END-- [ RunTime:0.002649s ]
INFO: [ app_begin ] --START--
INFO: Run Behavior\ReadHtmlCacheBehavior [ RunTime:0.000419s ]
INFO: [ app_begin ] --END-- [ RunTime:0.000478s ]
SQL: SHOW COLUMNS FROM `onethink_config` [ RunTime:0.0010s ]
SQL: SELECT `type`,`name`,`value` FROM `onethink_config` WHERE `status` = 1  [ RunTime:0.0003s ]
SQL: SHOW COLUMNS FROM `onethink_message` [ RunTime:0.0008s ]
SQL: SELECT * FROM `onethink_message` ORDER BY id desc LIMIT 50   [ RunTime:0.0003s ]
SQL: SHOW COLUMNS FROM `onethink_ucenter_member` [ RunTime:0.0008s ]
SQL: SHOW COLUMNS FROM `onethink_messagecomment` [ RunTime:0.0006s ]
SQL: SELECT COUNT(*) AS tp_count FROM `onethink_messagecomment` WHERE ( mid=89 ) LIMIT 1   [ RunTime:0.0002s ]
SQL: SELECT * FROM `onethink_ucenter_member` WHERE ( mobile=18509312203 ) LIMIT 1   [ RunTime:0.0003s ]
SQL: SELECT COUNT(*) AS tp_count FROM `onethink_messagecomment` WHERE ( mid=88 ) LIMIT 1   [ RunTime:0.0002s ]
SQL: SELECT * FROM `onethink_ucenter_member` WHERE ( mobile=18693096098 ) LIMIT 1   [ RunTime:0.0004s ]
SQL: SELECT COUNT(*) AS tp_count FROM `onethink_messagecomment` WHERE ( mid=87 ) LIMIT 1   [ RunTime:0.0003s ]
SQL: SELECT * FROM `onethink_ucenter_member` WHERE ( mobile=18693096097 ) LIMIT 1   [ RunTime:0.0004s ]
SQL: SELECT COUNT(*) AS tp_count FROM `onethink_messagecomment` WHERE ( mid=86 ) LIMIT 1   [ RunTime:0.0002s ]
SQL: SELECT * FROM `onethink_ucenter_member` WHERE ( mobile=18189533020 ) LIMIT 1   [ RunTime:0.0003s ]
SQL: SELECT COUNT(*) AS tp_count FROM `onethink_messagecomment` WHERE ( mid=85 ) LIMIT 1   [ RunTime:0.0002s ]
SQL: SELECT * FROM `onethink_ucenter_member` WHERE ( mobile=18693096090 ) LIMIT 1   [ RunTime:0.0002s ]
SQL: SELECT COUNT(*) AS tp_count FROM `onethink_messagecomment` WHERE ( mid=84 ) LIMIT 1   [ RunTime:0.0002s ]
SQL: SELECT * FROM `onethink_ucenter_member` WHERE ( mobile=15273286058 ) LIMIT 1   [ RunTime:0.0004s ]
INFO: [ view_parse ] --START--
INFO: [ template_filter ] --START--
INFO: Run Behavior\ContentReplaceBehavior [ RunTime:0.000066s ]
INFO: [ template_filter ] --END-- [ RunTime:0.000121s ]
NOTIC: [8] Undefined index: 
					id  /alidata/www/onethink/Runtime/Cache/Home/223f28ddcae7e3da346754f7b52c27bb.php 第 171 行.
NOTIC: [8] Undefined index: 
					sex  /alidata/www/onethink/Runtime/Cache/Home/223f28ddcae7e3da346754f7b52c27bb.php 第 173 行.
NOTIC: [8] Undefined index: 
					time  /alidata/www/onethink/Runtime/Cache/Home/223f28ddcae7e3da346754f7b52c27bb.php 第 175 行.
NOTIC: [8] Undefined index: 
					school  /alidata/www/onethink/Runtime/Cache/Home/223f28ddcae7e3da346754f7b52c27bb.php 第 177 行.
NOTIC: [8] Undefined index: 
					username  /alidata/www/onethink/Runtime/Cache/Home/223f28ddcae7e3da346754f7b52c27bb.php 第 179 行.
NOTIC: [8] Undefined index: 
					content  /alidata/www/onethink/Runtime/Cache/Home/223f28ddcae7e3da346754f7b52c27bb.php 第 181 行.
NOTIC: [8] Undefined index: 
					mobile  /alidata/www/onethink/Runtime/Cache/Home/223f28ddcae7e3da346754f7b52c27bb.php 第 183 行.
INFO: Run Behavior\ParseTemplateBehavior [ RunTime:0.010982s ]
INFO: [ view_parse ] --END-- [ RunTime:0.011027s ]
INFO: [ view_filter ] --START--
INFO: Run Behavior\WriteHtmlCacheBehavior [ RunTime:0.000152s ]
INFO: [ view_filter ] --END-- [ RunTime:0.000194s ]
INFO: [ app_end ] --START--
INFO: Run Behavior\ShowPageTraceBehavior [ RunTime:0.000483s ]
INFO: [ app_end ] --END-- [ RunTime:0.000534s ]

[ 2016-08-24T23:59:00+08:00 ] 61.135.190.220 /
INFO: [ app_init ] --START--
INFO: Run Behavior\BuildLiteBehavior [ RunTime:0.000017s ]
INFO: Run Common\Behavior\InitHookBehavior [ RunTime:0.001105s ]
INFO: [ app_init ] --END-- [ RunTime:0.001461s ]
INFO: [ app_begin ] --START--
INFO: Run Behavior\ReadHtmlCacheBehavior [ RunTime:0.000395s ]
INFO: [ app_begin ] --END-- [ RunTime:0.000445s ]
SQL: SHOW COLUMNS FROM `onethink_config` [ RunTime:0.0010s ]
SQL: SELECT `type`,`name`,`value` FROM `onethink_config` WHERE `status` = 1  [ RunTime:0.0003s ]
SQL: SHOW COLUMNS FROM `onethink_bill` [ RunTime:0.0007s ]
SQL: SHOW COLUMNS FROM `onethink_ucenter_member` [ RunTime:0.0012s ]
SQL: SELECT * FROM `onethink_bill` WHERE `status` > 0 ORDER BY time desc LIMIT 50   [ RunTime:0.0007s ]
SQL: SELECT * FROM `onethink_ucenter_member` WHERE ( mobile=13875296136 ) LIMIT 1   [ RunTime:0.0003s ]
SQL: SELECT * FROM `onethink_ucenter_member` WHERE ( mobile=13875296136 ) LIMIT 1   [ RunTime:0.0003s ]
SQL: SELECT * FROM `onethink_ucenter_member` WHERE ( mobile=13875296136 ) LIMIT 1   [ RunTime:0.0003s ]
SQL: SELECT * FROM `onethink_ucenter_member` WHERE ( mobile=15273286058 ) LIMIT 1   [ RunTime:0.0003s ]
SQL: SELECT * FROM `onethink_ucenter_member` WHERE ( mobile=15273286058 ) LIMIT 1   [ RunTime:0.0003s ]
SQL: SELECT * FROM `onethink_ucenter_member` WHERE ( mobile=15273286058 ) LIMIT 1   [ RunTime:0.0003s ]
SQL: SELECT * FROM `onethink_ucenter_member` WHERE ( mobile=15197263322 ) LIMIT 1   [ RunTime:0.0003s ]
SQL: SELECT * FROM `onethink_ucenter_member` WHERE ( mobile=15200341770 ) LIMIT 1   [ RunTime:0.0003s ]
SQL: SELECT * FROM `onethink_ucenter_member` WHERE ( mobile=15200341770 ) LIMIT 1   [ RunTime:0.0003s ]
SQL: SELECT * FROM `onethink_ucenter_member` WHERE ( mobile=15273286058 ) LIMIT 1   [ RunTime:0.0002s ]
SQL: SELECT * FROM `onethink_ucenter_member` WHERE ( mobile=15273286058 ) LIMIT 1   [ RunTime:0.0003s ]
SQL: SELECT * FROM `onethink_ucenter_member` WHERE ( mobile=15273286058 ) LIMIT 1   [ RunTime:0.0002s ]
SQL: SELECT * FROM `onethink_ucenter_member` WHERE ( mobile=15273286058 ) LIMIT 1   [ RunTime:0.0002s ]
INFO: [ view_parse ] --START--
INFO: [ template_filter ] --START--
INFO: Run Behavior\ContentReplaceBehavior [ RunTime:0.000084s ]
INFO: [ template_filter ] --END-- [ RunTime:0.000151s ]
NOTIC: [8] Undefined index: status  /alidata/www/onethink/Runtime/Cache/Home/769e70f2e46f34ceb60619bbda5e4691.php 第 344 行.
NOTIC: [8] Undefined index: status  /alidata/www/onethink/Runtime/Cache/Home/769e70f2e46f34ceb60619bbda5e4691.php 第 344 行.
NOTIC: [8] Undefined index: status  /alidata/www/onethink/Runtime/Cache/Home/769e70f2e46f34ceb60619bbda5e4691.php 第 344 行.
NOTIC: [8] Undefined index: status  /alidata/www/onethink/Runtime/Cache/Home/769e70f2e46f34ceb60619bbda5e4691.php 第 344 行.
INFO: Run Behavior\ParseTemplateBehavior [ RunTime:0.015389s ]
INFO: [ view_parse ] --END-- [ RunTime:0.015498s ]
INFO: [ view_filter ] --START--
INFO: Run Behavior\WriteHtmlCacheBehavior [ RunTime:0.000163s ]
INFO: [ view_filter ] --END-- [ RunTime:0.000206s ]
INFO: [ app_end ] --START--
INFO: Run Behavior\ShowPageTraceBehavior [ RunTime:0.000438s ]
INFO: [ app_end ] --END-- [ RunTime:0.000487s ]

