[ 2016-03-25T23:30:57+08:00 ] 117.185.24.135 /
INFO: [ app_init ] --START--
INFO: Run Behavior\BuildLiteBehavior [ RunTime:0.000015s ]
INFO: Run Common\Behavior\InitHookBehavior [ RunTime:0.001132s ]
INFO: [ app_init ] --END-- [ RunTime:0.005551s ]
INFO: [ app_begin ] --START--
INFO: Run Behavior\ReadHtmlCacheBehavior [ RunTime:0.000383s ]
INFO: [ app_begin ] --END-- [ RunTime:0.000434s ]
SQL: SHOW COLUMNS FROM `onethink_config` [ RunTime:0.0007s ]
SQL: SELECT `type`,`name`,`value` FROM `onethink_config` WHERE `status` = 1  [ RunTime:0.0007s ]
SQL: SHOW COLUMNS FROM `onethink_bill` [ RunTime:0.0016s ]
SQL: SHOW COLUMNS FROM `onethink_ucenter_member` [ RunTime:0.0016s ]
SQL: SELECT * FROM `onethink_bill` WHERE `status` > 0 ORDER BY time desc LIMIT 50   [ RunTime:0.0004s ]
SQL: SELECT * FROM `onethink_ucenter_member` WHERE ( mobile=13875296136 ) LIMIT 1   [ RunTime:0.0003s ]
NOTIC: [8] Undefined variable: pda /alidata/www/onethink/Application/Home/Common/function.php 第 67 行.
SQL: SELECT * FROM `onethink_ucenter_member` WHERE ( mobile=13875296136 ) LIMIT 1   [ RunTime:0.0025s ]
NOTIC: [8] Undefined variable: pda /alidata/www/onethink/Application/Home/Common/function.php 第 67 行.
SQL: SELECT * FROM `onethink_ucenter_member` WHERE ( mobile=15273286058 ) LIMIT 1   [ RunTime:0.0003s ]
SQL: SELECT * FROM `onethink_ucenter_member` WHERE ( mobile=15273286058 ) LIMIT 1   [ RunTime:0.0002s ]
SQL: SELECT * FROM `onethink_ucenter_member` WHERE ( mobile=15273286058 ) LIMIT 1   [ RunTime:0.0003s ]
SQL: SELECT * FROM `onethink_ucenter_member` WHERE ( mobile=15197263322 ) LIMIT 1   [ RunTime:0.0003s ]
SQL: SELECT * FROM `onethink_ucenter_member` WHERE ( mobile=15200341770 ) LIMIT 1   [ RunTime:0.0003s ]
SQL: SELECT * FROM `onethink_ucenter_member` WHERE ( mobile=15200341770 ) LIMIT 1   [ RunTime:0.0002s ]
SQL: SELECT * FROM `onethink_ucenter_member` WHERE ( mobile=15273286058 ) LIMIT 1   [ RunTime:0.0008s ]
SQL: SELECT * FROM `onethink_ucenter_member` WHERE ( mobile=15273286058 ) LIMIT 1   [ RunTime:0.0005s ]
SQL: SELECT * FROM `onethink_ucenter_member` WHERE ( mobile=15273286058 ) LIMIT 1   [ RunTime:0.0031s ]
SQL: SELECT * FROM `onethink_ucenter_member` WHERE ( mobile=15273286058 ) LIMIT 1   [ RunTime:0.0003s ]
INFO: [ view_parse ] --START--
INFO: [ template_filter ] --START--
INFO: Run Behavior\ContentReplaceBehavior [ RunTime:0.000084s ]
INFO: [ template_filter ] --END-- [ RunTime:0.000139s ]
NOTIC: [8] Undefined index: status  /alidata/www/onethink/Runtime/Cache/Home/769e70f2e46f34ceb60619bbda5e4691.php 第 344 行.
NOTIC: [8] Undefined index: status  /alidata/www/onethink/Runtime/Cache/Home/769e70f2e46f34ceb60619bbda5e4691.php 第 344 行.
NOTIC: [8] Undefined index: status  /alidata/www/onethink/Runtime/Cache/Home/769e70f2e46f34ceb60619bbda5e4691.php 第 344 行.
NOTIC: [8] Undefined index: status  /alidata/www/onethink/Runtime/Cache/Home/769e70f2e46f34ceb60619bbda5e4691.php 第 344 行.
INFO: Run Behavior\ParseTemplateBehavior [ RunTime:0.026883s ]
INFO: [ view_parse ] --END-- [ RunTime:0.026933s ]
INFO: [ view_filter ] --START--
INFO: Run Behavior\WriteHtmlCacheBehavior [ RunTime:0.000149s ]
INFO: [ view_filter ] --END-- [ RunTime:0.000192s ]
INFO: [ app_end ] --START--
INFO: Run Behavior\ShowPageTraceBehavior [ RunTime:0.000451s ]
INFO: [ app_end ] --END-- [ RunTime:0.000506s ]

[ 2016-03-25T23:30:58+08:00 ] 140.207.63.102 /
INFO: [ app_init ] --START--
INFO: Run Behavior\BuildLiteBehavior [ RunTime:0.000019s ]
INFO: Run Common\Behavior\InitHookBehavior [ RunTime:0.001080s ]
INFO: [ app_init ] --END-- [ RunTime:0.001433s ]
INFO: [ app_begin ] --START--
INFO: Run Behavior\ReadHtmlCacheBehavior [ RunTime:0.000379s ]
INFO: [ app_begin ] --END-- [ RunTime:0.000429s ]
SQL: SHOW COLUMNS FROM `onethink_config` [ RunTime:0.0011s ]
SQL: SELECT `type`,`name`,`value` FROM `onethink_config` WHERE `status` = 1  [ RunTime:0.0004s ]
SQL: SHOW COLUMNS FROM `onethink_bill` [ RunTime:0.0008s ]
SQL: SHOW COLUMNS FROM `onethink_ucenter_member` [ RunTime:0.0009s ]
SQL: SELECT * FROM `onethink_bill` WHERE `status` > 0 ORDER BY time desc LIMIT 50   [ RunTime:0.0004s ]
SQL: SELECT * FROM `onethink_ucenter_member` WHERE ( mobile=13875296136 ) LIMIT 1   [ RunTime:0.0004s ]
NOTIC: [8] Undefined variable: pda /alidata/www/onethink/Application/Home/Common/function.php 第 67 行.
SQL: SELECT * FROM `onethink_ucenter_member` WHERE ( mobile=13875296136 ) LIMIT 1   [ RunTime:0.0003s ]
NOTIC: [8] Undefined variable: pda /alidata/www/onethink/Application/Home/Common/function.php 第 67 行.
SQL: SELECT * FROM `onethink_ucenter_member` WHERE ( mobile=15273286058 ) LIMIT 1   [ RunTime:0.0002s ]
SQL: SELECT * FROM `onethink_ucenter_member` WHERE ( mobile=15273286058 ) LIMIT 1   [ RunTime:0.0002s ]
SQL: SELECT * FROM `onethink_ucenter_member` WHERE ( mobile=15273286058 ) LIMIT 1   [ RunTime:0.0003s ]
SQL: SELECT * FROM `onethink_ucenter_member` WHERE ( mobile=15197263322 ) LIMIT 1   [ RunTime:0.0003s ]
SQL: SELECT * FROM `onethink_ucenter_member` WHERE ( mobile=15200341770 ) LIMIT 1   [ RunTime:0.0005s ]
SQL: SELECT * FROM `onethink_ucenter_member` WHERE ( mobile=15200341770 ) LIMIT 1   [ RunTime:0.0003s ]
SQL: SELECT * FROM `onethink_ucenter_member` WHERE ( mobile=15273286058 ) LIMIT 1   [ RunTime:0.0003s ]
SQL: SELECT * FROM `onethink_ucenter_member` WHERE ( mobile=15273286058 ) LIMIT 1   [ RunTime:0.0002s ]
SQL: SELECT * FROM `onethink_ucenter_member` WHERE ( mobile=15273286058 ) LIMIT 1   [ RunTime:0.0003s ]
SQL: SELECT * FROM `onethink_ucenter_member` WHERE ( mobile=15273286058 ) LIMIT 1   [ RunTime:0.0002s ]
INFO: [ view_parse ] --START--
INFO: [ template_filter ] --START--
INFO: Run Behavior\ContentReplaceBehavior [ RunTime:0.000113s ]
INFO: [ template_filter ] --END-- [ RunTime:0.000205s ]
NOTIC: [8] Undefined index: status  /alidata/www/onethink/Runtime/Cache/Home/769e70f2e46f34ceb60619bbda5e4691.php 第 344 行.
NOTIC: [8] Undefined index: status  /alidata/www/onethink/Runtime/Cache/Home/769e70f2e46f34ceb60619bbda5e4691.php 第 344 行.
NOTIC: [8] Undefined index: status  /alidata/www/onethink/Runtime/Cache/Home/769e70f2e46f34ceb60619bbda5e4691.php 第 344 行.
NOTIC: [8] Undefined index: status  /alidata/www/onethink/Runtime/Cache/Home/769e70f2e46f34ceb60619bbda5e4691.php 第 344 行.
INFO: Run Behavior\ParseTemplateBehavior [ RunTime:0.016474s ]
INFO: [ view_parse ] --END-- [ RunTime:0.016522s ]
INFO: [ view_filter ] --START--
INFO: Run Behavior\WriteHtmlCacheBehavior [ RunTime:0.000151s ]
INFO: [ view_filter ] --END-- [ RunTime:0.000191s ]
INFO: [ app_end ] --START--
INFO: Run Behavior\ShowPageTraceBehavior [ RunTime:0.000469s ]
INFO: [ app_end ] --END-- [ RunTime:0.000524s ]

[ 2016-03-25T23:52:21+08:00 ] 124.152.59.170 /
INFO: [ app_init ] --START--
INFO: Run Behavior\BuildLiteBehavior [ RunTime:0.000017s ]
INFO: Run Common\Behavior\InitHookBehavior [ RunTime:0.001098s ]
INFO: [ app_init ] --END-- [ RunTime:0.001494s ]
INFO: [ app_begin ] --START--
INFO: Run Behavior\ReadHtmlCacheBehavior [ RunTime:0.000389s ]
INFO: [ app_begin ] --END-- [ RunTime:0.000439s ]
SQL: SHOW COLUMNS FROM `onethink_config` [ RunTime:0.0009s ]
SQL: SELECT `type`,`name`,`value` FROM `onethink_config` WHERE `status` = 1  [ RunTime:0.0003s ]
SQL: SHOW COLUMNS FROM `onethink_bill` [ RunTime:0.0007s ]
SQL: SHOW COLUMNS FROM `onethink_ucenter_member` [ RunTime:0.0009s ]
SQL: SELECT * FROM `onethink_bill` WHERE `status` > 0 ORDER BY time desc LIMIT 50   [ RunTime:0.0004s ]
SQL: SELECT * FROM `onethink_ucenter_member` WHERE ( mobile=13875296136 ) LIMIT 1   [ RunTime:0.0003s ]
NOTIC: [8] Undefined variable: pda /alidata/www/onethink/Application/Home/Common/function.php 第 67 行.
SQL: SELECT * FROM `onethink_ucenter_member` WHERE ( mobile=13875296136 ) LIMIT 1   [ RunTime:0.0003s ]
NOTIC: [8] Undefined variable: pda /alidata/www/onethink/Application/Home/Common/function.php 第 67 行.
SQL: SELECT * FROM `onethink_ucenter_member` WHERE ( mobile=15273286058 ) LIMIT 1   [ RunTime:0.0003s ]
SQL: SELECT * FROM `onethink_ucenter_member` WHERE ( mobile=15273286058 ) LIMIT 1   [ RunTime:0.0002s ]
SQL: SELECT * FROM `onethink_ucenter_member` WHERE ( mobile=15273286058 ) LIMIT 1   [ RunTime:0.0002s ]
SQL: SELECT * FROM `onethink_ucenter_member` WHERE ( mobile=15197263322 ) LIMIT 1   [ RunTime:0.0003s ]
SQL: SELECT * FROM `onethink_ucenter_member` WHERE ( mobile=15200341770 ) LIMIT 1   [ RunTime:0.0002s ]
SQL: SELECT * FROM `onethink_ucenter_member` WHERE ( mobile=15200341770 ) LIMIT 1   [ RunTime:0.0003s ]
SQL: SELECT * FROM `onethink_ucenter_member` WHERE ( mobile=15273286058 ) LIMIT 1   [ RunTime:0.0002s ]
SQL: SELECT * FROM `onethink_ucenter_member` WHERE ( mobile=15273286058 ) LIMIT 1   [ RunTime:0.0002s ]
SQL: SELECT * FROM `onethink_ucenter_member` WHERE ( mobile=15273286058 ) LIMIT 1   [ RunTime:0.0002s ]
SQL: SELECT * FROM `onethink_ucenter_member` WHERE ( mobile=15273286058 ) LIMIT 1   [ RunTime:0.0002s ]
INFO: [ view_parse ] --START--
INFO: [ template_filter ] --START--
INFO: Run Behavior\ContentReplaceBehavior [ RunTime:0.000078s ]
INFO: [ template_filter ] --END-- [ RunTime:0.000130s ]
NOTIC: [8] Undefined index: status  /alidata/www/onethink/Runtime/Cache/Home/769e70f2e46f34ceb60619bbda5e4691.php 第 344 行.
NOTIC: [8] Undefined index: status  /alidata/www/onethink/Runtime/Cache/Home/769e70f2e46f34ceb60619bbda5e4691.php 第 344 行.
NOTIC: [8] Undefined index: status  /alidata/www/onethink/Runtime/Cache/Home/769e70f2e46f34ceb60619bbda5e4691.php 第 344 行.
NOTIC: [8] Undefined index: status  /alidata/www/onethink/Runtime/Cache/Home/769e70f2e46f34ceb60619bbda5e4691.php 第 344 行.
INFO: Run Behavior\ParseTemplateBehavior [ RunTime:0.014451s ]
INFO: [ view_parse ] --END-- [ RunTime:0.014496s ]
INFO: [ view_filter ] --START--
INFO: Run Behavior\WriteHtmlCacheBehavior [ RunTime:0.000138s ]
INFO: [ view_filter ] --END-- [ RunTime:0.000179s ]
INFO: [ app_end ] --START--
INFO: Run Behavior\ShowPageTraceBehavior [ RunTime:0.000416s ]
INFO: [ app_end ] --END-- [ RunTime:0.000465s ]

[ 2016-03-25T23:52:41+08:00 ] 124.152.59.170 /index.php?s=/Home/Index/publish.html
INFO: [ app_init ] --START--
INFO: Run Behavior\BuildLiteBehavior [ RunTime:0.000018s ]
INFO: Run Common\Behavior\InitHookBehavior [ RunTime:0.001138s ]
INFO: [ app_init ] --END-- [ RunTime:0.001488s ]
INFO: [ app_begin ] --START--
INFO: Run Behavior\ReadHtmlCacheBehavior [ RunTime:0.000419s ]
INFO: [ app_begin ] --END-- [ RunTime:0.000469s ]
SQL: SHOW COLUMNS FROM `onethink_config` [ RunTime:0.0011s ]
SQL: SELECT `type`,`name`,`value` FROM `onethink_config` WHERE `status` = 1  [ RunTime:0.0003s ]
SQL: SHOW COLUMNS FROM `onethink_ucenter_member` [ RunTime:0.0008s ]
NOTIC: [8] Undefined variable: condition /alidata/www/onethink/Application/Home/Controller/IndexController.class.php 第 389 行.
SQL: SELECT * FROM `onethink_ucenter_member` LIMIT 1   [ RunTime:0.0002s ]
INFO: [ view_parse ] --START--
INFO: [ template_filter ] --START--
INFO: Run Behavior\ContentReplaceBehavior [ RunTime:0.000069s ]
INFO: [ template_filter ] --END-- [ RunTime:0.000122s ]
INFO: Run Behavior\ParseTemplateBehavior [ RunTime:0.009397s ]
INFO: [ view_parse ] --END-- [ RunTime:0.009446s ]
INFO: [ view_filter ] --START--
INFO: Run Behavior\WriteHtmlCacheBehavior [ RunTime:0.000154s ]
INFO: [ view_filter ] --END-- [ RunTime:0.000202s ]
INFO: [ app_end ] --START--
INFO: Run Behavior\ShowPageTraceBehavior [ RunTime:0.000421s ]
INFO: [ app_end ] --END-- [ RunTime:0.000469s ]

[ 2016-03-25T23:54:25+08:00 ] 124.152.59.170 /index.php?s=/Home/Index/index.html
INFO: [ app_init ] --START--
INFO: Run Behavior\BuildLiteBehavior [ RunTime:0.000017s ]
INFO: Run Common\Behavior\InitHookBehavior [ RunTime:0.001097s ]
INFO: [ app_init ] --END-- [ RunTime:0.001502s ]
INFO: [ app_begin ] --START--
INFO: Run Behavior\ReadHtmlCacheBehavior [ RunTime:0.000404s ]
INFO: [ app_begin ] --END-- [ RunTime:0.000456s ]
SQL: SHOW COLUMNS FROM `onethink_config` [ RunTime:0.0011s ]
SQL: SELECT `type`,`name`,`value` FROM `onethink_config` WHERE `status` = 1  [ RunTime:0.0003s ]
SQL: SHOW COLUMNS FROM `onethink_bill` [ RunTime:0.0007s ]
SQL: SHOW COLUMNS FROM `onethink_ucenter_member` [ RunTime:0.0009s ]
SQL: SELECT * FROM `onethink_bill` WHERE `status` > 0 ORDER BY time desc LIMIT 50   [ RunTime:0.0004s ]
SQL: SELECT * FROM `onethink_ucenter_member` WHERE ( mobile=13875296136 ) LIMIT 1   [ RunTime:0.0003s ]
NOTIC: [8] Undefined variable: pda /alidata/www/onethink/Application/Home/Common/function.php 第 67 行.
SQL: SELECT * FROM `onethink_ucenter_member` WHERE ( mobile=13875296136 ) LIMIT 1   [ RunTime:0.0003s ]
NOTIC: [8] Undefined variable: pda /alidata/www/onethink/Application/Home/Common/function.php 第 67 行.
SQL: SELECT * FROM `onethink_ucenter_member` WHERE ( mobile=15273286058 ) LIMIT 1   [ RunTime:0.0003s ]
SQL: SELECT * FROM `onethink_ucenter_member` WHERE ( mobile=15273286058 ) LIMIT 1   [ RunTime:0.0002s ]
SQL: SELECT * FROM `onethink_ucenter_member` WHERE ( mobile=15273286058 ) LIMIT 1   [ RunTime:0.0003s ]
SQL: SELECT * FROM `onethink_ucenter_member` WHERE ( mobile=15197263322 ) LIMIT 1   [ RunTime:0.0003s ]
SQL: SELECT * FROM `onethink_ucenter_member` WHERE ( mobile=15200341770 ) LIMIT 1   [ RunTime:0.0003s ]
SQL: SELECT * FROM `onethink_ucenter_member` WHERE ( mobile=15200341770 ) LIMIT 1   [ RunTime:0.0002s ]
SQL: SELECT * FROM `onethink_ucenter_member` WHERE ( mobile=15273286058 ) LIMIT 1   [ RunTime:0.0002s ]
SQL: SELECT * FROM `onethink_ucenter_member` WHERE ( mobile=15273286058 ) LIMIT 1   [ RunTime:0.0003s ]
SQL: SELECT * FROM `onethink_ucenter_member` WHERE ( mobile=15273286058 ) LIMIT 1   [ RunTime:0.0002s ]
SQL: SELECT * FROM `onethink_ucenter_member` WHERE ( mobile=15273286058 ) LIMIT 1   [ RunTime:0.0002s ]
INFO: [ view_parse ] --START--
INFO: [ template_filter ] --START--
INFO: Run Behavior\ContentReplaceBehavior [ RunTime:0.000086s ]
INFO: [ template_filter ] --END-- [ RunTime:0.000138s ]
NOTIC: [8] Undefined index: status  /alidata/www/onethink/Runtime/Cache/Home/769e70f2e46f34ceb60619bbda5e4691.php 第 344 行.
NOTIC: [8] Undefined index: status  /alidata/www/onethink/Runtime/Cache/Home/769e70f2e46f34ceb60619bbda5e4691.php 第 344 行.
NOTIC: [8] Undefined index: status  /alidata/www/onethink/Runtime/Cache/Home/769e70f2e46f34ceb60619bbda5e4691.php 第 344 行.
NOTIC: [8] Undefined index: status  /alidata/www/onethink/Runtime/Cache/Home/769e70f2e46f34ceb60619bbda5e4691.php 第 344 行.
INFO: Run Behavior\ParseTemplateBehavior [ RunTime:0.014698s ]
INFO: [ view_parse ] --END-- [ RunTime:0.014748s ]
INFO: [ view_filter ] --START--
INFO: Run Behavior\WriteHtmlCacheBehavior [ RunTime:0.000140s ]
INFO: [ view_filter ] --END-- [ RunTime:0.000182s ]
INFO: [ app_end ] --START--
INFO: Run Behavior\ShowPageTraceBehavior [ RunTime:0.000427s ]
INFO: [ app_end ] --END-- [ RunTime:0.000478s ]

[ 2016-03-25T23:54:34+08:00 ] 124.152.59.170 /index.php?s=/Home/Index/publish.html
INFO: [ app_init ] --START--
INFO: Run Behavior\BuildLiteBehavior [ RunTime:0.000019s ]
INFO: Run Common\Behavior\InitHookBehavior [ RunTime:0.001358s ]
INFO: [ app_init ] --END-- [ RunTime:0.001792s ]
INFO: [ app_begin ] --START--
INFO: Run Behavior\ReadHtmlCacheBehavior [ RunTime:0.000483s ]
INFO: [ app_begin ] --END-- [ RunTime:0.000551s ]
SQL: SHOW COLUMNS FROM `onethink_config` [ RunTime:0.0011s ]
SQL: SELECT `type`,`name`,`value` FROM `onethink_config` WHERE `status` = 1  [ RunTime:0.0003s ]
SQL: SHOW COLUMNS FROM `onethink_ucenter_member` [ RunTime:0.0009s ]
NOTIC: [8] Undefined variable: condition /alidata/www/onethink/Application/Home/Controller/IndexController.class.php 第 389 行.
SQL: SELECT * FROM `onethink_ucenter_member` LIMIT 1   [ RunTime:0.0003s ]
INFO: [ view_parse ] --START--
INFO: [ template_filter ] --START--
INFO: Run Behavior\ContentReplaceBehavior [ RunTime:0.000104s ]
INFO: [ template_filter ] --END-- [ RunTime:0.000194s ]
INFO: Run Behavior\ParseTemplateBehavior [ RunTime:0.010260s ]
INFO: [ view_parse ] --END-- [ RunTime:0.010331s ]
INFO: [ view_filter ] --START--
INFO: Run Behavior\WriteHtmlCacheBehavior [ RunTime:0.000173s ]
INFO: [ view_filter ] --END-- [ RunTime:0.000219s ]
INFO: [ app_end ] --START--
INFO: Run Behavior\ShowPageTraceBehavior [ RunTime:0.000474s ]
INFO: [ app_end ] --END-- [ RunTime:0.000526s ]

[ 2016-03-25T23:54:47+08:00 ] 124.152.59.170 /
INFO: [ app_init ] --START--
INFO: Run Behavior\BuildLiteBehavior [ RunTime:0.000018s ]
INFO: Run Common\Behavior\InitHookBehavior [ RunTime:0.001084s ]
INFO: [ app_init ] --END-- [ RunTime:0.001430s ]
INFO: [ app_begin ] --START--
INFO: Run Behavior\ReadHtmlCacheBehavior [ RunTime:0.000448s ]
INFO: [ app_begin ] --END-- [ RunTime:0.000508s ]
SQL: SHOW COLUMNS FROM `onethink_config` [ RunTime:0.0011s ]
SQL: SELECT `type`,`name`,`value` FROM `onethink_config` WHERE `status` = 1  [ RunTime:0.0003s ]
SQL: SHOW COLUMNS FROM `onethink_bill` [ RunTime:0.0007s ]
SQL: SHOW COLUMNS FROM `onethink_ucenter_member` [ RunTime:0.0008s ]
SQL: SELECT * FROM `onethink_bill` WHERE `status` > 0 ORDER BY time desc LIMIT 50   [ RunTime:0.0004s ]
SQL: SELECT * FROM `onethink_ucenter_member` WHERE ( mobile=13875296136 ) LIMIT 1   [ RunTime:0.0004s ]
NOTIC: [8] Undefined variable: pda /alidata/www/onethink/Application/Home/Common/function.php 第 67 行.
SQL: SELECT * FROM `onethink_ucenter_member` WHERE ( mobile=13875296136 ) LIMIT 1   [ RunTime:0.0003s ]
NOTIC: [8] Undefined variable: pda /alidata/www/onethink/Application/Home/Common/function.php 第 67 行.
SQL: SELECT * FROM `onethink_ucenter_member` WHERE ( mobile=15273286058 ) LIMIT 1   [ RunTime:0.0003s ]
SQL: SELECT * FROM `onethink_ucenter_member` WHERE ( mobile=15273286058 ) LIMIT 1   [ RunTime:0.0003s ]
SQL: SELECT * FROM `onethink_ucenter_member` WHERE ( mobile=15273286058 ) LIMIT 1   [ RunTime:0.0003s ]
SQL: SELECT * FROM `onethink_ucenter_member` WHERE ( mobile=15197263322 ) LIMIT 1   [ RunTime:0.0003s ]
SQL: SELECT * FROM `onethink_ucenter_member` WHERE ( mobile=15200341770 ) LIMIT 1   [ RunTime:0.0003s ]
SQL: SELECT * FROM `onethink_ucenter_member` WHERE ( mobile=15200341770 ) LIMIT 1   [ RunTime:0.0002s ]
SQL: SELECT * FROM `onethink_ucenter_member` WHERE ( mobile=15273286058 ) LIMIT 1   [ RunTime:0.0002s ]
SQL: SELECT * FROM `onethink_ucenter_member` WHERE ( mobile=15273286058 ) LIMIT 1   [ RunTime:0.0002s ]
SQL: SELECT * FROM `onethink_ucenter_member` WHERE ( mobile=15273286058 ) LIMIT 1   [ RunTime:0.0002s ]
SQL: SELECT * FROM `onethink_ucenter_member` WHERE ( mobile=15273286058 ) LIMIT 1   [ RunTime:0.0002s ]
INFO: [ view_parse ] --START--
INFO: [ template_filter ] --START--
INFO: Run Behavior\ContentReplaceBehavior [ RunTime:0.000084s ]
INFO: [ template_filter ] --END-- [ RunTime:0.000143s ]
NOTIC: [8] Undefined index: status  /alidata/www/onethink/Runtime/Cache/Home/769e70f2e46f34ceb60619bbda5e4691.php 第 344 行.
NOTIC: [8] Undefined index: status  /alidata/www/onethink/Runtime/Cache/Home/769e70f2e46f34ceb60619bbda5e4691.php 第 344 行.
NOTIC: [8] Undefined index: status  /alidata/www/onethink/Runtime/Cache/Home/769e70f2e46f34ceb60619bbda5e4691.php 第 344 行.
NOTIC: [8] Undefined index: status  /alidata/www/onethink/Runtime/Cache/Home/769e70f2e46f34ceb60619bbda5e4691.php 第 344 行.
INFO: Run Behavior\ParseTemplateBehavior [ RunTime:0.014675s ]
INFO: [ view_parse ] --END-- [ RunTime:0.014726s ]
INFO: [ view_filter ] --START--
INFO: Run Behavior\WriteHtmlCacheBehavior [ RunTime:0.000154s ]
INFO: [ view_filter ] --END-- [ RunTime:0.000198s ]
INFO: [ app_end ] --START--
INFO: Run Behavior\ShowPageTraceBehavior [ RunTime:0.000493s ]
INFO: [ app_end ] --END-- [ RunTime:0.000541s ]

[ 2016-03-25T23:54:50+08:00 ] 124.152.59.170 /index.php?s=/Home/Index/individual.html
INFO: [ app_init ] --START--
INFO: Run Behavior\BuildLiteBehavior [ RunTime:0.000022s ]
INFO: Run Common\Behavior\InitHookBehavior [ RunTime:0.001203s ]
INFO: [ app_init ] --END-- [ RunTime:0.001642s ]
INFO: [ app_begin ] --START--
INFO: Run Behavior\ReadHtmlCacheBehavior [ RunTime:0.000409s ]
INFO: [ app_begin ] --END-- [ RunTime:0.000458s ]
SQL: SHOW COLUMNS FROM `onethink_config` [ RunTime:0.0012s ]
SQL: SELECT `type`,`name`,`value` FROM `onethink_config` WHERE `status` = 1  [ RunTime:0.0003s ]
INFO: [ view_parse ] --START--
INFO: [ template_filter ] --START--
INFO: Run Behavior\ContentReplaceBehavior [ RunTime:0.000061s ]
INFO: [ template_filter ] --END-- [ RunTime:0.000111s ]
NOTIC: [8] Undefined variable: balance /alidata/www/onethink/Runtime/Cache/Home/377921d330be1124206f694247193724.php 第 109 行.
INFO: Run Behavior\ParseTemplateBehavior [ RunTime:0.009475s ]
INFO: [ view_parse ] --END-- [ RunTime:0.009521s ]
INFO: [ view_filter ] --START--
INFO: Run Behavior\WriteHtmlCacheBehavior [ RunTime:0.000135s ]
INFO: [ view_filter ] --END-- [ RunTime:0.000177s ]
INFO: [ app_end ] --START--
INFO: Run Behavior\ShowPageTraceBehavior [ RunTime:0.000436s ]
INFO: [ app_end ] --END-- [ RunTime:0.000479s ]

[ 2016-03-25T23:54:56+08:00 ] 124.152.59.170 /index.php?s=/Home/User/login.html&openid=omDxFw6iV9J3P1yRsER1HJCKKjKE
INFO: [ app_init ] --START--
INFO: Run Behavior\BuildLiteBehavior [ RunTime:0.000016s ]
INFO: Run Common\Behavior\InitHookBehavior [ RunTime:0.001099s ]
INFO: [ app_init ] --END-- [ RunTime:0.001456s ]
INFO: [ app_begin ] --START--
INFO: Run Behavior\ReadHtmlCacheBehavior [ RunTime:0.000382s ]
INFO: [ app_begin ] --END-- [ RunTime:0.000433s ]
SQL: SHOW COLUMNS FROM `onethink_config` [ RunTime:0.0011s ]
SQL: SELECT `type`,`name`,`value` FROM `onethink_config` WHERE `status` = 1  [ RunTime:0.0003s ]
SQL: SHOW COLUMNS FROM `onethink_openid` [ RunTime:0.0006s ]
SQL: SELECT * FROM `onethink_openid` WHERE ( openids = 'omDxFw6iV9J3P1yRsER1HJCKKjKE' ) ORDER BY time desc LIMIT 1   [ RunTime:0.0003s ]
INFO: [ view_parse ] --START--
INFO: [ template_filter ] --START--
INFO: Run Behavior\ContentReplaceBehavior [ RunTime:0.000078s ]
INFO: [ template_filter ] --END-- [ RunTime:0.000162s ]
INFO: Run Behavior\ParseTemplateBehavior [ RunTime:0.007377s ]
INFO: [ view_parse ] --END-- [ RunTime:0.007443s ]
INFO: [ view_filter ] --START--
INFO: Run Behavior\WriteHtmlCacheBehavior [ RunTime:0.000161s ]
INFO: [ view_filter ] --END-- [ RunTime:0.000212s ]
INFO: [ app_end ] --START--
INFO: Run Behavior\ShowPageTraceBehavior [ RunTime:0.000446s ]
INFO: [ app_end ] --END-- [ RunTime:0.000491s ]

[ 2016-03-25T23:55:04+08:00 ] 124.152.59.170 /index.php?s=/Home/Index/individual.html
INFO: [ app_init ] --START--
INFO: Run Behavior\BuildLiteBehavior [ RunTime:0.000015s ]
INFO: Run Common\Behavior\InitHookBehavior [ RunTime:0.001222s ]
INFO: [ app_init ] --END-- [ RunTime:0.001570s ]
INFO: [ app_begin ] --START--
INFO: Run Behavior\ReadHtmlCacheBehavior [ RunTime:0.000389s ]
INFO: [ app_begin ] --END-- [ RunTime:0.000438s ]
SQL: SHOW COLUMNS FROM `onethink_config` [ RunTime:0.0010s ]
SQL: SELECT `type`,`name`,`value` FROM `onethink_config` WHERE `status` = 1  [ RunTime:0.0003s ]
INFO: [ view_parse ] --START--
INFO: [ template_filter ] --START--
INFO: Run Behavior\ContentReplaceBehavior [ RunTime:0.000057s ]
INFO: [ template_filter ] --END-- [ RunTime:0.000106s ]
NOTIC: [8] Undefined variable: balance /alidata/www/onethink/Runtime/Cache/Home/377921d330be1124206f694247193724.php 第 109 行.
INFO: Run Behavior\ParseTemplateBehavior [ RunTime:0.009616s ]
INFO: [ view_parse ] --END-- [ RunTime:0.009662s ]
INFO: [ view_filter ] --START--
INFO: Run Behavior\WriteHtmlCacheBehavior [ RunTime:0.000135s ]
INFO: [ view_filter ] --END-- [ RunTime:0.000175s ]
INFO: [ app_end ] --START--
INFO: Run Behavior\ShowPageTraceBehavior [ RunTime:0.000402s ]
INFO: [ app_end ] --END-- [ RunTime:0.000446s ]

