[ 2016-03-09T09:29:10+08:00 ] 123.151.42.47 /index.php?s=/index.php/s/%2FHome%2FPay%2Fgot.html.html
INFO: [ app_init ] --START--
INFO: Run Behavior\BuildLiteBehavior [ RunTime:0.000017s ]
INFO: Run Common\Behavior\InitHookBehavior [ RunTime:0.001147s ]
INFO: [ app_init ] --END-- [ RunTime:0.001490s ]
ERR: 无法加载模块:Index.php

[ 2016-03-09T09:29:29+08:00 ] 123.151.42.47 /index.php?s=/index.php/s/%2FHome%2FPay%2Fgot.html.html
INFO: [ app_init ] --START--
INFO: Run Behavior\BuildLiteBehavior [ RunTime:0.000016s ]
INFO: Run Common\Behavior\InitHookBehavior [ RunTime:0.001165s ]
INFO: [ app_init ] --END-- [ RunTime:0.001533s ]
ERR: 无法加载模块:Index.php

[ 2016-03-09T09:29:31+08:00 ] 123.151.42.47 /index.php?s=/index.php/s/%2FHome%2FPay%2Fgot.html.html
INFO: [ app_init ] --START--
INFO: Run Behavior\BuildLiteBehavior [ RunTime:0.000019s ]
INFO: Run Common\Behavior\InitHookBehavior [ RunTime:0.001204s ]
INFO: [ app_init ] --END-- [ RunTime:0.001564s ]
ERR: 无法加载模块:Index.php

[ 2016-03-09T09:29:32+08:00 ] 123.151.42.47 /index.php?s=/index.php/s/%2FHome%2FPay%2Fgot.html.html
INFO: [ app_init ] --START--
INFO: Run Behavior\BuildLiteBehavior [ RunTime:0.000016s ]
INFO: Run Common\Behavior\InitHookBehavior [ RunTime:0.001173s ]
INFO: [ app_init ] --END-- [ RunTime:0.001540s ]
ERR: 无法加载模块:Index.php

[ 2016-03-09T09:29:32+08:00 ] 123.151.42.47 /index.php?s=/index.php/s/%2FHome%2FPay%2Fgot.html.html
INFO: [ app_init ] --START--
INFO: Run Behavior\BuildLiteBehavior [ RunTime:0.000016s ]
INFO: Run Common\Behavior\InitHookBehavior [ RunTime:0.001084s ]
INFO: [ app_init ] --END-- [ RunTime:0.001431s ]
ERR: 无法加载模块:Index.php

[ 2016-03-09T09:29:32+08:00 ] 61.49.57.60 /index.php?s=/index.php/s/%2FHome%2FPay%2Fgot.html.html
INFO: [ app_init ] --START--
INFO: Run Behavior\BuildLiteBehavior [ RunTime:0.000017s ]
INFO: Run Common\Behavior\InitHookBehavior [ RunTime:0.001125s ]
INFO: [ app_init ] --END-- [ RunTime:0.001486s ]
ERR: 无法加载模块:Index.php

[ 2016-03-09T09:29:32+08:00 ] 123.151.42.47 /index.php?s=/index.php/s/%2FHome%2FPay%2Fgot.html.html
INFO: [ app_init ] --START--
INFO: Run Behavior\BuildLiteBehavior [ RunTime:0.000021s ]
INFO: Run Common\Behavior\InitHookBehavior [ RunTime:0.001095s ]
INFO: [ app_init ] --END-- [ RunTime:0.001466s ]
ERR: 无法加载模块:Index.php

