[ 2016-03-10T14:10:22+08:00 ] 223.156.180.246 /index.php?s=/_______Home%20/%20Index%20/%20bill%20.html
INFO: [ app_init ] --START--
INFO: Run Behavior\BuildLiteBehavior [ RunTime:0.000016s ]
INFO: Run Common\Behavior\InitHookBehavior [ RunTime:0.001094s ]
INFO: [ app_init ] --END-- [ RunTime:0.001438s ]
ERR: 无法加载模块:_______Home 

[ 2016-03-10T14:10:29+08:00 ] 223.156.180.246 /index.php?s=/_______Home%20/%20Index%20/%20bill%20.html
INFO: [ app_init ] --START--
INFO: Run Behavior\BuildLiteBehavior [ RunTime:0.000017s ]
INFO: Run Common\Behavior\InitHookBehavior [ RunTime:0.001146s ]
INFO: [ app_init ] --END-- [ RunTime:0.001504s ]
ERR: 无法加载模块:_______Home 

[ 2016-03-10T14:10:35+08:00 ] 223.156.180.246 /index.php?s=/_______Home%20/%20Index%20/%20bill%20.html
INFO: [ app_init ] --START--
INFO: Run Behavior\BuildLiteBehavior [ RunTime:0.000016s ]
INFO: Run Common\Behavior\InitHookBehavior [ RunTime:0.001117s ]
INFO: [ app_init ] --END-- [ RunTime:0.001463s ]
ERR: 无法加载模块:_______Home 

[ 2016-03-10T15:01:35+08:00 ] 117.156.14.253 /index.php?s=/_______Home%20/%20Index%20/%20bill%20.html
INFO: [ app_init ] --START--
INFO: Run Behavior\BuildLiteBehavior [ RunTime:0.000016s ]
INFO: Run Common\Behavior\InitHookBehavior [ RunTime:0.001203s ]
INFO: [ app_init ] --END-- [ RunTime:0.001583s ]
ERR: 无法加载模块:_______Home 

[ 2016-03-10T15:01:44+08:00 ] 117.156.14.253 /index.php?s=/_______Home%20/%20Index%20/%20bill%20.html
INFO: [ app_init ] --START--
INFO: Run Behavior\BuildLiteBehavior [ RunTime:0.000018s ]
INFO: Run Common\Behavior\InitHookBehavior [ RunTime:0.001094s ]
INFO: [ app_init ] --END-- [ RunTime:0.001457s ]
ERR: 无法加载模块:_______Home 

[ 2016-03-10T15:02:06+08:00 ] 117.156.14.253 /index.php?s=/_______Home%20/%20Index%20/%20bill%20.html
INFO: [ app_init ] --START--
INFO: Run Behavior\BuildLiteBehavior [ RunTime:0.000017s ]
INFO: Run Common\Behavior\InitHookBehavior [ RunTime:0.001110s ]
INFO: [ app_init ] --END-- [ RunTime:0.001591s ]
ERR: 无法加载模块:_______Home 

[ 2016-03-10T15:06:15+08:00 ] 117.156.14.253 /index.php?s=/_______Home%20/%20Index%20/%20bill%20.html
INFO: [ app_init ] --START--
INFO: Run Behavior\BuildLiteBehavior [ RunTime:0.000019s ]
INFO: Run Common\Behavior\InitHookBehavior [ RunTime:0.001118s ]
INFO: [ app_init ] --END-- [ RunTime:0.001478s ]
ERR: 无法加载模块:_______Home 

[ 2016-03-10T15:13:55+08:00 ] 117.156.14.253 /index.php?s=/_______Home%20/%20Index%20/%20bill%20.html
INFO: [ app_init ] --START--
INFO: Run Behavior\BuildLiteBehavior [ RunTime:0.000017s ]
INFO: Run Common\Behavior\InitHookBehavior [ RunTime:0.001084s ]
INFO: [ app_init ] --END-- [ RunTime:0.001429s ]
ERR: 无法加载模块:_______Home 

[ 2016-03-10T15:22:06+08:00 ] 117.156.14.253 /index.php?s=/_______Home%20/%20Index%20/%20bill%20.html
INFO: [ app_init ] --START--
INFO: Run Behavior\BuildLiteBehavior [ RunTime:0.000018s ]
INFO: Run Common\Behavior\InitHookBehavior [ RunTime:0.001091s ]
INFO: [ app_init ] --END-- [ RunTime:0.001441s ]
ERR: 无法加载模块:_______Home 

[ 2016-03-10T15:23:05+08:00 ] 117.156.14.253 /index.php?s=/_______Home/Index/bill.html
INFO: [ app_init ] --START--
INFO: Run Behavior\BuildLiteBehavior [ RunTime:0.000019s ]
INFO: Run Common\Behavior\InitHookBehavior [ RunTime:0.001159s ]
INFO: [ app_init ] --END-- [ RunTime:0.001520s ]
ERR: 无法加载模块:_______Home

[ 2016-03-10T15:40:03+08:00 ] 117.156.14.253 /index.php?s=/_______Home/Index/bill.html
INFO: [ app_init ] --START--
INFO: Run Behavior\BuildLiteBehavior [ RunTime:0.000016s ]
INFO: Run Common\Behavior\InitHookBehavior [ RunTime:0.001159s ]
INFO: [ app_init ] --END-- [ RunTime:0.001516s ]
ERR: 无法加载模块:_______Home

[ 2016-03-10T15:42:31+08:00 ] 117.156.14.253 /index.php?s=/_______Home/Index/bill.html
INFO: [ app_init ] --START--
INFO: Run Behavior\BuildLiteBehavior [ RunTime:0.000020s ]
INFO: Run Common\Behavior\InitHookBehavior [ RunTime:0.001252s ]
INFO: [ app_init ] --END-- [ RunTime:0.001657s ]
ERR: 无法加载模块:_______Home

