[ 2016-03-03T07:00:36+08:00 ] 183.232.118.15 /index.php?s=/_______Home%20/%20Index%20/%20bill%20.html
INFO: [ app_init ] --START--
INFO: Run Behavior\BuildLiteBehavior [ RunTime:0.000016s ]
INFO: Run Common\Behavior\InitHookBehavior [ RunTime:0.001206s ]
INFO: [ app_init ] --END-- [ RunTime:0.001587s ]
ERR: 无法加载模块:_______Home 

[ 2016-03-03T07:01:49+08:00 ] 219.133.40.15 /index.php?s=/_______Home%20/%20Index%20/%20bill%20.html
INFO: [ app_init ] --START--
INFO: Run Behavior\BuildLiteBehavior [ RunTime:0.000021s ]
INFO: Run Common\Behavior\InitHookBehavior [ RunTime:0.001551s ]
INFO: [ app_init ] --END-- [ RunTime:0.001982s ]
ERR: 无法加载模块:_______Home 

[ 2016-03-03T08:18:50+08:00 ] 14.17.37.146 /index.php?s=/index.php/s/%2FHome%2FUser%2Flogin.html.html
INFO: [ app_init ] --START--
INFO: Run Behavior\BuildLiteBehavior [ RunTime:0.000016s ]
INFO: Run Common\Behavior\InitHookBehavior [ RunTime:0.001100s ]
INFO: [ app_init ] --END-- [ RunTime:0.001449s ]
ERR: 无法加载模块:Index.php

[ 2016-03-03T08:18:58+08:00 ] 14.17.37.146 /index.php?s=/index.php/s/%2FHome%2FUser%2Flogin.html.html
INFO: [ app_init ] --START--
INFO: Run Behavior\BuildLiteBehavior [ RunTime:0.000017s ]
INFO: Run Common\Behavior\InitHookBehavior [ RunTime:0.001125s ]
INFO: [ app_init ] --END-- [ RunTime:0.001472s ]
ERR: 无法加载模块:Index.php

[ 2016-03-03T08:19:03+08:00 ] 14.17.37.146 /index.php?s=/index.php/s/%2FHome%2FUser%2Flogin.html.html
INFO: [ app_init ] --START--
INFO: Run Behavior\BuildLiteBehavior [ RunTime:0.000016s ]
INFO: Run Common\Behavior\InitHookBehavior [ RunTime:0.001584s ]
INFO: [ app_init ] --END-- [ RunTime:0.001957s ]
ERR: 无法加载模块:Index.php

[ 2016-03-03T08:19:35+08:00 ] 183.232.90.80 /index.php?s=/index.php/s/%2FHome%2FUser%2Flogin.html.html
INFO: [ app_init ] --START--
INFO: Run Behavior\BuildLiteBehavior [ RunTime:0.000017s ]
INFO: Run Common\Behavior\InitHookBehavior [ RunTime:0.001442s ]
INFO: [ app_init ] --END-- [ RunTime:0.001791s ]
ERR: 无法加载模块:Index.php

[ 2016-03-03T08:19:38+08:00 ] 183.232.90.80 /index.php?s=/index.php/s/%2FHome%2FUser%2Flogin.html.html
INFO: [ app_init ] --START--
INFO: Run Behavior\BuildLiteBehavior [ RunTime:0.000016s ]
INFO: Run Common\Behavior\InitHookBehavior [ RunTime:0.001108s ]
INFO: [ app_init ] --END-- [ RunTime:0.001448s ]
ERR: 无法加载模块:Index.php

