[ 2016-04-15T13:43:25+08:00 ] 121.42.0.36 /index.php?m=Public&a=login
INFO: [ app_init ] --START--
INFO: Run Behavior\BuildLiteBehavior [ RunTime:0.000018s ]
INFO: Run Common\Behavior\InitHookBehavior [ RunTime:0.001090s ]
INFO: [ app_init ] --END-- [ RunTime:0.001435s ]
ERR: 无法加载模块:Public

[ 2016-04-15T13:51:55+08:00 ] 121.42.0.36 /index.php?m=Public&a=login
INFO: [ app_init ] --START--
INFO: Run Behavior\BuildLiteBehavior [ RunTime:0.000016s ]
INFO: Run Common\Behavior\InitHookBehavior [ RunTime:0.001102s ]
INFO: [ app_init ] --END-- [ RunTime:0.001446s ]
ERR: 无法加载模块:Public

[ 2016-04-15T13:51:57+08:00 ] 121.42.0.36 /index.php?m=Public&a=login
INFO: [ app_init ] --START--
INFO: Run Behavior\BuildLiteBehavior [ RunTime:0.000020s ]
INFO: Run Common\Behavior\InitHookBehavior [ RunTime:0.001171s ]
INFO: [ app_init ] --END-- [ RunTime:0.001633s ]
ERR: 无法加载模块:Public

[ 2016-04-15T15:32:18+08:00 ] 121.42.0.75 /index.php?m=Public&a=login
INFO: [ app_init ] --START--
INFO: Run Behavior\BuildLiteBehavior [ RunTime:0.000016s ]
INFO: Run Common\Behavior\InitHookBehavior [ RunTime:0.001234s ]
INFO: [ app_init ] --END-- [ RunTime:0.001573s ]
ERR: 无法加载模块:Public

[ 2016-04-15T15:33:52+08:00 ] 121.42.0.75 /index.php?m=Public&a=login
INFO: [ app_init ] --START--
INFO: Run Behavior\BuildLiteBehavior [ RunTime:0.000017s ]
INFO: Run Common\Behavior\InitHookBehavior [ RunTime:0.001069s ]
INFO: [ app_init ] --END-- [ RunTime:0.001504s ]
ERR: 无法加载模块:Public

