[ 2016-03-05T23:16:32+08:00 ] 14.17.37.161 /index.php?s=/index.php/s/%2FHome%2FUser%2Flogin.html.html
INFO: [ app_init ] --START--
INFO: Run Behavior\BuildLiteBehavior [ RunTime:0.000017s ]
INFO: Run Common\Behavior\InitHookBehavior [ RunTime:0.001083s ]
INFO: [ app_init ] --END-- [ RunTime:0.001431s ]
ERR: 无法加载模块:Index.php

[ 2016-03-05T23:16:33+08:00 ] 14.17.37.161 /index.php?s=/index.php/s/%2FHome%2FUser%2Flogin.html.html
INFO: [ app_init ] --START--
INFO: Run Behavior\BuildLiteBehavior [ RunTime:0.000021s ]
INFO: Run Common\Behavior\InitHookBehavior [ RunTime:0.001185s ]
INFO: [ app_init ] --END-- [ RunTime:0.001559s ]
ERR: 无法加载模块:Index.php

[ 2016-03-05T23:16:34+08:00 ] 14.17.37.161 /index.php?s=/index.php/s/%2FHome%2FUser%2Flogin.html.html
INFO: [ app_init ] --START--
INFO: Run Behavior\BuildLiteBehavior [ RunTime:0.000016s ]
INFO: Run Common\Behavior\InitHookBehavior [ RunTime:0.001083s ]
INFO: [ app_init ] --END-- [ RunTime:0.001425s ]
ERR: 无法加载模块:Index.php

[ 2016-03-05T23:16:38+08:00 ] 14.17.37.161 /index.php?s=/index.php/s/%2FHome%2FUser%2Flogin.html.html
INFO: [ app_init ] --START--
INFO: Run Behavior\BuildLiteBehavior [ RunTime:0.000016s ]
INFO: Run Common\Behavior\InitHookBehavior [ RunTime:0.001128s ]
INFO: [ app_init ] --END-- [ RunTime:0.001484s ]
ERR: 无法加载模块:Index.php

[ 2016-03-05T23:16:38+08:00 ] 14.17.37.161 /index.php?s=/index.php/s/%2FHome%2FUser%2Flogin.html.html
INFO: [ app_init ] --START--
INFO: Run Behavior\BuildLiteBehavior [ RunTime:0.000030s ]
INFO: Run Common\Behavior\InitHookBehavior [ RunTime:0.001344s ]
INFO: [ app_init ] --END-- [ RunTime:0.001808s ]
ERR: 无法加载模块:Index.php

[ 2016-03-05T23:16:39+08:00 ] 14.17.37.68 /index.php?s=/index.php/s/%2FHome%2FUser%2Flogin.html.html
INFO: [ app_init ] --START--
INFO: Run Behavior\BuildLiteBehavior [ RunTime:0.000016s ]
INFO: Run Common\Behavior\InitHookBehavior [ RunTime:0.001127s ]
INFO: [ app_init ] --END-- [ RunTime:0.001463s ]
ERR: 无法加载模块:Index.php

[ 2016-03-05T23:16:40+08:00 ] 14.17.37.68 /index.php?s=/index.php/s/%2FHome%2FUser%2Flogin.html.html
INFO: [ app_init ] --START--
INFO: Run Behavior\BuildLiteBehavior [ RunTime:0.000017s ]
INFO: Run Common\Behavior\InitHookBehavior [ RunTime:0.001149s ]
INFO: [ app_init ] --END-- [ RunTime:0.001517s ]
ERR: 无法加载模块:Index.php

[ 2016-03-05T23:16:47+08:00 ] 14.17.37.161 /index.php?s=/index.php/s/%2FHome%2FUser%2Flogin.html.html
INFO: [ app_init ] --START--
INFO: Run Behavior\BuildLiteBehavior [ RunTime:0.000016s ]
INFO: Run Common\Behavior\InitHookBehavior [ RunTime:0.001132s ]
INFO: [ app_init ] --END-- [ RunTime:0.001471s ]
ERR: 无法加载模块:Index.php

[ 2016-03-05T23:16:48+08:00 ] 14.17.37.68 /index.php?s=/index.php/s/%2FHome%2FUser%2Flogin.html.html
INFO: [ app_init ] --START--
INFO: Run Behavior\BuildLiteBehavior [ RunTime:0.000016s ]
INFO: Run Common\Behavior\InitHookBehavior [ RunTime:0.001092s ]
INFO: [ app_init ] --END-- [ RunTime:0.001461s ]
ERR: 无法加载模块:Index.php

