[ 2016-06-02T09:36:06+08:00 ] 121.42.0.84 /index.php?m=Public&a=login
INFO: [ app_init ] --START--
INFO: Run Behavior\BuildLiteBehavior [ RunTime:0.000017s ]
INFO: Run Common\Behavior\InitHookBehavior [ RunTime:0.001062s ]
INFO: [ app_init ] --END-- [ RunTime:0.001404s ]
ERR: 无法加载模块:Public

[ 2016-06-02T09:39:34+08:00 ] 121.42.0.84 /index.php?m=Public&a=login
INFO: [ app_init ] --START--
INFO: Run Behavior\BuildLiteBehavior [ RunTime:0.000016s ]
INFO: Run Common\Behavior\InitHookBehavior [ RunTime:0.001204s ]
INFO: [ app_init ] --END-- [ RunTime:0.001564s ]
ERR: 无法加载模块:Public

[ 2016-06-02T09:40:51+08:00 ] 121.42.0.84 /index.php?s=PHNjcmlwdD5hbGVydCgxKTwvc2NyaXB0Pg==
INFO: [ app_init ] --START--
INFO: Run Behavior\BuildLiteBehavior [ RunTime:0.000024s ]
INFO: Run Common\Behavior\InitHookBehavior [ RunTime:0.001165s ]
INFO: [ app_init ] --END-- [ RunTime:0.001535s ]
ERR: 无法加载模块:PHNjcmlwdD5hbGVydCgxKTwvc2NyaXB0Pg==

[ 2016-06-02T09:40:54+08:00 ] 121.42.0.84 /index.php?s=amF2YXNjcmlwdDpwcm9tcHQoMTExKTt4
INFO: [ app_init ] --START--
INFO: Run Behavior\BuildLiteBehavior [ RunTime:0.000019s ]
INFO: Run Common\Behavior\InitHookBehavior [ RunTime:0.001100s ]
INFO: [ app_init ] --END-- [ RunTime:0.001456s ]
ERR: 无法加载模块:AmF2YXNjcmlwdDpwcm9tcHQoMTExKTt4

[ 2016-06-02T09:42:35+08:00 ] 121.42.0.84 /index.php?m=Public&a=login
INFO: [ app_init ] --START--
INFO: Run Behavior\BuildLiteBehavior [ RunTime:0.000017s ]
INFO: Run Common\Behavior\InitHookBehavior [ RunTime:0.001162s ]
INFO: [ app_init ] --END-- [ RunTime:0.001520s ]
ERR: 无法加载模块:Public

